[2025-11-08T15:44:03.368566] [WARNING] [CHANNELS] [TextChannelDeleted] TextChannel 'ticket-support-d374955e' deleted from ShadowT3ch
METADATA: {"timestamp": "2025-11-08T15:44:03.368518", "bot_version": "2.4.0", "guild_id": 1436118893130158090, "channel_id": 1436833609452486778, "extra": {}}
---
[2025-11-08T16:12:24.325910] [WARNING] [CHANNELS] [TextChannelDeleted] TextChannel 'ticket-support-0b6432fa' deleted from ShadowT3ch
METADATA: {"timestamp": "2025-11-08T16:12:24.325864", "bot_version": "2.4.0", "guild_id": 1436118893130158090, "channel_id": 1436840741304401972, "extra": {}}
---
[2025-11-08T16:14:20.871698] [WARNING] [CHANNELS] [TextChannelDeleted] TextChannel 'ticket-support-b4bc305b' deleted from ShadowT3ch
METADATA: {"timestamp": "2025-11-08T16:14:20.871192", "bot_version": "2.4.0", "guild_id": 1436118893130158090, "channel_id": 1436837498872528986, "extra": {}}
---
[2025-11-08T16:14:34.649769] [WARNING] [CHANNELS] [TextChannelDeleted] TextChannel 'ticket-support-3a3bf1ad' deleted from ShadowT3ch
METADATA: {"timestamp": "2025-11-08T16:14:34.649729", "bot_version": "2.4.0", "guild_id": 1436118893130158090, "channel_id": 1436839316574961796, "extra": {}}
---
[2025-11-08T16:14:38.260942] [WARNING] [CHANNELS] [TextChannelDeleted] TextChannel 'ticket-order-products-978a982a' deleted from ShadowT3ch
METADATA: {"timestamp": "2025-11-08T16:14:38.260880", "bot_version": "2.4.0", "guild_id": 1436118893130158090, "channel_id": 1436841233212510269, "extra": {}}
---
[2025-11-08T16:15:10.189144] [WARNING] [CHANNELS] [TextChannelDeleted] TextChannel 'ticket-application-01062aaf' deleted from ShadowT3ch
METADATA: {"timestamp": "2025-11-08T16:15:10.188545", "bot_version": "2.4.0", "guild_id": 1436118893130158090, "channel_id": 1436841474842169394, "extra": {}}
---
[2025-11-08T20:57:45.632851] [WARNING] [CHANNELS] [TextChannelDeleted] TextChannel 'ticket-support-ab565a41' deleted from ShadowT3ch
METADATA: {"timestamp": "2025-11-08T20:57:45.632794", "bot_version": "2.4.0", "guild_id": 1436118893130158090, "channel_id": 1436843282612228279, "extra": {}}
---
[2025-11-08T20:59:16.390100] [WARNING] [CHANNELS] [TextChannelDeleted] TextChannel 'ticket-support-10fe0244' deleted from ShadowT3ch
METADATA: {"timestamp": "2025-11-08T20:59:16.390065", "bot_version": "2.4.0", "guild_id": 1436118893130158090, "channel_id": 1436912496412983457, "extra": {}}
---
[2025-11-08T21:02:41.645115] [WARNING] [CHANNELS] [TextChannelDeleted] TextChannel 'ticket-application-8651cca2' deleted from ShadowT3ch
METADATA: {"timestamp": "2025-11-08T21:02:41.645076", "bot_version": "2.4.0", "guild_id": 1436118893130158090, "channel_id": 1436913100065603626, "extra": {}}
---
[2025-11-08T21:04:04.090331] [WARNING] [CHANNELS] [TextChannelDeleted] TextChannel 'ticket-support-f0742db1' deleted from ShadowT3ch
METADATA: {"timestamp": "2025-11-08T21:04:04.090260", "bot_version": "2.4.0", "guild_id": 1436118893130158090, "channel_id": 1436913980064010340, "extra": {}}
---
[2025-11-08T21:10:23.300162] [WARNING] [CHANNELS] [TextChannelDeleted] TextChannel 'ticket-support-4ded850a' deleted from ShadowT3ch
METADATA: {"timestamp": "2025-11-08T21:10:23.300104", "bot_version": "2.4.0", "guild_id": 1436118893130158090, "channel_id": 1436915696968667136, "extra": {}}
---
