[2026-01-19T03:45:09.783188] [WARNING] [CHANNELS] [channel_deleted] Channel 👑》order-logs deleted from Skii Hub
METADATA: {"timestamp": "2026-01-19T03:45:09.783141", "bot_version": "2.6.4", "guild_id": 1439062109894869096, "guild_name": "Skii Hub", "channel_id": 1454369435568570554, "channel_name": "\ud83d\udc51\u300border-logs", "extra": {}}
---
[2026-01-19T03:57:45.905019] [WARNING] [CHANNELS] [channel_deleted] Channel skii-hub-shewantclampz9585 deleted from Skii Hub
METADATA: {"timestamp": "2026-01-19T03:57:45.904970", "bot_version": "2.6.4", "guild_id": 1439062109894869096, "guild_name": "Skii Hub", "channel_id": 1462210906275450892, "channel_name": "skii-hub-shewantclampz9585", "extra": {}}
---
[2026-01-19T03:57:55.590440] [WARNING] [CHANNELS] [channel_deleted] Channel skii-hub-kx3viin_ deleted from Skii Hub
METADATA: {"timestamp": "2026-01-19T03:57:55.590389", "bot_version": "2.6.4", "guild_id": 1439062109894869096, "guild_name": "Skii Hub", "channel_id": 1462217901997162667, "channel_name": "skii-hub-kx3viin_", "extra": {}}
---
[2026-01-19T03:58:00.470115] [WARNING] [CHANNELS] [channel_deleted] Channel skii-hub-ho0_rat deleted from Skii Hub
METADATA: {"timestamp": "2026-01-19T03:58:00.470067", "bot_version": "2.6.4", "guild_id": 1439062109894869096, "guild_name": "Skii Hub", "channel_id": 1462577667105882255, "channel_name": "skii-hub-ho0_rat", "extra": {}}
---
[2026-01-19T03:58:03.412020] [WARNING] [CHANNELS] [channel_deleted] Channel skii-hub-heyyyyy7776 deleted from Skii Hub
METADATA: {"timestamp": "2026-01-19T03:58:03.411958", "bot_version": "2.6.4", "guild_id": 1439062109894869096, "guild_name": "Skii Hub", "channel_id": 1462578737294872667, "channel_name": "skii-hub-heyyyyy7776", "extra": {}}
---
[2026-01-19T03:58:06.090803] [WARNING] [CHANNELS] [channel_deleted] Channel skii-hub-shawn_fte1 deleted from Skii Hub
METADATA: {"timestamp": "2026-01-19T03:58:06.090757", "bot_version": "2.6.4", "guild_id": 1439062109894869096, "guild_name": "Skii Hub", "channel_id": 1462649578061824172, "channel_name": "skii-hub-shawn_fte1", "extra": {}}
---
[2026-01-19T04:06:11.292945] [WARNING] [CHANNELS] [channel_deleted] Channel ✅》verify deleted from ShadowT3ch Project Development
METADATA: {"timestamp": "2026-01-19T04:06:11.292896", "bot_version": "2.6.4", "guild_id": 1439062109894869096, "guild_name": "ShadowT3ch Project Development", "channel_id": 1454369371869806685, "channel_name": "\u2705\u300bverify", "extra": {}}
---
