[2025-10-08T00:31:49.186134] [WARNING] [GUILD] [BotDisconnect] Bot disconnected from Discord gateway
METADATA: {"timestamp": "2025-10-08T00:31:49.186091", "bot_version": "2.4.0", "extra": {}}
---
[2025-10-08T02:20:42.404966] [WARNING] [GUILD] [BotDisconnect] Bot disconnected from Discord gateway
METADATA: {"timestamp": "2025-10-08T02:20:42.404901", "bot_version": "2.4.0", "extra": {}}
---
[2025-10-08T05:39:00.704473] [WARNING] [GUILD] [BotDisconnect] Bot disconnected from Discord gateway
METADATA: {"timestamp": "2025-10-08T05:39:00.704434", "bot_version": "2.4.0", "extra": {}}
---
[2025-10-08T05:59:00.257637] [WARNING] [GUILD] [BotDisconnect] Bot disconnected from Discord gateway
METADATA: {"timestamp": "2025-10-08T05:59:00.257590", "bot_version": "2.4.0", "extra": {}}
---
[2025-10-08T09:22:25.175316] [WARNING] [GUILD] [BotDisconnect] Bot disconnected from Discord gateway
METADATA: {"timestamp": "2025-10-08T09:22:25.175263", "bot_version": "2.4.0", "extra": {}}
---
[2025-10-08T13:04:53.238576] [WARNING] [GUILD] [BotDisconnect] Bot disconnected from Discord gateway
METADATA: {"timestamp": "2025-10-08T13:04:53.238534", "bot_version": "2.4.0", "extra": {}}
---
[2025-10-08T13:49:22.367102] [WARNING] [GUILD] [BotDisconnect] Bot disconnected from Discord gateway
METADATA: {"timestamp": "2025-10-08T13:49:22.367051", "bot_version": "2.4.0", "extra": {}}
---
[2025-10-08T16:59:58.506273] [WARNING] [GUILD] [BotDisconnect] Bot disconnected from Discord gateway
METADATA: {"timestamp": "2025-10-08T16:59:58.506222", "bot_version": "2.4.0", "extra": {}}
---
[2025-10-08T18:07:40.042305] [WARNING] [GUILD] [GuildRemoved] Bot removed from guild CryptX [OFFICIAL]
METADATA: {"timestamp": "2025-10-08T18:07:40.042270", "bot_version": "2.4.0", "guild_id": 1414819449474908192, "extra": {}}
---
[2025-10-08T19:30:57.552318] [WARNING] [GUILD] [BotDisconnect] Bot disconnected from Discord gateway
METADATA: {"timestamp": "2025-10-08T19:30:57.552271", "bot_version": "2.4.0", "extra": {}}
---
