[2025-10-16T00:21:13.063203] [WARNING] [GUILD] [BotDisconnect] Bot disconnected from Discord gateway
METADATA: {"timestamp": "2025-10-16T00:21:13.063128", "bot_version": "2.4.0", "extra": {}}
---
[2025-10-16T01:25:07.025216] [WARNING] [GUILD] [BotDisconnect] Bot disconnected from Discord gateway
METADATA: {"timestamp": "2025-10-16T01:25:07.025134", "bot_version": "2.4.0", "extra": {}}
---
[2025-10-16T02:13:30.767825] [WARNING] [GUILD] [BotDisconnect] Bot disconnected from Discord gateway
METADATA: {"timestamp": "2025-10-16T02:13:30.767777", "bot_version": "2.4.0", "extra": {}}
---
[2025-10-16T03:48:31.424340] [WARNING] [GUILD] [BotDisconnect] Bot disconnected from Discord gateway
METADATA: {"timestamp": "2025-10-16T03:48:31.424297", "bot_version": "2.4.0", "extra": {}}
---
[2025-10-16T03:49:36.711027] [WARNING] [GUILD] [BotDisconnect] Bot disconnected from Discord gateway
METADATA: {"timestamp": "2025-10-16T03:49:36.710987", "bot_version": "2.4.0", "extra": {}}
---
[2025-10-16T04:30:37.075306] [WARNING] [GUILD] [BotDisconnect] Bot disconnected from Discord gateway
METADATA: {"timestamp": "2025-10-16T04:30:37.075253", "bot_version": "2.4.0", "extra": {}}
---
[2025-10-16T06:21:03.921438] [WARNING] [GUILD] [BotDisconnect] Bot disconnected from Discord gateway
METADATA: {"timestamp": "2025-10-16T06:21:03.921398", "bot_version": "2.4.0", "extra": {}}
---
[2025-10-16T08:00:01.798585] [WARNING] [GUILD] [BotDisconnect] Bot disconnected from Discord gateway
METADATA: {"timestamp": "2025-10-16T08:00:01.798545", "bot_version": "2.4.0", "extra": {}}
---
[2025-10-16T11:40:06.892664] [WARNING] [GUILD] [BotDisconnect] Bot disconnected from Discord gateway
METADATA: {"timestamp": "2025-10-16T11:40:06.892626", "bot_version": "2.4.0", "extra": {}}
---
[2025-10-16T14:30:59.036823] [WARNING] [GUILD] [BotDisconnect] Bot disconnected from Discord gateway
METADATA: {"timestamp": "2025-10-16T14:30:59.036783", "bot_version": "2.4.0", "extra": {}}
---
[2025-10-16T17:06:11.248770] [WARNING] [GUILD] [BotDisconnect] Bot disconnected from Discord gateway
METADATA: {"timestamp": "2025-10-16T17:06:11.248728", "bot_version": "2.4.0", "extra": {}}
---
[2025-10-16T17:35:41.460532] [WARNING] [GUILD] [BotDisconnect] Bot disconnected from Discord gateway
METADATA: {"timestamp": "2025-10-16T17:35:41.460487", "bot_version": "2.4.0", "extra": {}}
---
[2025-10-16T18:21:35.755475] [WARNING] [GUILD] [BotDisconnect] Bot disconnected from Discord gateway
METADATA: {"timestamp": "2025-10-16T18:21:35.755427", "bot_version": "2.4.0", "extra": {}}
---
[2025-10-16T18:21:42.015146] [WARNING] [GUILD] [BotDisconnect] Bot disconnected from Discord gateway
METADATA: {"timestamp": "2025-10-16T18:21:42.015102", "bot_version": "2.4.0", "extra": {}}
---
[2025-10-16T18:24:26.002257] [WARNING] [GUILD] [GuildRemoved] Bot removed from guild GetFuckedByMohHaha
METADATA: {"timestamp": "2025-10-16T18:24:26.002209", "bot_version": "2.4.0", "guild_id": 1425599046629720176, "extra": {}}
---
[2025-10-16T18:48:57.088425] [WARNING] [GUILD] [BotDisconnect] Bot disconnected from Discord gateway
METADATA: {"timestamp": "2025-10-16T18:48:57.088386", "bot_version": "2.4.0", "extra": {}}
---
