[2025-11-06T02:25:11.963040] [WARNING] [GUILD] [BotDisconnect] Bot disconnected from Discord gateway
METADATA: {"timestamp": "2025-11-06T02:25:11.962956", "bot_version": "2.4.0", "extra": {}}
---
[2025-11-06T03:03:40.547794] [WARNING] [GUILD] [BotDisconnect] Bot disconnected from Discord gateway
METADATA: {"timestamp": "2025-11-06T03:03:40.547745", "bot_version": "2.4.0", "extra": {}}
---
[2025-11-06T05:19:12.549057] [WARNING] [GUILD] [BotDisconnect] Bot disconnected from Discord gateway
METADATA: {"timestamp": "2025-11-06T05:19:12.548623", "bot_version": "2.4.0", "extra": {}}
---
[2025-11-06T05:45:12.692046] [WARNING] [GUILD] [BotDisconnect] Bot disconnected from Discord gateway
METADATA: {"timestamp": "2025-11-06T05:45:12.691664", "bot_version": "2.4.0", "extra": {}}
---
[2025-11-06T06:12:13.044212] [WARNING] [GUILD] [BotDisconnect] Bot disconnected from Discord gateway
METADATA: {"timestamp": "2025-11-06T06:12:13.044150", "bot_version": "2.4.0", "extra": {}}
---
[2025-11-06T06:36:33.312716] [WARNING] [GUILD] [BotDisconnect] Bot disconnected from Discord gateway
METADATA: {"timestamp": "2025-11-06T06:36:33.312655", "bot_version": "2.4.0", "extra": {}}
---
[2025-11-06T07:14:28.426201] [WARNING] [GUILD] [GuildRemoved] Bot removed from guild CryptX [OFFICIAL]
METADATA: {"timestamp": "2025-11-06T07:14:28.426128", "bot_version": "2.4.0", "guild_id": 1414819449474908192, "extra": {}}
---
[2025-11-06T07:47:59.747705] [WARNING] [GUILD] [BotDisconnect] Bot disconnected from Discord gateway
METADATA: {"timestamp": "2025-11-06T07:47:59.736508", "bot_version": "2.4.0", "extra": {}}
---
[2025-11-06T10:05:19.471566] [WARNING] [GUILD] [BotDisconnect] Bot disconnected from Discord gateway
METADATA: {"timestamp": "2025-11-06T10:05:19.397487", "bot_version": "2.4.0", "extra": {}}
---
[2025-11-06T10:32:59.471924] [WARNING] [GUILD] [BotDisconnect] Bot disconnected from Discord gateway
METADATA: {"timestamp": "2025-11-06T10:32:59.468286", "bot_version": "2.4.0", "extra": {}}
---
[2025-11-06T12:04:45.135983] [WARNING] [GUILD] [BotDisconnect] Bot disconnected from Discord gateway
METADATA: {"timestamp": "2025-11-06T12:04:45.135940", "bot_version": "2.4.0", "extra": {}}
---
[2025-11-06T14:11:10.890514] [WARNING] [GUILD] [BotDisconnect] Bot disconnected from Discord gateway
METADATA: {"timestamp": "2025-11-06T14:11:10.886875", "bot_version": "2.4.0", "extra": {}}
---
[2025-11-06T14:52:49.430709] [WARNING] [GUILD] [BotDisconnect] Bot disconnected from Discord gateway
METADATA: {"timestamp": "2025-11-06T14:52:49.430450", "bot_version": "2.4.0", "extra": {}}
---
[2025-11-06T15:59:22.703167] [WARNING] [GUILD] [BotDisconnect] Bot disconnected from Discord gateway
METADATA: {"timestamp": "2025-11-06T15:59:22.698306", "bot_version": "2.4.0", "extra": {}}
---
[2025-11-06T16:57:29.009095] [WARNING] [GUILD] [BotDisconnect] Bot disconnected from Discord gateway
METADATA: {"timestamp": "2025-11-06T16:57:29.008770", "bot_version": "2.4.0", "extra": {}}
---
[2025-11-06T16:57:30.285753] [WARNING] [GUILD] [BotDisconnect] Bot disconnected from Discord gateway
METADATA: {"timestamp": "2025-11-06T16:57:30.285694", "bot_version": "2.4.0", "extra": {}}
---
[2025-11-06T16:57:36.654441] [WARNING] [GUILD] [BotDisconnect] Bot disconnected from Discord gateway
METADATA: {"timestamp": "2025-11-06T16:57:36.654396", "bot_version": "2.4.0", "extra": {}}
---
[2025-11-06T17:00:11.352251] [WARNING] [GUILD] [GuildRemoved] Bot removed from guild ShadowT3ch
METADATA: {"timestamp": "2025-11-06T17:00:11.352216", "bot_version": "2.4.0", "guild_id": 1436118893130158090, "extra": {}}
---
[2025-11-06T18:41:51.489048] [WARNING] [GUILD] [BotDisconnect] Bot disconnected from Discord gateway
METADATA: {"timestamp": "2025-11-06T18:41:51.488960", "bot_version": "2.4.0", "extra": {}}
---
[2025-11-06T19:27:30.879069] [WARNING] [GUILD] [BotDisconnect] Bot disconnected from Discord gateway
METADATA: {"timestamp": "2025-11-06T19:27:30.876629", "bot_version": "2.4.0", "extra": {}}
---
[2025-11-06T20:35:48.369250] [WARNING] [GUILD] [BotDisconnect] Bot disconnected from Discord gateway
METADATA: {"timestamp": "2025-11-06T20:35:48.365525", "bot_version": "2.4.0", "extra": {}}
---
