[2025-11-02T17:19:04.729665] [WARNING] [ROLES] [RoleDeleted] Role 'Charge 2.0' deleted from ByteHub
METADATA: {"timestamp": "2025-11-02T17:19:04.729619", "bot_version": "2.4.0", "guild_id": 1425539343480655886, "extra": {"role_position": 1}}
---
[2025-11-02T17:19:24.754292] [WARNING] [ROLES] [RoleDeleted] Role 'XenBot' deleted from ByteHub
METADATA: {"timestamp": "2025-11-02T17:19:24.754239", "bot_version": "2.4.0", "guild_id": 1425539343480655886, "extra": {"role_position": 17}}
---
[2025-11-02T21:05:26.751803] [WARNING] [ROLES] [RoleDeleted] Role 'Charge Members' deleted from CryptX [OFFICIAL]
METADATA: {"timestamp": "2025-11-02T21:05:26.751768", "bot_version": "2.4.0", "guild_id": 1414819449474908192, "extra": {"role_position": 1}}
---
[2025-11-02T21:05:33.005848] [WARNING] [ROLES] [RoleDeleted] Role 'XenBot' deleted from CryptX [OFFICIAL]
METADATA: {"timestamp": "2025-11-02T21:05:33.005806", "bot_version": "2.4.0", "guild_id": 1414819449474908192, "extra": {"role_position": 24}}
---
[2025-11-02T21:24:44.224831] [WARNING] [ROLES] [RoleDeleted] Role 'Charge Members' deleted from CryptX [OFFICIAL]
METADATA: {"timestamp": "2025-11-02T21:24:44.224788", "bot_version": "2.4.0", "guild_id": 1414819449474908192, "extra": {"role_position": 1}}
---
[2025-11-02T21:27:01.689689] [WARNING] [ROLES] [RoleDeleted] Role 'Charge Members' deleted from CryptX [OFFICIAL]
METADATA: {"timestamp": "2025-11-02T21:27:01.689655", "bot_version": "2.4.0", "guild_id": 1414819449474908192, "extra": {"role_position": 1}}
---
[2025-11-02T21:27:13.774469] [WARNING] [ROLES] [RoleDeleted] Role 'XenBot' deleted from CryptX [OFFICIAL]
METADATA: {"timestamp": "2025-11-02T21:27:13.774431", "bot_version": "2.4.0", "guild_id": 1414819449474908192, "extra": {"role_position": 1}}
---
[2025-11-02T21:39:08.349428] [WARNING] [ROLES] [RoleDeleted] Role 'Charge Members' deleted from CryptX [OFFICIAL]
METADATA: {"timestamp": "2025-11-02T21:39:08.349372", "bot_version": "2.4.0", "guild_id": 1414819449474908192, "extra": {"role_position": 1}}
---
[2025-11-02T21:48:06.552317] [WARNING] [ROLES] [RoleDeleted] Role 'Charge Members' deleted from CryptX [OFFICIAL]
METADATA: {"timestamp": "2025-11-02T21:48:06.552282", "bot_version": "2.4.0", "guild_id": 1414819449474908192, "extra": {"role_position": 1}}
---
[2025-11-02T21:49:07.140231] [WARNING] [ROLES] [RoleDeleted] Role 'XenBot' deleted from CryptX [OFFICIAL]
METADATA: {"timestamp": "2025-11-02T21:49:07.140158", "bot_version": "2.4.0", "guild_id": 1414819449474908192, "extra": {"role_position": 1}}
---
[2025-11-02T21:57:17.707145] [WARNING] [ROLES] [RoleDeleted] Role 'Charge Members' deleted from CryptX [OFFICIAL]
METADATA: {"timestamp": "2025-11-02T21:57:17.707101", "bot_version": "2.4.0", "guild_id": 1414819449474908192, "extra": {"role_position": 1}}
---
