[2026-01-19T03:42:14.241772] [WARNING] [ROLES] [role_deleted] Role carl-bot deleted from Skii Hub
METADATA: {"timestamp": "2026-01-19T03:42:14.241712", "bot_version": "2.6.4", "guild_id": 1439062109894869096, "guild_name": "Skii Hub", "role_id": 1456086028275290208, "role_name": "carl-bot", "extra": {}}
---
[2026-01-19T03:42:17.376633] [WARNING] [ROLES] [role_deleted] Role Dyno deleted from Skii Hub
METADATA: {"timestamp": "2026-01-19T03:42:17.376582", "bot_version": "2.6.4", "guild_id": 1439062109894869096, "guild_name": "Skii Hub", "role_id": 1456219359365169218, "role_name": "Dyno", "extra": {}}
---
[2026-01-19T03:42:20.926106] [WARNING] [ROLES] [role_deleted] Role Redline shop deleted from Skii Hub
METADATA: {"timestamp": "2026-01-19T03:42:20.926056", "bot_version": "2.6.4", "guild_id": 1439062109894869096, "guild_name": "Skii Hub", "role_id": 1456083484517859431, "role_name": "Redline shop", "extra": {}}
---
[2026-01-19T03:42:24.297375] [WARNING] [ROLES] [role_deleted] Role Security deleted from Skii Hub
METADATA: {"timestamp": "2026-01-19T03:42:24.297322", "bot_version": "2.6.4", "guild_id": 1439062109894869096, "guild_name": "Skii Hub", "role_id": 1456737485810958494, "role_name": "Security", "extra": {}}
---
[2026-01-19T03:42:27.631467] [WARNING] [ROLES] [role_deleted] Role Tickety deleted from Skii Hub
METADATA: {"timestamp": "2026-01-19T03:42:27.631422", "bot_version": "2.6.4", "guild_id": 1439062109894869096, "guild_name": "Skii Hub", "role_id": 1461121592368173171, "role_name": "Tickety", "extra": {}}
---
[2026-01-19T03:50:23.896437] [WARNING] [ROLES] [role_deleted] Role GiveawayBot deleted from Skii Hub
METADATA: {"timestamp": "2026-01-19T03:50:23.896390", "bot_version": "2.6.4", "guild_id": 1439062109894869096, "guild_name": "Skii Hub", "role_id": 1440976075764142194, "role_name": "GiveawayBot", "extra": {}}
---
[2026-01-19T03:50:28.338442] [WARNING] [ROLES] [role_deleted] Role AUTHGAURD deleted from Skii Hub
METADATA: {"timestamp": "2026-01-19T03:50:28.338391", "bot_version": "2.6.4", "guild_id": 1439062109894869096, "guild_name": "Skii Hub", "role_id": 1456321549178114202, "role_name": "AUTHGAURD", "extra": {}}
---
[2026-01-19T03:50:31.693198] [WARNING] [ROLES] [role_deleted] Role Xro deleted from Skii Hub
METADATA: {"timestamp": "2026-01-19T03:50:31.693163", "bot_version": "2.6.4", "guild_id": 1439062109894869096, "guild_name": "Skii Hub", "role_id": 1440221783641821316, "role_name": "Xro", "extra": {}}
---
[2026-01-19T03:50:37.682397] [WARNING] [ROLES] [role_deleted] Role Skii hu deleted from Skii Hub
METADATA: {"timestamp": "2026-01-19T03:50:37.682342", "bot_version": "2.6.4", "guild_id": 1439062109894869096, "guild_name": "Skii Hub", "role_id": 1456084305666244621, "role_name": "Skii hu", "extra": {}}
---
[2026-01-19T03:50:42.545720] [WARNING] [ROLES] [role_deleted] Role Skii Hub bot deleted from Skii Hub
METADATA: {"timestamp": "2026-01-19T03:50:42.545673", "bot_version": "2.6.4", "guild_id": 1439062109894869096, "guild_name": "Skii Hub", "role_id": 1457851285989756999, "role_name": "Skii Hub bot", "extra": {}}
---
