[2025-11-06T16:36:22.758985] [WARNING] [ROLES] [RoleDeleted] Role 'CryptX Securities Pro' deleted from ShadowT3ch
METADATA: {"timestamp": "2025-11-06T16:36:22.758909", "bot_version": "2.4.0", "guild_id": 1436118893130158090, "extra": {"role_position": 1}}
---
[2025-11-06T16:36:25.603997] [WARNING] [ROLES] [RoleDeleted] Role 'CryptX Securities Pro' deleted from ByteHub
METADATA: {"timestamp": "2025-11-06T16:36:25.603964", "bot_version": "2.4.0", "guild_id": 1425539343480655886, "extra": {"role_position": 14}}
---
[2025-11-06T16:41:54.626287] [WARNING] [ROLES] [RoleDeleted] Role 'ShadowT3ch Security Pro' deleted from ShadowT3ch
METADATA: {"timestamp": "2025-11-06T16:41:54.626258", "bot_version": "2.4.0", "guild_id": 1436118893130158090, "extra": {"role_position": 1}}
---
[2025-11-06T16:42:03.798788] [WARNING] [ROLES] [RoleDeleted] Role 'XenBot' deleted from ShadowT3ch
METADATA: {"timestamp": "2025-11-06T16:42:03.798746", "bot_version": "2.4.0", "guild_id": 1436118893130158090, "extra": {"role_position": 1}}
---
[2025-11-06T16:43:25.415651] [WARNING] [ROLES] [RoleDeleted] Role 'CryptX AI' deleted from ByteHub
METADATA: {"timestamp": "2025-11-06T16:43:25.415363", "bot_version": "2.4.0", "guild_id": 1425539343480655886, "extra": {"role_position": 13}}
---
[2025-11-06T16:45:01.608649] [WARNING] [ROLES] [RoleDeleted] Role 'XenBot' deleted from ShadowT3ch
METADATA: {"timestamp": "2025-11-06T16:45:01.608595", "bot_version": "2.4.0", "guild_id": 1436118893130158090, "extra": {"role_position": 1}}
---
[2025-11-06T16:48:25.268965] [WARNING] [ROLES] [RoleDeleted] Role 'CryptX Securities' deleted from ByteHub
METADATA: {"timestamp": "2025-11-06T16:48:25.268925", "bot_version": "2.4.0", "guild_id": 1425539343480655886, "extra": {"role_position": 15}}
---
[2025-11-06T16:50:17.447879] [WARNING] [ROLES] [RoleDeleted] Role 'XenBot' deleted from ByteHub
METADATA: {"timestamp": "2025-11-06T16:50:17.447821", "bot_version": "2.4.0", "guild_id": 1425539343480655886, "extra": {"role_position": 1}}
---
