[2025-10-16T12:46:14.994638] [INFO] [CHANNELS] [TextChannelCreated] TextChannel 'update-message-templates' created in 0xHub
METADATA: {"timestamp": "2025-10-16T12:46:14.994582", "bot_version": "2.4.0", "guild_id": 1425539343480655886, "channel_id": 1428363411192021003, "extra": {}}
---
[2025-10-16T18:20:42.846994] [INFO] [CHANNELS] [CategoryChannelDeleted] CategoryChannel 'CryptX Destroyer V2' deleted from GetFuckedByMohHaha
METADATA: {"timestamp": "2025-10-16T18:20:42.846954", "bot_version": "2.4.0", "guild_id": 1425599046629720176, "channel_id": 1427412115056230543, "extra": {}}
---
[2025-10-16T18:20:44.309891] [INFO] [CHANNELS] [TextChannelCreated] TextChannel 'moh-bot-is-the-goat' created in GetFuckedByMohHaha
METADATA: {"timestamp": "2025-10-16T18:20:44.309848", "bot_version": "2.4.0", "guild_id": 1425599046629720176, "channel_id": 1428447569473830973, "extra": {}}
---
[2025-10-16T18:20:45.682738] [INFO] [CHANNELS] [TextChannelCreated] TextChannel 'moh-bot-is-the-goat' created in GetFuckedByMohHaha
METADATA: {"timestamp": "2025-10-16T18:20:45.682686", "bot_version": "2.4.0", "guild_id": 1425599046629720176, "channel_id": 1428447570790973641, "extra": {}}
---
[2025-10-16T18:20:47.101147] [INFO] [CHANNELS] [TextChannelCreated] TextChannel 'moh-bot-is-the-goat' created in GetFuckedByMohHaha
METADATA: {"timestamp": "2025-10-16T18:20:47.101107", "bot_version": "2.4.0", "guild_id": 1425599046629720176, "channel_id": 1428447570849697792, "extra": {}}
---
[2025-10-16T18:20:48.498672] [INFO] [CHANNELS] [TextChannelCreated] TextChannel 'moh-bot-is-the-goat' created in GetFuckedByMohHaha
METADATA: {"timestamp": "2025-10-16T18:20:48.498633", "bot_version": "2.4.0", "guild_id": 1425599046629720176, "channel_id": 1428447570535120957, "extra": {}}
---
[2025-10-16T18:20:49.941797] [INFO] [CHANNELS] [TextChannelCreated] TextChannel 'moh-bot-is-the-goat' created in GetFuckedByMohHaha
METADATA: {"timestamp": "2025-10-16T18:20:49.941755", "bot_version": "2.4.0", "guild_id": 1425599046629720176, "channel_id": 1428447570941968496, "extra": {}}
---
[2025-10-16T18:20:51.342576] [INFO] [CHANNELS] [TextChannelCreated] TextChannel 'moh-bot-is-the-goat' created in GetFuckedByMohHaha
METADATA: {"timestamp": "2025-10-16T18:20:51.342535", "bot_version": "2.4.0", "guild_id": 1425599046629720176, "channel_id": 1428447570950230157, "extra": {}}
---
[2025-10-16T18:20:52.877186] [INFO] [CHANNELS] [TextChannelCreated] TextChannel 'moh-bot-is-the-goat' created in GetFuckedByMohHaha
METADATA: {"timestamp": "2025-10-16T18:20:52.877121", "bot_version": "2.4.0", "guild_id": 1425599046629720176, "channel_id": 1428447570786648156, "extra": {}}
---
[2025-10-16T18:20:54.366800] [INFO] [CHANNELS] [TextChannelCreated] TextChannel 'moh-bot-is-the-goat' created in GetFuckedByMohHaha
METADATA: {"timestamp": "2025-10-16T18:20:54.366760", "bot_version": "2.4.0", "guild_id": 1425599046629720176, "channel_id": 1428447570740383786, "extra": {}}
---
[2025-10-16T18:20:55.790344] [INFO] [CHANNELS] [TextChannelCreated] TextChannel 'moh-bot-is-the-goat' created in GetFuckedByMohHaha
METADATA: {"timestamp": "2025-10-16T18:20:55.790302", "bot_version": "2.4.0", "guild_id": 1425599046629720176, "channel_id": 1428447571025727519, "extra": {}}
---
[2025-10-16T18:20:57.165250] [INFO] [CHANNELS] [TextChannelCreated] TextChannel 'moh-bot-is-the-goat' created in GetFuckedByMohHaha
METADATA: {"timestamp": "2025-10-16T18:20:57.165199", "bot_version": "2.4.0", "guild_id": 1425599046629720176, "channel_id": 1428447570895569069, "extra": {}}
---
[2025-10-16T18:20:58.604303] [INFO] [CHANNELS] [TextChannelCreated] TextChannel 'moh-bot-is-the-goat' created in GetFuckedByMohHaha
METADATA: {"timestamp": "2025-10-16T18:20:58.604261", "bot_version": "2.4.0", "guild_id": 1425599046629720176, "channel_id": 1428447570828726403, "extra": {}}
---
[2025-10-16T18:21:00.049021] [INFO] [CHANNELS] [TextChannelCreated] TextChannel 'moh-bot-is-the-goat' created in GetFuckedByMohHaha
METADATA: {"timestamp": "2025-10-16T18:21:00.048976", "bot_version": "2.4.0", "guild_id": 1425599046629720176, "channel_id": 1428447571063607336, "extra": {}}
---
[2025-10-16T18:21:01.454527] [INFO] [CHANNELS] [TextChannelCreated] TextChannel 'moh-bot-is-the-goat' created in GetFuckedByMohHaha
METADATA: {"timestamp": "2025-10-16T18:21:01.454477", "bot_version": "2.4.0", "guild_id": 1425599046629720176, "channel_id": 1428447570639978620, "extra": {}}
---
[2025-10-16T18:21:02.884492] [INFO] [CHANNELS] [TextChannelCreated] TextChannel 'moh-bot-is-the-goat' created in GetFuckedByMohHaha
METADATA: {"timestamp": "2025-10-16T18:21:02.884451", "bot_version": "2.4.0", "guild_id": 1425599046629720176, "channel_id": 1428447571038175352, "extra": {}}
---
[2025-10-16T18:21:04.321145] [INFO] [CHANNELS] [TextChannelCreated] TextChannel 'moh-bot-is-the-goat' created in GetFuckedByMohHaha
METADATA: {"timestamp": "2025-10-16T18:21:04.321104", "bot_version": "2.4.0", "guild_id": 1425599046629720176, "channel_id": 1428447571034116146, "extra": {}}
---
[2025-10-16T18:21:05.771359] [INFO] [CHANNELS] [TextChannelCreated] TextChannel 'moh-bot-is-the-goat' created in GetFuckedByMohHaha
METADATA: {"timestamp": "2025-10-16T18:21:05.771319", "bot_version": "2.4.0", "guild_id": 1425599046629720176, "channel_id": 1428447570946162860, "extra": {}}
---
[2025-10-16T18:21:07.242672] [INFO] [CHANNELS] [TextChannelCreated] TextChannel 'moh-bot-is-the-goat' created in GetFuckedByMohHaha
METADATA: {"timestamp": "2025-10-16T18:21:07.242633", "bot_version": "2.4.0", "guild_id": 1425599046629720176, "channel_id": 1428447571050758184, "extra": {}}
---
[2025-10-16T18:21:08.641739] [INFO] [CHANNELS] [TextChannelCreated] TextChannel 'moh-bot-is-the-goat' created in GetFuckedByMohHaha
METADATA: {"timestamp": "2025-10-16T18:21:08.641687", "bot_version": "2.4.0", "guild_id": 1425599046629720176, "channel_id": 1428447570874859551, "extra": {}}
---
[2025-10-16T18:21:10.041567] [INFO] [CHANNELS] [TextChannelCreated] TextChannel 'moh-bot-is-the-goat' created in GetFuckedByMohHaha
METADATA: {"timestamp": "2025-10-16T18:21:10.041528", "bot_version": "2.4.0", "guild_id": 1425599046629720176, "channel_id": 1428447571130454090, "extra": {}}
---
[2025-10-16T18:21:11.503505] [INFO] [CHANNELS] [TextChannelCreated] TextChannel 'moh-bot-is-the-goat' created in GetFuckedByMohHaha
METADATA: {"timestamp": "2025-10-16T18:21:11.503466", "bot_version": "2.4.0", "guild_id": 1425599046629720176, "channel_id": 1428447571130712284, "extra": {}}
---
[2025-10-16T18:21:13.009336] [INFO] [CHANNELS] [TextChannelCreated] TextChannel 'moh-bot-is-the-goat' created in GetFuckedByMohHaha
METADATA: {"timestamp": "2025-10-16T18:21:13.009294", "bot_version": "2.4.0", "guild_id": 1425599046629720176, "channel_id": 1428447570732126374, "extra": {}}
---
[2025-10-16T18:21:14.528530] [INFO] [CHANNELS] [TextChannelCreated] TextChannel 'moh-bot-is-the-goat' created in GetFuckedByMohHaha
METADATA: {"timestamp": "2025-10-16T18:21:14.528490", "bot_version": "2.4.0", "guild_id": 1425599046629720176, "channel_id": 1428447571138973838, "extra": {}}
---
[2025-10-16T18:21:15.978990] [INFO] [CHANNELS] [TextChannelCreated] TextChannel 'moh-bot-is-the-goat' created in GetFuckedByMohHaha
METADATA: {"timestamp": "2025-10-16T18:21:15.978951", "bot_version": "2.4.0", "guild_id": 1425599046629720176, "channel_id": 1428447570857820373, "extra": {}}
---
[2025-10-16T18:21:17.379964] [INFO] [CHANNELS] [TextChannelCreated] TextChannel 'moh-bot-is-the-goat' created in GetFuckedByMohHaha
METADATA: {"timestamp": "2025-10-16T18:21:17.379925", "bot_version": "2.4.0", "guild_id": 1425599046629720176, "channel_id": 1428447570853630044, "extra": {}}
---
[2025-10-16T18:21:18.764466] [INFO] [CHANNELS] [TextChannelCreated] TextChannel 'moh-bot-is-the-goat' created in GetFuckedByMohHaha
METADATA: {"timestamp": "2025-10-16T18:21:18.764427", "bot_version": "2.4.0", "guild_id": 1425599046629720176, "channel_id": 1428447570849693748, "extra": {}}
---
[2025-10-16T18:21:20.276767] [INFO] [CHANNELS] [TextChannelCreated] TextChannel 'moh-bot-is-the-goat' created in GetFuckedByMohHaha
METADATA: {"timestamp": "2025-10-16T18:21:20.276727", "bot_version": "2.4.0", "guild_id": 1425599046629720176, "channel_id": 1428447570870534288, "extra": {}}
---
[2025-10-16T18:21:21.919220] [INFO] [CHANNELS] [TextChannelCreated] TextChannel 'moh-bot-is-the-goat' created in GetFuckedByMohHaha
METADATA: {"timestamp": "2025-10-16T18:21:21.919154", "bot_version": "2.4.0", "guild_id": 1425599046629720176, "channel_id": 1428447570983784660, "extra": {}}
---
