[2025-11-17T14:40:29.174796] [INFO] [CHANNELS] [TextChannelUpdate] TextChannel '👾》free-games' updated in ShadowT3ch: position: 20 -> 8
METADATA: {"timestamp": "2025-11-17T14:40:29.174749", "bot_version": "2.4.0", "guild_id": 1436118893130158090, "guild_name": "ShadowT3ch", "channel_id": 1438646468591353996, "channel_name": "\ud83d\udc7e\u300bfree-games", "extra": {"position_change": {"before": 20, "after": 8}}}
---
[2025-11-17T14:40:30.424164] [INFO] [CHANNELS] [TextChannelUpdate] TextChannel '💻》youtube-uploads' updated in ShadowT3ch: position: 21 -> 9
METADATA: {"timestamp": "2025-11-17T14:40:30.424131", "bot_version": "2.4.0", "guild_id": 1436118893130158090, "guild_name": "ShadowT3ch", "channel_id": 1439429466748354600, "channel_name": "\ud83d\udcbb\u300byoutube-uploads", "extra": {"position_change": {"before": 21, "after": 9}}}
---
[2025-11-17T14:40:31.834131] [INFO] [CHANNELS] [TextChannelUpdate] TextChannel '📌》vouches' updated in ShadowT3ch: position: 22 -> 10
METADATA: {"timestamp": "2025-11-17T14:40:31.834109", "bot_version": "2.4.0", "guild_id": 1436118893130158090, "guild_name": "ShadowT3ch", "channel_id": 1439440013174640662, "channel_name": "\ud83d\udccc\u300bvouches", "extra": {"position_change": {"before": 22, "after": 10}}}
---
[2025-11-17T14:40:33.255839] [INFO] [CHANNELS] [TextChannelUpdate] TextChannel '💬》off-topic' updated in ShadowT3ch: position: 9 -> 11
METADATA: {"timestamp": "2025-11-17T14:40:33.255818", "bot_version": "2.4.0", "guild_id": 1436118893130158090, "guild_name": "ShadowT3ch", "channel_id": 1436828884787134657, "channel_name": "\ud83d\udcac\u300boff-topic", "extra": {"position_change": {"before": 9, "after": 11}}}
---
[2025-11-17T14:40:34.620180] [INFO] [CHANNELS] [TextChannelUpdate] TextChannel '💬》memes' updated in ShadowT3ch: position: 10 -> 12
METADATA: {"timestamp": "2025-11-17T14:40:34.620147", "bot_version": "2.4.0", "guild_id": 1436118893130158090, "guild_name": "ShadowT3ch", "channel_id": 1436828828038074489, "channel_name": "\ud83d\udcac\u300bmemes", "extra": {"position_change": {"before": 10, "after": 12}}}
---
[2025-11-17T14:40:36.033257] [INFO] [CHANNELS] [TextChannelUpdate] TextChannel '🤖》commands' updated in ShadowT3ch: position: 11 -> 13
METADATA: {"timestamp": "2025-11-17T14:40:36.033222", "bot_version": "2.4.0", "guild_id": 1436118893130158090, "guild_name": "ShadowT3ch", "channel_id": 1436118894661206153, "channel_name": "\ud83e\udd16\u300bcommands", "extra": {"position_change": {"before": 11, "after": 13}}}
---
[2025-11-17T14:40:37.427523] [INFO] [CHANNELS] [TextChannelUpdate] TextChannel '📭》tickets' updated in ShadowT3ch: position: 12 -> 14
METADATA: {"timestamp": "2025-11-17T14:40:37.427499", "bot_version": "2.4.0", "guild_id": 1436118893130158090, "guild_name": "ShadowT3ch", "channel_id": 1436118894661206154, "channel_name": "\ud83d\udced\u300btickets", "extra": {"position_change": {"before": 12, "after": 14}}}
---
