[2025-11-08T15:24:47.649203] [INFO] [CHANNELS] [TextChannelCreated] TextChannel '💬》general-2' created in ShadowT3ch
METADATA: {"timestamp": "2025-11-08T15:24:47.648561", "bot_version": "2.4.0", "guild_id": 1436118893130158090, "channel_id": 1436828828038074489, "extra": {}}
---
[2025-11-08T15:25:01.138658] [INFO] [CHANNELS] [TextChannelCreated] TextChannel '💬》off-topic' created in ShadowT3ch
METADATA: {"timestamp": "2025-11-08T15:25:01.138615", "bot_version": "2.4.0", "guild_id": 1436118893130158090, "channel_id": 1436828884787134657, "extra": {}}
---
[2025-11-08T15:43:47.648018] [INFO] [CHANNELS] [TextChannelCreated] TextChannel 'ticket-support-d374955e' created in ShadowT3ch
METADATA: {"timestamp": "2025-11-08T15:43:47.647967", "bot_version": "2.4.0", "guild_id": 1436118893130158090, "channel_id": 1436833609452486778, "extra": {}}
---
[2025-11-08T15:59:15.049948] [INFO] [CHANNELS] [TextChannelCreated] TextChannel 'ticket-support-b4bc305b' created in ShadowT3ch
METADATA: {"timestamp": "2025-11-08T15:59:15.049890", "bot_version": "2.4.0", "guild_id": 1436118893130158090, "channel_id": 1436837498872528986, "extra": {}}
---
[2025-11-08T16:06:28.397938] [INFO] [CHANNELS] [TextChannelCreated] TextChannel 'ticket-support-3a3bf1ad' created in ShadowT3ch
METADATA: {"timestamp": "2025-11-08T16:06:28.397892", "bot_version": "2.4.0", "guild_id": 1436118893130158090, "channel_id": 1436839316574961796, "extra": {}}
---
[2025-11-08T16:12:08.120062] [INFO] [CHANNELS] [TextChannelCreated] TextChannel 'ticket-support-0b6432fa' created in ShadowT3ch
METADATA: {"timestamp": "2025-11-08T16:12:08.120025", "bot_version": "2.4.0", "guild_id": 1436118893130158090, "channel_id": 1436840741304401972, "extra": {}}
---
[2025-11-08T16:14:05.312219] [INFO] [CHANNELS] [TextChannelCreated] TextChannel 'ticket-order-products-978a982a' created in ShadowT3ch
METADATA: {"timestamp": "2025-11-08T16:14:05.311894", "bot_version": "2.4.0", "guild_id": 1436118893130158090, "channel_id": 1436841233212510269, "extra": {}}
---
[2025-11-08T16:15:02.943285] [INFO] [CHANNELS] [TextChannelCreated] TextChannel 'ticket-application-01062aaf' created in ShadowT3ch
METADATA: {"timestamp": "2025-11-08T16:15:02.943237", "bot_version": "2.4.0", "guild_id": 1436118893130158090, "channel_id": 1436841474842169394, "extra": {}}
---
[2025-11-08T16:22:13.942327] [INFO] [CHANNELS] [TextChannelCreated] TextChannel 'ticket-support-ab565a41' created in ShadowT3ch
METADATA: {"timestamp": "2025-11-08T16:22:13.942294", "bot_version": "2.4.0", "guild_id": 1436118893130158090, "channel_id": 1436843282612228279, "extra": {}}
---
[2025-11-08T20:57:15.784127] [INFO] [CHANNELS] [TextChannelCreated] TextChannel 'ticket-support-10fe0244' created in ShadowT3ch
METADATA: {"timestamp": "2025-11-08T20:57:15.784073", "bot_version": "2.4.0", "guild_id": 1436118893130158090, "channel_id": 1436912496412983457, "extra": {}}
---
