[2026-01-14T14:05:56.072665] [INFO] [INTEGRATIONS] [IntegrationCreate] Integration 'Server Subscriptions Group' created in ShadowT3ch Development Group (Type: guild_subscription)
METADATA: {"timestamp": "2026-01-14T14:05:56.072576", "bot_version": "2.6.4", "guild_id": 1419349908850475031, "guild_name": "ShadowT3ch Development Group", "extra": {"integration_id": 1461073869719994428, "integration_type": "guild_subscription", "enabled": true}}
---
[2026-01-14T14:05:59.090775] [INFO] [INTEGRATIONS] [GuildIntegrationsUpdate] Guild integrations updated in ShadowT3ch Development Group
METADATA: {"timestamp": "2026-01-14T14:05:59.090687", "bot_version": "2.6.4", "guild_id": 1419349908850475031, "guild_name": "ShadowT3ch Development Group", "extra": {}}
---
[2026-01-14T14:06:00.676712] [INFO] [INTEGRATIONS] [IntegrationUpdate] Integration 'Server Subscriptions Group' updated in ShadowT3ch Development Group
METADATA: {"timestamp": "2026-01-14T14:06:00.676658", "bot_version": "2.6.4", "guild_id": 1419349908850475031, "guild_name": "ShadowT3ch Development Group", "extra": {"integration_id": 1461073869719994428}}
---
[2026-01-14T14:06:08.507916] [INFO] [INTEGRATIONS] [GuildIntegrationsUpdate] Guild integrations updated in ShadowT3ch Development Group
METADATA: {"timestamp": "2026-01-14T14:06:08.507884", "bot_version": "2.6.4", "guild_id": 1419349908850475031, "guild_name": "ShadowT3ch Development Group", "extra": {}}
---
[2026-01-14T14:06:10.008836] [INFO] [INTEGRATIONS] [IntegrationUpdate] Integration 'Server Subscriptions Group' updated in ShadowT3ch Development Group
METADATA: {"timestamp": "2026-01-14T14:06:10.008747", "bot_version": "2.6.4", "guild_id": 1419349908850475031, "guild_name": "ShadowT3ch Development Group", "extra": {"integration_id": 1461073869719994428}}
---
[2026-01-14T14:06:22.335501] [INFO] [INTEGRATIONS] [GuildIntegrationsUpdate] Guild integrations updated in ShadowT3ch Development Group
METADATA: {"timestamp": "2026-01-14T14:06:22.335468", "bot_version": "2.6.4", "guild_id": 1419349908850475031, "guild_name": "ShadowT3ch Development Group", "extra": {}}
---
[2026-01-14T14:06:23.893601] [INFO] [INTEGRATIONS] [IntegrationUpdate] Integration 'Server Subscriptions Group' updated in ShadowT3ch Development Group
METADATA: {"timestamp": "2026-01-14T14:06:23.893565", "bot_version": "2.6.4", "guild_id": 1419349908850475031, "guild_name": "ShadowT3ch Development Group", "extra": {"integration_id": 1461073869719994428}}
---
