[2026-01-21T00:39:55.860628] [INFO] [MEMBERS] [member_left] _antravies_50_78854 left ShadowT3ch Project Development
METADATA: {"timestamp": "2026-01-21T00:39:55.860585", "bot_version": "2.6.4", "guild_id": 1439062109894869096, "guild_name": "ShadowT3ch Project Development", "user_id": 1411843346153869405, "username": "_antravies_50_78854", "extra": {}}
---
[2026-01-21T02:42:54.927093] [INFO] [MEMBERS] [member_left] loveonlytheonewholovesu left ShadowT3ch Project Development
METADATA: {"timestamp": "2026-01-21T02:42:54.927048", "bot_version": "2.6.4", "guild_id": 1439062109894869096, "guild_name": "ShadowT3ch Project Development", "user_id": 1400502782590586932, "username": "loveonlytheonewholovesu", "extra": {}}
---
[2026-01-21T04:16:32.492143] [INFO] [MEMBERS] [member_joined] fukdatho4k joined ShadowT3ch Development Group
METADATA: {"timestamp": "2026-01-21T04:16:32.492087", "bot_version": "2.6.4", "guild_id": 1419349908850475031, "guild_name": "ShadowT3ch Development Group", "user_id": 825968760774197279, "username": "fukdatho4k", "extra": {}}
---
[2026-01-21T11:19:48.690077] [INFO] [MEMBERS] [member_left] str8binaryss left ShadowT3ch Project Development
METADATA: {"timestamp": "2026-01-21T11:19:48.690025", "bot_version": "2.6.4", "guild_id": 1439062109894869096, "guild_name": "ShadowT3ch Project Development", "user_id": 1428547065226596414, "username": "str8binaryss", "extra": {}}
---
[2026-01-21T11:50:02.457776] [INFO] [MEMBERS] [member_joined] adibo0060 joined Rin’s Anime World
METADATA: {"timestamp": "2026-01-21T11:50:02.457725", "bot_version": "2.6.4", "guild_id": 1407135363138588803, "guild_name": "Rin\u2019s Anime World", "user_id": 1103002507367698472, "username": "adibo0060", "extra": {}}
---
[2026-01-21T11:50:19.790973] [INFO] [MEMBERS] [member_left] adibo0060 left Rin’s Anime World
METADATA: {"timestamp": "2026-01-21T11:50:19.790926", "bot_version": "2.6.4", "guild_id": 1407135363138588803, "guild_name": "Rin\u2019s Anime World", "user_id": 1103002507367698472, "username": "adibo0060", "extra": {}}
---
[2026-01-21T12:55:37.028161] [INFO] [MEMBERS] [member_left] xbocooki_96562 left ShadowT3ch Project Development
METADATA: {"timestamp": "2026-01-21T12:55:37.028095", "bot_version": "2.6.4", "guild_id": 1439062109894869096, "guild_name": "ShadowT3ch Project Development", "user_id": 1174867048778706994, "username": "xbocooki_96562", "extra": {}}
---
[2026-01-21T20:40:03.694172] [INFO] [MEMBERS] [member_left] wjg07 left ShadowT3ch Project Development
METADATA: {"timestamp": "2026-01-21T20:40:03.694129", "bot_version": "2.6.4", "guild_id": 1439062109894869096, "guild_name": "ShadowT3ch Project Development", "user_id": 1067613460168450169, "username": "wjg07", "extra": {}}
---
