[2026-02-04T01:46:15.697420] [INFO] [MEMBERS] [member_joined] 1_xenoz_1 joined ShadowT3ch Project Development
METADATA: {"timestamp": "2026-02-04T01:46:15.697378", "bot_version": "2.6.4", "guild_id": 1439062109894869096, "guild_name": "ShadowT3ch Project Development", "user_id": 765824841495871491, "username": "1_xenoz_1", "extra": {}}
---
[2026-02-04T01:46:21.209926] [INFO] [MEMBERS] [member_left] 1_xenoz_1 left ShadowT3ch Project Development
METADATA: {"timestamp": "2026-02-04T01:46:21.209872", "bot_version": "2.6.4", "guild_id": 1439062109894869096, "guild_name": "ShadowT3ch Project Development", "user_id": 765824841495871491, "username": "1_xenoz_1", "extra": {}}
---
[2026-02-04T04:13:40.331342] [INFO] [MEMBERS] [member_joined] ogbodykidz joined Shadow.CC [SOON]
METADATA: {"timestamp": "2026-02-04T04:13:40.331293", "bot_version": "2.6.4", "guild_id": 1467739859992051859, "guild_name": "Shadow.CC [SOON]", "user_id": 1416890446042632192, "username": "ogbodykidz", "extra": {}}
---
[2026-02-04T04:20:35.493137] [INFO] [MEMBERS] [member_joined] jahskeeze joined Shadow.CC [SOON]
METADATA: {"timestamp": "2026-02-04T04:20:35.493089", "bot_version": "2.6.4", "guild_id": 1467739859992051859, "guild_name": "Shadow.CC [SOON]", "user_id": 1131578044847497246, "username": "jahskeeze", "extra": {}}
---
[2026-02-04T07:37:51.847777] [INFO] [MEMBERS] [member_joined] elblacky. joined Shadow.CC [SOON]
METADATA: {"timestamp": "2026-02-04T07:37:51.847732", "bot_version": "2.6.4", "guild_id": 1467739859992051859, "guild_name": "Shadow.CC [SOON]", "user_id": 869242834702712852, "username": "elblacky.", "extra": {}}
---
[2026-02-04T11:33:36.401559] [INFO] [MEMBERS] [member_left] she_glock left ShadowT3ch Project Development
METADATA: {"timestamp": "2026-02-04T11:33:36.401504", "bot_version": "2.6.4", "guild_id": 1439062109894869096, "guild_name": "ShadowT3ch Project Development", "user_id": 1253683389362606155, "username": "she_glock", "extra": {}}
---
[2026-02-04T12:02:13.637150] [INFO] [MEMBERS] [member_left] jeangreenlean left ShadowT3ch Project Development
METADATA: {"timestamp": "2026-02-04T12:02:13.637104", "bot_version": "2.6.4", "guild_id": 1439062109894869096, "guild_name": "ShadowT3ch Project Development", "user_id": 1193918372107268212, "username": "jeangreenlean", "extra": {}}
---
[2026-02-04T15:13:41.383656] [INFO] [MEMBERS] [member_left] suppahotice left Rin’s Anime World
METADATA: {"timestamp": "2026-02-04T15:13:41.383600", "bot_version": "2.6.4", "guild_id": 1407135363138588803, "guild_name": "Rin\u2019s Anime World", "user_id": 750107712498434048, "username": "suppahotice", "extra": {}}
---
[2026-02-04T15:50:02.376657] [INFO] [MEMBERS] [member_left] lereased left ShadowT3ch Project Development
METADATA: {"timestamp": "2026-02-04T15:50:02.376596", "bot_version": "2.6.4", "guild_id": 1439062109894869096, "guild_name": "ShadowT3ch Project Development", "user_id": 1141818443964874762, "username": "lereased", "extra": {}}
---
[2026-02-04T17:15:46.776037] [INFO] [MEMBERS] [member_joined] r4wv. joined ShadowT3ch Project Development
METADATA: {"timestamp": "2026-02-04T17:15:46.775970", "bot_version": "2.6.4", "guild_id": 1439062109894869096, "guild_name": "ShadowT3ch Project Development", "user_id": 1441875142090293248, "username": "r4wv.", "extra": {}}
---
