[2025-11-06T16:36:24.164326] [INFO] [MEMBERS] [MemberLeft] Member CryptX Securities Pro#8933 (1419082446279938158) left ShadowT3ch
METADATA: {"timestamp": "2025-11-06T16:36:24.164274", "bot_version": "2.4.0", "guild_id": 1436118893130158090, "user_id": 1419082446279938158, "extra": {}}
---
[2025-11-06T16:36:26.965396] [INFO] [MEMBERS] [MemberLeft] Member CryptX Securities Pro#8933 (1419082446279938158) left ByteHub
METADATA: {"timestamp": "2025-11-06T16:36:26.965346", "bot_version": "2.4.0", "guild_id": 1425539343480655886, "user_id": 1419082446279938158, "extra": {}}
---
[2025-11-06T16:41:56.042081] [INFO] [MEMBERS] [MemberLeft] Member ShadowT3ch Security Pro#8634 (1436123214668501134) left ShadowT3ch
METADATA: {"timestamp": "2025-11-06T16:41:56.042052", "bot_version": "2.4.0", "guild_id": 1436118893130158090, "user_id": 1436123214668501134, "extra": {}}
---
[2025-11-06T16:42:04.525303] [INFO] [MEMBERS] [MemberLeft] Member XenBot#6444 (1424075159576514771) left ShadowT3ch
METADATA: {"timestamp": "2025-11-06T16:42:04.524842", "bot_version": "2.4.0", "guild_id": 1436118893130158090, "user_id": 1424075159576514771, "extra": {}}
---
[2025-11-06T16:43:26.347045] [INFO] [MEMBERS] [MemberLeft] Member CryptX AI#6574 (1418336071456002173) left ByteHub
METADATA: {"timestamp": "2025-11-06T16:43:26.347014", "bot_version": "2.4.0", "guild_id": 1425539343480655886, "user_id": 1418336071456002173, "extra": {}}
---
[2025-11-06T16:45:02.357955] [INFO] [MEMBERS] [MemberLeft] Member XenBot#6444 (1424075159576514771) left ShadowT3ch
METADATA: {"timestamp": "2025-11-06T16:45:02.357925", "bot_version": "2.4.0", "guild_id": 1436118893130158090, "user_id": 1424075159576514771, "extra": {}}
---
[2025-11-06T16:48:26.117731] [INFO] [MEMBERS] [MemberLeft] Member CryptX Securities#7443 (1419077819518025799) left ByteHub
METADATA: {"timestamp": "2025-11-06T16:48:26.117297", "bot_version": "2.4.0", "guild_id": 1425539343480655886, "user_id": 1419077819518025799, "extra": {}}
---
[2025-11-06T16:50:18.311465] [INFO] [MEMBERS] [MemberLeft] Member XenBot#6444 (1424075159576514771) left ByteHub
METADATA: {"timestamp": "2025-11-06T16:50:18.311260", "bot_version": "2.4.0", "guild_id": 1425539343480655886, "user_id": 1424075159576514771, "extra": {}}
---
