[2026-02-15T01:27:20.356+00:00] [INFO    ] [members     ] [member_leave      ] paconeverlacks23
META: {"bot_version":"2.6.4","utc_iso":"2026-02-15T01:27:20.356031+00:00"}
───────────────────────────────────────
[2026-02-15T01:31:09.323+00:00] [INFO    ] [members     ] [member_leave      ] vstarrrtoclean
META: {"bot_version":"2.6.4","utc_iso":"2026-02-15T01:31:09.323517+00:00"}
───────────────────────────────────────
[2026-02-15T04:59:43.605+00:00] [INFO    ] [members     ] [member_join       ] 54monthly (1453848426138701868) joined
META: {"bot_version":"2.6.4","utc_iso":"2026-02-15T04:59:43.605225+00:00","account_age_days":51}
───────────────────────────────────────
[2026-02-15T14:45:25.142+00:00] [INFO    ] [members     ] [member_join       ] dhairya0505 (1314795198953295913) joined
META: {"bot_version":"2.6.4","utc_iso":"2026-02-15T14:45:25.142487+00:00","account_age_days":435}
───────────────────────────────────────
[2026-02-15T14:46:06.518+00:00] [INFO    ] [members     ] [member_leave      ] dhairya0505
META: {"bot_version":"2.6.4","utc_iso":"2026-02-15T14:46:06.518315+00:00"}
───────────────────────────────────────
[2026-02-15T15:48:08.492+00:00] [INFO    ] [members     ] [member_leave      ] x0t0urlif7
META: {"bot_version":"2.6.4","utc_iso":"2026-02-15T15:48:08.492695+00:00"}
───────────────────────────────────────
[2026-02-15T19:56:20.754+00:00] [INFO    ] [members     ] [member_leave      ] boajy
META: {"bot_version":"2.6.4","utc_iso":"2026-02-15T19:56:20.754674+00:00"}
───────────────────────────────────────
