[2026-02-16T03:01:32.043+00:00] [INFO    ] [members     ] [member_leave      ] 2neezzygrim
META: {"bot_version":"2.6.4","utc_iso":"2026-02-16T03:01:32.043079+00:00"}
───────────────────────────────────────
[2026-02-16T04:36:30.286+00:00] [INFO    ] [members     ] [member_leave      ] eastklvr.
META: {"bot_version":"2.6.4","utc_iso":"2026-02-16T04:36:30.286401+00:00"}
───────────────────────────────────────
[2026-02-16T12:38:34.831+00:00] [INFO    ] [members     ] [member_leave      ] 1cantrustco
META: {"bot_version":"2.6.4","utc_iso":"2026-02-16T12:38:34.831475+00:00"}
───────────────────────────────────────
[2026-02-16T13:20:53.764+00:00] [INFO    ] [members     ] [member_join       ] powerguy11 (1264323800695050340) joined
META: {"bot_version":"2.6.4","utc_iso":"2026-02-16T13:20:53.764083+00:00","account_age_days":575}
───────────────────────────────────────
[2026-02-16T18:45:13.588+00:00] [INFO    ] [members     ] [member_join       ] dhairya0505 (1314795198953295913) joined
META: {"bot_version":"2.6.4","utc_iso":"2026-02-16T18:45:13.588316+00:00","account_age_days":436}
───────────────────────────────────────
[2026-02-16T18:46:18.317+00:00] [INFO    ] [members     ] [member_leave      ] dhairya0505
META: {"bot_version":"2.6.4","utc_iso":"2026-02-16T18:46:18.317612+00:00"}
───────────────────────────────────────
[2026-02-16T19:19:13.789+00:00] [INFO    ] [members     ] [member_leave      ] rechelllizzie_10237
META: {"bot_version":"2.6.4","utc_iso":"2026-02-16T19:19:13.789815+00:00"}
───────────────────────────────────────
