[2025-11-18T11:02:15.516519] [INFO] [MEMBERS] [MemberUpdate] Member geared_ updated in ShadowT3ch: roles: added=['🔥| Member'], removed=[]
METADATA: {"timestamp": "2025-11-18T11:02:15.516485", "bot_version": "2.4.0", "guild_id": 1436118893130158090, "guild_name": "ShadowT3ch", "user_id": 1079059831828263013, "username": "geared_", "extra": {"role_changes": {"added": ["\ud83d\udd25| Member"], "removed": []}}}
---
[2025-11-18T11:02:24.346797] [INFO] [MEMBERS] [MemberUpdate] Member _cromze_ updated in ShadowT3ch: roles: added=['🔥| Member'], removed=[]
METADATA: {"timestamp": "2025-11-18T11:02:24.346717", "bot_version": "2.4.0", "guild_id": 1436118893130158090, "guild_name": "ShadowT3ch", "user_id": 1028040944823586917, "username": "_cromze_", "extra": {"role_changes": {"added": ["\ud83d\udd25| Member"], "removed": []}}}
---
[2025-11-18T13:14:02.982937] [INFO] [MEMBERS] [MemberLeft] Member snowexploits (1376217565952479425) left ShadowT3ch
METADATA: {"timestamp": "2025-11-18T13:14:02.982909", "bot_version": "2.4.0", "guild_id": 1436118893130158090, "user_id": 1376217565952479425, "extra": {}}
---
[2025-11-18T13:19:47.430560] [INFO] [MEMBERS] [MemberUpdate] Member animelover33462 updated in ShadowT3ch: roles: added=[], removed=['🎥 | Youtuber']
METADATA: {"timestamp": "2025-11-18T13:19:47.430511", "bot_version": "2.4.0", "guild_id": 1436118893130158090, "guild_name": "ShadowT3ch", "user_id": 1431935630157549568, "username": "animelover33462", "extra": {"role_changes": {"added": [], "removed": ["\ud83c\udfa5 | Youtuber"]}}}
---
[2025-11-18T13:19:48.419495] [INFO] [MEMBERS] [MemberUpdate] Member animelover33462 updated in ShadowT3ch: roles: added=[], removed=['🎥 | Jr Youtuber', '🎓| Helper']
METADATA: {"timestamp": "2025-11-18T13:19:48.419457", "bot_version": "2.4.0", "guild_id": 1436118893130158090, "guild_name": "ShadowT3ch", "user_id": 1431935630157549568, "username": "animelover33462", "extra": {"role_changes": {"added": [], "removed": ["\ud83c\udfa5 | Jr Youtuber", "\ud83c\udf93| Helper"]}}}
---
[2025-11-18T13:19:51.341036] [INFO] [MEMBERS] [MemberUpdate] Member animelover33462 updated in ShadowT3ch: roles: added=[], removed=['🎓| Helper']
METADATA: {"timestamp": "2025-11-18T13:19:51.341000", "bot_version": "2.4.0", "guild_id": 1436118893130158090, "guild_name": "ShadowT3ch", "user_id": 1431935630157549568, "username": "animelover33462", "extra": {"role_changes": {"added": [], "removed": ["\ud83c\udf93| Helper"]}}}
---
[2025-11-18T13:19:53.437648] [INFO] [MEMBERS] [MemberUpdate] Member animelover33462 updated in ShadowT3ch: roles: added=['🎥 | Jr Youtuber', '🎥 | Youtuber', '🎓| Helper'], removed=[]
METADATA: {"timestamp": "2025-11-18T13:19:53.437604", "bot_version": "2.4.0", "guild_id": 1436118893130158090, "guild_name": "ShadowT3ch", "user_id": 1431935630157549568, "username": "animelover33462", "extra": {"role_changes": {"added": ["\ud83c\udfa5 | Jr Youtuber", "\ud83c\udfa5 | Youtuber", "\ud83c\udf93| Helper"], "removed": []}}}
---
[2025-11-18T13:19:54.849084] [INFO] [MEMBERS] [MemberUpdate] Member animelover33462 updated in ShadowT3ch: roles: added=['🎥 | Jr Youtuber', '🎥 | Youtuber'], removed=[]
METADATA: {"timestamp": "2025-11-18T13:19:54.849050", "bot_version": "2.4.0", "guild_id": 1436118893130158090, "guild_name": "ShadowT3ch", "user_id": 1431935630157549568, "username": "animelover33462", "extra": {"role_changes": {"added": ["\ud83c\udfa5 | Jr Youtuber", "\ud83c\udfa5 | Youtuber"], "removed": []}}}
---
