[2026-01-22T00:01:39.311374] [INFO] [MEMBERS] [member_left] leaperyeeper left ShadowT3ch Development Group
METADATA: {"timestamp": "2026-01-22T00:01:39.311320", "bot_version": "2.6.4", "guild_id": 1419349908850475031, "guild_name": "ShadowT3ch Development Group", "user_id": 1271297536451285045, "username": "leaperyeeper", "extra": {}}
---
[2026-01-22T02:55:48.185483] [INFO] [MEMBERS] [member_left] orderly_bump74 left ShadowT3ch Project Development
METADATA: {"timestamp": "2026-01-22T02:55:48.185438", "bot_version": "2.6.4", "guild_id": 1439062109894869096, "guild_name": "ShadowT3ch Project Development", "user_id": 947219601626898452, "username": "orderly_bump74", "extra": {}}
---
[2026-01-22T03:18:28.015578] [INFO] [MEMBERS] [member_left] .zsixx left ShadowT3ch Project Development
METADATA: {"timestamp": "2026-01-22T03:18:28.015547", "bot_version": "2.6.4", "guild_id": 1439062109894869096, "guild_name": "ShadowT3ch Project Development", "user_id": 1379969395971063931, "username": ".zsixx", "extra": {}}
---
[2026-01-22T03:20:30.003426] [INFO] [MEMBERS] [member_joined] Luarmor#9400 joined ShadowT3ch Project Development
METADATA: {"timestamp": "2026-01-22T03:20:30.003366", "bot_version": "2.6.4", "guild_id": 1439062109894869096, "guild_name": "ShadowT3ch Project Development", "user_id": 1434894266102190130, "username": "Luarmor#9400", "extra": {}}
---
[2026-01-22T03:29:09.091370] [INFO] [MEMBERS] [member_left] rxnz_731 left ShadowT3ch Project Development
METADATA: {"timestamp": "2026-01-22T03:29:09.091321", "bot_version": "2.6.4", "guild_id": 1439062109894869096, "guild_name": "ShadowT3ch Project Development", "user_id": 1190478049913876491, "username": "rxnz_731", "extra": {}}
---
[2026-01-22T04:03:12.403210] [INFO] [MEMBERS] [member_left] zay78909 left ShadowT3ch Project Development
METADATA: {"timestamp": "2026-01-22T04:03:12.403157", "bot_version": "2.6.4", "guild_id": 1439062109894869096, "guild_name": "ShadowT3ch Project Development", "user_id": 1133132436281249834, "username": "zay78909", "extra": {}}
---
[2026-01-22T05:24:42.769202] [INFO] [MEMBERS] [member_left] luh_lano. left ShadowT3ch Project Development
METADATA: {"timestamp": "2026-01-22T05:24:42.769161", "bot_version": "2.6.4", "guild_id": 1439062109894869096, "guild_name": "ShadowT3ch Project Development", "user_id": 1447150362812481536, "username": "luh_lano.", "extra": {}}
---
[2026-01-22T11:40:01.104401] [INFO] [MEMBERS] [member_left] taniyorsun left ShadowT3ch Project Development
METADATA: {"timestamp": "2026-01-22T11:40:01.104357", "bot_version": "2.6.4", "guild_id": 1439062109894869096, "guild_name": "ShadowT3ch Project Development", "user_id": 1340618186126528624, "username": "taniyorsun", "extra": {}}
---
[2026-01-22T14:20:06.340608] [INFO] [MEMBERS] [member_joined] freeband.siin joined ShadowT3ch Project Development
METADATA: {"timestamp": "2026-01-22T14:20:06.340568", "bot_version": "2.6.4", "guild_id": 1439062109894869096, "guild_name": "ShadowT3ch Project Development", "user_id": 1436150251332436119, "username": "freeband.siin", "extra": {}}
---
[2026-01-22T14:30:36.550328] [INFO] [MEMBERS] [member_joined] sayso4670 joined ShadowT3ch Project Development
METADATA: {"timestamp": "2026-01-22T14:30:36.550281", "bot_version": "2.6.4", "guild_id": 1439062109894869096, "guild_name": "ShadowT3ch Project Development", "user_id": 1106725871152271461, "username": "sayso4670", "extra": {}}
---
[2026-01-22T14:44:34.415403] [INFO] [MEMBERS] [member_left] whothefuckareyou1 left Rin’s Anime World
METADATA: {"timestamp": "2026-01-22T14:44:34.415353", "bot_version": "2.6.4", "guild_id": 1407135363138588803, "guild_name": "Rin\u2019s Anime World", "user_id": 948176756991479889, "username": "whothefuckareyou1", "extra": {}}
---
[2026-01-22T19:22:34.522692] [INFO] [MEMBERS] [member_joined] chinobando joined ShadowT3ch Project Development
METADATA: {"timestamp": "2026-01-22T19:22:34.522653", "bot_version": "2.6.4", "guild_id": 1439062109894869096, "guild_name": "ShadowT3ch Project Development", "user_id": 670396926021206050, "username": "chinobando", "extra": {}}
---
