[2026-02-02T01:34:38.216627] [INFO] [MEMBERS] [member_left] myninja21 left ShadowT3ch Project Development
METADATA: {"timestamp": "2026-02-02T01:34:38.216578", "bot_version": "2.6.4", "guild_id": 1439062109894869096, "guild_name": "ShadowT3ch Project Development", "user_id": 1288335019076616224, "username": "myninja21", "extra": {}}
---
[2026-02-02T01:41:45.434959] [INFO] [MEMBERS] [member_joined] sellergoodz joined ShadowT3ch Project Development
METADATA: {"timestamp": "2026-02-02T01:41:45.434916", "bot_version": "2.6.4", "guild_id": 1439062109894869096, "guild_name": "ShadowT3ch Project Development", "user_id": 1359720016991228035, "username": "sellergoodz", "extra": {}}
---
[2026-02-02T01:42:00.350127] [INFO] [MEMBERS] [member_left] sellergoodz left ShadowT3ch Project Development
METADATA: {"timestamp": "2026-02-02T01:42:00.350044", "bot_version": "2.6.4", "guild_id": 1439062109894869096, "guild_name": "ShadowT3ch Project Development", "user_id": 1359720016991228035, "username": "sellergoodz", "extra": {}}
---
[2026-02-02T01:43:38.860047] [INFO] [MEMBERS] [member_joined] sellergoodz joined ShadowT3ch Project Development
METADATA: {"timestamp": "2026-02-02T01:43:38.860006", "bot_version": "2.6.4", "guild_id": 1439062109894869096, "guild_name": "ShadowT3ch Project Development", "user_id": 1359720016991228035, "username": "sellergoodz", "extra": {}}
---
[2026-02-02T01:44:10.613611] [INFO] [MEMBERS] [member_left] sellergoodz left ShadowT3ch Project Development
METADATA: {"timestamp": "2026-02-02T01:44:10.613564", "bot_version": "2.6.4", "guild_id": 1439062109894869096, "guild_name": "ShadowT3ch Project Development", "user_id": 1359720016991228035, "username": "sellergoodz", "extra": {}}
---
[2026-02-02T04:54:59.801051] [INFO] [MEMBERS] [member_joined] Shadow.CC#3663 joined Shadow.CC [SOON]
METADATA: {"timestamp": "2026-02-02T04:54:59.801015", "bot_version": "2.6.4", "guild_id": 1467739859992051859, "guild_name": "Shadow.CC [SOON]", "user_id": 1467739590512345158, "username": "Shadow.CC#3663", "extra": {}}
---
[2026-02-02T04:55:03.867958] [INFO] [MEMBERS] [member_left] Shadow.CC#3663 left Shadow.CC [SOON]
METADATA: {"timestamp": "2026-02-02T04:55:03.867917", "bot_version": "2.6.4", "guild_id": 1467739859992051859, "guild_name": "Shadow.CC [SOON]", "user_id": 1467739590512345158, "username": "Shadow.CC#3663", "extra": {}}
---
[2026-02-02T04:57:06.297847] [INFO] [MEMBERS] [member_joined] Shadow.CC#3663 joined Shadow.CC [SOON]
METADATA: {"timestamp": "2026-02-02T04:57:06.297807", "bot_version": "2.6.4", "guild_id": 1467739859992051859, "guild_name": "Shadow.CC [SOON]", "user_id": 1467739590512345158, "username": "Shadow.CC#3663", "extra": {}}
---
[2026-02-02T05:03:25.586578] [INFO] [MEMBERS] [member_left] 40bomb left ShadowT3ch Project Development
METADATA: {"timestamp": "2026-02-02T05:03:25.586530", "bot_version": "2.6.4", "guild_id": 1439062109894869096, "guild_name": "ShadowT3ch Project Development", "user_id": 801956366221705238, "username": "40bomb", "extra": {}}
---
[2026-02-02T12:51:11.776912] [INFO] [MEMBERS] [member_left] maffanyax left ShadowT3ch Project Development
METADATA: {"timestamp": "2026-02-02T12:51:11.776861", "bot_version": "2.6.4", "guild_id": 1439062109894869096, "guild_name": "ShadowT3ch Project Development", "user_id": 1127861874994724895, "username": "maffanyax", "extra": {}}
---
