[2026-01-23T02:47:57.293297] [INFO] [MEMBERS] [member_joined] 4j4m joined ShadowT3ch Development Group
METADATA: {"timestamp": "2026-01-23T02:47:57.293249", "bot_version": "2.6.4", "guild_id": 1419349908850475031, "guild_name": "ShadowT3ch Development Group", "user_id": 1412532207695695882, "username": "4j4m", "extra": {}}
---
[2026-01-23T02:50:44.919061] [INFO] [MEMBERS] [member_left] 4j4m left ShadowT3ch Development Group
METADATA: {"timestamp": "2026-01-23T02:50:44.919016", "bot_version": "2.6.4", "guild_id": 1419349908850475031, "guild_name": "ShadowT3ch Development Group", "user_id": 1412532207695695882, "username": "4j4m", "extra": {}}
---
[2026-01-23T05:53:08.311937] [INFO] [MEMBERS] [member_joined] wockstarr5 joined ShadowT3ch Project Development
METADATA: {"timestamp": "2026-01-23T05:53:08.311888", "bot_version": "2.6.4", "guild_id": 1439062109894869096, "guild_name": "ShadowT3ch Project Development", "user_id": 793963638011854848, "username": "wockstarr5", "extra": {}}
---
[2026-01-23T05:53:20.280127] [INFO] [MEMBERS] [member_left] wockstarr5 left ShadowT3ch Project Development
METADATA: {"timestamp": "2026-01-23T05:53:20.280083", "bot_version": "2.6.4", "guild_id": 1439062109894869096, "guild_name": "ShadowT3ch Project Development", "user_id": 793963638011854848, "username": "wockstarr5", "extra": {}}
---
[2026-01-23T05:57:04.803267] [INFO] [MEMBERS] [member_joined] ohemgeebandit joined ShadowT3ch Project Development
METADATA: {"timestamp": "2026-01-23T05:57:04.803222", "bot_version": "2.6.4", "guild_id": 1439062109894869096, "guild_name": "ShadowT3ch Project Development", "user_id": 783065004534267955, "username": "ohemgeebandit", "extra": {}}
---
[2026-01-23T05:57:36.971224] [INFO] [MEMBERS] [member_left] ohemgeebandit left ShadowT3ch Project Development
METADATA: {"timestamp": "2026-01-23T05:57:36.971174", "bot_version": "2.6.4", "guild_id": 1439062109894869096, "guild_name": "ShadowT3ch Project Development", "user_id": 783065004534267955, "username": "ohemgeebandit", "extra": {}}
---
[2026-01-23T06:50:55.827397] [INFO] [MEMBERS] [member_left] urtongues left ShadowT3ch Project Development
METADATA: {"timestamp": "2026-01-23T06:50:55.827357", "bot_version": "2.6.4", "guild_id": 1439062109894869096, "guild_name": "ShadowT3ch Project Development", "user_id": 1000009790505893979, "username": "urtongues", "extra": {}}
---
[2026-01-23T09:12:48.955462] [INFO] [MEMBERS] [member_left] luvedby4ce left ShadowT3ch Project Development
METADATA: {"timestamp": "2026-01-23T09:12:48.955420", "bot_version": "2.6.4", "guild_id": 1439062109894869096, "guild_name": "ShadowT3ch Project Development", "user_id": 1363402487628955708, "username": "luvedby4ce", "extra": {}}
---
[2026-01-23T15:36:08.958035] [INFO] [MEMBERS] [member_joined] kingkai31433 joined ShadowT3ch Project Development
METADATA: {"timestamp": "2026-01-23T15:36:08.957988", "bot_version": "2.6.4", "guild_id": 1439062109894869096, "guild_name": "ShadowT3ch Project Development", "user_id": 1147649421220253836, "username": "kingkai31433", "extra": {}}
---
[2026-01-23T17:27:17.925381] [INFO] [MEMBERS] [member_joined] master_grub6464 joined ShadowT3ch Project Development
METADATA: {"timestamp": "2026-01-23T17:27:17.925328", "bot_version": "2.6.4", "guild_id": 1439062109894869096, "guild_name": "ShadowT3ch Project Development", "user_id": 837023193058508821, "username": "master_grub6464", "extra": {}}
---
[2026-01-23T17:34:11.328773] [INFO] [MEMBERS] [member_left] master_grub6464 left ShadowT3ch Project Development
METADATA: {"timestamp": "2026-01-23T17:34:11.328713", "bot_version": "2.6.4", "guild_id": 1439062109894869096, "guild_name": "ShadowT3ch Project Development", "user_id": 837023193058508821, "username": "master_grub6464", "extra": {}}
---
[2026-01-23T19:01:41.279336] [INFO] [MEMBERS] [member_joined] hadddynxzi_19393 joined ShadowT3ch Project Development
METADATA: {"timestamp": "2026-01-23T19:01:41.279282", "bot_version": "2.6.4", "guild_id": 1439062109894869096, "guild_name": "ShadowT3ch Project Development", "user_id": 1454003574127333376, "username": "hadddynxzi_19393", "extra": {}}
---
