[2025-11-02T06:25:08.880586] [INFO] [MEMBERS] [MemberLeft] Member jd21c (432691911900266527) left ByteHub
METADATA: {"timestamp": "2025-11-02T06:25:08.880539", "bot_version": "2.4.0", "guild_id": 1425539343480655886, "user_id": 432691911900266527, "extra": {}}
---
[2025-11-02T17:19:06.709772] [INFO] [MEMBERS] [MemberLeft] Member Charger 2.0#7723 (1434015339523604651) left ByteHub
METADATA: {"timestamp": "2025-11-02T17:19:06.709723", "bot_version": "2.4.0", "guild_id": 1425539343480655886, "user_id": 1434015339523604651, "extra": {}}
---
[2025-11-02T17:19:25.556791] [INFO] [MEMBERS] [MemberLeft] Member XenBot#6444 (1424075159576514771) left ByteHub
METADATA: {"timestamp": "2025-11-02T17:19:25.556745", "bot_version": "2.4.0", "guild_id": 1425539343480655886, "user_id": 1424075159576514771, "extra": {}}
---
[2025-11-02T17:41:41.249213] [INFO] [MEMBERS] [MemberLeft] Member r4t.x (489595874423341057) left ByteHub
METADATA: {"timestamp": "2025-11-02T17:41:41.249157", "bot_version": "2.4.0", "guild_id": 1425539343480655886, "user_id": 489595874423341057, "extra": {}}
---
[2025-11-02T17:42:00.264558] [INFO] [MEMBERS] [MemberLeft] Member jinqo__ (1172860775627493439) left ByteHub
METADATA: {"timestamp": "2025-11-02T17:42:00.264517", "bot_version": "2.4.0", "guild_id": 1425539343480655886, "user_id": 1172860775627493439, "extra": {}}
---
[2025-11-02T19:08:54.753554] [INFO] [MEMBERS] [MemberLeft] Member devoucus (403251716591583232) left CryptX [OFFICIAL]
METADATA: {"timestamp": "2025-11-02T19:08:54.753511", "bot_version": "2.4.0", "guild_id": 1414819449474908192, "user_id": 403251716591583232, "extra": {}}
---
[2025-11-02T21:05:28.115194] [INFO] [MEMBERS] [MemberLeft] Member Charge Members#1554 (1434608227227664546) left CryptX [OFFICIAL]
METADATA: {"timestamp": "2025-11-02T21:05:28.115159", "bot_version": "2.4.0", "guild_id": 1414819449474908192, "user_id": 1434608227227664546, "extra": {}}
---
[2025-11-02T21:05:33.803734] [INFO] [MEMBERS] [MemberLeft] Member XenBot#6444 (1424075159576514771) left CryptX [OFFICIAL]
METADATA: {"timestamp": "2025-11-02T21:05:33.803700", "bot_version": "2.4.0", "guild_id": 1414819449474908192, "user_id": 1424075159576514771, "extra": {}}
---
[2025-11-02T21:24:45.068266] [INFO] [MEMBERS] [MemberLeft] Member Charge Members#1554 (1434608227227664546) left CryptX [OFFICIAL]
METADATA: {"timestamp": "2025-11-02T21:24:45.068219", "bot_version": "2.4.0", "guild_id": 1414819449474908192, "user_id": 1434608227227664546, "extra": {}}
---
[2025-11-02T21:27:03.097423] [INFO] [MEMBERS] [MemberLeft] Member Charge Members#1554 (1434608227227664546) left CryptX [OFFICIAL]
METADATA: {"timestamp": "2025-11-02T21:27:03.097373", "bot_version": "2.4.0", "guild_id": 1414819449474908192, "user_id": 1434608227227664546, "extra": {}}
---
