[2026-01-19T03:42:15.276313] [INFO] [MEMBERS] [member_left] Carl-bot#1536 left Skii Hub
METADATA: {"timestamp": "2026-01-19T03:42:15.276273", "bot_version": "2.6.4", "guild_id": 1439062109894869096, "guild_name": "Skii Hub", "user_id": 235148962103951360, "username": "Carl-bot#1536", "extra": {}}
---
[2026-01-19T03:42:18.024109] [INFO] [MEMBERS] [member_left] Dyno#3861 left Skii Hub
METADATA: {"timestamp": "2026-01-19T03:42:18.024073", "bot_version": "2.6.4", "guild_id": 1439062109894869096, "guild_name": "Skii Hub", "user_id": 155149108183695360, "username": "Dyno#3861", "extra": {}}
---
[2026-01-19T03:42:21.623566] [INFO] [MEMBERS] [member_left] Redline shop#6649 left Skii Hub
METADATA: {"timestamp": "2026-01-19T03:42:21.623533", "bot_version": "2.6.4", "guild_id": 1439062109894869096, "guild_name": "Skii Hub", "user_id": 1453218252866982070, "username": "Redline shop#6649", "extra": {}}
---
[2026-01-19T03:42:24.873243] [INFO] [MEMBERS] [member_left] Security#1120 left Skii Hub
METADATA: {"timestamp": "2026-01-19T03:42:24.873207", "bot_version": "2.6.4", "guild_id": 1439062109894869096, "guild_name": "Skii Hub", "user_id": 651095740390834176, "username": "Security#1120", "extra": {}}
---
[2026-01-19T03:42:28.242366] [INFO] [MEMBERS] [member_left] Tickety#1627 left Skii Hub
METADATA: {"timestamp": "2026-01-19T03:42:28.242298", "bot_version": "2.6.4", "guild_id": 1439062109894869096, "guild_name": "Skii Hub", "user_id": 718493970652594217, "username": "Tickety#1627", "extra": {}}
---
[2026-01-19T03:50:24.571683] [INFO] [MEMBERS] [member_left] GiveawayBot#2381 left Skii Hub
METADATA: {"timestamp": "2026-01-19T03:50:24.571648", "bot_version": "2.6.4", "guild_id": 1439062109894869096, "guild_name": "Skii Hub", "user_id": 294882584201003009, "username": "GiveawayBot#2381", "extra": {}}
---
[2026-01-19T03:50:29.040216] [INFO] [MEMBERS] [member_left] AUTHGAURD#3544 left Skii Hub
METADATA: {"timestamp": "2026-01-19T03:50:29.040179", "bot_version": "2.6.4", "guild_id": 1439062109894869096, "guild_name": "Skii Hub", "user_id": 1456319534679199786, "username": "AUTHGAURD#3544", "extra": {}}
---
[2026-01-19T03:50:33.279165] [INFO] [MEMBERS] [member_left] Me To#0495 left Skii Hub
METADATA: {"timestamp": "2026-01-19T03:50:33.279131", "bot_version": "2.6.4", "guild_id": 1439062109894869096, "guild_name": "Skii Hub", "user_id": 1440220196638818456, "username": "Me To#0495", "extra": {}}
---
[2026-01-19T03:50:38.640339] [INFO] [MEMBERS] [member_left] Skii Hub#8052 left Skii Hub
METADATA: {"timestamp": "2026-01-19T03:50:38.640303", "bot_version": "2.6.4", "guild_id": 1439062109894869096, "guild_name": "Skii Hub", "user_id": 1424456531751206992, "username": "Skii Hub#8052", "extra": {}}
---
[2026-01-19T03:50:43.216978] [INFO] [MEMBERS] [member_left] Skii Hub bot#7502 left Skii Hub
METADATA: {"timestamp": "2026-01-19T03:50:43.216944", "bot_version": "2.6.4", "guild_id": 1439062109894869096, "guild_name": "Skii Hub", "user_id": 1457850244195946527, "username": "Skii Hub bot#7502", "extra": {}}
---
