[2026-01-31T00:39:33.395292] [INFO] [MEMBERS] [member_left] 11keli left ShadowT3ch Project Development
METADATA: {"timestamp": "2026-01-31T00:39:33.395234", "bot_version": "2.6.4", "guild_id": 1439062109894869096, "guild_name": "ShadowT3ch Project Development", "user_id": 1217603590080954378, "username": "11keli", "extra": {}}
---
[2026-01-31T03:04:53.474247] [INFO] [MEMBERS] [member_joined] ğ€ğ ğğ§ğ­ ğ’ğ§ğ¨ğ°#5992 joined ShadowT3ch Project Development
METADATA: {"timestamp": "2026-01-31T03:04:53.474203", "bot_version": "2.6.4", "guild_id": 1439062109894869096, "guild_name": "ShadowT3ch Project Development", "user_id": 1466950731046326454, "username": "\ud835\udc00\ud835\udc20\ud835\udc1e\ud835\udc27\ud835\udc2d \ud835\udc12\ud835\udc27\ud835\udc28\ud835\udc30#5992", "extra": {}}
---
[2026-01-31T03:06:42.877376] [INFO] [MEMBERS] [member_left] ghostf3m left ShadowT3ch Project Development
METADATA: {"timestamp": "2026-01-31T03:06:42.877322", "bot_version": "2.6.4", "guild_id": 1439062109894869096, "guild_name": "ShadowT3ch Project Development", "user_id": 1131062767386890291, "username": "ghostf3m", "extra": {}}
---
[2026-01-31T03:10:18.916009] [INFO] [MEMBERS] [member_left] ğ€ğ ğğ§ğ­ ğ’ğ§ğ¨ğ°#5992 left ShadowT3ch Project Development
METADATA: {"timestamp": "2026-01-31T03:10:18.915971", "bot_version": "2.6.4", "guild_id": 1439062109894869096, "guild_name": "ShadowT3ch Project Development", "user_id": 1466950731046326454, "username": "\ud835\udc00\ud835\udc20\ud835\udc1e\ud835\udc27\ud835\udc2d \ud835\udc12\ud835\udc27\ud835\udc28\ud835\udc30#5992", "extra": {}}
---
[2026-01-31T03:12:07.143057] [INFO] [MEMBERS] [member_joined] ğ€ğ ğğ§ğ­ ğ’ğ§ğ¨ğ°#5992 joined ShadowT3ch Project Development
METADATA: {"timestamp": "2026-01-31T03:12:07.143008", "bot_version": "2.6.4", "guild_id": 1439062109894869096, "guild_name": "ShadowT3ch Project Development", "user_id": 1466950731046326454, "username": "\ud835\udc00\ud835\udc20\ud835\udc1e\ud835\udc27\ud835\udc2d \ud835\udc12\ud835\udc27\ud835\udc28\ud835\udc30#5992", "extra": {}}
---
[2026-01-31T06:19:23.959133] [INFO] [MEMBERS] [member_joined] oofschrome9470 joined ShadowT3ch Project Development
METADATA: {"timestamp": "2026-01-31T06:19:23.959052", "bot_version": "2.6.4", "guild_id": 1439062109894869096, "guild_name": "ShadowT3ch Project Development", "user_id": 787478548650000404, "username": "oofschrome9470", "extra": {}}
---
[2026-01-31T07:13:06.772837] [INFO] [MEMBERS] [member_joined] jeff024378 joined ShadowT3ch Project Development
METADATA: {"timestamp": "2026-01-31T07:13:06.772795", "bot_version": "2.6.4", "guild_id": 1439062109894869096, "guild_name": "ShadowT3ch Project Development", "user_id": 1449882311444402226, "username": "jeff024378", "extra": {}}
---
[2026-01-31T07:15:43.012340] [INFO] [MEMBERS] [member_left] jeff024378 left ShadowT3ch Project Development
METADATA: {"timestamp": "2026-01-31T07:15:43.012293", "bot_version": "2.6.4", "guild_id": 1439062109894869096, "guild_name": "ShadowT3ch Project Development", "user_id": 1449882311444402226, "username": "jeff024378", "extra": {}}
---
[2026-01-31T09:39:22.004846] [INFO] [MEMBERS] [member_left] lenxxqw left ShadowT3ch Project Development
METADATA: {"timestamp": "2026-01-31T09:39:22.004811", "bot_version": "2.6.4", "guild_id": 1439062109894869096, "guild_name": "ShadowT3ch Project Development", "user_id": 1110275716261613658, "username": "lenxxqw", "extra": {}}
---
