[2026-01-20T00:11:27.614237] [INFO] [MEMBERS] [member_joined] bumpv4mp joined ShadowT3ch Project Development
METADATA: {"timestamp": "2026-01-20T00:11:27.614186", "bot_version": "2.6.4", "guild_id": 1439062109894869096, "guild_name": "ShadowT3ch Project Development", "user_id": 1384116686495682571, "username": "bumpv4mp", "extra": {}}
---
[2026-01-20T00:11:43.132683] [INFO] [MEMBERS] [member_left] bumpv4mp left ShadowT3ch Project Development
METADATA: {"timestamp": "2026-01-20T00:11:43.132633", "bot_version": "2.6.4", "guild_id": 1439062109894869096, "guild_name": "ShadowT3ch Project Development", "user_id": 1384116686495682571, "username": "bumpv4mp", "extra": {}}
---
[2026-01-20T00:12:16.493214] [INFO] [MEMBERS] [member_joined] itbek7 joined ShadowT3ch Project Development
METADATA: {"timestamp": "2026-01-20T00:12:16.493166", "bot_version": "2.6.4", "guild_id": 1439062109894869096, "guild_name": "ShadowT3ch Project Development", "user_id": 1392760459400319047, "username": "itbek7", "extra": {}}
---
[2026-01-20T00:45:43.268320] [INFO] [MEMBERS] [member_joined] lucki2bealive joined ShadowT3ch Project Development
METADATA: {"timestamp": "2026-01-20T00:45:43.268270", "bot_version": "2.6.4", "guild_id": 1439062109894869096, "guild_name": "ShadowT3ch Project Development", "user_id": 1375531878601326626, "username": "lucki2bealive", "extra": {}}
---
[2026-01-20T01:12:39.751408] [INFO] [MEMBERS] [member_left] hv6f left ShadowT3ch Project Development
METADATA: {"timestamp": "2026-01-20T01:12:39.751350", "bot_version": "2.6.4", "guild_id": 1439062109894869096, "guild_name": "ShadowT3ch Project Development", "user_id": 1388777575886884918, "username": "hv6f", "extra": {}}
---
[2026-01-20T01:43:20.637352] [INFO] [MEMBERS] [member_left] jrfrmstr8__04625 left ShadowT3ch Project Development
METADATA: {"timestamp": "2026-01-20T01:43:20.637304", "bot_version": "2.6.4", "guild_id": 1439062109894869096, "guild_name": "ShadowT3ch Project Development", "user_id": 1340547195472056402, "username": "jrfrmstr8__04625", "extra": {}}
---
[2026-01-20T03:09:43.720740] [INFO] [MEMBERS] [member_left] zacy0396 left ShadowT3ch Project Development
METADATA: {"timestamp": "2026-01-20T03:09:43.720689", "bot_version": "2.6.4", "guild_id": 1439062109894869096, "guild_name": "ShadowT3ch Project Development", "user_id": 1401310906641551400, "username": "zacy0396", "extra": {}}
---
[2026-01-20T04:35:33.150772] [INFO] [MEMBERS] [member_joined] f5_darealest2_20496 joined ShadowT3ch Project Development
METADATA: {"timestamp": "2026-01-20T04:35:33.150731", "bot_version": "2.6.4", "guild_id": 1439062109894869096, "guild_name": "ShadowT3ch Project Development", "user_id": 1403411578153337015, "username": "f5_darealest2_20496", "extra": {}}
---
[2026-01-20T04:37:24.984509] [INFO] [MEMBERS] [member_joined] richdude0180_23969 joined ShadowT3ch Development Group
METADATA: {"timestamp": "2026-01-20T04:37:24.984461", "bot_version": "2.6.4", "guild_id": 1419349908850475031, "guild_name": "ShadowT3ch Development Group", "user_id": 1459778848311869675, "username": "richdude0180_23969", "extra": {}}
---
[2026-01-20T05:43:34.376978] [INFO] [MEMBERS] [member_joined] snowofficial313 joined ShadowT3ch Project Development
METADATA: {"timestamp": "2026-01-20T05:43:34.376935", "bot_version": "2.6.4", "guild_id": 1439062109894869096, "guild_name": "ShadowT3ch Project Development", "user_id": 1460071512450269296, "username": "snowofficial313", "extra": {}}
---
[2026-01-20T06:47:39.429930] [INFO] [MEMBERS] [member_joined] yo67or67 joined ShadowT3ch Project Development
METADATA: {"timestamp": "2026-01-20T06:47:39.429890", "bot_version": "2.6.4", "guild_id": 1439062109894869096, "guild_name": "ShadowT3ch Project Development", "user_id": 1153038125149474879, "username": "yo67or67", "extra": {}}
---
[2026-01-20T07:11:17.062748] [INFO] [MEMBERS] [member_joined] Junkie-Development#2543 joined ShadowT3ch Project Development
METADATA: {"timestamp": "2026-01-20T07:11:17.062713", "bot_version": "2.6.4", "guild_id": 1439062109894869096, "guild_name": "ShadowT3ch Project Development", "user_id": 1436837738333868102, "username": "Junkie-Development#2543", "extra": {}}
---
[2026-01-20T09:01:49.075692] [INFO] [MEMBERS] [member_joined] _za_za_ joined ShadowT3ch Project Development
METADATA: {"timestamp": "2026-01-20T09:01:49.075652", "bot_version": "2.6.4", "guild_id": 1439062109894869096, "guild_name": "ShadowT3ch Project Development", "user_id": 1057122627677859871, "username": "_za_za_", "extra": {}}
---
[2026-01-20T09:02:08.726160] [INFO] [MEMBERS] [member_left] _za_za_ left ShadowT3ch Project Development
METADATA: {"timestamp": "2026-01-20T09:02:08.726104", "bot_version": "2.6.4", "guild_id": 1439062109894869096, "guild_name": "ShadowT3ch Project Development", "user_id": 1057122627677859871, "username": "_za_za_", "extra": {}}
---
