[2026-02-18T02:45:16.409+00:00] [INFO    ] [members     ] [member_leave      ] flynntohurt
META: {"bot_version":"2.6.4","utc_iso":"2026-02-18T02:45:16.409628+00:00"}
───────────────────────────────────────
[2026-02-18T02:49:11.460+00:00] [INFO    ] [members     ] [member_leave      ] flynntohurt
META: {"bot_version":"2.6.4","utc_iso":"2026-02-18T02:49:11.460875+00:00"}
───────────────────────────────────────
[2026-02-18T05:37:16.113+00:00] [INFO    ] [members     ] [member_leave      ] jaymoney0728
META: {"bot_version":"2.6.4","utc_iso":"2026-02-18T05:37:16.113350+00:00"}
───────────────────────────────────────
[2026-02-18T05:40:17.662+00:00] [INFO    ] [members     ] [member_leave      ] fazezayq98
META: {"bot_version":"2.6.4","utc_iso":"2026-02-18T05:40:17.662909+00:00"}
───────────────────────────────────────
[2026-02-18T08:44:57.885+00:00] [INFO    ] [members     ] [member_leave      ] yumifrendplis
META: {"bot_version":"2.6.4","utc_iso":"2026-02-18T08:44:57.885227+00:00"}
───────────────────────────────────────
[2026-02-18T13:27:15.909+00:00] [INFO    ] [members     ] [member_leave      ] getem_kash
META: {"bot_version":"2.6.4","utc_iso":"2026-02-18T13:27:15.909829+00:00"}
───────────────────────────────────────
[2026-02-18T18:59:26.476+00:00] [INFO    ] [members     ] [member_leave      ] xxzgyxzxzyxyxzxfzx
META: {"bot_version":"2.6.4","utc_iso":"2026-02-18T18:59:26.476860+00:00"}
───────────────────────────────────────
