[2026-01-19T03:45:19.934661] [INFO] [MESSAGES] [message_sent] Message sent in 👑》moderator-only
METADATA: {"timestamp": "2026-01-19T03:45:19.934615", "bot_version": "2.6.4", "guild_id": 1439062109894869096, "guild_name": "Skii Hub", "channel_id": 1456376122035142709, "channel_name": "\ud83d\udc51\u300bmoderator-only", "user_id": 1019698414839156817, "username": "2clickdeath", "message_id": 1462654131838910566, "extra": {"content_length": 551}}
---
[2026-01-19T03:45:49.646216] [INFO] [MESSAGES] [message_sent] Message sent in 📩》tickets
METADATA: {"timestamp": "2026-01-19T03:45:49.646166", "bot_version": "2.6.4", "guild_id": 1439062109894869096, "guild_name": "Skii Hub", "channel_id": 1454369385778249826, "channel_name": "\ud83d\udce9\u300btickets", "user_id": 1019698414839156817, "username": "2clickdeath", "message_id": 1462654256375926849, "extra": {"content_length": 50}}
---
[2026-01-19T03:45:58.803952] [INFO] [MESSAGES] [message_sent] Message sent in ❓》faq
METADATA: {"timestamp": "2026-01-19T03:45:58.803907", "bot_version": "2.6.4", "guild_id": 1439062109894869096, "guild_name": "Skii Hub", "channel_id": 1456883299753660468, "channel_name": "\u2753\u300bfaq", "user_id": 1019698414839156817, "username": "2clickdeath", "message_id": 1462654295127101521, "extra": {"content_length": 568}}
---
[2026-01-19T03:54:05.820542] [INFO] [MESSAGES] [message_sent] Message sent in ✅》verify
METADATA: {"timestamp": "2026-01-19T03:54:05.820500", "bot_version": "2.6.4", "guild_id": 1439062109894869096, "guild_name": "Skii Hub", "channel_id": 1454369371869806685, "channel_name": "\u2705\u300bverify", "user_id": 1019698414839156817, "username": "2clickdeath", "message_id": 1462656337912791192, "extra": {"content_length": 206}}
---
[2026-01-19T03:57:07.945108] [INFO] [MESSAGES] [message_sent] Message sent in 📌》notices
METADATA: {"timestamp": "2026-01-19T03:57:07.945062", "bot_version": "2.6.4", "guild_id": 1419349908850475031, "guild_name": "ShadowT3ch Development Group", "channel_id": 1456470471234293861, "channel_name": "\ud83d\udccc\u300bnotices", "user_id": 1019698414839156817, "username": "2clickdeath", "message_id": 1462657101653348495, "extra": {"content_length": 32}}
---
[2026-01-19T04:06:54.340729] [INFO] [MESSAGES] [message_sent] Message sent in ✅》verify-and-roles
METADATA: {"timestamp": "2026-01-19T04:06:54.340686", "bot_version": "2.6.4", "guild_id": 1439062109894869096, "guild_name": "ShadowT3ch Project Development", "channel_id": 1454369418271264933, "channel_name": "\u2705\u300bverify-and-roles", "user_id": 1019698414839156817, "username": "2clickdeath", "message_id": 1462659561277358195, "extra": {"content_length": 78}}
---
[2026-01-19T04:42:51.638338] [INFO] [MESSAGES] [message_sent] Message sent in 🚧》status
METADATA: {"timestamp": "2026-01-19T04:42:51.638285", "bot_version": "2.6.4", "guild_id": 1439062109894869096, "guild_name": "ShadowT3ch Project Development", "channel_id": 1454369383987282000, "channel_name": "\ud83d\udea7\u300bstatus", "user_id": 1019698414839156817, "username": "2clickdeath", "message_id": 1462668609691189303, "extra": {"content_length": 9}}
---
[2026-01-19T04:54:59.569010] [INFO] [MESSAGES] [message_sent] Message sent in ticket-support-aoth
METADATA: {"timestamp": "2026-01-19T04:54:59.568949", "bot_version": "2.6.4", "guild_id": 1439062109894869096, "guild_name": "ShadowT3ch Project Development", "channel_id": 1462671628340297835, "channel_name": "ticket-support-aoth", "user_id": 1412019909801676880, "username": "marquise670", "message_id": 1462671662830059653, "extra": {"content_length": 3}}
---
[2026-01-19T05:07:52.396449] [INFO] [MESSAGES] [message_sent] Message sent in ticket-support-aoth
METADATA: {"timestamp": "2026-01-19T05:07:52.396392", "bot_version": "2.6.4", "guild_id": 1439062109894869096, "guild_name": "ShadowT3ch Project Development", "channel_id": 1462671628340297835, "channel_name": "ticket-support-aoth", "user_id": 1019698414839156817, "username": "2clickdeath", "message_id": 1462674904057905153, "extra": {"content_length": 4}}
---
[2026-01-19T05:07:57.187589] [INFO] [MESSAGES] [message_sent] Message sent in ticket-support-aoth
METADATA: {"timestamp": "2026-01-19T05:07:57.187547", "bot_version": "2.6.4", "guild_id": 1439062109894869096, "guild_name": "ShadowT3ch Project Development", "channel_id": 1462671628340297835, "channel_name": "ticket-support-aoth", "user_id": 1019698414839156817, "username": "2clickdeath", "message_id": 1462674924421255242, "extra": {"content_length": 19}}
---
[2026-01-19T05:08:36.767939] [INFO] [MESSAGES] [message_sent] Message sent in ticket-support-aoth
METADATA: {"timestamp": "2026-01-19T05:08:36.767897", "bot_version": "2.6.4", "guild_id": 1439062109894869096, "guild_name": "ShadowT3ch Project Development", "channel_id": 1462671628340297835, "channel_name": "ticket-support-aoth", "user_id": 1283957288314343486, "username": "donthurtpain", "message_id": 1462675090323013747, "extra": {"content_length": 10}}
---
[2026-01-19T05:08:38.957819] [INFO] [MESSAGES] [message_sent] Message sent in ticket-support-aoth
METADATA: {"timestamp": "2026-01-19T05:08:38.957776", "bot_version": "2.6.4", "guild_id": 1439062109894869096, "guild_name": "ShadowT3ch Project Development", "channel_id": 1462671628340297835, "channel_name": "ticket-support-aoth", "user_id": 1283957288314343486, "username": "donthurtpain", "message_id": 1462675099433041962, "extra": {"content_length": 22}}
---
[2026-01-19T05:08:46.911086] [INFO] [MESSAGES] [message_sent] Message sent in ticket-support-aoth
METADATA: {"timestamp": "2026-01-19T05:08:46.911008", "bot_version": "2.6.4", "guild_id": 1439062109894869096, "guild_name": "ShadowT3ch Project Development", "channel_id": 1462671628340297835, "channel_name": "ticket-support-aoth", "user_id": 1019698414839156817, "username": "2clickdeath", "message_id": 1462675132945403998, "extra": {"content_length": 1}}
---
[2026-01-19T05:08:55.827503] [INFO] [MESSAGES] [message_sent] Message sent in ticket-support-aoth
METADATA: {"timestamp": "2026-01-19T05:08:55.827457", "bot_version": "2.6.4", "guild_id": 1439062109894869096, "guild_name": "ShadowT3ch Project Development", "channel_id": 1462671628340297835, "channel_name": "ticket-support-aoth", "user_id": 1283957288314343486, "username": "donthurtpain", "message_id": 1462675169951744123, "extra": {"content_length": 39}}
---
[2026-01-19T05:08:58.085653] [INFO] [MESSAGES] [message_sent] Message sent in ticket-support-aoth
METADATA: {"timestamp": "2026-01-19T05:08:58.085607", "bot_version": "2.6.4", "guild_id": 1439062109894869096, "guild_name": "ShadowT3ch Project Development", "channel_id": 1462671628340297835, "channel_name": "ticket-support-aoth", "user_id": 1283957288314343486, "username": "donthurtpain", "message_id": 1462675179795906593, "extra": {"content_length": 7}}
---
[2026-01-19T05:09:01.476624] [INFO] [MESSAGES] [message_sent] Message sent in ticket-support-aoth
METADATA: {"timestamp": "2026-01-19T05:09:01.476582", "bot_version": "2.6.4", "guild_id": 1439062109894869096, "guild_name": "ShadowT3ch Project Development", "channel_id": 1462671628340297835, "channel_name": "ticket-support-aoth", "user_id": 1283957288314343486, "username": "donthurtpain", "message_id": 1462675194048024606, "extra": {"content_length": 13}}
---
[2026-01-19T05:09:07.993364] [INFO] [MESSAGES] [message_sent] Message sent in ticket-support-aoth
METADATA: {"timestamp": "2026-01-19T05:09:07.993315", "bot_version": "2.6.4", "guild_id": 1439062109894869096, "guild_name": "ShadowT3ch Project Development", "channel_id": 1462671628340297835, "channel_name": "ticket-support-aoth", "user_id": 1283957288314343486, "username": "donthurtpain", "message_id": 1462675221256474857, "extra": {"content_length": 35}}
---
[2026-01-19T05:09:21.488153] [INFO] [MESSAGES] [message_sent] Message sent in ticket-support-aoth
METADATA: {"timestamp": "2026-01-19T05:09:21.488107", "bot_version": "2.6.4", "guild_id": 1439062109894869096, "guild_name": "ShadowT3ch Project Development", "channel_id": 1462671628340297835, "channel_name": "ticket-support-aoth", "user_id": 1019698414839156817, "username": "2clickdeath", "message_id": 1462675277795561647, "extra": {"content_length": 20}}
---
[2026-01-19T05:09:29.987164] [INFO] [MESSAGES] [message_sent] Message sent in ticket-support-aoth
METADATA: {"timestamp": "2026-01-19T05:09:29.987116", "bot_version": "2.6.4", "guild_id": 1439062109894869096, "guild_name": "ShadowT3ch Project Development", "channel_id": 1462671628340297835, "channel_name": "ticket-support-aoth", "user_id": 1283957288314343486, "username": "donthurtpain", "message_id": 1462675313614917881, "extra": {"content_length": 4}}
---
[2026-01-19T05:09:32.564746] [INFO] [MESSAGES] [message_sent] Message sent in ticket-support-aoth
METADATA: {"timestamp": "2026-01-19T05:09:32.564706", "bot_version": "2.6.4", "guild_id": 1439062109894869096, "guild_name": "ShadowT3ch Project Development", "channel_id": 1462671628340297835, "channel_name": "ticket-support-aoth", "user_id": 1283957288314343486, "username": "donthurtpain", "message_id": 1462675324423897181, "extra": {"content_length": 10}}
---
[2026-01-19T05:09:37.626569] [INFO] [MESSAGES] [message_sent] Message sent in ticket-support-aoth
METADATA: {"timestamp": "2026-01-19T05:09:37.626522", "bot_version": "2.6.4", "guild_id": 1439062109894869096, "guild_name": "ShadowT3ch Project Development", "channel_id": 1462671628340297835, "channel_name": "ticket-support-aoth", "user_id": 1283957288314343486, "username": "donthurtpain", "message_id": 1462675345554673795, "extra": {"content_length": 18}}
---
[2026-01-19T05:10:11.694123] [INFO] [MESSAGES] [message_sent] Message sent in ticket-support-aoth
METADATA: {"timestamp": "2026-01-19T05:10:11.694023", "bot_version": "2.6.4", "guild_id": 1439062109894869096, "guild_name": "ShadowT3ch Project Development", "channel_id": 1462671628340297835, "channel_name": "ticket-support-aoth", "user_id": 1019698414839156817, "username": "2clickdeath", "message_id": 1462675488555401412, "extra": {"content_length": 62}}
---
[2026-01-19T05:10:13.809158] [INFO] [MESSAGES] [message_sent] Message sent in ticket-support-aoth
METADATA: {"timestamp": "2026-01-19T05:10:13.808996", "bot_version": "2.6.4", "guild_id": 1439062109894869096, "guild_name": "ShadowT3ch Project Development", "channel_id": 1462671628340297835, "channel_name": "ticket-support-aoth", "user_id": 1283957288314343486, "username": "donthurtpain", "message_id": 1462675497430552801, "extra": {"content_length": 22}}
---
[2026-01-19T05:10:17.923527] [INFO] [MESSAGES] [message_sent] Message sent in ticket-support-aoth
METADATA: {"timestamp": "2026-01-19T05:10:17.923481", "bot_version": "2.6.4", "guild_id": 1439062109894869096, "guild_name": "ShadowT3ch Project Development", "channel_id": 1462671628340297835, "channel_name": "ticket-support-aoth", "user_id": 1283957288314343486, "username": "donthurtpain", "message_id": 1462675513960169604, "extra": {"content_length": 3}}
---
[2026-01-19T05:10:18.768100] [INFO] [MESSAGES] [message_sent] Message sent in 👑》staff-chat
METADATA: {"timestamp": "2026-01-19T05:10:18.768008", "bot_version": "2.6.4", "guild_id": 1439062109894869096, "guild_name": "ShadowT3ch Project Development", "channel_id": 1454369424675967080, "channel_name": "\ud83d\udc51\u300bstaff-chat", "user_id": 1019698414839156817, "username": "2clickdeath", "message_id": 1462675518225911862, "extra": {"content_length": 4}}
---
[2026-01-19T05:10:31.437788] [INFO] [MESSAGES] [message_sent] Message sent in 👑》staff-chat
METADATA: {"timestamp": "2026-01-19T05:10:31.437733", "bot_version": "2.6.4", "guild_id": 1439062109894869096, "guild_name": "ShadowT3ch Project Development", "channel_id": 1454369424675967080, "channel_name": "\ud83d\udc51\u300bstaff-chat", "user_id": 1283957288314343486, "username": "donthurtpain", "message_id": 1462675571321606274, "extra": {"content_length": 2}}
---
[2026-01-19T05:10:43.837431] [INFO] [MESSAGES] [message_sent] Message sent in 👑》staff-chat
METADATA: {"timestamp": "2026-01-19T05:10:43.837390", "bot_version": "2.6.4", "guild_id": 1439062109894869096, "guild_name": "ShadowT3ch Project Development", "channel_id": 1454369424675967080, "channel_name": "\ud83d\udc51\u300bstaff-chat", "user_id": 1283957288314343486, "username": "donthurtpain", "message_id": 1462675622995427410, "extra": {"content_length": 31}}
---
[2026-01-19T05:10:46.081865] [INFO] [MESSAGES] [message_sent] Message sent in ticket-support-aoth
METADATA: {"timestamp": "2026-01-19T05:10:46.081824", "bot_version": "2.6.4", "guild_id": 1439062109894869096, "guild_name": "ShadowT3ch Project Development", "channel_id": 1462671628340297835, "channel_name": "ticket-support-aoth", "user_id": 1019698414839156817, "username": "2clickdeath", "message_id": 1462675632793194628, "extra": {"content_length": 33}}
---
[2026-01-19T05:10:52.567742] [INFO] [MESSAGES] [message_sent] Message sent in ticket-support-aoth
METADATA: {"timestamp": "2026-01-19T05:10:52.567696", "bot_version": "2.6.4", "guild_id": 1439062109894869096, "guild_name": "ShadowT3ch Project Development", "channel_id": 1462671628340297835, "channel_name": "ticket-support-aoth", "user_id": 1283957288314343486, "username": "donthurtpain", "message_id": 1462675659947114568, "extra": {"content_length": 5}}
---
[2026-01-19T05:10:53.240902] [INFO] [MESSAGES] [message_sent] Message sent in 👑》staff-chat
METADATA: {"timestamp": "2026-01-19T05:10:53.240874", "bot_version": "2.6.4", "guild_id": 1439062109894869096, "guild_name": "ShadowT3ch Project Development", "channel_id": 1454369424675967080, "channel_name": "\ud83d\udc51\u300bstaff-chat", "user_id": 1019698414839156817, "username": "2clickdeath", "message_id": 1462675660014354485, "extra": {"content_length": 3}}
---
[2026-01-19T05:10:56.155936] [INFO] [MESSAGES] [message_sent] Message sent in ticket-support-aoth
METADATA: {"timestamp": "2026-01-19T05:10:56.155891", "bot_version": "2.6.4", "guild_id": 1439062109894869096, "guild_name": "ShadowT3ch Project Development", "channel_id": 1462671628340297835, "channel_name": "ticket-support-aoth", "user_id": 1283957288314343486, "username": "donthurtpain", "message_id": 1462675675059191921, "extra": {"content_length": 8}}
---
[2026-01-19T05:11:01.515244] [INFO] [MESSAGES] [message_sent] Message sent in 👑》staff-chat
METADATA: {"timestamp": "2026-01-19T05:11:01.515201", "bot_version": "2.6.4", "guild_id": 1439062109894869096, "guild_name": "ShadowT3ch Project Development", "channel_id": 1454369424675967080, "channel_name": "\ud83d\udc51\u300bstaff-chat", "user_id": 1019698414839156817, "username": "2clickdeath", "message_id": 1462675697527951471, "extra": {"content_length": 45}}
---
[2026-01-19T05:11:03.392392] [INFO] [MESSAGES] [message_sent] Message sent in ticket-support-aoth
METADATA: {"timestamp": "2026-01-19T05:11:03.392346", "bot_version": "2.6.4", "guild_id": 1439062109894869096, "guild_name": "ShadowT3ch Project Development", "channel_id": 1462671628340297835, "channel_name": "ticket-support-aoth", "user_id": 1283957288314343486, "username": "donthurtpain", "message_id": 1462675705031819296, "extra": {"content_length": 7}}
---
[2026-01-19T05:11:06.900698] [INFO] [MESSAGES] [message_sent] Message sent in ticket-support-aoth
METADATA: {"timestamp": "2026-01-19T05:11:06.900651", "bot_version": "2.6.4", "guild_id": 1439062109894869096, "guild_name": "ShadowT3ch Project Development", "channel_id": 1462671628340297835, "channel_name": "ticket-support-aoth", "user_id": 1283957288314343486, "username": "donthurtpain", "message_id": 1462675719732596808, "extra": {"content_length": 16}}
---
[2026-01-19T05:11:31.290423] [INFO] [MESSAGES] [message_sent] Message sent in ticket-support-aoth
METADATA: {"timestamp": "2026-01-19T05:11:31.290382", "bot_version": "2.6.4", "guild_id": 1439062109894869096, "guild_name": "ShadowT3ch Project Development", "channel_id": 1462671628340297835, "channel_name": "ticket-support-aoth", "user_id": 1283957288314343486, "username": "donthurtpain", "message_id": 1462675822031933473, "extra": {"content_length": 4}}
---
[2026-01-19T05:11:36.168657] [INFO] [MESSAGES] [message_sent] Message sent in ticket-support-aoth
METADATA: {"timestamp": "2026-01-19T05:11:36.168610", "bot_version": "2.6.4", "guild_id": 1439062109894869096, "guild_name": "ShadowT3ch Project Development", "channel_id": 1462671628340297835, "channel_name": "ticket-support-aoth", "user_id": 1283957288314343486, "username": "donthurtpain", "message_id": 1462675842382434305, "extra": {"content_length": 14}}
---
