[2026-01-22T01:43:02.909764] [INFO] [MESSAGES] [message_sent] Message sent in 💬》chat
METADATA: {"timestamp": "2026-01-22T01:43:02.909717", "bot_version": "2.6.4", "guild_id": 1439062109894869096, "guild_name": "ShadowT3ch Project Development", "channel_id": 1454369407034855616, "channel_name": "\ud83d\udcac\u300bchat", "user_id": 1403411578153337015, "username": "f5_darealest2_20496", "message_id": 1463710522066342023, "extra": {"content_length": 4}}
---
[2026-01-22T01:43:10.297894] [INFO] [MESSAGES] [message_sent] Message sent in 💬》chat
METADATA: {"timestamp": "2026-01-22T01:43:10.297808", "bot_version": "2.6.4", "guild_id": 1439062109894869096, "guild_name": "ShadowT3ch Project Development", "channel_id": 1454369407034855616, "channel_name": "\ud83d\udcac\u300bchat", "user_id": 1446220518289047667, "username": "1cantrustco", "message_id": 1463710552806395915, "extra": {"content_length": 6}}
---
[2026-01-22T01:45:55.003533] [INFO] [MESSAGES] [message_sent] Message sent in 💬》chat
METADATA: {"timestamp": "2026-01-22T01:45:55.003488", "bot_version": "2.6.4", "guild_id": 1439062109894869096, "guild_name": "ShadowT3ch Project Development", "channel_id": 1454369407034855616, "channel_name": "\ud83d\udcac\u300bchat", "user_id": 1408577603408887980, "username": "dylan001062", "message_id": 1463711243859656715, "extra": {"content_length": 3}}
---
[2026-01-22T03:18:06.188468] [INFO] [MESSAGES] [message_sent] Message sent in ticket-support-h6ji
METADATA: {"timestamp": "2026-01-22T03:18:06.188429", "bot_version": "2.6.4", "guild_id": 1439062109894869096, "guild_name": "ShadowT3ch Project Development", "channel_id": 1463372075208282255, "channel_name": "ticket-support-h6ji", "user_id": 1019698414839156817, "username": "2clickdeath", "message_id": 1463734443301797888, "extra": {"content_length": 30}}
---
[2026-01-22T03:18:20.770995] [INFO] [MESSAGES] [message_sent] Message sent in ticket-support-h6ji
METADATA: {"timestamp": "2026-01-22T03:18:20.770955", "bot_version": "2.6.4", "guild_id": 1439062109894869096, "guild_name": "ShadowT3ch Project Development", "channel_id": 1463372075208282255, "channel_name": "ticket-support-h6ji", "user_id": 1283957288314343486, "username": "donthurtpain", "message_id": 1463734504115146906, "extra": {"content_length": 13}}
---
[2026-01-22T03:18:30.316191] [INFO] [MESSAGES] [message_sent] Message sent in ticket-support-h6ji
METADATA: {"timestamp": "2026-01-22T03:18:30.316156", "bot_version": "2.6.4", "guild_id": 1439062109894869096, "guild_name": "ShadowT3ch Project Development", "channel_id": 1463372075208282255, "channel_name": "ticket-support-h6ji", "user_id": 1283957288314343486, "username": "donthurtpain", "message_id": 1463734544548106446, "extra": {"content_length": 22}}
---
[2026-01-22T03:18:34.386243] [INFO] [MESSAGES] [message_sent] Message sent in ticket-support-h6ji
METADATA: {"timestamp": "2026-01-22T03:18:34.386210", "bot_version": "2.6.4", "guild_id": 1439062109894869096, "guild_name": "ShadowT3ch Project Development", "channel_id": 1463372075208282255, "channel_name": "ticket-support-h6ji", "user_id": 1019698414839156817, "username": "2clickdeath", "message_id": 1463734561606336564, "extra": {"content_length": 2}}
---
[2026-01-22T03:18:41.959873] [INFO] [MESSAGES] [message_sent] Message sent in ticket-support-h6ji
METADATA: {"timestamp": "2026-01-22T03:18:41.959802", "bot_version": "2.6.4", "guild_id": 1439062109894869096, "guild_name": "ShadowT3ch Project Development", "channel_id": 1463372075208282255, "channel_name": "ticket-support-h6ji", "user_id": 1283957288314343486, "username": "donthurtpain", "message_id": 1463734593352892449, "extra": {"content_length": 15}}
---
[2026-01-22T03:18:58.801244] [INFO] [MESSAGES] [message_sent] Message sent in ticket-support-h6ji
METADATA: {"timestamp": "2026-01-22T03:18:58.801211", "bot_version": "2.6.4", "guild_id": 1439062109894869096, "guild_name": "ShadowT3ch Project Development", "channel_id": 1463372075208282255, "channel_name": "ticket-support-h6ji", "user_id": 1019698414839156817, "username": "2clickdeath", "message_id": 1463734664022720574, "extra": {"content_length": 37}}
---
[2026-01-22T03:19:02.184345] [INFO] [MESSAGES] [message_sent] Message sent in ticket-support-h6ji
METADATA: {"timestamp": "2026-01-22T03:19:02.184308", "bot_version": "2.6.4", "guild_id": 1439062109894869096, "guild_name": "ShadowT3ch Project Development", "channel_id": 1463372075208282255, "channel_name": "ticket-support-h6ji", "user_id": 1283957288314343486, "username": "donthurtpain", "message_id": 1463734678174564413, "extra": {"content_length": 2}}
---
[2026-01-22T03:29:59.452292] [INFO] [MESSAGES] [message_sent] Message sent in 🏠》script
METADATA: {"timestamp": "2026-01-22T03:29:59.452246", "bot_version": "2.6.4", "guild_id": 1439062109894869096, "guild_name": "ShadowT3ch Project Development", "channel_id": 1454369397182431369, "channel_name": "\ud83c\udfe0\u300bscript", "user_id": 1283957288314343486, "username": "donthurtpain", "message_id": 1463737434981531689, "extra": {"content_length": 9}}
---
