[2025-11-10T13:33:51.681275] [INFO] [MESSAGES] [MessageEdited] User XenBot#7688 edited message in ⛔》server-logs: Before: '...' After: '...' | ID: 1437525681964580914
METADATA: {"timestamp": "2025-11-10T13:33:51.678011", "bot_version": "2.4.0", "guild_id": 1436118893130158090, "channel_id": 1436129350243188969, "user_id": 1436125663378673875, "message_id": 1437525681964580914, "extra": {}}
---
[2025-11-10T13:33:54.227806] [INFO] [MESSAGES] [MessageDeleted] Message deleted in ⛔》server-logs by XenBot#7688: '...' | ID: 1437525681964580914
METADATA: {"timestamp": "2025-11-10T13:33:54.227599", "bot_version": "2.4.0", "guild_id": 1436118893130158090, "channel_id": 1436129350243188969, "user_id": 1436125663378673875, "message_id": 1437525681964580914, "extra": {}}
---
[2025-11-10T13:44:36.677213] [INFO] [MESSAGES] [MessageEdited] User XenBot#7688 edited message in 📭》tickets: Before: '...' After: '...' | ID: 1437528389673287692
METADATA: {"timestamp": "2025-11-10T13:44:36.677167", "bot_version": "2.4.0", "guild_id": 1436118893130158090, "channel_id": 1436118894661206154, "user_id": 1436125663378673875, "message_id": 1437528389673287692, "extra": {}}
---
[2025-11-10T16:31:02.422184] [INFO] [MESSAGES] [MessageEdited] User XenBot#7688 edited message in 📌》notices: Before: '...' After: '...' | ID: 1437570273611354285
METADATA: {"timestamp": "2025-11-10T16:31:02.418266", "bot_version": "2.4.0", "guild_id": 1436118893130158090, "channel_id": 1436118894203899998, "user_id": 1436125663378673875, "message_id": 1437570273611354285, "extra": {}}
---
[2025-11-10T16:32:50.906502] [INFO] [MESSAGES] [MessageEdited] User XenBot#7688 edited message in 📌》notices: Before: '...' After: '...' | ID: 1437570696795390124
METADATA: {"timestamp": "2025-11-10T16:32:50.906427", "bot_version": "2.4.0", "guild_id": 1436118893130158090, "channel_id": 1436118894203899998, "user_id": 1436125663378673875, "message_id": 1437570696795390124, "extra": {}}
---
[2025-11-10T16:32:51.803293] [INFO] [MESSAGES] [MessageEdited] User XenBot#7688 edited message in 📌》notices: Before: '...' After: '...' | ID: 1437570273611354285
METADATA: {"timestamp": "2025-11-10T16:32:51.803246", "bot_version": "2.4.0", "guild_id": 1436118893130158090, "channel_id": 1436118894203899998, "user_id": 1436125663378673875, "message_id": 1437570273611354285, "extra": {}}
---
[2025-11-10T16:32:54.312871] [INFO] [MESSAGES] [MessageDeleted] Message deleted in 📌》notices by XenBot#7688: '...' | ID: 1437570696795390124
METADATA: {"timestamp": "2025-11-10T16:32:54.312829", "bot_version": "2.4.0", "guild_id": 1436118893130158090, "channel_id": 1436118894203899998, "user_id": 1436125663378673875, "message_id": 1437570696795390124, "extra": {}}
---
[2025-11-10T16:32:57.794872] [INFO] [MESSAGES] [MessageDeleted] Message deleted in 📌》notices by XenBot#7688: '...' | ID: 1437570273611354285
METADATA: {"timestamp": "2025-11-10T16:32:57.794536", "bot_version": "2.4.0", "guild_id": 1436118893130158090, "channel_id": 1436118894203899998, "user_id": 1436125663378673875, "message_id": 1437570273611354285, "extra": {}}
---
[2025-11-10T16:36:22.244081] [INFO] [MESSAGES] [MessageDeleted] Message deleted in 📭》tickets by XenBot#7688: '...' | ID: 1437528389673287692
METADATA: {"timestamp": "2025-11-10T16:36:22.244043", "bot_version": "2.4.0", "guild_id": 1436118893130158090, "channel_id": 1436118894661206154, "user_id": 1436125663378673875, "message_id": 1437528389673287692, "extra": {}}
---
[2025-11-10T16:36:26.121806] [INFO] [MESSAGES] [MessageEdited] User XenBot#7688 edited message in 📭》tickets: Before: '...' After: '...' | ID: 1437571631336788098
METADATA: {"timestamp": "2025-11-10T16:36:26.121764", "bot_version": "2.4.0", "guild_id": 1436118893130158090, "channel_id": 1436118894661206154, "user_id": 1436125663378673875, "message_id": 1437571631336788098, "extra": {}}
---
[2025-11-10T16:36:34.820284] [INFO] [MESSAGES] [MessageEdited] User XenBot#7688 edited message in ticket-support-2588e305: Before: '<@1019698414839156817> <@&1436118893130158099>

We...' After: '<@1019698414839156817> <@&1436118893130158099>

We...' | ID: 1437571666497503373
METADATA: {"timestamp": "2025-11-10T16:36:34.820086", "bot_version": "2.4.0", "guild_id": 1436118893130158090, "channel_id": 1437571664408875224, "user_id": 1436125663378673875, "message_id": 1437571666497503373, "extra": {}}
---
[2025-11-10T16:36:36.360379] [INFO] [MESSAGES] [MessageEdited] User XenBot#7688 edited message in ticket-support-2588e305: Before: '<@1019698414839156817> <@&1436118893130158099>

We...' After: '<@1019698414839156817> <@&1436118893130158099>

We...' | ID: 1437571666497503373
METADATA: {"timestamp": "2025-11-10T16:36:36.360167", "bot_version": "2.4.0", "guild_id": 1436118893130158090, "channel_id": 1437571664408875224, "user_id": 1436125663378673875, "message_id": 1437571666497503373, "extra": {}}
---
[2025-11-10T16:36:39.630300] [INFO] [MESSAGES] [MessageEdited] User XenBot#7688 edited message in ⛔》server-logs: Before: '...' After: '...' | ID: 1437571667428769884
METADATA: {"timestamp": "2025-11-10T16:36:39.630268", "bot_version": "2.4.0", "guild_id": 1436118893130158090, "channel_id": 1436129350243188969, "user_id": 1436125663378673875, "message_id": 1437571667428769884, "extra": {}}
---
[2025-11-10T16:36:54.414279] [INFO] [MESSAGES] [MessageEdited] User XenBot#7688 edited message in ticket-support-2588e305: Before: '<@1019698414839156817> <@&1436118893130158099>

We...' After: '<@1019698414839156817> <@&1436118893130158099>

We...' | ID: 1437571666497503373
METADATA: {"timestamp": "2025-11-10T16:36:54.414245", "bot_version": "2.4.0", "guild_id": 1436118893130158090, "channel_id": 1437571664408875224, "user_id": 1436125663378673875, "message_id": 1437571666497503373, "extra": {}}
---
[2025-11-10T16:36:55.146704] [INFO] [MESSAGES] [MessageEdited] User XenBot#7688 edited message in ticket-support-2588e305: Before: '<@1019698414839156817> <@&1436118893130158099>

We...' After: '<@1019698414839156817> <@&1436118893130158099>

We...' | ID: 1437571666497503373
METADATA: {"timestamp": "2025-11-10T16:36:55.146666", "bot_version": "2.4.0", "guild_id": 1436118893130158090, "channel_id": 1437571664408875224, "user_id": 1436125663378673875, "message_id": 1437571666497503373, "extra": {}}
---
[2025-11-10T16:36:56.500151] [INFO] [MESSAGES] [MessageEdited] User XenBot#7688 edited message in ticket-support-2588e305: Before: '<@1019698414839156817> <@&1436118893130158099>

We...' After: '<@1019698414839156817> <@&1436118893130158099>

We...' | ID: 1437571666497503373
METADATA: {"timestamp": "2025-11-10T16:36:56.500121", "bot_version": "2.4.0", "guild_id": 1436118893130158090, "channel_id": 1437571664408875224, "user_id": 1436125663378673875, "message_id": 1437571666497503373, "extra": {}}
---
[2025-11-10T16:36:57.835360] [INFO] [MESSAGES] [MessageEdited] User XenBot#7688 edited message in ticket-support-2588e305: Before: '<@1019698414839156817> <@&1436118893130158099>

We...' After: '<@1019698414839156817> <@&1436118893130158099>

We...' | ID: 1437571666497503373
METADATA: {"timestamp": "2025-11-10T16:36:57.835147", "bot_version": "2.4.0", "guild_id": 1436118893130158090, "channel_id": 1437571664408875224, "user_id": 1436125663378673875, "message_id": 1437571666497503373, "extra": {}}
---
[2025-11-10T16:36:59.254452] [INFO] [MESSAGES] [MessageEdited] User XenBot#7688 edited message in ticket-support-2588e305: Before: '<@1019698414839156817> <@&1436118893130158099>

We...' After: '<@1019698414839156817> <@&1436118893130158099>

We...' | ID: 1437571666497503373
METADATA: {"timestamp": "2025-11-10T16:36:59.254314", "bot_version": "2.4.0", "guild_id": 1436118893130158090, "channel_id": 1437571664408875224, "user_id": 1436125663378673875, "message_id": 1437571666497503373, "extra": {}}
---
[2025-11-10T16:37:00.653614] [INFO] [MESSAGES] [MessageEdited] User XenBot#7688 edited message in ticket-support-2588e305: Before: '<@1019698414839156817> <@&1436118893130158099>

We...' After: '<@1019698414839156817> <@&1436118893130158099>

We...' | ID: 1437571666497503373
METADATA: {"timestamp": "2025-11-10T16:37:00.653575", "bot_version": "2.4.0", "guild_id": 1436118893130158090, "channel_id": 1437571664408875224, "user_id": 1436125663378673875, "message_id": 1437571666497503373, "extra": {}}
---
[2025-11-10T16:38:35.271999] [INFO] [MESSAGES] [MessageEdited] User XenBot#7688 edited message in ⛔》server-logs: Before: '...' After: '...' | ID: 1437571752338391092
METADATA: {"timestamp": "2025-11-10T16:38:35.263029", "bot_version": "2.4.0", "guild_id": 1436118893130158090, "channel_id": 1436129350243188969, "user_id": 1436125663378673875, "message_id": 1437571752338391092, "extra": {}}
---
[2025-11-10T16:38:36.253515] [INFO] [MESSAGES] [MessageEdited] User XenBot#7688 edited message in ⛔》server-logs: Before: '...' After: '...' | ID: 1437571766556819572
METADATA: {"timestamp": "2025-11-10T16:38:36.253474", "bot_version": "2.4.0", "guild_id": 1436118893130158090, "channel_id": 1436129350243188969, "user_id": 1436125663378673875, "message_id": 1437571766556819572, "extra": {}}
---
[2025-11-10T16:56:42.123196] [INFO] [MESSAGES] [MessageDeleted] Message deleted in 📭》tickets by XenBot#7688: '...' | ID: 1437571631336788098
METADATA: {"timestamp": "2025-11-10T16:56:42.123154", "bot_version": "2.4.0", "guild_id": 1436118893130158090, "channel_id": 1436118894661206154, "user_id": 1436125663378673875, "message_id": 1437571631336788098, "extra": {}}
---
[2025-11-10T16:56:56.706968] [INFO] [MESSAGES] [MessageEdited] User XenBot#7688 edited message in 📭》tickets: Before: '...' After: '...' | ID: 1437576792239247612
METADATA: {"timestamp": "2025-11-10T16:56:56.706829", "bot_version": "2.4.0", "guild_id": 1436118893130158090, "channel_id": 1436118894661206154, "user_id": 1436125663378673875, "message_id": 1437576792239247612, "extra": {}}
---
[2025-11-10T16:57:06.242719] [INFO] [MESSAGES] [MessageEdited] User XenBot#7688 edited message in ticket-support-1892bb83: Before: '<@1019698414839156817> <@&1436118893130158099>

We...' After: '<@1019698414839156817> <@&1436118893130158099>

We...' | ID: 1437576825902596177
METADATA: {"timestamp": "2025-11-10T16:57:06.242680", "bot_version": "2.4.0", "guild_id": 1436118893130158090, "channel_id": 1437576823641739428, "user_id": 1436125663378673875, "message_id": 1437576825902596177, "extra": {}}
---
[2025-11-10T16:57:10.813457] [INFO] [MESSAGES] [MessageEdited] User XenBot#7688 edited message in ticket-support-1892bb83: Before: '<@1019698414839156817> <@&1436118893130158099>

We...' After: '<@1019698414839156817> <@&1436118893130158099>

We...' | ID: 1437576825902596177
METADATA: {"timestamp": "2025-11-10T16:57:10.813410", "bot_version": "2.4.0", "guild_id": 1436118893130158090, "channel_id": 1437576823641739428, "user_id": 1436125663378673875, "message_id": 1437576825902596177, "extra": {}}
---
[2025-11-10T16:57:11.560282] [INFO] [MESSAGES] [MessageEdited] User XenBot#7688 edited message in ticket-support-1892bb83: Before: '<@1019698414839156817> <@&1436118893130158099>

We...' After: '<@1019698414839156817> <@&1436118893130158099>

We...' | ID: 1437576825902596177
METADATA: {"timestamp": "2025-11-10T16:57:11.560255", "bot_version": "2.4.0", "guild_id": 1436118893130158090, "channel_id": 1437576823641739428, "user_id": 1436125663378673875, "message_id": 1437576825902596177, "extra": {}}
---
[2025-11-10T16:57:13.086908] [INFO] [MESSAGES] [MessageEdited] User XenBot#7688 edited message in ticket-support-1892bb83: Before: '<@1019698414839156817> <@&1436118893130158099>

We...' After: '<@1019698414839156817> <@&1436118893130158099>

We...' | ID: 1437576825902596177
METADATA: {"timestamp": "2025-11-10T16:57:13.086508", "bot_version": "2.4.0", "guild_id": 1436118893130158090, "channel_id": 1437576823641739428, "user_id": 1436125663378673875, "message_id": 1437576825902596177, "extra": {}}
---
[2025-11-10T16:57:15.764527] [INFO] [MESSAGES] [MessageEdited] User XenBot#7688 edited message in ticket-support-1892bb83: Before: '<@1019698414839156817> <@&1436118893130158099>

We...' After: '<@1019698414839156817> <@&1436118893130158099>

We...' | ID: 1437576825902596177
METADATA: {"timestamp": "2025-11-10T16:57:15.764019", "bot_version": "2.4.0", "guild_id": 1436118893130158090, "channel_id": 1437576823641739428, "user_id": 1436125663378673875, "message_id": 1437576825902596177, "extra": {}}
---
[2025-11-10T16:57:16.520902] [INFO] [MESSAGES] [MessageEdited] User XenBot#7688 edited message in ticket-support-1892bb83: Before: '<@1019698414839156817> <@&1436118893130158099>

We...' After: '<@1019698414839156817> <@&1436118893130158099>

We...' | ID: 1437576825902596177
METADATA: {"timestamp": "2025-11-10T16:57:16.520877", "bot_version": "2.4.0", "guild_id": 1436118893130158090, "channel_id": 1437576823641739428, "user_id": 1436125663378673875, "message_id": 1437576825902596177, "extra": {}}
---
[2025-11-10T16:57:17.918454] [INFO] [MESSAGES] [MessageEdited] User XenBot#7688 edited message in ticket-support-1892bb83: Before: '<@1019698414839156817> <@&1436118893130158099>

We...' After: '<@1019698414839156817> <@&1436118893130158099>

We...' | ID: 1437576825902596177
METADATA: {"timestamp": "2025-11-10T16:57:17.918419", "bot_version": "2.4.0", "guild_id": 1436118893130158090, "channel_id": 1437576823641739428, "user_id": 1436125663378673875, "message_id": 1437576825902596177, "extra": {}}
---
[2025-11-10T16:57:27.883613] [INFO] [MESSAGES] [MessageEdited] User XenBot#7688 edited message in ticket-support-1892bb83: Before: '<@1019698414839156817> <@&1436118893130158099>

We...' After: '<@1019698414839156817> <@&1436118893130158099>

We...' | ID: 1437576825902596177
METADATA: {"timestamp": "2025-11-10T16:57:27.883453", "bot_version": "2.4.0", "guild_id": 1436118893130158090, "channel_id": 1437576823641739428, "user_id": 1436125663378673875, "message_id": 1437576825902596177, "extra": {}}
---
[2025-11-10T16:57:28.599226] [INFO] [MESSAGES] [MessageEdited] User XenBot#7688 edited message in ticket-support-1892bb83: Before: '<@1019698414839156817> <@&1436118893130158099>

We...' After: '<@1019698414839156817> <@&1436118893130158099>

We...' | ID: 1437576825902596177
METADATA: {"timestamp": "2025-11-10T16:57:28.599198", "bot_version": "2.4.0", "guild_id": 1436118893130158090, "channel_id": 1437576823641739428, "user_id": 1436125663378673875, "message_id": 1437576825902596177, "extra": {}}
---
[2025-11-10T16:57:30.042949] [INFO] [MESSAGES] [MessageEdited] User XenBot#7688 edited message in ticket-support-1892bb83: Before: '<@1019698414839156817> <@&1436118893130158099>

We...' After: '<@1019698414839156817> <@&1436118893130158099>

We...' | ID: 1437576825902596177
METADATA: {"timestamp": "2025-11-10T16:57:30.042917", "bot_version": "2.4.0", "guild_id": 1436118893130158090, "channel_id": 1437576823641739428, "user_id": 1436125663378673875, "message_id": 1437576825902596177, "extra": {}}
---
[2025-11-10T16:57:31.395821] [INFO] [MESSAGES] [MessageEdited] User XenBot#7688 edited message in ticket-support-1892bb83: Before: '<@1019698414839156817> <@&1436118893130158099>

We...' After: '<@1019698414839156817> <@&1436118893130158099>

We...' | ID: 1437576825902596177
METADATA: {"timestamp": "2025-11-10T16:57:31.395777", "bot_version": "2.4.0", "guild_id": 1436118893130158090, "channel_id": 1437576823641739428, "user_id": 1436125663378673875, "message_id": 1437576825902596177, "extra": {}}
---
[2025-11-10T16:57:38.126581] [INFO] [MESSAGES] [MessageEdited] User XenBot#7688 edited message in ticket-support-1892bb83: Before: '...' After: '...' | ID: 1437576966978146355
METADATA: {"timestamp": "2025-11-10T16:57:38.125689", "bot_version": "2.4.0", "guild_id": 1436118893130158090, "channel_id": 1437576823641739428, "user_id": 1436125663378673875, "message_id": 1437576966978146355, "extra": {}}
---
[2025-11-10T16:58:10.353201] [INFO] [MESSAGES] [MessageEdited] User XenBot#7688 edited message in ⛔》server-logs: Before: '...' After: '...' | ID: 1437576827219607632
METADATA: {"timestamp": "2025-11-10T16:58:10.353095", "bot_version": "2.4.0", "guild_id": 1436118893130158090, "channel_id": 1436129350243188969, "user_id": 1436125663378673875, "message_id": 1437576827219607632, "extra": {}}
---
[2025-11-10T16:58:12.347378] [INFO] [MESSAGES] [MessageEdited] User XenBot#7688 edited message in ⛔》server-logs: Before: '...' After: '...' | ID: 1437576854323335188
METADATA: {"timestamp": "2025-11-10T16:58:12.347333", "bot_version": "2.4.0", "guild_id": 1436118893130158090, "channel_id": 1436129350243188969, "user_id": 1436125663378673875, "message_id": 1437576854323335188, "extra": {}}
---
[2025-11-10T16:58:13.731810] [INFO] [MESSAGES] [MessageEdited] User XenBot#7688 edited message in ⛔》server-logs: Before: '...' After: '...' | ID: 1437576967913476289
METADATA: {"timestamp": "2025-11-10T16:58:13.731771", "bot_version": "2.4.0", "guild_id": 1436118893130158090, "channel_id": 1436129350243188969, "user_id": 1436125663378673875, "message_id": 1437576967913476289, "extra": {}}
---
[2025-11-10T16:58:15.086170] [INFO] [MESSAGES] [MessageEdited] User XenBot#7688 edited message in ⛔》server-logs: Before: '...' After: '...' | ID: 1437576874640539802
METADATA: {"timestamp": "2025-11-10T16:58:15.086130", "bot_version": "2.4.0", "guild_id": 1436118893130158090, "channel_id": 1436129350243188969, "user_id": 1436125663378673875, "message_id": 1437576874640539802, "extra": {}}
---
[2025-11-10T16:58:16.425587] [INFO] [MESSAGES] [MessageEdited] User XenBot#7688 edited message in ⛔》server-logs: Before: '...' After: '...' | ID: 1437576925672509474
METADATA: {"timestamp": "2025-11-10T16:58:16.425547", "bot_version": "2.4.0", "guild_id": 1436118893130158090, "channel_id": 1436129350243188969, "user_id": 1436125663378673875, "message_id": 1437576925672509474, "extra": {}}
---
[2025-11-10T16:58:40.480328] [INFO] [MESSAGES] [MessageEdited] User XenBot#7688 edited message in 📌》notices: Before: '...' After: '...' | ID: 1437577211426111529
METADATA: {"timestamp": "2025-11-10T16:58:40.480273", "bot_version": "2.4.0", "guild_id": 1436118893130158090, "channel_id": 1436118894203899998, "user_id": 1436125663378673875, "message_id": 1437577211426111529, "extra": {}}
---
[2025-11-10T16:58:45.386113] [INFO] [MESSAGES] [MessageDeleted] Message deleted in 📌》notices by XenBot#7688: '...' | ID: 1437577211426111529
METADATA: {"timestamp": "2025-11-10T16:58:45.385850", "bot_version": "2.4.0", "guild_id": 1436118893130158090, "channel_id": 1436118894203899998, "user_id": 1436125663378673875, "message_id": 1437577211426111529, "extra": {}}
---
[2025-11-10T17:03:46.166092] [INFO] [MESSAGES] [MessageEdited] User XenBot#7688 edited message in 📌》notices: Before: '...' After: '...' | ID: 1437578471185584318
METADATA: {"timestamp": "2025-11-10T17:03:46.166057", "bot_version": "2.4.0", "guild_id": 1436118893130158090, "channel_id": 1436118894203899998, "user_id": 1436125663378673875, "message_id": 1437578471185584318, "extra": {}}
---
[2025-11-10T17:03:50.245519] [INFO] [MESSAGES] [MessageDeleted] Message deleted in 📌》notices by XenBot#7688: '...' | ID: 1437578471185584318
METADATA: {"timestamp": "2025-11-10T17:03:50.245487", "bot_version": "2.4.0", "guild_id": 1436118893130158090, "channel_id": 1436118894203899998, "user_id": 1436125663378673875, "message_id": 1437578471185584318, "extra": {}}
---
