[2026-02-04T01:43:07.716374] [INFO] [MESSAGES] [message_sent] Message sent in ⛔》server-logs
METADATA: {"timestamp": "2026-02-04T01:43:07.716332", "bot_version": "2.6.4", "guild_id": 1419349908850475031, "guild_name": "ShadowT3ch Development Group", "channel_id": 1456477520818868337, "channel_name": "\u26d4\u300bserver-logs", "user_id": 911226815702523974, "username": "bobtheleaker", "message_id": 1468421584476963082, "extra": {"content_length": 0}}
---
[2026-02-04T01:43:17.184482] [INFO] [MESSAGES] [message_sent] Message sent in 💬》general
METADATA: {"timestamp": "2026-02-04T01:43:17.184399", "bot_version": "2.6.4", "guild_id": 1419349908850475031, "guild_name": "ShadowT3ch Development Group", "channel_id": 1456473336375677011, "channel_name": "\ud83d\udcac\u300bgeneral", "user_id": 911226815702523974, "username": "bobtheleaker", "message_id": 1468421623769075762, "extra": {"content_length": 39}}
---
[2026-02-04T01:43:23.156294] [INFO] [MESSAGES] [message_sent] Message sent in 💬》general
METADATA: {"timestamp": "2026-02-04T01:43:23.156236", "bot_version": "2.6.4", "guild_id": 1419349908850475031, "guild_name": "ShadowT3ch Development Group", "channel_id": 1456473336375677011, "channel_name": "\ud83d\udcac\u300bgeneral", "user_id": 911226815702523974, "username": "bobtheleaker", "message_id": 1468421649081569444, "extra": {"content_length": 33}}
---
[2026-02-04T02:34:16.578017] [INFO] [MESSAGES] [message_sent] Message sent in 💬》general
METADATA: {"timestamp": "2026-02-04T02:34:16.577960", "bot_version": "2.6.4", "guild_id": 1419349908850475031, "guild_name": "ShadowT3ch Development Group", "channel_id": 1456473336375677011, "channel_name": "\ud83d\udcac\u300bgeneral", "user_id": 1019698414839156817, "username": "2clickdeath", "message_id": 1468434456183570483, "extra": {"content_length": 34}}
---
[2026-02-04T02:34:35.200283] [INFO] [MESSAGES] [message_sent] Message sent in 💬》general
METADATA: {"timestamp": "2026-02-04T02:34:35.200234", "bot_version": "2.6.4", "guild_id": 1419349908850475031, "guild_name": "ShadowT3ch Development Group", "channel_id": 1456473336375677011, "channel_name": "\ud83d\udcac\u300bgeneral", "user_id": 1019698414839156817, "username": "2clickdeath", "message_id": 1468434533878857850, "extra": {"content_length": 29}}
---
[2026-02-04T02:35:26.685105] [INFO] [MESSAGES] [message_sent] Message sent in ⛔》server-logs
METADATA: {"timestamp": "2026-02-04T02:35:26.685059", "bot_version": "2.6.4", "guild_id": 1419349908850475031, "guild_name": "ShadowT3ch Development Group", "channel_id": 1456477520818868337, "channel_name": "\u26d4\u300bserver-logs", "user_id": 911226815702523974, "username": "bobtheleaker", "message_id": 1468434750191435796, "extra": {"content_length": 0}}
---
[2026-02-04T02:35:32.691103] [INFO] [MESSAGES] [message_sent] Message sent in 💬》general
METADATA: {"timestamp": "2026-02-04T02:35:32.691057", "bot_version": "2.6.4", "guild_id": 1419349908850475031, "guild_name": "ShadowT3ch Development Group", "channel_id": 1456473336375677011, "channel_name": "\ud83d\udcac\u300bgeneral", "user_id": 911226815702523974, "username": "bobtheleaker", "message_id": 1468434775319646268, "extra": {"content_length": 20}}
---
[2026-02-04T02:35:37.524810] [INFO] [MESSAGES] [message_sent] Message sent in 💬》general
METADATA: {"timestamp": "2026-02-04T02:35:37.524770", "bot_version": "2.6.4", "guild_id": 1419349908850475031, "guild_name": "ShadowT3ch Development Group", "channel_id": 1456473336375677011, "channel_name": "\ud83d\udcac\u300bgeneral", "user_id": 911226815702523974, "username": "bobtheleaker", "message_id": 1468434795573940246, "extra": {"content_length": 17}}
---
[2026-02-04T02:36:07.287753] [INFO] [MESSAGES] [message_sent] Message sent in 💬》general
METADATA: {"timestamp": "2026-02-04T02:36:07.287708", "bot_version": "2.6.4", "guild_id": 1419349908850475031, "guild_name": "ShadowT3ch Development Group", "channel_id": 1456473336375677011, "channel_name": "\ud83d\udcac\u300bgeneral", "user_id": 1019698414839156817, "username": "2clickdeath", "message_id": 1468434920438235157, "extra": {"content_length": 11}}
---
