[2026-01-30T01:23:00.129082] [INFO] [MESSAGES] [message_sent] Message sent in 📌》notices
METADATA: {"timestamp": "2026-01-30T01:23:00.129036", "bot_version": "2.6.4", "guild_id": 1439062109894869096, "guild_name": "ShadowT3ch Project Development", "channel_id": 1454369380161814762, "channel_name": "\ud83d\udccc\u300bnotices", "user_id": 1216416508075311156, "username": "zurxvv", "message_id": 1466604580082286673, "extra": {"content_length": 16}}
---
[2026-01-30T03:25:58.954637] [INFO] [MESSAGES] [message_sent] Message sent in 👑》moderator-only
METADATA: {"timestamp": "2026-01-30T03:25:58.954580", "bot_version": "2.6.4", "guild_id": 1439062109894869096, "guild_name": "ShadowT3ch Project Development", "channel_id": 1456376122035142709, "channel_name": "\ud83d\udc51\u300bmoderator-only", "user_id": 1019698414839156817, "username": "2clickdeath", "message_id": 1466635528882487562, "extra": {"content_length": 2}}
---
[2026-01-30T03:25:58.960523] [INFO] [MESSAGES] [message_sent] Message sent in 👑》moderator-only
METADATA: {"timestamp": "2026-01-30T03:25:58.960474", "bot_version": "2.6.4", "guild_id": 1439062109894869096, "guild_name": "ShadowT3ch Project Development", "channel_id": 1456376122035142709, "channel_name": "\ud83d\udc51\u300bmoderator-only", "user_id": 1019698414839156817, "username": "2clickdeath", "message_id": 1466635528882487562, "extra": {"content_length": 2}}
---
[2026-01-30T03:27:53.505066] [INFO] [MESSAGES] [message_sent] Message sent in 👑》moderator-only
METADATA: {"timestamp": "2026-01-30T03:27:53.505019", "bot_version": "2.6.4", "guild_id": 1439062109894869096, "guild_name": "ShadowT3ch Project Development", "channel_id": 1456376122035142709, "channel_name": "\ud83d\udc51\u300bmoderator-only", "user_id": 1019698414839156817, "username": "2clickdeath", "message_id": 1466636009633615925, "extra": {"content_length": 4}}
---
[2026-01-30T03:33:51.502901] [INFO] [MESSAGES] [message_sent] Message sent in 👑》moderator-only
METADATA: {"timestamp": "2026-01-30T03:33:51.502856", "bot_version": "2.6.4", "guild_id": 1439062109894869096, "guild_name": "ShadowT3ch Project Development", "channel_id": 1456376122035142709, "channel_name": "\ud83d\udc51\u300bmoderator-only", "user_id": 1019698414839156817, "username": "2clickdeath", "message_id": 1466637510762299506, "extra": {"content_length": 4}}
---
[2026-01-30T03:33:51.499088] [INFO] [MESSAGES] [message_sent] Message sent in 👑》moderator-only
METADATA: {"timestamp": "2026-01-30T03:33:51.499034", "bot_version": "2.6.4", "guild_id": 1439062109894869096, "guild_name": "ShadowT3ch Project Development", "channel_id": 1456376122035142709, "channel_name": "\ud83d\udc51\u300bmoderator-only", "user_id": 1019698414839156817, "username": "2clickdeath", "message_id": 1466637510762299506, "extra": {"content_length": 4}}
---
[2026-01-30T03:34:05.401614] [INFO] [MESSAGES] [message_sent] Message sent in 👑》moderator-only
METADATA: {"timestamp": "2026-01-30T03:34:05.401529", "bot_version": "2.6.4", "guild_id": 1439062109894869096, "guild_name": "ShadowT3ch Project Development", "channel_id": 1456376122035142709, "channel_name": "\ud83d\udc51\u300bmoderator-only", "user_id": 1019698414839156817, "username": "2clickdeath", "message_id": 1466637569335890199, "extra": {"content_length": 4}}
---
[2026-01-30T03:34:05.398946] [INFO] [MESSAGES] [message_sent] Message sent in 👑》moderator-only
METADATA: {"timestamp": "2026-01-30T03:34:05.398885", "bot_version": "2.6.4", "guild_id": 1439062109894869096, "guild_name": "ShadowT3ch Project Development", "channel_id": 1456376122035142709, "channel_name": "\ud83d\udc51\u300bmoderator-only", "user_id": 1019698414839156817, "username": "2clickdeath", "message_id": 1466637569335890199, "extra": {"content_length": 4}}
---
