[2026-01-27T01:27:41.053313] [INFO] [MESSAGES] [message_sent] Message sent in 💬》chat
METADATA: {"timestamp": "2026-01-27T01:27:41.053257", "bot_version": "2.6.4", "guild_id": 1439062109894869096, "guild_name": "ShadowT3ch Project Development", "channel_id": 1454369407034855616, "channel_name": "\ud83d\udcac\u300bchat", "user_id": 1131578044847497246, "username": "jahskeeze", "message_id": 1465518594816475178, "extra": {"content_length": 2}}
---
[2026-01-27T07:18:34.373910] [INFO] [MESSAGES] [message_sent] Message sent in 💬》chat
METADATA: {"timestamp": "2026-01-27T07:18:34.373859", "bot_version": "2.6.4", "guild_id": 1439062109894869096, "guild_name": "ShadowT3ch Project Development", "channel_id": 1454369407034855616, "channel_name": "\ud83d\udcac\u300bchat", "user_id": 1131578044847497246, "username": "jahskeeze", "message_id": 1465606898710478879, "extra": {"content_length": 7}}
---
[2026-01-27T07:20:06.463318] [INFO] [MESSAGES] [message_sent] Message sent in 📌》notices
METADATA: {"timestamp": "2026-01-27T07:20:06.463276", "bot_version": "2.6.4", "guild_id": 1439062109894869096, "guild_name": "ShadowT3ch Project Development", "channel_id": 1454369380161814762, "channel_name": "\ud83d\udccc\u300bnotices", "user_id": 1131578044847497246, "username": "jahskeeze", "message_id": 1465607284951486588, "extra": {"content_length": 69}}
---
[2026-01-27T07:20:26.170881] [INFO] [MESSAGES] [message_sent] Message sent in 📌》notices
METADATA: {"timestamp": "2026-01-27T07:20:26.170827", "bot_version": "2.6.4", "guild_id": 1439062109894869096, "guild_name": "ShadowT3ch Project Development", "channel_id": 1454369380161814762, "channel_name": "\ud83d\udccc\u300bnotices", "user_id": 1019698414839156817, "username": "2clickdeath", "message_id": 1465607367692390515, "extra": {"content_length": 3}}
---
[2026-01-27T07:20:31.486527] [INFO] [MESSAGES] [message_sent] Message sent in 📌》notices
METADATA: {"timestamp": "2026-01-27T07:20:31.486481", "bot_version": "2.6.4", "guild_id": 1439062109894869096, "guild_name": "ShadowT3ch Project Development", "channel_id": 1454369380161814762, "channel_name": "\ud83d\udccc\u300bnotices", "user_id": 1019698414839156817, "username": "2clickdeath", "message_id": 1465607389985378406, "extra": {"content_length": 23}}
---
[2026-01-27T07:20:36.741783] [INFO] [MESSAGES] [message_sent] Message sent in 📌》notices
METADATA: {"timestamp": "2026-01-27T07:20:36.741724", "bot_version": "2.6.4", "guild_id": 1439062109894869096, "guild_name": "ShadowT3ch Project Development", "channel_id": 1454369380161814762, "channel_name": "\ud83d\udccc\u300bnotices", "user_id": 1131578044847497246, "username": "jahskeeze", "message_id": 1465607412097613844, "extra": {"content_length": 4}}
---
[2026-01-27T14:05:05.334266] [INFO] [MESSAGES] [message_sent] Message sent in 📌》notices
METADATA: {"timestamp": "2026-01-27T14:05:05.334214", "bot_version": "2.6.4", "guild_id": 1439062109894869096, "guild_name": "ShadowT3ch Project Development", "channel_id": 1454369380161814762, "channel_name": "\ud83d\udccc\u300bnotices", "user_id": 1141232275447631932, "username": "_darknullbyte", "message_id": 1465709200700215380, "extra": {"content_length": 2}}
---
[2026-01-27T14:05:07.805596] [INFO] [MESSAGES] [message_sent] Message sent in 📌》notices
METADATA: {"timestamp": "2026-01-27T14:05:07.805554", "bot_version": "2.6.4", "guild_id": 1439062109894869096, "guild_name": "ShadowT3ch Project Development", "channel_id": 1454369380161814762, "channel_name": "\ud83d\udccc\u300bnotices", "user_id": 1141232275447631932, "username": "_darknullbyte", "message_id": 1465709212297592953, "extra": {"content_length": 10}}
---
[2026-01-27T14:24:52.765167] [INFO] [MESSAGES] [message_sent] Message sent in 💬》chat
METADATA: {"timestamp": "2026-01-27T14:24:52.765119", "bot_version": "2.6.4", "guild_id": 1439062109894869096, "guild_name": "ShadowT3ch Project Development", "channel_id": 1454369407034855616, "channel_name": "\ud83d\udcac\u300bchat", "user_id": 1460071512450269296, "username": "snowofficial313", "message_id": 1465714182400905472, "extra": {"content_length": 0}}
---
[2026-01-27T14:25:37.068371] [INFO] [MESSAGES] [message_sent] Message sent in 💬》chat
METADATA: {"timestamp": "2026-01-27T14:25:37.068318", "bot_version": "2.6.4", "guild_id": 1439062109894869096, "guild_name": "ShadowT3ch Project Development", "channel_id": 1454369407034855616, "channel_name": "\ud83d\udcac\u300bchat", "user_id": 1460071512450269296, "username": "snowofficial313", "message_id": 1465714368111968296, "extra": {"content_length": 154}}
---
[2026-01-27T17:28:20.172921] [INFO] [MESSAGES] [message_sent] Message sent in 📌》notices
METADATA: {"timestamp": "2026-01-27T17:28:20.172870", "bot_version": "2.6.4", "guild_id": 1439062109894869096, "guild_name": "ShadowT3ch Project Development", "channel_id": 1454369380161814762, "channel_name": "\ud83d\udccc\u300bnotices", "user_id": 1131578044847497246, "username": "jahskeeze", "message_id": 1465760350598070444, "extra": {"content_length": 30}}
---
