[2026-01-03T01:01:32.532825] [INFO] [MESSAGES] [MessageEdited] User ShadowT3ch Security Pro#3888 edited message in ⛔》server-logs: Before: '...' After: '...' | ID: 1456890176528978081
METADATA: {"timestamp": "2026-01-03T01:01:32.532825", "bot_version": "2.4.0", "guild_id": 1419349908850475031, "channel_id": 1456477520818868337, "user_id": 1456559078603227403, "message_id": 1456890176528978081, "extra": {}}
---
[2026-01-03T01:01:34.053426] [INFO] [MESSAGES] [MessageEdited] User ShadowT3ch Security Pro#3888 edited message in ⛔》server-logs: Before: '...' After: '...' | ID: 1456890176327389266
METADATA: {"timestamp": "2026-01-03T01:01:34.053426", "bot_version": "2.4.0", "guild_id": 1419349908850475031, "channel_id": 1456477520818868337, "user_id": 1456559078603227403, "message_id": 1456890176327389266, "extra": {}}
---
[2026-01-03T01:01:40.972651] [INFO] [MESSAGES] [MessageEdited] User ShadowT3ch Security Pro#3888 edited message in ⛔》server-logs: Before: '...' After: '...' | ID: 1456890240596705311
METADATA: {"timestamp": "2026-01-03T01:01:40.972651", "bot_version": "2.4.0", "guild_id": 1419349908850475031, "channel_id": 1456477520818868337, "user_id": 1456559078603227403, "message_id": 1456890240596705311, "extra": {}}
---
[2026-01-03T01:01:42.500239] [INFO] [MESSAGES] [MessageEdited] User ShadowT3ch Security Pro#3888 edited message in ⛔》server-logs: Before: '...' After: '...' | ID: 1456890242224361616
METADATA: {"timestamp": "2026-01-03T01:01:42.499102", "bot_version": "2.4.0", "guild_id": 1419349908850475031, "channel_id": 1456477520818868337, "user_id": 1456559078603227403, "message_id": 1456890242224361616, "extra": {}}
---
[2026-01-03T01:02:55.682968] [INFO] [MESSAGES] [MessageEdited] User ShadowT3ch Security Pro#3888 edited message in ⛔》server-logs: Before: '...' After: '...' | ID: 1456890445765283876
METADATA: {"timestamp": "2026-01-03T01:02:55.682968", "bot_version": "2.4.0", "guild_id": 1419349908850475031, "channel_id": 1456477520818868337, "user_id": 1456559078603227403, "message_id": 1456890445765283876, "extra": {}}
---
[2026-01-03T01:03:00.325769] [INFO] [MESSAGES] [MessageEdited] User ShadowT3ch Security Pro#3888 edited message in ⛔》server-logs: Before: '...' After: '...' | ID: 1456890571917492347
METADATA: {"timestamp": "2026-01-03T01:03:00.325769", "bot_version": "2.4.0", "guild_id": 1419349908850475031, "channel_id": 1456477520818868337, "user_id": 1456559078603227403, "message_id": 1456890571917492347, "extra": {}}
---
[2026-01-03T01:03:29.848818] [INFO] [MESSAGES] [MessageEdited] User ShadowT3ch Security Pro#3888 edited message in ⛔》server-logs: Before: '...' After: '...' | ID: 1456890697515794546
METADATA: {"timestamp": "2026-01-03T01:03:29.848818", "bot_version": "2.4.0", "guild_id": 1419349908850475031, "channel_id": 1456477520818868337, "user_id": 1456559078603227403, "message_id": 1456890697515794546, "extra": {}}
---
[2026-01-03T01:04:00.053790] [INFO] [MESSAGES] [MessageEdited] User ShadowT3ch Security Pro#3888 edited message in ⛔》server-logs: Before: '...' After: '...' | ID: 1456890824947269759
METADATA: {"timestamp": "2026-01-03T01:04:00.053790", "bot_version": "2.4.0", "guild_id": 1419349908850475031, "channel_id": 1456477520818868337, "user_id": 1456559078603227403, "message_id": 1456890824947269759, "extra": {}}
---
[2026-01-03T01:04:29.655070] [INFO] [MESSAGES] [MessageEdited] User ShadowT3ch Security Pro#3888 edited message in ⛔》server-logs: Before: '...' After: '...' | ID: 1456890949333553318
METADATA: {"timestamp": "2026-01-03T01:04:29.655070", "bot_version": "2.4.0", "guild_id": 1419349908850475031, "channel_id": 1456477520818868337, "user_id": 1456559078603227403, "message_id": 1456890949333553318, "extra": {}}
---
[2026-01-03T01:04:59.785382] [INFO] [MESSAGES] [MessageEdited] User ShadowT3ch Security Pro#3888 edited message in ⛔》server-logs: Before: '...' After: '...' | ID: 1456891074953089066
METADATA: {"timestamp": "2026-01-03T01:04:59.785382", "bot_version": "2.4.0", "guild_id": 1419349908850475031, "channel_id": 1456477520818868337, "user_id": 1456559078603227403, "message_id": 1456891074953089066, "extra": {}}
---
[2026-01-03T01:05:31.452986] [INFO] [MESSAGES] [MessageEdited] User ShadowT3ch Security Pro#3888 edited message in ⛔》server-logs: Before: '...' After: '...' | ID: 1456891201763541082
METADATA: {"timestamp": "2026-01-03T01:05:31.451979", "bot_version": "2.4.0", "guild_id": 1419349908850475031, "channel_id": 1456477520818868337, "user_id": 1456559078603227403, "message_id": 1456891201763541082, "extra": {}}
---
[2026-01-03T01:06:00.784111] [INFO] [MESSAGES] [MessageEdited] User ShadowT3ch Security Pro#3888 edited message in ⛔》server-logs: Before: '...' After: '...' | ID: 1456891328066748450
METADATA: {"timestamp": "2026-01-03T01:06:00.784111", "bot_version": "2.4.0", "guild_id": 1419349908850475031, "channel_id": 1456477520818868337, "user_id": 1456559078603227403, "message_id": 1456891328066748450, "extra": {}}
---
[2026-01-03T01:06:29.752571] [INFO] [MESSAGES] [MessageEdited] User ShadowT3ch Security Pro#3888 edited message in ⛔》server-logs: Before: '...' After: '...' | ID: 1456891453338025994
METADATA: {"timestamp": "2026-01-03T01:06:29.752571", "bot_version": "2.4.0", "guild_id": 1419349908850475031, "channel_id": 1456477520818868337, "user_id": 1456559078603227403, "message_id": 1456891453338025994, "extra": {}}
---
[2026-01-03T01:07:03.342511] [INFO] [MESSAGES] [MessageEdited] User ShadowT3ch Security Pro#3888 edited message in ⛔》server-logs: Before: '...' After: '...' | ID: 1456891578273497132
METADATA: {"timestamp": "2026-01-03T01:07:03.342511", "bot_version": "2.4.0", "guild_id": 1419349908850475031, "channel_id": 1456477520818868337, "user_id": 1456559078603227403, "message_id": 1456891578273497132, "extra": {}}
---
[2026-01-03T01:07:30.914289] [INFO] [MESSAGES] [MessageEdited] User ShadowT3ch Security Pro#3888 edited message in ⛔》server-logs: Before: '...' After: '...' | ID: 1456891706128601138
METADATA: {"timestamp": "2026-01-03T01:07:30.914289", "bot_version": "2.4.0", "guild_id": 1419349908850475031, "channel_id": 1456477520818868337, "user_id": 1456559078603227403, "message_id": 1456891706128601138, "extra": {}}
---
[2026-01-03T01:07:59.937664] [INFO] [MESSAGES] [MessageEdited] User ShadowT3ch Security Pro#3888 edited message in ⛔》server-logs: Before: '...' After: '...' | ID: 1456891830628253791
METADATA: {"timestamp": "2026-01-03T01:07:59.937664", "bot_version": "2.4.0", "guild_id": 1419349908850475031, "channel_id": 1456477520818868337, "user_id": 1456559078603227403, "message_id": 1456891830628253791, "extra": {}}
---
[2026-01-03T01:11:51.785610] [INFO] [MESSAGES] [MessageEdited] User ShadowT3ch Security Pro#3888 edited message in ⛔》server-logs: Before: '...' After: '...' | ID: 1456891956297863169
METADATA: {"timestamp": "2026-01-03T01:11:51.785610", "bot_version": "2.4.0", "guild_id": 1419349908850475031, "channel_id": 1456477520818868337, "user_id": 1456559078603227403, "message_id": 1456891956297863169, "extra": {}}
---
[2026-01-03T01:11:53.319849] [INFO] [MESSAGES] [MessageEdited] User ShadowT3ch Security Pro#3888 edited message in ⛔》server-logs: Before: '...' After: '...' | ID: 1456892081862873338
METADATA: {"timestamp": "2026-01-03T01:11:53.319849", "bot_version": "2.4.0", "guild_id": 1419349908850475031, "channel_id": 1456477520818868337, "user_id": 1456559078603227403, "message_id": 1456892081862873338, "extra": {}}
---
[2026-01-03T01:11:54.881731] [INFO] [MESSAGES] [MessageEdited] User ShadowT3ch Security Pro#3888 edited message in ⛔》server-logs: Before: '...' After: '...' | ID: 1456892206999929006
METADATA: {"timestamp": "2026-01-03T01:11:54.881731", "bot_version": "2.4.0", "guild_id": 1419349908850475031, "channel_id": 1456477520818868337, "user_id": 1456559078603227403, "message_id": 1456892206999929006, "extra": {}}
---
[2026-01-03T01:11:56.402434] [INFO] [MESSAGES] [MessageEdited] User ShadowT3ch Security Pro#3888 edited message in ⛔》server-logs: Before: '...' After: '...' | ID: 1456892333328175348
METADATA: {"timestamp": "2026-01-03T01:11:56.402434", "bot_version": "2.4.0", "guild_id": 1419349908850475031, "channel_id": 1456477520818868337, "user_id": 1456559078603227403, "message_id": 1456892333328175348, "extra": {}}
---
[2026-01-03T01:11:57.948508] [INFO] [MESSAGES] [MessageEdited] User ShadowT3ch Security Pro#3888 edited message in ⛔》server-logs: Before: '...' After: '...' | ID: 1456892459190718586
METADATA: {"timestamp": "2026-01-03T01:11:57.948508", "bot_version": "2.4.0", "guild_id": 1419349908850475031, "channel_id": 1456477520818868337, "user_id": 1456559078603227403, "message_id": 1456892459190718586, "extra": {}}
---
[2026-01-03T01:11:59.540303] [INFO] [MESSAGES] [MessageEdited] User ShadowT3ch Security Pro#3888 edited message in ⛔》server-logs: Before: '...' After: '...' | ID: 1456892710857211996
METADATA: {"timestamp": "2026-01-03T01:11:59.540303", "bot_version": "2.4.0", "guild_id": 1419349908850475031, "channel_id": 1456477520818868337, "user_id": 1456559078603227403, "message_id": 1456892710857211996, "extra": {}}
---
[2026-01-03T01:12:01.171425] [INFO] [MESSAGES] [MessageEdited] User ShadowT3ch Security Pro#3888 edited message in ⛔》server-logs: Before: '...' After: '...' | ID: 1456892585028354181
METADATA: {"timestamp": "2026-01-03T01:12:01.171425", "bot_version": "2.4.0", "guild_id": 1419349908850475031, "channel_id": 1456477520818868337, "user_id": 1456559078603227403, "message_id": 1456892585028354181, "extra": {}}
---
[2026-01-03T01:12:04.284510] [INFO] [MESSAGES] [MessageEdited] User ShadowT3ch AI#6744 edited message in 💬》chat-with-ai: Before: '...' After: '...' | ID: 1456892792541282436
METADATA: {"timestamp": "2026-01-03T01:12:04.284510", "bot_version": "2.4.0", "guild_id": 1419349908850475031, "channel_id": 1456473934974418955, "user_id": 1456820286761734264, "message_id": 1456892792541282436, "extra": {}}
---
[2026-01-03T01:12:31.979654] [INFO] [MESSAGES] [MessageEdited] User ShadowT3ch Security Pro#3888 edited message in ⛔》server-logs: Before: '...' After: '...' | ID: 1456892836363374595
METADATA: {"timestamp": "2026-01-03T01:12:31.979654", "bot_version": "2.4.0", "guild_id": 1419349908850475031, "channel_id": 1456477520818868337, "user_id": 1456559078603227403, "message_id": 1456892836363374595, "extra": {}}
---
[2026-01-03T01:12:33.020552] [INFO] [MESSAGES] [MessageEdited] User ShadowT3ch Security Pro#3888 edited message in ⛔》server-logs: Before: '...' After: '...' | ID: 1456892962473771052
METADATA: {"timestamp": "2026-01-03T01:12:33.020552", "bot_version": "2.4.0", "guild_id": 1419349908850475031, "channel_id": 1456477520818868337, "user_id": 1456559078603227403, "message_id": 1456892962473771052, "extra": {}}
---
[2026-01-03T01:12:46.413495] [INFO] [MESSAGES] [MessageEdited] User ShadowT3ch AI#6744 edited message in 💬》chat-with-ai: Before: '...' After: '...' | ID: 1456893017544855695
METADATA: {"timestamp": "2026-01-03T01:12:46.412490", "bot_version": "2.4.0", "guild_id": 1419349908850475031, "channel_id": 1456473934974418955, "user_id": 1456820286761734264, "message_id": 1456893017544855695, "extra": {}}
---
[2026-01-03T01:12:49.383996] [INFO] [MESSAGES] [MessageEdited] User ShadowT3ch AI#6744 edited message in 💬》chat-with-ai: Before: '...' After: '...' | ID: 1456893038914965710
METADATA: {"timestamp": "2026-01-03T01:12:49.383996", "bot_version": "2.4.0", "guild_id": 1419349908850475031, "channel_id": 1456473934974418955, "user_id": 1456820286761734264, "message_id": 1456893038914965710, "extra": {}}
---
[2026-01-03T01:12:52.383699] [INFO] [MESSAGES] [MessageDeleted] Message deleted in 💬》chat-with-ai by ShadowT3ch AI#6744: '...' | ID: 1456893038914965710
METADATA: {"timestamp": "2026-01-03T01:12:52.383699", "bot_version": "2.4.0", "guild_id": 1419349908850475031, "channel_id": 1456473934974418955, "user_id": 1456820286761734264, "message_id": 1456893038914965710, "extra": {}}
---
[2026-01-03T01:12:57.026309] [INFO] [MESSAGES] [MessageEdited] User ShadowT3ch AI#6744 edited message in 💬》chat-with-ai: Before: '...' After: '...' | ID: 1456893059189964871
METADATA: {"timestamp": "2026-01-03T01:12:57.026309", "bot_version": "2.4.0", "guild_id": 1419349908850475031, "channel_id": 1456473934974418955, "user_id": 1456820286761734264, "message_id": 1456893059189964871, "extra": {}}
---
[2026-01-03T01:12:58.591841] [INFO] [MESSAGES] [MessageDeleted] Message deleted in 💬》chat-with-ai by ShadowT3ch AI#6744: '...' | ID: 1456893059189964871
METADATA: {"timestamp": "2026-01-03T01:12:58.591841", "bot_version": "2.4.0", "guild_id": 1419349908850475031, "channel_id": 1456473934974418955, "user_id": 1456820286761734264, "message_id": 1456893059189964871, "extra": {}}
---
[2026-01-03T01:13:03.080652] [INFO] [MESSAGES] [MessageEdited] User ShadowT3ch AI#6744 edited message in 💬》chat-with-ai: Before: '...' After: '...' | ID: 1456893078697803920
METADATA: {"timestamp": "2026-01-03T01:13:03.080652", "bot_version": "2.4.0", "guild_id": 1419349908850475031, "channel_id": 1456473934974418955, "user_id": 1456820286761734264, "message_id": 1456893078697803920, "extra": {}}
---
[2026-01-03T01:13:12.242283] [INFO] [MESSAGES] [MessageDeleted] Message deleted in 💬》chat-with-ai by ShadowT3ch AI#6744: '...' | ID: 1456893078697803920
METADATA: {"timestamp": "2026-01-03T01:13:12.242283", "bot_version": "2.4.0", "guild_id": 1419349908850475031, "channel_id": 1456473934974418955, "user_id": 1456820286761734264, "message_id": 1456893078697803920, "extra": {}}
---
[2026-01-03T01:13:15.395392] [INFO] [MESSAGES] [MessageEdited] User ShadowT3ch Security Pro#3888 edited message in ⛔》server-logs: Before: '...' After: '...' | ID: 1456893088399364157
METADATA: {"timestamp": "2026-01-03T01:13:15.395392", "bot_version": "2.4.0", "guild_id": 1419349908850475031, "channel_id": 1456477520818868337, "user_id": 1456559078603227403, "message_id": 1456893088399364157, "extra": {}}
---
[2026-01-03T01:24:57.474941] [INFO] [MESSAGES] [MessageEdited] User ShadowT3ch Security Pro#3888 edited message in ⛔》server-logs: Before: '...' After: '...' | ID: 1456893214148788307
METADATA: {"timestamp": "2026-01-03T01:24:57.474941", "bot_version": "2.4.0", "guild_id": 1419349908850475031, "channel_id": 1456477520818868337, "user_id": 1456559078603227403, "message_id": 1456893214148788307, "extra": {}}
---
[2026-01-03T01:24:58.701402] [INFO] [MESSAGES] [MessageEdited] User ShadowT3ch Security Pro#3888 edited message in ⛔》server-logs: Before: '...' After: '...' | ID: 1456893339923255316
METADATA: {"timestamp": "2026-01-03T01:24:58.701402", "bot_version": "2.4.0", "guild_id": 1419349908850475031, "channel_id": 1456477520818868337, "user_id": 1456559078603227403, "message_id": 1456893339923255316, "extra": {}}
---
[2026-01-03T01:25:00.213844] [INFO] [MESSAGES] [MessageEdited] User ShadowT3ch Security Pro#3888 edited message in ⛔》server-logs: Before: '...' After: '...' | ID: 1456893465878335488
METADATA: {"timestamp": "2026-01-03T01:25:00.213844", "bot_version": "2.4.0", "guild_id": 1419349908850475031, "channel_id": 1456477520818868337, "user_id": 1456559078603227403, "message_id": 1456893465878335488, "extra": {}}
---
