[2026-01-21T03:18:56.448079] [INFO] [MESSAGES] [message_sent] Message sent in ticket-support-h6ji
METADATA: {"timestamp": "2026-01-21T03:18:56.448034", "bot_version": "2.6.4", "guild_id": 1439062109894869096, "guild_name": "ShadowT3ch Project Development", "channel_id": 1463372075208282255, "channel_name": "ticket-support-h6ji", "user_id": 1379969395971063931, "username": ".zsixx", "message_id": 1463372266292248576, "extra": {"content_length": 65}}
---
[2026-01-21T04:57:30.166397] [INFO] [MESSAGES] [message_sent] Message sent in ticket-support-h6ji
METADATA: {"timestamp": "2026-01-21T04:57:30.166357", "bot_version": "2.6.4", "guild_id": 1439062109894869096, "guild_name": "ShadowT3ch Project Development", "channel_id": 1463372075208282255, "channel_name": "ticket-support-h6ji", "user_id": 1019698414839156817, "username": "2clickdeath", "message_id": 1463397069875187774, "extra": {"content_length": 28}}
---
[2026-01-21T07:07:33.597119] [INFO] [MESSAGES] [message_sent] Message sent in 💬》chat
METADATA: {"timestamp": "2026-01-21T07:07:33.597071", "bot_version": "2.6.4", "guild_id": 1439062109894869096, "guild_name": "ShadowT3ch Project Development", "channel_id": 1454369407034855616, "channel_name": "\ud83d\udcac\u300bchat", "user_id": 939011632489713754, "username": "shewantclampz9585", "message_id": 1463429800050823261, "extra": {"content_length": 14}}
---
[2026-01-21T15:49:14.543045] [INFO] [MESSAGES] [message_sent] Message sent in ticket-support-h6ji
METADATA: {"timestamp": "2026-01-21T15:49:14.543005", "bot_version": "2.6.4", "guild_id": 1439062109894869096, "guild_name": "ShadowT3ch Project Development", "channel_id": 1463372075208282255, "channel_name": "ticket-support-h6ji", "user_id": 1216416508075311156, "username": "zurxvv", "message_id": 1463561085394096231, "extra": {"content_length": 22}}
---
[2026-01-21T18:38:48.667859] [INFO] [MESSAGES] [message_sent] Message sent in 💬chatting
METADATA: {"timestamp": "2026-01-21T18:38:48.667794", "bot_version": "2.6.4", "guild_id": 1407135363138588803, "guild_name": "Rin\u2019s Anime World", "channel_id": 1407135364014932033, "channel_name": "\ud83d\udcacchatting", "user_id": 1345461656809115702, "username": "elijah039339", "message_id": 1463603759157612619, "extra": {"content_length": 4}}
---
[2026-01-21T21:38:42.873797] [INFO] [MESSAGES] [message_sent] Message sent in 💬》chat
METADATA: {"timestamp": "2026-01-21T21:38:42.873758", "bot_version": "2.6.4", "guild_id": 1439062109894869096, "guild_name": "ShadowT3ch Project Development", "channel_id": 1454369407034855616, "channel_name": "\ud83d\udcac\u300bchat", "user_id": 1283957288314343486, "username": "donthurtpain", "message_id": 1463649033422897203, "extra": {"content_length": 22}}
---
[2026-01-21T21:38:50.688315] [INFO] [MESSAGES] [message_sent] Message sent in 💬》chat
METADATA: {"timestamp": "2026-01-21T21:38:50.688266", "bot_version": "2.6.4", "guild_id": 1439062109894869096, "guild_name": "ShadowT3ch Project Development", "channel_id": 1454369407034855616, "channel_name": "\ud83d\udcac\u300bchat", "user_id": 1283957288314343486, "username": "donthurtpain", "message_id": 1463649066108981269, "extra": {"content_length": 6}}
---
[2026-01-21T21:39:19.268326] [INFO] [MESSAGES] [message_sent] Message sent in 💬》chat
METADATA: {"timestamp": "2026-01-21T21:39:19.268287", "bot_version": "2.6.4", "guild_id": 1439062109894869096, "guild_name": "ShadowT3ch Project Development", "channel_id": 1454369407034855616, "channel_name": "\ud83d\udcac\u300bchat", "user_id": 1019698414839156817, "username": "2clickdeath", "message_id": 1463649186011414651, "extra": {"content_length": 37}}
---
[2026-01-21T21:39:23.019592] [INFO] [MESSAGES] [message_sent] Message sent in 💬》chat
METADATA: {"timestamp": "2026-01-21T21:39:23.019547", "bot_version": "2.6.4", "guild_id": 1439062109894869096, "guild_name": "ShadowT3ch Project Development", "channel_id": 1454369407034855616, "channel_name": "\ud83d\udcac\u300bchat", "user_id": 1283957288314343486, "username": "donthurtpain", "message_id": 1463649201568219436, "extra": {"content_length": 2}}
---
[2026-01-21T21:39:26.293646] [INFO] [MESSAGES] [message_sent] Message sent in 💬》chat
METADATA: {"timestamp": "2026-01-21T21:39:26.293607", "bot_version": "2.6.4", "guild_id": 1439062109894869096, "guild_name": "ShadowT3ch Project Development", "channel_id": 1454369407034855616, "channel_name": "\ud83d\udcac\u300bchat", "user_id": 1283957288314343486, "username": "donthurtpain", "message_id": 1463649215510089879, "extra": {"content_length": 4}}
---
[2026-01-21T21:39:30.278107] [INFO] [MESSAGES] [message_sent] Message sent in 💬》chat
METADATA: {"timestamp": "2026-01-21T21:39:30.278069", "bot_version": "2.6.4", "guild_id": 1439062109894869096, "guild_name": "ShadowT3ch Project Development", "channel_id": 1454369407034855616, "channel_name": "\ud83d\udcac\u300bchat", "user_id": 1283957288314343486, "username": "donthurtpain", "message_id": 1463649232069198018, "extra": {"content_length": 4}}
---
[2026-01-21T21:40:38.424396] [INFO] [MESSAGES] [message_sent] Message sent in 💬》chat
METADATA: {"timestamp": "2026-01-21T21:40:38.424354", "bot_version": "2.6.4", "guild_id": 1439062109894869096, "guild_name": "ShadowT3ch Project Development", "channel_id": 1454369407034855616, "channel_name": "\ud83d\udcac\u300bchat", "user_id": 1283957288314343486, "username": "donthurtpain", "message_id": 1463649518036979954, "extra": {"content_length": 24}}
---
[2026-01-21T21:40:44.011108] [INFO] [MESSAGES] [message_sent] Message sent in 💬》chat
METADATA: {"timestamp": "2026-01-21T21:40:44.011062", "bot_version": "2.6.4", "guild_id": 1439062109894869096, "guild_name": "ShadowT3ch Project Development", "channel_id": 1454369407034855616, "channel_name": "\ud83d\udcac\u300bchat", "user_id": 1283957288314343486, "username": "donthurtpain", "message_id": 1463649540996599890, "extra": {"content_length": 4}}
---
[2026-01-21T21:40:46.854242] [INFO] [MESSAGES] [message_sent] Message sent in 💬》chat
METADATA: {"timestamp": "2026-01-21T21:40:46.854181", "bot_version": "2.6.4", "guild_id": 1439062109894869096, "guild_name": "ShadowT3ch Project Development", "channel_id": 1454369407034855616, "channel_name": "\ud83d\udcac\u300bchat", "user_id": 1283957288314343486, "username": "donthurtpain", "message_id": 1463649553260744851, "extra": {"content_length": 22}}
---
