[2025-11-18T10:46:17.998830] [INFO] [MESSAGES] [MessageDeleted] Message deleted in 💬》general by animelover33462: '...' | ID: 1440382605349617908
METADATA: {"timestamp": "2025-11-18T10:46:17.998785", "bot_version": "2.4.0", "guild_id": 1436118893130158090, "channel_id": 1436118894661206152, "user_id": 1431935630157549568, "message_id": 1440382605349617908, "extra": {}}
---
[2025-11-18T11:55:05.516682] [INFO] [MESSAGES] [MessageEdited] User ShadowT3ch Security Pro#8634 edited message in ⛔》staff-chat: Before: '...' After: '...' | ID: 1440399931377713153
METADATA: {"timestamp": "2025-11-18T11:55:05.516650", "bot_version": "2.4.0", "guild_id": 1436118893130158090, "channel_id": 1436118894870925469, "user_id": 1436123214668501134, "message_id": 1440399931377713153, "extra": {}}
---
[2025-11-18T11:55:08.848440] [INFO] [MESSAGES] [MessageEdited] User ShadowT3ch Security Pro#8634 edited message in ⛔》server-logs: Before: '...' After: '...' | ID: 1440399933185458337
METADATA: {"timestamp": "2025-11-18T11:55:08.848387", "bot_version": "2.4.0", "guild_id": 1436118893130158090, "channel_id": 1436129350243188969, "user_id": 1436123214668501134, "message_id": 1440399933185458337, "extra": {}}
---
[2025-11-18T13:09:57.892157] [INFO] [MESSAGES] [MessageEdited] User ShadowT3ch Security Pro#8634 edited message in 💬》general: Before: '...' After: '...' | ID: 1440418773310902323
METADATA: {"timestamp": "2025-11-18T13:09:57.892115", "bot_version": "2.4.0", "guild_id": 1436118893130158090, "channel_id": 1436118894661206152, "user_id": 1436123214668501134, "message_id": 1440418773310902323, "extra": {}}
---
[2025-11-18T13:10:10.913319] [INFO] [MESSAGES] [MessageEdited] User ShadowT3ch Security Pro#8634 edited message in ⛔》server-logs: Before: '...' After: '...' | ID: 1440418775060185220
METADATA: {"timestamp": "2025-11-18T13:10:10.913277", "bot_version": "2.4.0", "guild_id": 1436118893130158090, "channel_id": 1436129350243188969, "user_id": 1436123214668501134, "message_id": 1440418775060185220, "extra": {}}
---
[2025-11-18T13:12:56.874306] [INFO] [MESSAGES] [MessageDeleted] Message deleted in 💬》general by 2_click_death: 'trust me… he does...' | ID: 1440419509117784217
METADATA: {"timestamp": "2025-11-18T13:12:56.874266", "bot_version": "2.4.0", "guild_id": 1436118893130158090, "channel_id": 1436118894661206152, "user_id": 1019698414839156817, "message_id": 1440419509117784217, "extra": {}}
---
[2025-11-18T13:13:25.731980] [INFO] [MESSAGES] [MessageEdited] User animelover33462 edited message in ⛔》server-logs: Before: '...' After: '...' | ID: 1440419634485526680
METADATA: {"timestamp": "2025-11-18T13:13:25.731937", "bot_version": "2.4.0", "guild_id": 1436118893130158090, "channel_id": 1436129350243188969, "user_id": 1431935630157549568, "message_id": 1440419634485526680, "extra": {}}
---
[2025-11-18T13:14:05.910603] [INFO] [MESSAGES] [MessageEdited] User ShadowT3ch Security Pro#8634 edited message in 💬》general: Before: '...' After: '...' | ID: 1440419799036334201
METADATA: {"timestamp": "2025-11-18T13:14:05.910579", "bot_version": "2.4.0", "guild_id": 1436118893130158090, "channel_id": 1436118894661206152, "user_id": 1436123214668501134, "message_id": 1440419799036334201, "extra": {}}
---
[2025-11-18T13:14:07.296205] [INFO] [MESSAGES] [MessageEdited] User ShadowT3ch Security Pro#8634 edited message in 💬》general: Before: '...' After: '...' | ID: 1440419799036334201
METADATA: {"timestamp": "2025-11-18T13:14:07.296184", "bot_version": "2.4.0", "guild_id": 1436118893130158090, "channel_id": 1436118894661206152, "user_id": 1436123214668501134, "message_id": 1440419799036334201, "extra": {}}
---
[2025-11-18T13:14:08.779527] [INFO] [MESSAGES] [MessageDeleted] Message deleted in 📌》notices by snowexploits: '@everyone 
Im Officially modding GTA V PC
ENHANCED AND LAGACY
MONEY BOOST 
LEVELS FOR ENHANCED
MODDE...' | ID: 1440132086307487825
METADATA: {"timestamp": "2025-11-18T13:14:08.779502", "bot_version": "2.4.0", "guild_id": 1436118893130158090, "channel_id": 1436118894203899998, "user_id": 1376217565952479425, "message_id": 1440132086307487825, "extra": {}}
---
[2025-11-18T13:14:10.281549] [INFO] [MESSAGES] [MessageDeleted] Message deleted in ⛔》staff-chat by snowexploits: 'No...' | ID: 1440399280061026415
METADATA: {"timestamp": "2025-11-18T13:14:10.281525", "bot_version": "2.4.0", "guild_id": 1436118893130158090, "channel_id": 1436118894870925469, "user_id": 1376217565952479425, "message_id": 1440399280061026415, "extra": {}}
---
[2025-11-18T13:14:12.367026] [INFO] [MESSAGES] [MessageEdited] User XenBot#7688 edited message in ⛔》server-logs: Before: '...' After: '...' | ID: 1440419798927413344
METADATA: {"timestamp": "2025-11-18T13:14:12.366993", "bot_version": "2.4.0", "guild_id": 1436118893130158090, "channel_id": 1436129350243188969, "user_id": 1436125663378673875, "message_id": 1440419798927413344, "extra": {}}
---
