[2026-01-23T01:08:31.191716] [INFO] [MESSAGES] [message_sent] Message sent in ticket-support-9fc7
METADATA: {"timestamp": "2026-01-23T01:08:31.191686", "bot_version": "2.6.4", "guild_id": 1439062109894869096, "guild_name": "ShadowT3ch Project Development", "channel_id": 1464020269038305550, "channel_name": "ticket-support-9fc7", "user_id": 1414691241077117041, "username": "raremeech", "message_id": 1464064220348809388, "extra": {"content_length": 3}}
---
[2026-01-23T03:26:31.166236] [INFO] [MESSAGES] [message_sent] Message sent in 👑》staff-chat
METADATA: {"timestamp": "2026-01-23T03:26:31.166196", "bot_version": "2.6.4", "guild_id": 1439062109894869096, "guild_name": "ShadowT3ch Project Development", "channel_id": 1454369424675967080, "channel_name": "\ud83d\udc51\u300bstaff-chat", "user_id": 1131578044847497246, "username": "jahskeeze", "message_id": 1464098949236265053, "extra": {"content_length": 2}}
---
[2026-01-23T04:09:44.758641] [INFO] [MESSAGES] [message_sent] Message sent in 👑》staff-chat
METADATA: {"timestamp": "2026-01-23T04:09:44.758600", "bot_version": "2.6.4", "guild_id": 1439062109894869096, "guild_name": "ShadowT3ch Project Development", "channel_id": 1454369424675967080, "channel_name": "\ud83d\udc51\u300bstaff-chat", "user_id": 1414691241077117041, "username": "raremeech", "message_id": 1464109827545366548, "extra": {"content_length": 28}}
---
[2026-01-23T13:10:34.886929] [INFO] [MESSAGES] [message_sent] Message sent in ticket-support-9fc7
METADATA: {"timestamp": "2026-01-23T13:10:34.886884", "bot_version": "2.6.4", "guild_id": 1439062109894869096, "guild_name": "ShadowT3ch Project Development", "channel_id": 1464020269038305550, "channel_name": "ticket-support-9fc7", "user_id": 1319143284991590402, "username": "getrichrea", "message_id": 1464245932823675046, "extra": {"content_length": 43}}
---
[2026-01-23T16:37:02.715416] [INFO] [MESSAGES] [message_sent] Message sent in 📌》notices
METADATA: {"timestamp": "2026-01-23T16:37:02.715374", "bot_version": "2.6.4", "guild_id": 1439062109894869096, "guild_name": "ShadowT3ch Project Development", "channel_id": 1454369380161814762, "channel_name": "\ud83d\udccc\u300bnotices", "user_id": 1283957288314343486, "username": "flynntohurt", "message_id": 1464297891370762272, "extra": {"content_length": 170}}
---
[2026-01-23T16:37:12.706090] [INFO] [MESSAGES] [message_sent] Message sent in 📌》notices
METADATA: {"timestamp": "2026-01-23T16:37:12.706046", "bot_version": "2.6.4", "guild_id": 1439062109894869096, "guild_name": "ShadowT3ch Project Development", "channel_id": 1454369380161814762, "channel_name": "\ud83d\udccc\u300bnotices", "user_id": 1283957288314343486, "username": "flynntohurt", "message_id": 1464297933452349472, "extra": {"content_length": 22}}
---
[2026-01-23T16:42:46.057238] [INFO] [MESSAGES] [message_sent] Message sent in ticket-support-l43q
METADATA: {"timestamp": "2026-01-23T16:42:46.057192", "bot_version": "2.6.4", "guild_id": 1439062109894869096, "guild_name": "ShadowT3ch Project Development", "channel_id": 1464299285792423999, "channel_name": "ticket-support-l43q", "user_id": 1414691241077117041, "username": "raremeech", "message_id": 1464299330973204701, "extra": {"content_length": 2}}
---
[2026-01-23T16:42:49.713106] [INFO] [MESSAGES] [message_sent] Message sent in ticket-support-l43q
METADATA: {"timestamp": "2026-01-23T16:42:49.713062", "bot_version": "2.6.4", "guild_id": 1439062109894869096, "guild_name": "ShadowT3ch Project Development", "channel_id": 1464299285792423999, "channel_name": "ticket-support-l43q", "user_id": 1414691241077117041, "username": "raremeech", "message_id": 1464299346295132193, "extra": {"content_length": 17}}
---
[2026-01-23T16:43:03.978348] [INFO] [MESSAGES] [message_sent] Message sent in ticket-support-l43q
METADATA: {"timestamp": "2026-01-23T16:43:03.978306", "bot_version": "2.6.4", "guild_id": 1439062109894869096, "guild_name": "ShadowT3ch Project Development", "channel_id": 1464299285792423999, "channel_name": "ticket-support-l43q", "user_id": 1414691241077117041, "username": "raremeech", "message_id": 1464299406798098565, "extra": {"content_length": 13}}
---
[2026-01-23T16:43:07.149413] [INFO] [MESSAGES] [message_sent] Message sent in ticket-support-l43q
METADATA: {"timestamp": "2026-01-23T16:43:07.149380", "bot_version": "2.6.4", "guild_id": 1439062109894869096, "guild_name": "ShadowT3ch Project Development", "channel_id": 1464299285792423999, "channel_name": "ticket-support-l43q", "user_id": 1414691241077117041, "username": "raremeech", "message_id": 1464299419837927628, "extra": {"content_length": 13}}
---
[2026-01-23T16:43:08.357580] [INFO] [MESSAGES] [message_sent] Message sent in ticket-support-l43q
METADATA: {"timestamp": "2026-01-23T16:43:08.357541", "bot_version": "2.6.4", "guild_id": 1439062109894869096, "guild_name": "ShadowT3ch Project Development", "channel_id": 1464299285792423999, "channel_name": "ticket-support-l43q", "user_id": 1414691241077117041, "username": "raremeech", "message_id": 1464299425013960876, "extra": {"content_length": 22}}
---
[2026-01-23T16:44:06.620902] [INFO] [MESSAGES] [message_sent] Message sent in ticket-support-l43q
METADATA: {"timestamp": "2026-01-23T16:44:06.620866", "bot_version": "2.6.4", "guild_id": 1439062109894869096, "guild_name": "ShadowT3ch Project Development", "channel_id": 1464299285792423999, "channel_name": "ticket-support-l43q", "user_id": 1416890446042632192, "username": "ogbodykidz", "message_id": 1464299669273182229, "extra": {"content_length": 70}}
---
[2026-01-23T16:44:16.015548] [INFO] [MESSAGES] [message_sent] Message sent in ticket-support-l43q
METADATA: {"timestamp": "2026-01-23T16:44:16.015504", "bot_version": "2.6.4", "guild_id": 1439062109894869096, "guild_name": "ShadowT3ch Project Development", "channel_id": 1464299285792423999, "channel_name": "ticket-support-l43q", "user_id": 1283957288314343486, "username": "flynntohurt", "message_id": 1464299708729266317, "extra": {"content_length": 14}}
---
[2026-01-23T16:44:25.710764] [INFO] [MESSAGES] [message_sent] Message sent in ticket-support-l43q
METADATA: {"timestamp": "2026-01-23T16:44:25.710731", "bot_version": "2.6.4", "guild_id": 1439062109894869096, "guild_name": "ShadowT3ch Project Development", "channel_id": 1464299285792423999, "channel_name": "ticket-support-l43q", "user_id": 1414691241077117041, "username": "raremeech", "message_id": 1464299749409558558, "extra": {"content_length": 19}}
---
