[2026-01-24T00:05:34.324245] [INFO] [MESSAGES] [message_sent] Message sent in 👑》staff-chat
METADATA: {"timestamp": "2026-01-24T00:05:34.324196", "bot_version": "2.6.4", "guild_id": 1439062109894869096, "guild_name": "ShadowT3ch Project Development", "channel_id": 1454369424675967080, "channel_name": "\ud83d\udc51\u300bstaff-chat", "user_id": 1131578044847497246, "username": "jahskeeze", "message_id": 1464410767066530017, "extra": {"content_length": 2}}
---
[2026-01-24T00:05:40.459107] [INFO] [MESSAGES] [message_sent] Message sent in 👑》staff-chat
METADATA: {"timestamp": "2026-01-24T00:05:40.459065", "bot_version": "2.6.4", "guild_id": 1439062109894869096, "guild_name": "ShadowT3ch Project Development", "channel_id": 1454369424675967080, "channel_name": "\ud83d\udc51\u300bstaff-chat", "user_id": 1131578044847497246, "username": "jahskeeze", "message_id": 1464410792752447610, "extra": {"content_length": 22}}
---
[2026-01-24T00:29:40.409082] [INFO] [MESSAGES] [message_sent] Message sent in 📌》notices
METADATA: {"timestamp": "2026-01-24T00:29:40.409033", "bot_version": "2.6.4", "guild_id": 1439062109894869096, "guild_name": "ShadowT3ch Project Development", "channel_id": 1454369380161814762, "channel_name": "\ud83d\udccc\u300bnotices", "user_id": 1141232275447631932, "username": "_darknullbyte", "message_id": 1464416830733947126, "extra": {"content_length": 68}}
---
[2026-01-24T02:00:35.562170] [INFO] [MESSAGES] [message_sent] Message sent in 👑》staff-chat
METADATA: {"timestamp": "2026-01-24T02:00:35.562121", "bot_version": "2.6.4", "guild_id": 1439062109894869096, "guild_name": "ShadowT3ch Project Development", "channel_id": 1454369424675967080, "channel_name": "\ud83d\udc51\u300bstaff-chat", "user_id": 1131578044847497246, "username": "jahskeeze", "message_id": 1464439712956813335, "extra": {"content_length": 2}}
---
[2026-01-24T10:36:29.955987] [INFO] [MESSAGES] [message_sent] Message sent in 👑》staff-chat
METADATA: {"timestamp": "2026-01-24T10:36:29.955940", "bot_version": "2.6.4", "guild_id": 1439062109894869096, "guild_name": "ShadowT3ch Project Development", "channel_id": 1454369424675967080, "channel_name": "\ud83d\udc51\u300bstaff-chat", "user_id": 1131578044847497246, "username": "jahskeeze", "message_id": 1464569544772288557, "extra": {"content_length": 34}}
---
[2026-01-24T14:32:22.686105] [INFO] [MESSAGES] [message_sent] Message sent in 💬》chat
METADATA: {"timestamp": "2026-01-24T14:32:22.686055", "bot_version": "2.6.4", "guild_id": 1439062109894869096, "guild_name": "ShadowT3ch Project Development", "channel_id": 1454369407034855616, "channel_name": "\ud83d\udcac\u300bchat", "user_id": 1216416508075311156, "username": "zurxvv", "message_id": 1464628905930522707, "extra": {"content_length": 20}}
---
[2026-01-24T14:32:37.052425] [INFO] [MESSAGES] [message_sent] Message sent in 💬》chat
METADATA: {"timestamp": "2026-01-24T14:32:37.052379", "bot_version": "2.6.4", "guild_id": 1439062109894869096, "guild_name": "ShadowT3ch Project Development", "channel_id": 1454369407034855616, "channel_name": "\ud83d\udcac\u300bchat", "user_id": 1408577603408887980, "username": "dylan001062", "message_id": 1464628966123110624, "extra": {"content_length": 3}}
---
[2026-01-24T14:32:45.150126] [INFO] [MESSAGES] [message_sent] Message sent in 💬》chat
METADATA: {"timestamp": "2026-01-24T14:32:45.150082", "bot_version": "2.6.4", "guild_id": 1439062109894869096, "guild_name": "ShadowT3ch Project Development", "channel_id": 1454369407034855616, "channel_name": "\ud83d\udcac\u300bchat", "user_id": 1216416508075311156, "username": "zurxvv", "message_id": 1464629000151503043, "extra": {"content_length": 8}}
---
[2026-01-24T14:32:48.504594] [INFO] [MESSAGES] [message_sent] Message sent in 💬》chat
METADATA: {"timestamp": "2026-01-24T14:32:48.504546", "bot_version": "2.6.4", "guild_id": 1439062109894869096, "guild_name": "ShadowT3ch Project Development", "channel_id": 1454369407034855616, "channel_name": "\ud83d\udcac\u300bchat", "user_id": 1408577603408887980, "username": "dylan001062", "message_id": 1464629014042902712, "extra": {"content_length": 3}}
---
[2026-01-24T14:32:51.070003] [INFO] [MESSAGES] [message_sent] Message sent in 💬》chat
METADATA: {"timestamp": "2026-01-24T14:32:51.069955", "bot_version": "2.6.4", "guild_id": 1439062109894869096, "guild_name": "ShadowT3ch Project Development", "channel_id": 1454369407034855616, "channel_name": "\ud83d\udcac\u300bchat", "user_id": 1216416508075311156, "username": "zurxvv", "message_id": 1464629024985845760, "extra": {"content_length": 19}}
---
[2026-01-24T14:32:54.302440] [INFO] [MESSAGES] [message_sent] Message sent in 💬》chat
METADATA: {"timestamp": "2026-01-24T14:32:54.302397", "bot_version": "2.6.4", "guild_id": 1439062109894869096, "guild_name": "ShadowT3ch Project Development", "channel_id": 1454369407034855616, "channel_name": "\ud83d\udcac\u300bchat", "user_id": 1408577603408887980, "username": "dylan001062", "message_id": 1464629038541836484, "extra": {"content_length": 3}}
---
[2026-01-24T14:33:01.801211] [INFO] [MESSAGES] [message_sent] Message sent in 💬》chat
METADATA: {"timestamp": "2026-01-24T14:33:01.801150", "bot_version": "2.6.4", "guild_id": 1439062109894869096, "guild_name": "ShadowT3ch Project Development", "channel_id": 1454369407034855616, "channel_name": "\ud83d\udcac\u300bchat", "user_id": 1416890446042632192, "username": "ogbodykidz", "message_id": 1464629069856375020, "extra": {"content_length": 25}}
---
[2026-01-24T15:28:21.496538] [INFO] [MESSAGES] [message_sent] Message sent in 💬chatting
METADATA: {"timestamp": "2026-01-24T15:28:21.496486", "bot_version": "2.6.4", "guild_id": 1407135363138588803, "guild_name": "Rin\u2019s Anime World", "channel_id": 1407135364014932033, "channel_name": "\ud83d\udcacchatting", "user_id": 1309337550296449024, "username": "echo058622", "message_id": 1464642993632968715, "extra": {"content_length": 2}}
---
