[2026-01-20T01:08:55.918995] [INFO] [MESSAGES] [message_sent] Message sent in 💬》general
METADATA: {"timestamp": "2026-01-20T01:08:55.918953", "bot_version": "2.6.4", "guild_id": 1419349908850475031, "guild_name": "ShadowT3ch Development Group", "channel_id": 1456473336375677011, "channel_name": "\ud83d\udcac\u300bgeneral", "user_id": 1405450716176322743, "username": "plsmod_myacc", "message_id": 1462977160536002591, "extra": {"content_length": 4}}
---
[2026-01-20T01:09:04.552724] [INFO] [MESSAGES] [message_sent] Message sent in 💬》general
METADATA: {"timestamp": "2026-01-20T01:09:04.552679", "bot_version": "2.6.4", "guild_id": 1419349908850475031, "guild_name": "ShadowT3ch Development Group", "channel_id": 1456473336375677011, "channel_name": "\ud83d\udcac\u300bgeneral", "user_id": 1405450716176322743, "username": "plsmod_myacc", "message_id": 1462977196820795606, "extra": {"content_length": 8}}
---
[2026-01-20T01:09:40.323202] [INFO] [MESSAGES] [message_sent] Message sent in 💬》general
METADATA: {"timestamp": "2026-01-20T01:09:40.323158", "bot_version": "2.6.4", "guild_id": 1419349908850475031, "guild_name": "ShadowT3ch Development Group", "channel_id": 1456473336375677011, "channel_name": "\ud83d\udcac\u300bgeneral", "user_id": 1405450716176322743, "username": "plsmod_myacc", "message_id": 1462977346834268263, "extra": {"content_length": 38}}
---
[2026-01-20T03:03:04.516050] [INFO] [MESSAGES] [message_sent] Message sent in 📌》notices
METADATA: {"timestamp": "2026-01-20T03:03:04.516003", "bot_version": "2.6.4", "guild_id": 1439062109894869096, "guild_name": "ShadowT3ch Project Development", "channel_id": 1454369380161814762, "channel_name": "\ud83d\udccc\u300bnotices", "user_id": 1216416508075311156, "username": "zurxvv", "message_id": 1463005885726068981, "extra": {"content_length": 148}}
---
[2026-01-20T03:03:20.058115] [INFO] [MESSAGES] [message_sent] Message sent in 💬》chat
METADATA: {"timestamp": "2026-01-20T03:03:20.058064", "bot_version": "2.6.4", "guild_id": 1439062109894869096, "guild_name": "ShadowT3ch Project Development", "channel_id": 1454369407034855616, "channel_name": "\ud83d\udcac\u300bchat", "user_id": 1216416508075311156, "username": "zurxvv", "message_id": 1463005950905684121, "extra": {"content_length": 22}}
---
[2026-01-20T03:03:28.419504] [INFO] [MESSAGES] [message_sent] Message sent in 💬》chat
METADATA: {"timestamp": "2026-01-20T03:03:28.419464", "bot_version": "2.6.4", "guild_id": 1439062109894869096, "guild_name": "ShadowT3ch Project Development", "channel_id": 1454369407034855616, "channel_name": "\ud83d\udcac\u300bchat", "user_id": 1216416508075311156, "username": "zurxvv", "message_id": 1463005985927856178, "extra": {"content_length": 17}}
---
[2026-01-20T03:03:29.710345] [INFO] [MESSAGES] [message_sent] Message sent in 💬》chat
METADATA: {"timestamp": "2026-01-20T03:03:29.710301", "bot_version": "2.6.4", "guild_id": 1439062109894869096, "guild_name": "ShadowT3ch Project Development", "channel_id": 1454369407034855616, "channel_name": "\ud83d\udcac\u300bchat", "user_id": 1216416508075311156, "username": "zurxvv", "message_id": 1463005991267205171, "extra": {"content_length": 3}}
---
[2026-01-20T03:05:18.149978] [INFO] [MESSAGES] [message_sent] Message sent in 💬》chat
METADATA: {"timestamp": "2026-01-20T03:05:18.149930", "bot_version": "2.6.4", "guild_id": 1439062109894869096, "guild_name": "ShadowT3ch Project Development", "channel_id": 1454369407034855616, "channel_name": "\ud83d\udcac\u300bchat", "user_id": 1019698414839156817, "username": "2clickdeath", "message_id": 1463006446219165910, "extra": {"content_length": 11}}
---
[2026-01-20T04:11:42.642606] [INFO] [MESSAGES] [message_sent] Message sent in 💬》chat
METADATA: {"timestamp": "2026-01-20T04:11:42.642547", "bot_version": "2.6.4", "guild_id": 1439062109894869096, "guild_name": "ShadowT3ch Project Development", "channel_id": 1454369407034855616, "channel_name": "\ud83d\udcac\u300bchat", "user_id": 1019698414839156817, "username": "2clickdeath", "message_id": 1463023158385840158, "extra": {"content_length": 50}}
---
[2026-01-20T04:11:51.672281] [INFO] [MESSAGES] [message_sent] Message sent in 💬》chat
METADATA: {"timestamp": "2026-01-20T04:11:51.672234", "bot_version": "2.6.4", "guild_id": 1439062109894869096, "guild_name": "ShadowT3ch Project Development", "channel_id": 1454369407034855616, "channel_name": "\ud83d\udcac\u300bchat", "user_id": 1446208537364533309, "username": "idonthackongad7", "message_id": 1463023196264599694, "extra": {"content_length": 2}}
---
[2026-01-20T04:12:03.408141] [INFO] [MESSAGES] [message_sent] Message sent in 💬》chat
METADATA: {"timestamp": "2026-01-20T04:12:03.408092", "bot_version": "2.6.4", "guild_id": 1439062109894869096, "guild_name": "ShadowT3ch Project Development", "channel_id": 1454369407034855616, "channel_name": "\ud83d\udcac\u300bchat", "user_id": 1019698414839156817, "username": "2clickdeath", "message_id": 1463023245367181477, "extra": {"content_length": 21}}
---
[2026-01-20T04:12:07.760479] [INFO] [MESSAGES] [message_sent] Message sent in 💬》chat
METADATA: {"timestamp": "2026-01-20T04:12:07.760440", "bot_version": "2.6.4", "guild_id": 1439062109894869096, "guild_name": "ShadowT3ch Project Development", "channel_id": 1454369407034855616, "channel_name": "\ud83d\udcac\u300bchat", "user_id": 1446208537364533309, "username": "idonthackongad7", "message_id": 1463023263637569787, "extra": {"content_length": 3}}
---
[2026-01-20T04:12:14.857056] [INFO] [MESSAGES] [message_sent] Message sent in 💬》chat
METADATA: {"timestamp": "2026-01-20T04:12:14.857008", "bot_version": "2.6.4", "guild_id": 1439062109894869096, "guild_name": "ShadowT3ch Project Development", "channel_id": 1454369407034855616, "channel_name": "\ud83d\udcac\u300bchat", "user_id": 1019698414839156817, "username": "2clickdeath", "message_id": 1463023293509406835, "extra": {"content_length": 5}}
---
[2026-01-20T04:13:18.166574] [INFO] [MESSAGES] [message_sent] Message sent in 💬》chat
METADATA: {"timestamp": "2026-01-20T04:13:18.166525", "bot_version": "2.6.4", "guild_id": 1439062109894869096, "guild_name": "ShadowT3ch Project Development", "channel_id": 1454369407034855616, "channel_name": "\ud83d\udcac\u300bchat", "user_id": 1019698414839156817, "username": "2clickdeath", "message_id": 1463023558946062441, "extra": {"content_length": 76}}
---
[2026-01-20T04:34:09.999876] [INFO] [MESSAGES] [message_sent] Message sent in 🎉》giveaways
METADATA: {"timestamp": "2026-01-20T04:34:09.999783", "bot_version": "2.6.4", "guild_id": 1439062109894869096, "guild_name": "ShadowT3ch Project Development", "channel_id": 1462641957359587379, "channel_name": "\ud83c\udf89\u300bgiveaways", "user_id": 1019698414839156817, "username": "2clickdeath", "message_id": 1463028809526677616, "extra": {"content_length": 26}}
---
[2026-01-20T04:34:49.521423] [INFO] [MESSAGES] [message_sent] Message sent in 💬》chat
METADATA: {"timestamp": "2026-01-20T04:34:49.521356", "bot_version": "2.6.4", "guild_id": 1439062109894869096, "guild_name": "ShadowT3ch Project Development", "channel_id": 1454369407034855616, "channel_name": "\ud83d\udcac\u300bchat", "user_id": 1409052537612537977, "username": "18ksluts", "message_id": 1463028975285833768, "extra": {"content_length": 2}}
---
[2026-01-20T04:35:27.919362] [INFO] [MESSAGES] [message_sent] Message sent in 💬》chat
METADATA: {"timestamp": "2026-01-20T04:35:27.919324", "bot_version": "2.6.4", "guild_id": 1439062109894869096, "guild_name": "ShadowT3ch Project Development", "channel_id": 1454369407034855616, "channel_name": "\ud83d\udcac\u300bchat", "user_id": 1409052537612537977, "username": "18ksluts", "message_id": 1463029136162422961, "extra": {"content_length": 12}}
---
[2026-01-20T04:36:00.778067] [INFO] [MESSAGES] [message_sent] Message sent in 💬》chat
METADATA: {"timestamp": "2026-01-20T04:36:00.778018", "bot_version": "2.6.4", "guild_id": 1439062109894869096, "guild_name": "ShadowT3ch Project Development", "channel_id": 1454369407034855616, "channel_name": "\ud83d\udcac\u300bchat", "user_id": 1409052537612537977, "username": "18ksluts", "message_id": 1463029274251624448, "extra": {"content_length": 35}}
---
[2026-01-20T04:36:39.842045] [INFO] [MESSAGES] [message_sent] Message sent in 💬》chat
METADATA: {"timestamp": "2026-01-20T04:36:39.842003", "bot_version": "2.6.4", "guild_id": 1439062109894869096, "guild_name": "ShadowT3ch Project Development", "channel_id": 1454369407034855616, "channel_name": "\ud83d\udcac\u300bchat", "user_id": 1019698414839156817, "username": "2clickdeath", "message_id": 1463029438089269248, "extra": {"content_length": 7}}
---
[2026-01-20T04:36:47.824552] [INFO] [MESSAGES] [message_sent] Message sent in ticket-support-0iw6
METADATA: {"timestamp": "2026-01-20T04:36:47.824521", "bot_version": "2.6.4", "guild_id": 1439062109894869096, "guild_name": "ShadowT3ch Project Development", "channel_id": 1463029446729666746, "channel_name": "ticket-support-0iw6", "user_id": 1409052537612537977, "username": "18ksluts", "message_id": 1463029471300026433, "extra": {"content_length": 2}}
---
[2026-01-20T04:36:58.613838] [INFO] [MESSAGES] [message_sent] Message sent in 💬》chat
METADATA: {"timestamp": "2026-01-20T04:36:58.613772", "bot_version": "2.6.4", "guild_id": 1439062109894869096, "guild_name": "ShadowT3ch Project Development", "channel_id": 1454369407034855616, "channel_name": "\ud83d\udcac\u300bchat", "user_id": 1409052537612537977, "username": "18ksluts", "message_id": 1463029516552114339, "extra": {"content_length": 9}}
---
[2026-01-20T04:37:26.611863] [INFO] [MESSAGES] [message_sent] Message sent in 💬》chat
METADATA: {"timestamp": "2026-01-20T04:37:26.611788", "bot_version": "2.6.4", "guild_id": 1439062109894869096, "guild_name": "ShadowT3ch Project Development", "channel_id": 1454369407034855616, "channel_name": "\ud83d\udcac\u300bchat", "user_id": 1409052537612537977, "username": "18ksluts", "message_id": 1463029634093289553, "extra": {"content_length": 4}}
---
