[2026-02-01T03:11:13.027899] [INFO] [MESSAGES] [message_sent] Message sent in 💬》chat
METADATA: {"timestamp": "2026-02-01T03:11:13.027843", "bot_version": "2.6.4", "guild_id": 1439062109894869096, "guild_name": "ShadowT3ch Project Development", "channel_id": 1454369407034855616, "channel_name": "\ud83d\udcac\u300bchat", "user_id": 1403411578153337015, "username": "f5_darealest2_20496", "message_id": 1467356589039288472, "extra": {"content_length": 2}}
---
[2026-02-01T03:19:27.703414] [INFO] [MESSAGES] [message_sent] Message sent in 📌》notices
METADATA: {"timestamp": "2026-02-01T03:19:27.703363", "bot_version": "2.6.4", "guild_id": 1439062109894869096, "guild_name": "ShadowT3ch Project Development", "channel_id": 1454369380161814762, "channel_name": "\ud83d\udccc\u300bnotices", "user_id": 1216416508075311156, "username": "zurxvv", "message_id": 1467358663785320459, "extra": {"content_length": 15}}
---
[2026-02-01T03:19:34.494318] [INFO] [MESSAGES] [message_sent] Message sent in 📌》notices
METADATA: {"timestamp": "2026-02-01T03:19:34.494261", "bot_version": "2.6.4", "guild_id": 1439062109894869096, "guild_name": "ShadowT3ch Project Development", "channel_id": 1454369380161814762, "channel_name": "\ud83d\udccc\u300bnotices", "user_id": 1216416508075311156, "username": "zurxvv", "message_id": 1467358692323360919, "extra": {"content_length": 23}}
---
[2026-02-01T03:19:38.540302] [INFO] [MESSAGES] [message_sent] Message sent in 📌》notices
METADATA: {"timestamp": "2026-02-01T03:19:38.540259", "bot_version": "2.6.4", "guild_id": 1439062109894869096, "guild_name": "ShadowT3ch Project Development", "channel_id": 1454369380161814762, "channel_name": "\ud83d\udccc\u300bnotices", "user_id": 1216416508075311156, "username": "zurxvv", "message_id": 1467358709360365850, "extra": {"content_length": 16}}
---
[2026-02-01T03:19:43.297977] [INFO] [MESSAGES] [message_sent] Message sent in 📌》notices
METADATA: {"timestamp": "2026-02-01T03:19:43.297931", "bot_version": "2.6.4", "guild_id": 1439062109894869096, "guild_name": "ShadowT3ch Project Development", "channel_id": 1454369380161814762, "channel_name": "\ud83d\udccc\u300bnotices", "user_id": 1216416508075311156, "username": "zurxvv", "message_id": 1467358729065201910, "extra": {"content_length": 9}}
---
[2026-02-01T03:22:21.524937] [INFO] [MESSAGES] [message_sent] Message sent in 📌》notices
METADATA: {"timestamp": "2026-02-01T03:22:21.524898", "bot_version": "2.6.4", "guild_id": 1439062109894869096, "guild_name": "ShadowT3ch Project Development", "channel_id": 1454369380161814762, "channel_name": "\ud83d\udccc\u300bnotices", "user_id": 1131578044847497246, "username": "jahskeeze", "message_id": 1467359392969134080, "extra": {"content_length": 4}}
---
[2026-02-01T04:15:59.374521] [INFO] [MESSAGES] [message_sent] Message sent in 📌》notices
METADATA: {"timestamp": "2026-02-01T04:15:59.374461", "bot_version": "2.6.4", "guild_id": 1439062109894869096, "guild_name": "ShadowT3ch Project Development", "channel_id": 1454369380161814762, "channel_name": "\ud83d\udccc\u300bnotices", "user_id": 1141232275447631932, "username": "_darknullbyte", "message_id": 1467372889392156877, "extra": {"content_length": 31}}
---
[2026-02-01T04:27:02.120954] [INFO] [MESSAGES] [message_sent] Message sent in 💬》chat
METADATA: {"timestamp": "2026-02-01T04:27:02.120901", "bot_version": "2.6.4", "guild_id": 1439062109894869096, "guild_name": "ShadowT3ch Project Development", "channel_id": 1454369407034855616, "channel_name": "\ud83d\udcac\u300bchat", "user_id": 1141232275447631932, "username": "_darknullbyte", "message_id": 1467375669032915089, "extra": {"content_length": 7}}
---
[2026-02-01T04:27:14.595148] [INFO] [MESSAGES] [message_sent] Message sent in 💬》chat
METADATA: {"timestamp": "2026-02-01T04:27:14.595057", "bot_version": "2.6.4", "guild_id": 1439062109894869096, "guild_name": "ShadowT3ch Project Development", "channel_id": 1454369407034855616, "channel_name": "\ud83d\udcac\u300bchat", "user_id": 1141232275447631932, "username": "_darknullbyte", "message_id": 1467375721574830111, "extra": {"content_length": 6}}
---
[2026-02-01T04:27:20.291159] [INFO] [MESSAGES] [message_sent] Message sent in 💬》chat
METADATA: {"timestamp": "2026-02-01T04:27:20.291115", "bot_version": "2.6.4", "guild_id": 1439062109894869096, "guild_name": "ShadowT3ch Project Development", "channel_id": 1454369407034855616, "channel_name": "\ud83d\udcac\u300bchat", "user_id": 1141232275447631932, "username": "_darknullbyte", "message_id": 1467375745285492758, "extra": {"content_length": 1}}
---
[2026-02-01T04:27:29.741199] [INFO] [MESSAGES] [message_sent] Message sent in 💬》chat
METADATA: {"timestamp": "2026-02-01T04:27:29.741141", "bot_version": "2.6.4", "guild_id": 1439062109894869096, "guild_name": "ShadowT3ch Project Development", "channel_id": 1454369407034855616, "channel_name": "\ud83d\udcac\u300bchat", "user_id": 1141232275447631932, "username": "_darknullbyte", "message_id": 1467375785202548806, "extra": {"content_length": 45}}
---
[2026-02-01T04:27:56.487148] [INFO] [MESSAGES] [message_sent] Message sent in 💬》chat
METADATA: {"timestamp": "2026-02-01T04:27:56.487071", "bot_version": "2.6.4", "guild_id": 1439062109894869096, "guild_name": "ShadowT3ch Project Development", "channel_id": 1454369407034855616, "channel_name": "\ud83d\udcac\u300bchat", "user_id": 1141232275447631932, "username": "_darknullbyte", "message_id": 1467375897353916487, "extra": {"content_length": 32}}
---
