[2025-11-07T02:03:51.953229] [INFO] [MESSAGES] [MessageEdited] User XenBot#7688 edited message in 📌》notices: Before: '...' After: '...' | ID: 1436264879626518608
METADATA: {"timestamp": "2025-11-07T02:03:51.953033", "bot_version": "2.4.0", "guild_id": 1436118893130158090, "channel_id": 1436118894203899998, "user_id": 1436125663378673875, "message_id": 1436264879626518608, "extra": {}}
---
[2025-11-07T06:16:22.059392] [INFO] [MESSAGES] [MessageEdited] User XenBot#7688 edited message in 📌》notices: Before: '...' After: '...' | ID: 1436264879626518608
METADATA: {"timestamp": "2025-11-07T06:16:22.057710", "bot_version": "2.4.0", "guild_id": 1436118893130158090, "channel_id": 1436118894203899998, "user_id": 1436125663378673875, "message_id": 1436264879626518608, "extra": {}}
---
[2025-11-07T09:12:47.182686] [INFO] [MESSAGES] [MessageDeleted] Message deleted in 📌》notices by 2_clickdeath: 'https://discord.com/oauth2/authorize?client_id=1436372140675829880...' | ID: 1436372770165362698
METADATA: {"timestamp": "2025-11-07T09:12:47.182646", "bot_version": "2.4.0", "guild_id": 1436118893130158090, "channel_id": 1436118894203899998, "user_id": 1019698414839156817, "message_id": 1436372770165362698, "extra": {}}
---
[2025-11-07T09:12:48.602253] [INFO] [MESSAGES] [MessageEdited] User XenBot#7688 edited message in ⛔》server-logs: Before: '...' After: '...' | ID: 1436372795012546662
METADATA: {"timestamp": "2025-11-07T09:12:48.602221", "bot_version": "2.4.0", "guild_id": 1436118893130158090, "channel_id": 1436129350243188969, "user_id": 1436125663378673875, "message_id": 1436372795012546662, "extra": {}}
---
[2025-11-07T09:12:50.029354] [INFO] [MESSAGES] [MessageEdited] User ShadowT3ch Security Pro#8634 edited message in ⛔》server-logs: Before: '...' After: '...' | ID: 1436372794043662539
METADATA: {"timestamp": "2025-11-07T09:12:50.029311", "bot_version": "2.4.0", "guild_id": 1436118893130158090, "channel_id": 1436129350243188969, "user_id": 1436123214668501134, "message_id": 1436372794043662539, "extra": {}}
---
[2025-11-07T09:13:22.464245] [INFO] [MESSAGES] [MessageDeleted] Message deleted in 👋🏻》welcome by XenBot#7688: '🚫 Banned ShadowT3ch Test Bot#4601 (ID: 1436372140675829880) - Account too new...' | ID: 1436372795360542791
METADATA: {"timestamp": "2025-11-07T09:13:22.464209", "bot_version": "2.4.0", "guild_id": 1436118893130158090, "channel_id": 1436118894203899996, "user_id": 1436125663378673875, "message_id": 1436372795360542791, "extra": {}}
---
[2025-11-07T09:13:25.537096] [INFO] [MESSAGES] [MessageDeleted] Message deleted in 👋🏻》welcome by 2_clickdeath: 'https://discord.com/oauth2/authorize?client_id=1436372140675829880...' | ID: 1436372882253942825
METADATA: {"timestamp": "2025-11-07T09:13:25.537047", "bot_version": "2.4.0", "guild_id": 1436118893130158090, "channel_id": 1436118894203899996, "user_id": 1019698414839156817, "message_id": 1436372882253942825, "extra": {}}
---
[2025-11-07T09:13:26.379802] [INFO] [MESSAGES] [MessageEdited] User ShadowT3ch Security Pro#8634 edited message in ⛔》server-logs: Before: '...' After: '...' | ID: 1436372947362254979
METADATA: {"timestamp": "2025-11-07T09:13:26.379753", "bot_version": "2.4.0", "guild_id": 1436118893130158090, "channel_id": 1436129350243188969, "user_id": 1436123214668501134, "message_id": 1436372947362254979, "extra": {}}
---
[2025-11-07T09:13:27.631685] [INFO] [MESSAGES] [MessageEdited] User ShadowT3ch Security Pro#8634 edited message in ⛔》server-logs: Before: '...' After: '...' | ID: 1436372900729852006
METADATA: {"timestamp": "2025-11-07T09:13:27.631654", "bot_version": "2.4.0", "guild_id": 1436118893130158090, "channel_id": 1436129350243188969, "user_id": 1436123214668501134, "message_id": 1436372900729852006, "extra": {}}
---
[2025-11-07T09:13:54.758847] [INFO] [MESSAGES] [MessageEdited] User ShadowT3ch Security Pro#8634 edited message in ⛔》server-logs: Before: '...' After: '...' | ID: 1436373103784755373
METADATA: {"timestamp": "2025-11-07T09:13:54.758796", "bot_version": "2.4.0", "guild_id": 1436118893130158090, "channel_id": 1436129350243188969, "user_id": 1436123214668501134, "message_id": 1436373103784755373, "extra": {}}
---
[2025-11-07T09:13:55.492018] [INFO] [MESSAGES] [MessageEdited] User ShadowT3ch Security Pro#8634 edited message in ⛔》server-logs: Before: '...' After: '...' | ID: 1436373102530527415
METADATA: {"timestamp": "2025-11-07T09:13:55.491989", "bot_version": "2.4.0", "guild_id": 1436118893130158090, "channel_id": 1436129350243188969, "user_id": 1436123214668501134, "message_id": 1436373102530527415, "extra": {}}
---
[2025-11-07T09:14:59.241397] [INFO] [MESSAGES] [MessageEdited] User ShadowT3ch Security Pro#8634 edited message in ⛔》server-logs: Before: '...' After: '...' | ID: 1436373373885087774
METADATA: {"timestamp": "2025-11-07T09:14:59.241341", "bot_version": "2.4.0", "guild_id": 1436118893130158090, "channel_id": 1436129350243188969, "user_id": 1436123214668501134, "message_id": 1436373373885087774, "extra": {}}
---
[2025-11-07T09:15:00.125890] [INFO] [MESSAGES] [MessageEdited] User ShadowT3ch Security Pro#8634 edited message in ⛔》server-logs: Before: '...' After: '...' | ID: 1436373374849908946
METADATA: {"timestamp": "2025-11-07T09:15:00.125863", "bot_version": "2.4.0", "guild_id": 1436118893130158090, "channel_id": 1436129350243188969, "user_id": 1436123214668501134, "message_id": 1436373374849908946, "extra": {}}
---
[2025-11-07T11:35:52.872202] [INFO] [MESSAGES] [MessageEdited] User ShadowT3ch Security Pro#8634 edited message in ⛔》server-logs: Before: '...' After: '...' | ID: 1436408830824284341
METADATA: {"timestamp": "2025-11-07T11:35:52.866051", "bot_version": "2.4.0", "guild_id": 1436118893130158090, "channel_id": 1436129350243188969, "user_id": 1436123214668501134, "message_id": 1436408830824284341, "extra": {}}
---
[2025-11-07T11:35:53.925155] [INFO] [MESSAGES] [MessageEdited] User ShadowT3ch Security Pro#8634 edited message in ⛔》server-logs: Before: '...' After: '...' | ID: 1436408830824284341
METADATA: {"timestamp": "2025-11-07T11:35:53.924884", "bot_version": "2.4.0", "guild_id": 1436118893130158090, "channel_id": 1436129350243188969, "user_id": 1436123214668501134, "message_id": 1436408830824284341, "extra": {}}
---
[2025-11-07T18:45:25.555762] [INFO] [MESSAGES] [MessageEdited] User XenBot#7688 edited message in ⛔》server-logs: Before: '...' After: '...' | ID: 1436516923071266837
METADATA: {"timestamp": "2025-11-07T18:45:25.555712", "bot_version": "2.4.0", "guild_id": 1436118893130158090, "channel_id": 1436129350243188969, "user_id": 1436125663378673875, "message_id": 1436516923071266837, "extra": {}}
---
[2025-11-07T19:25:00.041789] [INFO] [MESSAGES] [MessageEdited] User ShadowT3ch Security Pro#8634 edited message in ⛔》server-logs: Before: '...' After: '...' | ID: 1436526889039691877
METADATA: {"timestamp": "2025-11-07T19:25:00.041469", "bot_version": "2.4.0", "guild_id": 1436118893130158090, "channel_id": 1436129350243188969, "user_id": 1436123214668501134, "message_id": 1436526889039691877, "extra": {}}
---
[2025-11-07T19:25:00.811037] [INFO] [MESSAGES] [MessageEdited] User ShadowT3ch Security Pro#8634 edited message in ⛔》server-logs: Before: '...' After: '...' | ID: 1436526889039691877
METADATA: {"timestamp": "2025-11-07T19:25:00.810506", "bot_version": "2.4.0", "guild_id": 1436118893130158090, "channel_id": 1436129350243188969, "user_id": 1436123214668501134, "message_id": 1436526889039691877, "extra": {}}
---
[2025-11-07T19:25:41.461043] [INFO] [MESSAGES] [MessageDeleted] Message deleted in ⛔》server-logs by ShadowT3ch Security Pro#8634: '...' | ID: 1436526889039691877
METADATA: {"timestamp": "2025-11-07T19:25:41.460900", "bot_version": "2.4.0", "guild_id": 1436118893130158090, "channel_id": 1436129350243188969, "user_id": 1436123214668501134, "message_id": 1436526889039691877, "extra": {}}
---
[2025-11-07T19:25:48.795028] [INFO] [MESSAGES] [MessageDeleted] Message deleted in ⛔》server-logs by 2_click_death: '<@1436372140675829880>...' | ID: 1436516899465855007
METADATA: {"timestamp": "2025-11-07T19:25:48.794992", "bot_version": "2.4.0", "guild_id": 1436118893130158090, "channel_id": 1436129350243188969, "user_id": 1019698414839156817, "message_id": 1436516899465855007, "extra": {}}
---
[2025-11-07T19:25:52.689784] [INFO] [MESSAGES] [MessageDeleted] Message deleted in ⛔》server-logs by ShadowT3ch Security Pro#8634: '...' | ID: 1436408830824284341
METADATA: {"timestamp": "2025-11-07T19:25:52.689731", "bot_version": "2.4.0", "guild_id": 1436118893130158090, "channel_id": 1436129350243188969, "user_id": 1436123214668501134, "message_id": 1436408830824284341, "extra": {}}
---
[2025-11-07T19:25:56.861579] [INFO] [MESSAGES] [MessageDeleted] Message deleted in ⛔》server-logs by 2_click_death: '\@everyone...' | ID: 1436374833062477948
METADATA: {"timestamp": "2025-11-07T19:25:56.861532", "bot_version": "2.4.0", "guild_id": 1436118893130158090, "channel_id": 1436129350243188969, "user_id": 1019698414839156817, "message_id": 1436374833062477948, "extra": {}}
---
[2025-11-07T19:26:00.121232] [INFO] [MESSAGES] [MessageDeleted] Message deleted in ⛔》server-logs by 2_click_death: '@every...' | ID: 1436374863722971228
METADATA: {"timestamp": "2025-11-07T19:26:00.121196", "bot_version": "2.4.0", "guild_id": 1436118893130158090, "channel_id": 1436129350243188969, "user_id": 1019698414839156817, "message_id": 1436374863722971228, "extra": {}}
---
