[2025-10-06T03:01:46.053380] [INFO] [MESSAGES] [MessageEdited] User 2_clickdeath edited message in 📰⫸・tech-world-updates: Before: '@everyone 

I tried 325 AI tools , These are the B...' After: '@everyone 

I tried 325 AI tools , These are the B...' | ID: 1424592437598224476
METADATA: {"timestamp": "2025-10-06T03:01:46.053347", "bot_version": "2.4.0", "guild_id": 1414819449474908192, "channel_id": 1414819451022606337, "user_id": 1019698414839156817, "message_id": 1424592437598224476, "extra": {}}
---
[2025-10-06T03:01:50.634917] [INFO] [MESSAGES] [MessageEdited] User 2_clickdeath edited message in 📰⫸・tech-world-updates: Before: '@everyone 

I tried 325 AI tools , These are the B...' After: '@everyone 

I tried 325 AI tools , These are the B...' | ID: 1424592437598224476
METADATA: {"timestamp": "2025-10-06T03:01:50.634876", "bot_version": "2.4.0", "guild_id": 1414819449474908192, "channel_id": 1414819451022606337, "user_id": 1019698414839156817, "message_id": 1424592437598224476, "extra": {}}
---
[2025-10-06T03:01:51.383397] [INFO] [MESSAGES] [MessageEdited] User 2_clickdeath edited message in 📰⫸・tech-world-updates: Before: '@everyone 

I tried 325 AI tools , These are the B...' After: '@everyone 

I tried 325 AI tools , These are the B...' | ID: 1424592437598224476
METADATA: {"timestamp": "2025-10-06T03:01:51.383365", "bot_version": "2.4.0", "guild_id": 1414819449474908192, "channel_id": 1414819451022606337, "user_id": 1019698414839156817, "message_id": 1424592437598224476, "extra": {}}
---
[2025-10-06T17:08:20.660707] [INFO] [MESSAGES] [MessageDeleted] Message deleted in our-ad by 2_clickdeath: '🚀 **Welcome to CryptX!** 🚀

Looking for **top-tier Discord bot development, AI solutions, website cr...' | ID: 1424805486150029313
METADATA: {"timestamp": "2025-10-06T17:08:20.660673", "bot_version": "2.4.0", "guild_id": 1414819449474908192, "channel_id": 1424805345804685414, "user_id": 1019698414839156817, "message_id": 1424805486150029313, "extra": {}}
---
[2025-10-06T17:08:38.865073] [INFO] [MESSAGES] [MessageEdited] User 2_clickdeath edited message in our-ad: Before: 'Here’s a polished ad you can use for your Discord ...' After: 'Here’s a polished ad you can use for your Discord ...' | ID: 1424805562654134403
METADATA: {"timestamp": "2025-10-06T17:08:38.865040", "bot_version": "2.4.0", "guild_id": 1414819449474908192, "channel_id": 1424805345804685414, "user_id": 1019698414839156817, "message_id": 1424805562654134403, "extra": {}}
---
[2025-10-06T17:08:40.598566] [INFO] [MESSAGES] [MessageDeleted] Message deleted in our-ad by 2_clickdeath: 'Here’s a polished ad you can use for your Discord server and website:

---

🚀 **Welcome to CryptX!**...' | ID: 1424805562654134403
METADATA: {"timestamp": "2025-10-06T17:08:40.598526", "bot_version": "2.4.0", "guild_id": 1414819449474908192, "channel_id": 1424805345804685414, "user_id": 1019698414839156817, "message_id": 1424805562654134403, "extra": {}}
---
[2025-10-06T17:09:02.659309] [INFO] [MESSAGES] [MessageDeleted] Message deleted in our-ad by CryptX Securities Pro#8933: '...' | ID: 1424805488767402034
METADATA: {"timestamp": "2025-10-06T17:09:02.659268", "bot_version": "2.4.0", "guild_id": 1414819449474908192, "channel_id": 1424805345804685414, "user_id": 1419082446279938158, "message_id": 1424805488767402034, "extra": {}}
---
[2025-10-06T17:09:38.874222] [INFO] [MESSAGES] [MessageEdited] User 2_clickdeath edited message in our-ad: Before: '🚀 **Welcome to CryptX!** 🚀

Looking for **top-tier...' After: '🚀 **Welcome to CryptX!** 🚀

Looking for **top-tier...' | ID: 1424805814119694416
METADATA: {"timestamp": "2025-10-06T17:09:38.874185", "bot_version": "2.4.0", "guild_id": 1414819449474908192, "channel_id": 1424805345804685414, "user_id": 1019698414839156817, "message_id": 1424805814119694416, "extra": {}}
---
[2025-10-06T17:10:41.790483] [INFO] [MESSAGES] [MessageEdited] User 2_clickdeath edited message in our-ad: Before: 'https://i.postimg.cc/yYgxNb9p/IMG-0273.png...' After: 'https://i.postimg.cc/yYgxNb9p/IMG-0273.png...' | ID: 1424806078197268651
METADATA: {"timestamp": "2025-10-06T17:10:41.790451", "bot_version": "2.4.0", "guild_id": 1414819449474908192, "channel_id": 1424805345804685414, "user_id": 1019698414839156817, "message_id": 1424806078197268651, "extra": {}}
---
[2025-10-06T17:10:49.848998] [INFO] [MESSAGES] [MessageEdited] User XenBot#6444 edited message in our-ad: Before: '...' After: '...' | ID: 1424806115627106304
METADATA: {"timestamp": "2025-10-06T17:10:49.848934", "bot_version": "2.4.0", "guild_id": 1414819449474908192, "channel_id": 1424805345804685414, "user_id": 1424075159576514771, "message_id": 1424806115627106304, "extra": {}}
---
[2025-10-06T17:10:50.856492] [INFO] [MESSAGES] [MessageEdited] User XenBot#6444 edited message in our-ad: Before: '...' After: '...' | ID: 1424806115627106304
METADATA: {"timestamp": "2025-10-06T17:10:50.856457", "bot_version": "2.4.0", "guild_id": 1414819449474908192, "channel_id": 1424805345804685414, "user_id": 1424075159576514771, "message_id": 1424806115627106304, "extra": {}}
---
[2025-10-06T17:10:52.430776] [INFO] [MESSAGES] [MessageEdited] User XenBot#6444 edited message in our-ad: Before: '...' After: '...' | ID: 1424806115627106304
METADATA: {"timestamp": "2025-10-06T17:10:52.430735", "bot_version": "2.4.0", "guild_id": 1414819449474908192, "channel_id": 1424805345804685414, "user_id": 1424075159576514771, "message_id": 1424806115627106304, "extra": {}}
---
[2025-10-06T17:11:35.217451] [INFO] [MESSAGES] [MessageDeleted] Message deleted in our-ad by XenBot#6444: '...' | ID: 1424806115627106304
METADATA: {"timestamp": "2025-10-06T17:11:35.217401", "bot_version": "2.4.0", "guild_id": 1414819449474908192, "channel_id": 1424805345804685414, "user_id": 1424075159576514771, "message_id": 1424806115627106304, "extra": {}}
---
[2025-10-06T17:12:36.445795] [INFO] [MESSAGES] [MessageEdited] User 2_clickdeath edited message in our-ad: Before: 'https://i.postimg.cc/yYgxNb9p/IMG-0273.png...' After: 'https://i.postimg.cc/yYgxNb9p/IMG-0273.png...' | ID: 1424806078197268651
METADATA: {"timestamp": "2025-10-06T17:12:36.445743", "bot_version": "2.4.0", "guild_id": 1414819449474908192, "channel_id": 1424805345804685414, "user_id": 1019698414839156817, "message_id": 1424806078197268651, "extra": {}}
---
