[2025-10-16T12:44:45.642790] [INFO] [MESSAGES] [MessageEdited] User XenBot#6444 edited message in 📤・guild-leave: Before: '...' After: '...' | ID: 1428363031770959963
METADATA: {"timestamp": "2025-10-16T12:44:45.642750", "bot_version": "2.4.0", "guild_id": 1425539343480655886, "channel_id": 1425539345871540451, "user_id": 1424075159576514771, "message_id": 1428363031770959963, "extra": {}}
---
[2025-10-16T12:44:50.365562] [INFO] [MESSAGES] [MessageEdited] User XenBot#6444 edited message in 👋・joins-leaves: Before: '...' After: '...' | ID: 1428363048497713253
METADATA: {"timestamp": "2025-10-16T12:44:50.365523", "bot_version": "2.4.0", "guild_id": 1425539343480655886, "channel_id": 1425539345431003273, "user_id": 1424075159576514771, "message_id": 1428363048497713253, "extra": {}}
---
[2025-10-16T12:44:58.936417] [INFO] [MESSAGES] [MessageEdited] User XenBot#6444 edited message in 📥・guild-join: Before: '...' After: '...' | ID: 1428363049647083540
METADATA: {"timestamp": "2025-10-16T12:44:58.936371", "bot_version": "2.4.0", "guild_id": 1425539343480655886, "channel_id": 1425539345871540450, "user_id": 1424075159576514771, "message_id": 1428363049647083540, "extra": {}}
---
[2025-10-16T12:45:02.187931] [INFO] [MESSAGES] [MessageEdited] User XenBot#6444 edited message in 📤・guild-leave: Before: '...' After: '...' | ID: 1428363031770959963
METADATA: {"timestamp": "2025-10-16T12:45:02.187864", "bot_version": "2.4.0", "guild_id": 1425539343480655886, "channel_id": 1425539345871540451, "user_id": 1424075159576514771, "message_id": 1428363031770959963, "extra": {}}
---
[2025-10-16T12:45:17.228379] [INFO] [MESSAGES] [MessageDeleted] Message deleted in 📤・guild-leave by 2_clickdeath: 'Coming Soon…...' | ID: 1428360249320149042
METADATA: {"timestamp": "2025-10-16T12:45:17.228332", "bot_version": "2.4.0", "guild_id": 1425539343480655886, "channel_id": 1425539345871540451, "user_id": 1019698414839156817, "message_id": 1428360249320149042, "extra": {}}
---
[2025-10-16T12:45:38.299395] [INFO] [MESSAGES] [MessageDeleted] Message deleted in 📛・bot-logs by 2_clickdeath: 'hi...' | ID: 1428363233777029272
METADATA: {"timestamp": "2025-10-16T12:45:38.299354", "bot_version": "2.4.0", "guild_id": 1425539343480655886, "channel_id": 1425539345871540452, "user_id": 1019698414839156817, "message_id": 1428363233777029272, "extra": {}}
---
[2025-10-16T12:45:51.439431] [INFO] [MESSAGES] [MessageDeleted] Message deleted in 📥・guild-join by 2_clickdeath: 'Coming Soon…...' | ID: 1428360224741523707
METADATA: {"timestamp": "2025-10-16T12:45:51.439387", "bot_version": "2.4.0", "guild_id": 1425539343480655886, "channel_id": 1425539345871540450, "user_id": 1019698414839156817, "message_id": 1428360224741523707, "extra": {}}
---
[2025-10-16T12:48:32.135809] [INFO] [MESSAGES] [MessageDeleted] Message deleted in 🎫・support by XenBot#6444: '...' | ID: 1427805255667810364
METADATA: {"timestamp": "2025-10-16T12:48:32.135761", "bot_version": "2.4.0", "guild_id": 1425539343480655886, "channel_id": 1425539345431003276, "user_id": 1424075159576514771, "message_id": 1427805255667810364, "extra": {}}
---
