[2026-02-02T01:54:24.352584] [INFO] [MESSAGES] [message_sent] Message sent in ticket-order-products-1una
METADATA: {"timestamp": "2026-02-02T01:54:24.352545", "bot_version": "2.6.4", "guild_id": 1439062109894869096, "guild_name": "ShadowT3ch Project Development", "channel_id": 1467699561966342329, "channel_name": "ticket-order-products-1una", "user_id": 1216416508075311156, "username": "zurxvv", "message_id": 1467699646745940089, "extra": {"content_length": 3}}
---
[2026-02-02T01:55:12.793536] [INFO] [MESSAGES] [message_sent] Message sent in ticket-order-products-1una
METADATA: {"timestamp": "2026-02-02T01:55:12.793492", "bot_version": "2.6.4", "guild_id": 1439062109894869096, "guild_name": "ShadowT3ch Project Development", "channel_id": 1467699561966342329, "channel_name": "ticket-order-products-1una", "user_id": 1216416508075311156, "username": "zurxvv", "message_id": 1467699849884340401, "extra": {"content_length": 2}}
---
[2026-02-02T01:55:16.172531] [INFO] [MESSAGES] [message_sent] Message sent in ticket-order-products-1una
METADATA: {"timestamp": "2026-02-02T01:55:16.172493", "bot_version": "2.6.4", "guild_id": 1439062109894869096, "guild_name": "ShadowT3ch Project Development", "channel_id": 1467699561966342329, "channel_name": "ticket-order-products-1una", "user_id": 1216416508075311156, "username": "zurxvv", "message_id": 1467699864061349989, "extra": {"content_length": 22}}
---
[2026-02-02T01:55:25.657968] [INFO] [MESSAGES] [message_sent] Message sent in ticket-order-products-1una
METADATA: {"timestamp": "2026-02-02T01:55:25.657920", "bot_version": "2.6.4", "guild_id": 1439062109894869096, "guild_name": "ShadowT3ch Project Development", "channel_id": 1467699561966342329, "channel_name": "ticket-order-products-1una", "user_id": 1019698414839156817, "username": "2clickdeath", "message_id": 1467699903894392873, "extra": {"content_length": 45}}
---
[2026-02-02T01:55:27.897997] [INFO] [MESSAGES] [message_sent] Message sent in ticket-order-products-1una
METADATA: {"timestamp": "2026-02-02T01:55:27.897945", "bot_version": "2.6.4", "guild_id": 1439062109894869096, "guild_name": "ShadowT3ch Project Development", "channel_id": 1467699561966342329, "channel_name": "ticket-order-products-1una", "user_id": 1375085915143274651, "username": "jay2c22_75468", "message_id": 1467699913289629879, "extra": {"content_length": 13}}
---
[2026-02-02T01:55:31.897203] [INFO] [MESSAGES] [message_sent] Message sent in ticket-order-products-1una
METADATA: {"timestamp": "2026-02-02T01:55:31.897167", "bot_version": "2.6.4", "guild_id": 1439062109894869096, "guild_name": "ShadowT3ch Project Development", "channel_id": 1467699561966342329, "channel_name": "ticket-order-products-1una", "user_id": 1216416508075311156, "username": "zurxvv", "message_id": 1467699930033426488, "extra": {"content_length": 2}}
---
[2026-02-02T01:55:33.600610] [INFO] [MESSAGES] [message_sent] Message sent in ticket-order-products-1una
METADATA: {"timestamp": "2026-02-02T01:55:33.600576", "bot_version": "2.6.4", "guild_id": 1439062109894869096, "guild_name": "ShadowT3ch Project Development", "channel_id": 1467699561966342329, "channel_name": "ticket-order-products-1una", "user_id": 1216416508075311156, "username": "zurxvv", "message_id": 1467699937197297685, "extra": {"content_length": 2}}
---
[2026-02-02T01:55:46.728158] [INFO] [MESSAGES] [message_sent] Message sent in ticket-order-products-1una
METADATA: {"timestamp": "2026-02-02T01:55:46.728109", "bot_version": "2.6.4", "guild_id": 1439062109894869096, "guild_name": "ShadowT3ch Project Development", "channel_id": 1467699561966342329, "channel_name": "ticket-order-products-1una", "user_id": 1375085915143274651, "username": "jay2c22_75468", "message_id": 1467699992046342361, "extra": {"content_length": 3}}
---
[2026-02-02T01:55:57.365481] [INFO] [MESSAGES] [message_sent] Message sent in ticket-order-products-1una
METADATA: {"timestamp": "2026-02-02T01:55:57.365412", "bot_version": "2.6.4", "guild_id": 1439062109894869096, "guild_name": "ShadowT3ch Project Development", "channel_id": 1467699561966342329, "channel_name": "ticket-order-products-1una", "user_id": 1216416508075311156, "username": "zurxvv", "message_id": 1467700036849766470, "extra": {"content_length": 34}}
---
[2026-02-02T01:55:57.989323] [INFO] [MESSAGES] [message_sent] Message sent in ticket-order-products-1una
METADATA: {"timestamp": "2026-02-02T01:55:57.989293", "bot_version": "2.6.4", "guild_id": 1439062109894869096, "guild_name": "ShadowT3ch Project Development", "channel_id": 1467699561966342329, "channel_name": "ticket-order-products-1una", "user_id": 1375085915143274651, "username": "jay2c22_75468", "message_id": 1467700037927698524, "extra": {"content_length": 6}}
---
