[2026-02-10T00:46:46.969165] [INFO] [MESSAGES] [message_sent] Message sent in 🛒》purchase
METADATA: {"timestamp": "2026-02-10T00:46:46.969117", "bot_version": "2.6.4", "guild_id": 1467739859992051859, "guild_name": "Shadow.CC [SOON]", "channel_id": 1467739861115998361, "channel_name": "\ud83d\uded2\u300bpurchase", "user_id": 1019698414839156817, "username": "2clickdeath", "message_id": 1470581731705880741, "extra": {"content_length": 59}}
---
[2026-02-10T02:45:07.166221] [INFO] [MESSAGES] [message_sent] Message sent in 👾》supported-games
METADATA: {"timestamp": "2026-02-10T02:45:07.166170", "bot_version": "2.6.4", "guild_id": 1439062109894869096, "guild_name": "ShadowT3ch Project Development", "channel_id": 1457129579041914984, "channel_name": "\ud83d\udc7e\u300bsupported-games", "user_id": 1460071512450269296, "username": "snowofficial313", "message_id": 1470611510551380142, "extra": {"content_length": 322}}
---
[2026-02-10T02:50:06.051153] [INFO] [MESSAGES] [message_sent] Message sent in 👾》supported-games
METADATA: {"timestamp": "2026-02-10T02:50:06.051099", "bot_version": "2.6.4", "guild_id": 1439062109894869096, "guild_name": "ShadowT3ch Project Development", "channel_id": 1457129579041914984, "channel_name": "\ud83d\udc7e\u300bsupported-games", "user_id": 1460071512450269296, "username": "snowofficial313", "message_id": 1470612764421652607, "extra": {"content_length": 577}}
---
[2026-02-10T02:57:53.889759] [INFO] [MESSAGES] [message_sent] Message sent in 👾》supported-games
METADATA: {"timestamp": "2026-02-10T02:57:53.889714", "bot_version": "2.6.4", "guild_id": 1439062109894869096, "guild_name": "ShadowT3ch Project Development", "channel_id": 1457129579041914984, "channel_name": "\ud83d\udc7e\u300bsupported-games", "user_id": 1460071512450269296, "username": "snowofficial313", "message_id": 1470614727611912246, "extra": {"content_length": 67}}
---
[2026-02-10T03:03:34.432711] [INFO] [MESSAGES] [message_sent] Message sent in 💬》chat
METADATA: {"timestamp": "2026-02-10T03:03:34.432663", "bot_version": "2.6.4", "guild_id": 1439062109894869096, "guild_name": "ShadowT3ch Project Development", "channel_id": 1454369407034855616, "channel_name": "\ud83d\udcac\u300bchat", "user_id": 1460071512450269296, "username": "snowofficial313", "message_id": 1470616156371947747, "extra": {"content_length": 29}}
---
[2026-02-10T03:05:44.268241] [INFO] [MESSAGES] [message_sent] Message sent in 💬》chat
METADATA: {"timestamp": "2026-02-10T03:05:44.268196", "bot_version": "2.6.4", "guild_id": 1439062109894869096, "guild_name": "ShadowT3ch Project Development", "channel_id": 1454369407034855616, "channel_name": "\ud83d\udcac\u300bchat", "user_id": 1460071512450269296, "username": "snowofficial313", "message_id": 1470616700725628955, "extra": {"content_length": 205}}
---
[2026-02-10T14:06:53.584637] [INFO] [MESSAGES] [message_sent] Message sent in 🔧》updates
METADATA: {"timestamp": "2026-02-10T14:06:53.584595", "bot_version": "2.6.4", "guild_id": 1467739859992051859, "guild_name": "Shadow.CC [SOON]", "channel_id": 1467739860931706928, "channel_name": "\ud83d\udd27\u300bupdates", "user_id": 1019698414839156817, "username": "2clickdeath", "message_id": 1470783086039011339, "extra": {"content_length": 42}}
---
[2026-02-10T20:03:16.905013] [INFO] [MESSAGES] [message_sent] Message sent in 🛒》purchase
METADATA: {"timestamp": "2026-02-10T20:03:16.904970", "bot_version": "2.6.4", "guild_id": 1467739859992051859, "guild_name": "Shadow.CC [SOON]", "channel_id": 1467739861115998361, "channel_name": "\ud83d\uded2\u300bpurchase", "user_id": 1019698414839156817, "username": "2clickdeath", "message_id": 1470872773999067331, "extra": {"content_length": 29}}
---
