[2026-01-28T00:37:06.884802] [INFO] [MESSAGES] [message_sent] Message sent in 💬》chat
METADATA: {"timestamp": "2026-01-28T00:37:06.884752", "bot_version": "2.6.4", "guild_id": 1439062109894869096, "guild_name": "ShadowT3ch Project Development", "channel_id": 1454369407034855616, "channel_name": "\ud83d\udcac\u300bchat", "user_id": 1131578044847497246, "username": "jahskeeze", "message_id": 1465868256433672304, "extra": {"content_length": 26}}
---
[2026-01-28T15:41:13.349126] [INFO] [MESSAGES] [message_sent] Message sent in general
METADATA: {"timestamp": "2026-01-28T15:41:13.349088", "bot_version": "2.6.4", "guild_id": 1461146262966632585, "guild_name": "Private", "channel_id": 1461146264153358338, "channel_name": "general", "user_id": 1019698414839156817, "username": "2clickdeath", "message_id": 1466095782577836082, "extra": {"content_length": 42}}
---
[2026-01-28T15:49:03.958472] [INFO] [MESSAGES] [message_sent] Message sent in ticket-support-3q4a
METADATA: {"timestamp": "2026-01-28T15:49:03.958430", "bot_version": "2.6.4", "guild_id": 1439062109894869096, "guild_name": "ShadowT3ch Project Development", "channel_id": 1466097697114296642, "channel_name": "ticket-support-3q4a", "user_id": 1414691241077117041, "username": "raremeech", "message_id": 1466097756497248474, "extra": {"content_length": 2}}
---
[2026-01-28T15:49:06.195436] [INFO] [MESSAGES] [message_sent] Message sent in ticket-support-3q4a
METADATA: {"timestamp": "2026-01-28T15:49:06.195397", "bot_version": "2.6.4", "guild_id": 1439062109894869096, "guild_name": "ShadowT3ch Project Development", "channel_id": 1466097697114296642, "channel_name": "ticket-support-3q4a", "user_id": 1361862724740579508, "username": "quoyt", "message_id": 1466097765842026537, "extra": {"content_length": 2}}
---
[2026-01-28T15:49:08.715065] [INFO] [MESSAGES] [message_sent] Message sent in ticket-support-3q4a
METADATA: {"timestamp": "2026-01-28T15:49:08.715020", "bot_version": "2.6.4", "guild_id": 1439062109894869096, "guild_name": "ShadowT3ch Project Development", "channel_id": 1466097697114296642, "channel_name": "ticket-support-3q4a", "user_id": 1414691241077117041, "username": "raremeech", "message_id": 1466097776428585184, "extra": {"content_length": 16}}
---
[2026-01-28T15:49:17.686077] [INFO] [MESSAGES] [message_sent] Message sent in ticket-support-3q4a
METADATA: {"timestamp": "2026-01-28T15:49:17.686043", "bot_version": "2.6.4", "guild_id": 1439062109894869096, "guild_name": "ShadowT3ch Project Development", "channel_id": 1466097697114296642, "channel_name": "ticket-support-3q4a", "user_id": 1361862724740579508, "username": "quoyt", "message_id": 1466097814080848016, "extra": {"content_length": 39}}
---
[2026-01-28T15:49:24.628942] [INFO] [MESSAGES] [message_sent] Message sent in ticket-support-3q4a
METADATA: {"timestamp": "2026-01-28T15:49:24.628896", "bot_version": "2.6.4", "guild_id": 1439062109894869096, "guild_name": "ShadowT3ch Project Development", "channel_id": 1466097697114296642, "channel_name": "ticket-support-3q4a", "user_id": 1414691241077117041, "username": "raremeech", "message_id": 1466097843180671129, "extra": {"content_length": 5}}
---
[2026-01-28T15:49:29.140524] [INFO] [MESSAGES] [message_sent] Message sent in ticket-support-3q4a
METADATA: {"timestamp": "2026-01-28T15:49:29.140489", "bot_version": "2.6.4", "guild_id": 1439062109894869096, "guild_name": "ShadowT3ch Project Development", "channel_id": 1466097697114296642, "channel_name": "ticket-support-3q4a", "user_id": 1361862724740579508, "username": "quoyt", "message_id": 1466097862147575861, "extra": {"content_length": 2}}
---
