[2026-03-09T04:20:36.134+00:00] [INFO    ] [messages    ] [message_create    ] @everyone anyone wanna buy this server? otherwise I will dlete it
META: {"bot_version":"2.6.4","utc_iso":"2026-03-09T04:20:36.134805+00:00","guild_id":1439062109894869096,"guild_name":"ShadowT3ch Project Development","channel_id":1454369380161814762,"channel_name":"📌》notices","user_id":1019698414839156817,"username":"2clickdeath","message_id":1480420013427916920,"has_attachments":false,"attachment_count":0,"attachment_urls":[],"has_embeds":false,"embed_count":0,"mention_count":0,"role_mention_count":0,"jump_url":"https://discord.com/channels/1439062109894869096/1454369380161814762/1480420013427916920","is_reply":false,"is_thread":false}
───────────────────────────────────────
[2026-03-09T04:21:34.460+00:00] [INFO    ] [messages    ] [message_create    ] .serverinfo
META: {"bot_version":"2.6.4","utc_iso":"2026-03-09T04:21:34.460518+00:00","guild_id":1439062109894869096,"guild_name":"ShadowT3ch Project Development","channel_id":1454369380161814762,"channel_name":"📌》notices","user_id":1019698414839156817,"username":"2clickdeath","message_id":1480420257960038430,"has_attachments":false,"attachment_count":0,"attachment_urls":[],"has_embeds":false,"embed_count":0,"mention_count":0,"role_mention_count":0,"jump_url":"https://discord.com/channels/1439062109894869096/1454369380161814762/1480420257960038430","is_reply":false,"is_thread":false}
───────────────────────────────────────
[2026-03-09T04:22:57.994+00:00] [INFO    ] [messages    ] [message_create    ] @everyone anyone wanna buy this server? otherwise I delete it
META: {"bot_version":"2.6.4","utc_iso":"2026-03-09T04:22:57.994378+00:00","guild_id":1419349908850475031,"guild_name":"ShadowT3ch Development Group","channel_id":1456470471234293861,"channel_name":"📌》notices","user_id":1019698414839156817,"username":"2clickdeath","message_id":1480420608331223162,"has_attachments":false,"attachment_count":0,"attachment_urls":[],"has_embeds":false,"embed_count":0,"mention_count":0,"role_mention_count":0,"jump_url":"https://discord.com/channels/1419349908850475031/1456470471234293861/1480420608331223162","is_reply":false,"is_thread":false}
───────────────────────────────────────
[2026-03-09T04:23:01.903+00:00] [INFO    ] [messages    ] [message_create    ] .serverinfo
META: {"bot_version":"2.6.4","utc_iso":"2026-03-09T04:23:01.903870+00:00","guild_id":1419349908850475031,"guild_name":"ShadowT3ch Development Group","channel_id":1456470471234293861,"channel_name":"📌》notices","user_id":1019698414839156817,"username":"2clickdeath","message_id":1480420624827420733,"has_attachments":false,"attachment_count":0,"attachment_urls":[],"has_embeds":false,"embed_count":0,"mention_count":0,"role_mention_count":0,"jump_url":"https://discord.com/channels/1419349908850475031/1456470471234293861/1480420624827420733","is_reply":false,"is_thread":false}
───────────────────────────────────────
[2026-03-09T20:35:38.427+00:00] [INFO    ] [messages    ] [message_create    ] bmw sucks nigga
META: {"bot_version":"2.6.4","utc_iso":"2026-03-09T20:35:38.427329+00:00","guild_id":1439062109894869096,"guild_name":"ShadowT3ch Project Development","channel_id":1454369407034855616,"channel_name":"💬》chat","user_id":1141232275447631932,"username":"_darknullbyte","message_id":1480665389661949963,"has_attachments":false,"attachment_count":0,"attachment_urls":[],"has_embeds":false,"embed_count":0,"reply_to":1480190588711206972,"mention_count":1,"role_mention_count":0,"jump_url":"https://discord.com/channels/1439062109894869096/1454369407034855616/1480665389661949963","is_reply":true,"is_thread":false}
───────────────────────────────────────
[2026-03-09T20:36:17.563+00:00] [INFO    ] [messages    ] [message_create    ] i'm stealing this "It’s not about where you’re from, it’s about where you’re at"
META: {"bot_version":"2.6.4","utc_iso":"2026-03-09T20:36:17.562995+00:00","guild_id":1439062109894869096,"guild_name":"ShadowT3ch Project Development","channel_id":1454369407034855616,"channel_name":"💬》chat","user_id":1141232275447631932,"username":"_darknullbyte","message_id":1480665553835397201,"has_attachments":false,"attachment_count":0,"attachment_urls":[],"has_embeds":false,"embed_count":0,"mention_count":0,"role_mention_count":0,"jump_url":"https://discord.com/channels/1439062109894869096/1454369407034855616/1480665553835397201","is_reply":false,"is_thread":false}
───────────────────────────────────────
[2026-03-09T20:36:19.324+00:00] [INFO    ] [messages    ] [message_create    ] lowk deep
META: {"bot_version":"2.6.4","utc_iso":"2026-03-09T20:36:19.324940+00:00","guild_id":1439062109894869096,"guild_name":"ShadowT3ch Project Development","channel_id":1454369407034855616,"channel_name":"💬》chat","user_id":1141232275447631932,"username":"_darknullbyte","message_id":1480665561225760838,"has_attachments":false,"attachment_count":0,"attachment_urls":[],"has_embeds":false,"embed_count":0,"mention_count":0,"role_mention_count":0,"jump_url":"https://discord.com/channels/1439062109894869096/1454369407034855616/1480665561225760838","is_reply":false,"is_thread":false}
───────────────────────────────────────
[2026-03-09T20:36:23.311+00:00] [INFO    ] [messages    ] [message_create    ] and ima take credit for it too
META: {"bot_version":"2.6.4","utc_iso":"2026-03-09T20:36:23.310958+00:00","guild_id":1439062109894869096,"guild_name":"ShadowT3ch Project Development","channel_id":1454369407034855616,"channel_name":"💬》chat","user_id":1141232275447631932,"username":"_darknullbyte","message_id":1480665577923022919,"has_attachments":false,"attachment_count":0,"attachment_urls":[],"has_embeds":false,"embed_count":0,"mention_count":0,"role_mention_count":0,"jump_url":"https://discord.com/channels/1439062109894869096/1454369407034855616/1480665577923022919","is_reply":false,"is_thread":false}
───────────────────────────────────────
[2026-03-09T20:37:50.663+00:00] [INFO    ] [messages    ] [message_create    ] @everyone Remember that it's not about where you're from, but about where you are now...
META: {"bot_version":"2.6.4","utc_iso":"2026-03-09T20:37:50.663940+00:00","guild_id":1439062109894869096,"guild_name":"ShadowT3ch Project Development","channel_id":1454369380161814762,"channel_name":"📌》notices","user_id":1141232275447631932,"username":"_darknullbyte","message_id":1480665943830167745,"has_attachments":false,"attachment_count":0,"attachment_urls":[],"has_embeds":false,"embed_count":0,"mention_count":0,"role_mention_count":0,"jump_url":"https://discord.com/channels/1439062109894869096/1454369380161814762/1480665943830167745","is_reply":false,"is_thread":false}
───────────────────────────────────────
[2026-03-09T20:38:10.258+00:00] [INFO    ] [messages    ] [message_create    ] True
META: {"bot_version":"2.6.4","utc_iso":"2026-03-09T20:38:10.258417+00:00","guild_id":1439062109894869096,"guild_name":"ShadowT3ch Project Development","channel_id":1454369380161814762,"channel_name":"📌》notices","user_id":1079826643922722848,"username":"iriss.01","message_id":1480666026017296585,"has_attachments":false,"attachment_count":0,"attachment_urls":[],"has_embeds":false,"embed_count":0,"reply_to":1480665943830167745,"mention_count":1,"role_mention_count":0,"jump_url":"https://discord.com/channels/1439062109894869096/1454369380161814762/1480666026017296585","is_reply":true,"is_thread":false}
───────────────────────────────────────
[2026-03-09T20:38:12.873+00:00] [INFO    ] [messages    ] [message_create    ] take care everyone 😮‍💨🤞🏼
META: {"bot_version":"2.6.4","utc_iso":"2026-03-09T20:38:12.873918+00:00","guild_id":1439062109894869096,"guild_name":"ShadowT3ch Project Development","channel_id":1454369380161814762,"channel_name":"📌》notices","user_id":1141232275447631932,"username":"_darknullbyte","message_id":1480666034795974929,"has_attachments":false,"attachment_count":0,"attachment_urls":[],"has_embeds":false,"embed_count":0,"mention_count":0,"role_mention_count":0,"jump_url":"https://discord.com/channels/1439062109894869096/1454369380161814762/1480666034795974929","is_reply":false,"is_thread":false}
───────────────────────────────────────
