[2026-02-11T00:02:30.047332] [INFO] [MESSAGES] [message_sent] Message sent in 💬》chat
METADATA: {"timestamp": "2026-02-11T00:02:30.047274", "bot_version": "2.6.4", "guild_id": 1439062109894869096, "guild_name": "ShadowT3ch Project Development", "channel_id": 1454369407034855616, "channel_name": "\ud83d\udcac\u300bchat", "user_id": 1460071512450269296, "username": "snowofficial313", "message_id": 1470932973854654526, "extra": {"content_length": 0}}
---
[2026-02-11T00:02:59.869642] [INFO] [MESSAGES] [message_sent] Message sent in 💬》chat
METADATA: {"timestamp": "2026-02-11T00:02:59.869599", "bot_version": "2.6.4", "guild_id": 1439062109894869096, "guild_name": "ShadowT3ch Project Development", "channel_id": 1454369407034855616, "channel_name": "\ud83d\udcac\u300bchat", "user_id": 1460071512450269296, "username": "snowofficial313", "message_id": 1470933100736549039, "extra": {"content_length": 75}}
---
[2026-02-11T00:25:04.545375] [INFO] [MESSAGES] [message_sent] Message sent in 🔧》updates
METADATA: {"timestamp": "2026-02-11T00:25:04.545331", "bot_version": "2.6.4", "guild_id": 1467739859992051859, "guild_name": "Shadow.CC [SOON]", "channel_id": 1467739860931706928, "channel_name": "\ud83d\udd27\u300bupdates", "user_id": 1019698414839156817, "username": "2clickdeath", "message_id": 1470938656574537790, "extra": {"content_length": 65}}
---
[2026-02-11T00:54:09.367156] [INFO] [MESSAGES] [message_sent] Message sent in 🔧》updates
METADATA: {"timestamp": "2026-02-11T00:54:09.367104", "bot_version": "2.6.4", "guild_id": 1467739859992051859, "guild_name": "Shadow.CC [SOON]", "channel_id": 1467739860931706928, "channel_name": "\ud83d\udd27\u300bupdates", "user_id": 1019698414839156817, "username": "2clickdeath", "message_id": 1470945974506749952, "extra": {"content_length": 24}}
---
[2026-02-11T01:00:57.189849] [INFO] [MESSAGES] [message_sent] Message sent in ticket-order-products-1una
METADATA: {"timestamp": "2026-02-11T01:00:57.189807", "bot_version": "2.6.4", "guild_id": 1439062109894869096, "guild_name": "ShadowT3ch Project Development", "channel_id": 1467699561966342329, "channel_name": "ticket-order-products-1una", "user_id": 1375085915143274651, "username": "jay2c22_75468", "message_id": 1470947685686313032, "extra": {"content_length": 4}}
---
[2026-02-11T01:01:22.986099] [INFO] [MESSAGES] [message_sent] Message sent in ticket-order-products-1una
METADATA: {"timestamp": "2026-02-11T01:01:22.986033", "bot_version": "2.6.4", "guild_id": 1439062109894869096, "guild_name": "ShadowT3ch Project Development", "channel_id": 1467699561966342329, "channel_name": "ticket-order-products-1una", "user_id": 1375085915143274651, "username": "jay2c22_75468", "message_id": 1470947793706156073, "extra": {"content_length": 30}}
---
[2026-02-11T03:17:21.096810] [INFO] [MESSAGES] [message_sent] Message sent in ticket-order-products-1una
METADATA: {"timestamp": "2026-02-11T03:17:21.096769", "bot_version": "2.6.4", "guild_id": 1439062109894869096, "guild_name": "ShadowT3ch Project Development", "channel_id": 1467699561966342329, "channel_name": "ticket-order-products-1una", "user_id": 1216416508075311156, "username": "zurxvv", "message_id": 1470982011484246151, "extra": {"content_length": 3}}
---
