[2025-10-28T04:06:00.379257] [INFO] [MESSAGES] [MessageDeleted] Message deleted in 🔔・announcements by darknullbyte_: '## ✨ **(I lied)**  
Due to some **unforeseen issues**, I’ve been set back by about **a week**.  
Ori...' | ID: 1432581081902874717
METADATA: {"timestamp": "2025-10-28T04:06:00.379204", "bot_version": "2.4.0", "guild_id": 1425539343480655886, "channel_id": 1431443997431300096, "user_id": 1141232275447631932, "message_id": 1432581081902874717, "extra": {}}
---
[2025-10-28T04:06:24.592782] [INFO] [MESSAGES] [MessageDeleted] Message deleted in 🔔・announcements by darknullbyte_: '## ✨ **(I lied)**  
Ran into a few **unforeseen issues**, so I’ve been set back by about **a week**....' | ID: 1432581198592606289
METADATA: {"timestamp": "2025-10-28T04:06:24.592734", "bot_version": "2.4.0", "guild_id": 1425539343480655886, "channel_id": 1431443997431300096, "user_id": 1141232275447631932, "message_id": 1432581198592606289, "extra": {}}
---
[2025-10-28T04:07:52.101912] [INFO] [MESSAGES] [MessageEdited] User darknullbyte_ edited message in 🔔・announcements: Before: '## ✨ **(I lied)**  
Ran into a few **unforeseen is...' After: '## ✨ **(I lied)**  
Ran into a few **unforeseen is...' | ID: 1432581272567414826
METADATA: {"timestamp": "2025-10-28T04:07:52.101866", "bot_version": "2.4.0", "guild_id": 1425539343480655886, "channel_id": 1431443997431300096, "user_id": 1141232275447631932, "message_id": 1432581272567414826, "extra": {}}
---
[2025-10-28T04:08:36.724565] [INFO] [MESSAGES] [MessageEdited] User darknullbyte_ edited message in 🔔・announcements: Before: '## ✨ **(I lied)**  
Ran into a few **unforeseen is...' After: '## ✨ **(I lied)**  
Ran into a few **unforeseen is...' | ID: 1432581272567414826
METADATA: {"timestamp": "2025-10-28T04:08:36.724517", "bot_version": "2.4.0", "guild_id": 1425539343480655886, "channel_id": 1431443997431300096, "user_id": 1141232275447631932, "message_id": 1432581272567414826, "extra": {}}
---
[2025-10-28T04:10:08.121295] [INFO] [MESSAGES] [MessageEdited] User darknullbyte_ edited message in 🔔・announcements: Before: '## ✨ **(I lied)**  
Ran into a few **unforeseen is...' After: '## ✨ **(I lied)**  
Ran into a few **unforeseen is...' | ID: 1432581272567414826
METADATA: {"timestamp": "2025-10-28T04:10:08.121248", "bot_version": "2.4.0", "guild_id": 1425539343480655886, "channel_id": 1431443997431300096, "user_id": 1141232275447631932, "message_id": 1432581272567414826, "extra": {}}
---
