[2026-02-05T00:05:43.695133] [INFO] [MESSAGES] [message_sent] Message sent in 💬》chat
METADATA: {"timestamp": "2026-02-05T00:05:43.695091", "bot_version": "2.6.4", "guild_id": 1439062109894869096, "guild_name": "ShadowT3ch Project Development", "channel_id": 1454369407034855616, "channel_name": "\ud83d\udcac\u300bchat", "user_id": 1409052537612537977, "username": "18ksluts", "message_id": 1468759460653826320, "extra": {"content_length": 20}}
---
[2026-02-05T03:34:25.930252] [INFO] [MESSAGES] [message_sent] Message sent in 🛒》purchase
METADATA: {"timestamp": "2026-02-05T03:34:25.930196", "bot_version": "2.6.4", "guild_id": 1467739859992051859, "guild_name": "Shadow.CC [SOON]", "channel_id": 1467739861115998361, "channel_name": "\ud83d\uded2\u300bpurchase", "user_id": 1019698414839156817, "username": "2clickdeath", "message_id": 1468811982793867391, "extra": {"content_length": 65}}
---
[2026-02-05T03:34:40.912014] [INFO] [MESSAGES] [message_sent] Message sent in 🛒》purchase
METADATA: {"timestamp": "2026-02-05T03:34:40.911957", "bot_version": "2.6.4", "guild_id": 1467739859992051859, "guild_name": "Shadow.CC [SOON]", "channel_id": 1467739861115998361, "channel_name": "\ud83d\uded2\u300bpurchase", "user_id": 1019698414839156817, "username": "2clickdeath", "message_id": 1468812045549043909, "extra": {"content_length": 14}}
---
[2026-02-05T04:35:11.150160] [INFO] [MESSAGES] [message_sent] Message sent in 🛒》purchase
METADATA: {"timestamp": "2026-02-05T04:35:11.150118", "bot_version": "2.6.4", "guild_id": 1467739859992051859, "guild_name": "Shadow.CC [SOON]", "channel_id": 1467739861115998361, "channel_name": "\ud83d\uded2\u300bpurchase", "user_id": 1019698414839156817, "username": "2clickdeath", "message_id": 1468827271946305590, "extra": {"content_length": 37}}
---
[2026-02-05T08:01:50.657911] [INFO] [MESSAGES] [message_sent] Message sent in 💬》chat
METADATA: {"timestamp": "2026-02-05T08:01:50.657861", "bot_version": "2.6.4", "guild_id": 1439062109894869096, "guild_name": "ShadowT3ch Project Development", "channel_id": 1454369407034855616, "channel_name": "\ud83d\udcac\u300bchat", "user_id": 939011632489713754, "username": "shewantclampz9585", "message_id": 1468879279227015231, "extra": {"content_length": 59}}
---
[2026-02-05T13:24:46.249315] [INFO] [MESSAGES] [message_sent] Message sent in 💬》general
METADATA: {"timestamp": "2026-02-05T13:24:46.249269", "bot_version": "2.6.4", "guild_id": 1419349908850475031, "guild_name": "ShadowT3ch Development Group", "channel_id": 1456473336375677011, "channel_name": "\ud83d\udcac\u300bgeneral", "user_id": 1019698414839156817, "username": "2clickdeath", "message_id": 1468960546391986257, "extra": {"content_length": 37}}
---
[2026-02-05T16:23:29.205877] [INFO] [MESSAGES] [message_sent] Message sent in 💬》chat
METADATA: {"timestamp": "2026-02-05T16:23:29.205824", "bot_version": "2.6.4", "guild_id": 1467739859992051859, "guild_name": "Shadow.CC [SOON]", "channel_id": 1467739860931706922, "channel_name": "\ud83d\udcac\u300bchat", "user_id": 1019698414839156817, "username": "2clickdeath", "message_id": 1469005521678762172, "extra": {"content_length": 5}}
---
[2026-02-05T16:27:56.090651] [INFO] [MESSAGES] [message_sent] Message sent in 💬》chat
METADATA: {"timestamp": "2026-02-05T16:27:56.090600", "bot_version": "2.6.4", "guild_id": 1467739859992051859, "guild_name": "Shadow.CC [SOON]", "channel_id": 1467739860931706922, "channel_name": "\ud83d\udcac\u300bchat", "user_id": 1019698414839156817, "username": "2clickdeath", "message_id": 1469006641021325322, "extra": {"content_length": 50}}
---
[2026-02-05T16:29:25.649565] [INFO] [MESSAGES] [message_sent] Message sent in 🚧》status
METADATA: {"timestamp": "2026-02-05T16:29:25.649521", "bot_version": "2.6.4", "guild_id": 1467739859992051859, "guild_name": "Shadow.CC [SOON]", "channel_id": 1467739860931706929, "channel_name": "\ud83d\udea7\u300bstatus", "user_id": 1019698414839156817, "username": "2clickdeath", "message_id": 1469006870558806059, "extra": {"content_length": 1}}
---
[2026-02-05T16:36:46.224334] [INFO] [MESSAGES] [message_sent] Message sent in ✅》verify
METADATA: {"timestamp": "2026-02-05T16:36:46.224280", "bot_version": "2.6.4", "guild_id": 1467739859992051859, "guild_name": "Shadow.CC [SOON]", "channel_id": 1467739860776255590, "channel_name": "\u2705\u300bverify", "user_id": 1019698414839156817, "username": "2clickdeath", "message_id": 1469008864631328869, "extra": {"content_length": 27}}
---
[2026-02-05T16:37:18.146755] [INFO] [MESSAGES] [message_sent] Message sent in ✅》verify
METADATA: {"timestamp": "2026-02-05T16:37:18.146703", "bot_version": "2.6.4", "guild_id": 1467739859992051859, "guild_name": "Shadow.CC [SOON]", "channel_id": 1467739860776255590, "channel_name": "\u2705\u300bverify", "user_id": 1019698414839156817, "username": "2clickdeath", "message_id": 1469008998568169603, "extra": {"content_length": 10}}
---
