[2026-01-14T13:49:20.605813] [INFO] [MESSAGES] [MessageEdited] User XenBot#2953 edited message in 📭》tickets: Before: '...' After: '...' | ID: 1461069692453126289
METADATA: {"timestamp": "2026-01-14T13:49:20.605745", "bot_version": "2.6.4", "guild_id": 1419349908850475031, "channel_id": 1456473866577772697, "user_id": 1456813600302825593, "message_id": 1461069692453126289, "extra": {}}
---
[2026-01-14T13:49:27.767631] [INFO] [MESSAGES] [MessageDeleted] Message deleted in 💬》chat-with-ai by 2clickdeath: 'hi...' | ID: 1461069710832435374
METADATA: {"timestamp": "2026-01-14T13:49:27.767433", "bot_version": "2.6.4", "guild_id": 1419349908850475031, "channel_id": 1456473934974418955, "user_id": 1019698414839156817, "message_id": 1461069710832435374, "extra": {}}
---
[2026-01-14T13:51:38.624876] [INFO] [MESSAGES] [MessageEdited] User XenBot#2953 edited message in 👥》self-roles: Before: '...' After: '...' | ID: 1461070272152207472
METADATA: {"timestamp": "2026-01-14T13:51:38.624764", "bot_version": "2.6.4", "guild_id": 1419349908850475031, "channel_id": 1456471976720732352, "user_id": 1456813600302825593, "message_id": 1461070272152207472, "extra": {}}
---
[2026-01-14T13:52:45.476436] [INFO] [MESSAGES] [MessageEdited] User ShadowT3ch Security Pro#3888 edited message in ⛔》server-logs: Before: '...' After: '...' | ID: 1461070514435915942
METADATA: {"timestamp": "2026-01-14T13:52:45.476394", "bot_version": "2.6.4", "guild_id": 1419349908850475031, "channel_id": 1456477520818868337, "user_id": 1456559078603227403, "message_id": 1461070514435915942, "extra": {}}
---
[2026-01-14T14:29:49.454524] [INFO] [MESSAGES] [MessageEdited] User ShadowT3ch Security Pro#3888 edited message in ⛔》server-logs: Before: '...' After: '...' | ID: 1461079858326274297
METADATA: {"timestamp": "2026-01-14T14:29:49.454473", "bot_version": "2.6.4", "guild_id": 1419349908850475031, "channel_id": 1456477520818868337, "user_id": 1456559078603227403, "message_id": 1461079858326274297, "extra": {}}
---
[2026-01-14T14:29:53.186110] [INFO] [MESSAGES] [MessageEdited] User ShadowT3ch Security Pro#3888 edited message in ⛔》server-logs: Before: '...' After: '...' | ID: 1461079858326274297
METADATA: {"timestamp": "2026-01-14T14:29:53.185406", "bot_version": "2.6.4", "guild_id": 1419349908850475031, "channel_id": 1456477520818868337, "user_id": 1456559078603227403, "message_id": 1461079858326274297, "extra": {}}
---
[2026-01-14T14:29:54.012886] [INFO] [MESSAGES] [MessageEdited] User ShadowT3ch Security Pro#3888 edited message in ⛔》server-logs: Before: '...' After: '...' | ID: 1461079858326274297
METADATA: {"timestamp": "2026-01-14T14:29:54.012862", "bot_version": "2.6.4", "guild_id": 1419349908850475031, "channel_id": 1456477520818868337, "user_id": 1456559078603227403, "message_id": 1461079858326274297, "extra": {}}
---
