[2025-10-17T01:11:38.423799] [INFO] [MESSAGES] [MessageDeleted] Message deleted in 📪・staff-news by 2_clickdeath: '🚨 NUKE YOUR SERVERS WITH CRYPTX DESTROYER V3! 🚨
@everyone – The Ultimate Discord Annihilation Awaits...' | ID: 1428550842935677062
METADATA: {"timestamp": "2025-10-17T01:11:38.423751", "bot_version": "2.4.0", "guild_id": 1425539343480655886, "channel_id": 1425539345695375436, "user_id": 1019698414839156817, "message_id": 1428550842935677062, "extra": {}}
---
[2025-10-17T01:15:48.907619] [INFO] [MESSAGES] [MessageEdited] User 2_clickdeath edited message in 📪・staff-news: Before: '🎓・staff-chat...' After: '🚨・cryptx-destroyer-v3...' | ID: 1428551914525556817
METADATA: {"timestamp": "2025-10-17T01:15:48.907575", "bot_version": "2.4.0", "guild_id": 1425539343480655886, "channel_id": 1425539345695375436, "user_id": 1019698414839156817, "message_id": 1428551914525556817, "extra": {}}
---
[2025-10-17T15:18:36.205297] [INFO] [MESSAGES] [MessageDeleted] Message deleted in 📡・bot-status by 2_clickdeath: '<@1419077819518025799>...' | ID: 1428764115484016731
METADATA: {"timestamp": "2025-10-17T15:18:36.205249", "bot_version": "2.4.0", "guild_id": 1425539343480655886, "channel_id": 1425539345431003271, "user_id": 1019698414839156817, "message_id": 1428764115484016731, "extra": {}}
---
[2025-10-17T15:42:50.892605] [INFO] [MESSAGES] [MessageEdited] User 2clickdeath edited message in 💬・general: Before: 'https://tenor.com/view/eye-roll-gif-47680259769707...' After: 'https://tenor.com/view/eye-roll-gif-47680259769707...' | ID: 1428770237083287787
METADATA: {"timestamp": "2025-10-17T15:42:50.892574", "bot_version": "2.4.0", "guild_id": 1425539343480655886, "channel_id": 1425539345431003275, "user_id": 1141232275447631932, "message_id": 1428770237083287787, "extra": {}}
---
[2025-10-17T19:35:11.799771] [INFO] [MESSAGES] [MessageEdited] User XenBot#6444 edited message in 👋・joins-leaves: Before: '...' After: '...' | ID: 1428820826764874009
METADATA: {"timestamp": "2025-10-17T19:35:11.799730", "bot_version": "2.4.0", "guild_id": 1425539343480655886, "channel_id": 1425539345431003273, "user_id": 1424075159576514771, "message_id": 1428820826764874009, "extra": {}}
---
[2025-10-17T19:35:14.599568] [INFO] [MESSAGES] [MessageEdited] User XenBot#6444 edited message in 📥・guild-join: Before: '...' After: '...' | ID: 1428820827796668416
METADATA: {"timestamp": "2025-10-17T19:35:14.599525", "bot_version": "2.4.0", "guild_id": 1425539343480655886, "channel_id": 1425539345871540450, "user_id": 1424075159576514771, "message_id": 1428820827796668416, "extra": {}}
---
[2025-10-17T19:35:17.168971] [INFO] [MESSAGES] [MessageEdited] User XenBot#6444 edited message in 📤・guild-leave: Before: '...' After: '...' | ID: 1428820825338941571
METADATA: {"timestamp": "2025-10-17T19:35:17.168924", "bot_version": "2.4.0", "guild_id": 1425539343480655886, "channel_id": 1425539345871540451, "user_id": 1424075159576514771, "message_id": 1428820825338941571, "extra": {}}
---
