[2026-03-07T02:45:10.427+00:00] [INFO    ] [messages    ] [message_edit      ] → ### <a:loading:1438917356075090005> | Processing your URL...
-# Please wait while we process the provided link.
META: {"bot_version":"2.6.4","utc_iso":"2026-03-07T02:45:10.427322+00:00","guild_id":1439062109894869096,"guild_name":"ShadowT3ch Project Development","channel_id":1454369407034855616,"channel_name":"💬》chat","user_id":1383962854587236393,"username":"Zen Bypass#0943","message_id":1479671177529000110,"has_attachments":false,"attachment_count":0,"attachment_urls":[],"has_embeds":false,"embed_count":0,"mention_count":0,"role_mention_count":0,"before_content":""}
───────────────────────────────────────
[2026-03-07T02:45:46.790+00:00] [INFO    ] [messages    ] [message_edit      ] → 
META: {"bot_version":"2.6.4","utc_iso":"2026-03-07T02:45:46.790096+00:00","guild_id":1439062109894869096,"guild_name":"ShadowT3ch Project Development","channel_id":1454369407034855616,"channel_name":"💬》chat","user_id":1383962854587236393,"username":"Zen Bypass#0943","message_id":1479671177529000110,"has_attachments":false,"attachment_count":0,"attachment_urls":[],"has_embeds":false,"embed_count":0,"mention_count":0,"role_mention_count":0,"before_content":"### <a:loading:1438917356075090005> | Processing your URL...\n-# Please wait while we process the provided link."}
───────────────────────────────────────
[2026-03-07T03:34:20.419+00:00] [INFO    ] [messages    ] [message_edit      ] → ### <a:loading:1438917356075090005> | Processing your URL...
-# Please wait while we process the provided link.
META: {"bot_version":"2.6.4","utc_iso":"2026-03-07T03:34:20.419151+00:00","guild_id":1439062109894869096,"guild_name":"ShadowT3ch Project Development","channel_id":1454369407034855616,"channel_name":"💬》chat","user_id":1383962854587236393,"username":"Zen Bypass#0943","message_id":1479683591058493512,"has_attachments":false,"attachment_count":0,"attachment_urls":[],"has_embeds":false,"embed_count":0,"mention_count":0,"role_mention_count":0,"before_content":""}
───────────────────────────────────────
[2026-03-07T03:34:21.485+00:00] [INFO    ] [messages    ] [message_edit      ] → 
META: {"bot_version":"2.6.4","utc_iso":"2026-03-07T03:34:21.485239+00:00","guild_id":1439062109894869096,"guild_name":"ShadowT3ch Project Development","channel_id":1454369407034855616,"channel_name":"💬》chat","user_id":1383962854587236393,"username":"Zen Bypass#0943","message_id":1479683591058493512,"has_attachments":false,"attachment_count":0,"attachment_urls":[],"has_embeds":false,"embed_count":0,"mention_count":0,"role_mention_count":0,"before_content":"### <a:loading:1438917356075090005> | Processing your URL...\n-# Please wait while we process the provided link."}
───────────────────────────────────────
[2026-03-07T06:05:47.034+00:00] [INFO    ] [messages    ] [message_edit      ] → ### <a:loading:1438917356075090005> | Processing your URL...
-# Please wait while we process the provided link.
META: {"bot_version":"2.6.4","utc_iso":"2026-03-07T06:05:47.034193+00:00","guild_id":1439062109894869096,"guild_name":"ShadowT3ch Project Development","channel_id":1454369407034855616,"channel_name":"💬》chat","user_id":1383962854587236393,"username":"Zen Bypass#0943","message_id":1479721703474069658,"has_attachments":false,"attachment_count":0,"attachment_urls":[],"has_embeds":false,"embed_count":0,"mention_count":0,"role_mention_count":0,"before_content":""}
───────────────────────────────────────
[2026-03-07T06:05:47.609+00:00] [INFO    ] [messages    ] [message_edit      ] → 
META: {"bot_version":"2.6.4","utc_iso":"2026-03-07T06:05:47.609113+00:00","guild_id":1439062109894869096,"guild_name":"ShadowT3ch Project Development","channel_id":1454369407034855616,"channel_name":"💬》chat","user_id":1383962854587236393,"username":"Zen Bypass#0943","message_id":1479721703474069658,"has_attachments":false,"attachment_count":0,"attachment_urls":[],"has_embeds":false,"embed_count":0,"mention_count":0,"role_mention_count":0,"before_content":"### <a:loading:1438917356075090005> | Processing your URL...\n-# Please wait while we process the provided link."}
───────────────────────────────────────
[2026-03-07T13:56:04.746+00:00] [INFO    ] [messages    ] [message_edit      ] → ### <a:loading:1438917356075090005> | Processing your URL...
-# Please wait while we process the provided link.
META: {"bot_version":"2.6.4","utc_iso":"2026-03-07T13:56:04.746163+00:00","guild_id":1439062109894869096,"guild_name":"ShadowT3ch Project Development","channel_id":1454369407034855616,"channel_name":"💬》chat","user_id":1383962854587236393,"username":"Zen Bypass#0943","message_id":1479840055634952396,"has_attachments":false,"attachment_count":0,"attachment_urls":[],"has_embeds":false,"embed_count":0,"mention_count":0,"role_mention_count":0,"before_content":""}
───────────────────────────────────────
[2026-03-07T13:56:05.424+00:00] [INFO    ] [messages    ] [message_edit      ] → <:xmark2:1438055775464591503> | The URL you provided is not supported.
META: {"bot_version":"2.6.4","utc_iso":"2026-03-07T13:56:05.424437+00:00","guild_id":1439062109894869096,"guild_name":"ShadowT3ch Project Development","channel_id":1454369407034855616,"channel_name":"💬》chat","user_id":1383962854587236393,"username":"Zen Bypass#0943","message_id":1479840055634952396,"has_attachments":false,"attachment_count":0,"attachment_urls":[],"has_embeds":false,"embed_count":0,"mention_count":0,"role_mention_count":0,"before_content":"### <a:loading:1438917356075090005> | Processing your URL...\n-# Please wait while we process the provided link."}
───────────────────────────────────────
[2026-03-07T13:58:52.989+00:00] [INFO    ] [messages    ] [message_edit      ] → ### <a:loading:1438917356075090005> | Processing your URL...
-# Please wait while we process the provided link.
META: {"bot_version":"2.6.4","utc_iso":"2026-03-07T13:58:52.989713+00:00","guild_id":1439062109894869096,"guild_name":"ShadowT3ch Project Development","channel_id":1454369407034855616,"channel_name":"💬》chat","user_id":1383962854587236393,"username":"Zen Bypass#0943","message_id":1479840764266807427,"has_attachments":false,"attachment_count":0,"attachment_urls":[],"has_embeds":false,"embed_count":0,"mention_count":0,"role_mention_count":0,"before_content":""}
───────────────────────────────────────
[2026-03-07T13:59:04.283+00:00] [INFO    ] [messages    ] [message_edit      ] → 
META: {"bot_version":"2.6.4","utc_iso":"2026-03-07T13:59:04.283127+00:00","guild_id":1439062109894869096,"guild_name":"ShadowT3ch Project Development","channel_id":1454369407034855616,"channel_name":"💬》chat","user_id":1383962854587236393,"username":"Zen Bypass#0943","message_id":1479840764266807427,"has_attachments":false,"attachment_count":0,"attachment_urls":[],"has_embeds":false,"embed_count":0,"mention_count":0,"role_mention_count":0,"before_content":"### <a:loading:1438917356075090005> | Processing your URL...\n-# Please wait while we process the provided link."}
───────────────────────────────────────
[2026-03-07T19:28:13.060+00:00] [INFO    ] [messages    ] [message_create    ] discordapp.com/invite/HsdPHSsq
META: {"bot_version":"2.6.4","utc_iso":"2026-03-07T19:28:13.060410+00:00","guild_id":1407135363138588803,"guild_name":"Rin’s Anime World","channel_id":1407135364014932033,"channel_name":"💬chatting","user_id":1475423846621384821,"username":"davidlucerof430","message_id":1479923646259789825,"has_attachments":false,"attachment_count":0,"attachment_urls":[],"has_embeds":false,"embed_count":0,"mention_count":0,"role_mention_count":0,"jump_url":"https://discord.com/channels/1407135363138588803/1407135364014932033/1479923646259789825","is_reply":false,"is_thread":false}
───────────────────────────────────────
[2026-03-07T19:28:16.271+00:00] [INFO    ] [messages    ] [message_create    ] discordapp.com/invite/HsdPHSsq
META: {"bot_version":"2.6.4","utc_iso":"2026-03-07T19:28:16.271524+00:00","guild_id":1407135363138588803,"guild_name":"Rin’s Anime World","channel_id":1407135364014932034,"channel_name":"😂memes","user_id":1475423846621384821,"username":"davidlucerof430","message_id":1479923659824169204,"has_attachments":false,"attachment_count":0,"attachment_urls":[],"has_embeds":false,"embed_count":0,"mention_count":0,"role_mention_count":0,"jump_url":"https://discord.com/channels/1407135363138588803/1407135364014932034/1479923659824169204","is_reply":false,"is_thread":false}
───────────────────────────────────────
[2026-03-07T19:28:18.173+00:00] [INFO    ] [messages    ] [message_create    ] discordapp.com/invite/HsdPHSsq
META: {"bot_version":"2.6.4","utc_iso":"2026-03-07T19:28:18.173818+00:00","guild_id":1407135363138588803,"guild_name":"Rin’s Anime World","channel_id":1407135364014932035,"channel_name":"📷media","user_id":1475423846621384821,"username":"davidlucerof430","message_id":1479923667491361024,"has_attachments":false,"attachment_count":0,"attachment_urls":[],"has_embeds":false,"embed_count":0,"mention_count":0,"role_mention_count":0,"jump_url":"https://discord.com/channels/1407135363138588803/1407135364014932035/1479923667491361024","is_reply":false,"is_thread":false}
───────────────────────────────────────
[2026-03-07T19:28:20.096+00:00] [INFO    ] [messages    ] [message_create    ] discordapp.com/invite/HsdPHSsq
META: {"bot_version":"2.6.4","utc_iso":"2026-03-07T19:28:20.096606+00:00","guild_id":1407135363138588803,"guild_name":"Rin’s Anime World","channel_id":1407135364014932036,"channel_name":"🎞anime","user_id":1475423846621384821,"username":"davidlucerof430","message_id":1479923675699613838,"has_attachments":false,"attachment_count":0,"attachment_urls":[],"has_embeds":false,"embed_count":0,"mention_count":0,"role_mention_count":0,"jump_url":"https://discord.com/channels/1407135363138588803/1407135364014932036/1479923675699613838","is_reply":false,"is_thread":false}
───────────────────────────────────────
[2026-03-07T19:28:21.966+00:00] [INFO    ] [messages    ] [message_create    ] discordapp.com/invite/HsdPHSsq
META: {"bot_version":"2.6.4","utc_iso":"2026-03-07T19:28:21.966506+00:00","guild_id":1407135363138588803,"guild_name":"Rin’s Anime World","channel_id":1407135369484308520,"channel_name":"⚙bot-cmds","user_id":1475423846621384821,"username":"davidlucerof430","message_id":1479923683895021691,"has_attachments":false,"attachment_count":0,"attachment_urls":[],"has_embeds":false,"embed_count":0,"mention_count":0,"role_mention_count":0,"jump_url":"https://discord.com/channels/1407135363138588803/1407135369484308520/1479923683895021691","is_reply":false,"is_thread":false}
───────────────────────────────────────
