[2026-03-08T00:34:47.477+00:00] [INFO    ] [messages    ] [message_create    ] What he post?
META: {"bot_version":"2.6.4","utc_iso":"2026-03-08T00:34:47.476988+00:00","guild_id":1407135363138588803,"guild_name":"Rin’s Anime World","channel_id":1407135364014932033,"channel_name":"💬chatting","user_id":1019698414839156817,"username":"2clickdeath","message_id":1480000797986132019,"has_attachments":false,"attachment_count":0,"attachment_urls":[],"has_embeds":false,"embed_count":0,"reply_to":1479986327934996633,"mention_count":1,"role_mention_count":0,"jump_url":"https://discord.com/channels/1407135363138588803/1407135364014932033/1480000797986132019","is_reply":true,"is_thread":false}
───────────────────────────────────────
[2026-03-08T00:42:26.578+00:00] [INFO    ] [messages    ] [message_create    ] NSFW fake server
META: {"bot_version":"2.6.4","utc_iso":"2026-03-08T00:42:26.578250+00:00","guild_id":1407135363138588803,"guild_name":"Rin’s Anime World","channel_id":1407135364014932033,"channel_name":"💬chatting","user_id":1079826643922722848,"username":"iriss.01","message_id":1480002723738030103,"has_attachments":false,"attachment_count":0,"attachment_urls":[],"has_embeds":false,"embed_count":0,"reply_to":1480000797986132019,"mention_count":1,"role_mention_count":0,"jump_url":"https://discord.com/channels/1407135363138588803/1407135364014932033/1480002723738030103","is_reply":true,"is_thread":false}
───────────────────────────────────────
[2026-03-08T00:42:35.005+00:00] [INFO    ] [messages    ] [message_create    ] it could be used for bait or as a Scam
META: {"bot_version":"2.6.4","utc_iso":"2026-03-08T00:42:35.005104+00:00","guild_id":1407135363138588803,"guild_name":"Rin’s Anime World","channel_id":1407135364014932033,"channel_name":"💬chatting","user_id":1079826643922722848,"username":"iriss.01","message_id":1480002759297204336,"has_attachments":false,"attachment_count":0,"attachment_urls":[],"has_embeds":false,"embed_count":0,"mention_count":0,"role_mention_count":0,"jump_url":"https://discord.com/channels/1407135363138588803/1407135364014932033/1480002759297204336","is_reply":false,"is_thread":false}
───────────────────────────────────────
[2026-03-08T00:44:08.601+00:00] [INFO    ] [messages    ] [message_create    ] it us
META: {"bot_version":"2.6.4","utc_iso":"2026-03-08T00:44:08.601442+00:00","guild_id":1407135363138588803,"guild_name":"Rin’s Anime World","channel_id":1407135364014932033,"channel_name":"💬chatting","user_id":1019698414839156817,"username":"2clickdeath","message_id":1480003151921807593,"has_attachments":false,"attachment_count":0,"attachment_urls":[],"has_embeds":false,"embed_count":0,"mention_count":0,"role_mention_count":0,"jump_url":"https://discord.com/channels/1407135363138588803/1407135364014932033/1480003151921807593","is_reply":false,"is_thread":false}
───────────────────────────────────────
[2026-03-08T00:44:12.853+00:00] [INFO    ] [messages    ] [message_edit      ] → it is
META: {"bot_version":"2.6.4","utc_iso":"2026-03-08T00:44:12.853660+00:00","guild_id":1407135363138588803,"guild_name":"Rin’s Anime World","channel_id":1407135364014932033,"channel_name":"💬chatting","user_id":1019698414839156817,"username":"2clickdeath","message_id":1480003151921807593,"has_attachments":false,"attachment_count":0,"attachment_urls":[],"has_embeds":false,"embed_count":0,"mention_count":0,"role_mention_count":0,"before_content":"it us"}
───────────────────────────────────────
[2026-03-08T00:44:15.223+00:00] [INFO    ] [messages    ] [message_create    ] ban him
META: {"bot_version":"2.6.4","utc_iso":"2026-03-08T00:44:15.222963+00:00","guild_id":1407135363138588803,"guild_name":"Rin’s Anime World","channel_id":1407135364014932033,"channel_name":"💬chatting","user_id":1019698414839156817,"username":"2clickdeath","message_id":1480003179516137473,"has_attachments":false,"attachment_count":0,"attachment_urls":[],"has_embeds":false,"embed_count":0,"mention_count":0,"role_mention_count":0,"jump_url":"https://discord.com/channels/1407135363138588803/1407135364014932033/1480003179516137473","is_reply":false,"is_thread":false}
───────────────────────────────────────
[2026-03-08T05:16:26.287+00:00] [INFO    ] [messages    ] [message_create    ] i will
META: {"bot_version":"2.6.4","utc_iso":"2026-03-08T05:16:26.287070+00:00","guild_id":1407135363138588803,"guild_name":"Rin’s Anime World","channel_id":1407135364014932033,"channel_name":"💬chatting","user_id":1079826643922722848,"username":"iriss.01","message_id":1480071676623454250,"has_attachments":false,"attachment_count":0,"attachment_urls":[],"has_embeds":false,"embed_count":0,"mention_count":0,"role_mention_count":0,"jump_url":"https://discord.com/channels/1407135363138588803/1407135364014932033/1480071676623454250","is_reply":false,"is_thread":false}
───────────────────────────────────────
[2026-03-08T06:13:32.534+00:00] [INFO    ] [messages    ] [message_edit      ] → ### <a:loading:1438917356075090005> | Processing your URL...
-# Please wait while we process the provided link.
META: {"bot_version":"2.6.4","utc_iso":"2026-03-08T06:13:32.534362+00:00","guild_id":1439062109894869096,"guild_name":"ShadowT3ch Project Development","channel_id":1454369407034855616,"channel_name":"💬》chat","user_id":1383962854587236393,"username":"Zen Bypass#0943","message_id":1480086039929557022,"has_attachments":false,"attachment_count":0,"attachment_urls":[],"has_embeds":false,"embed_count":0,"mention_count":0,"role_mention_count":0,"before_content":""}
───────────────────────────────────────
[2026-03-08T06:14:09.157+00:00] [INFO    ] [messages    ] [message_edit      ] → 
META: {"bot_version":"2.6.4","utc_iso":"2026-03-08T06:14:09.157608+00:00","guild_id":1439062109894869096,"guild_name":"ShadowT3ch Project Development","channel_id":1454369407034855616,"channel_name":"💬》chat","user_id":1383962854587236393,"username":"Zen Bypass#0943","message_id":1480086039929557022,"has_attachments":false,"attachment_count":0,"attachment_urls":[],"has_embeds":false,"embed_count":0,"mention_count":0,"role_mention_count":0,"before_content":"### <a:loading:1438917356075090005> | Processing your URL...\n-# Please wait while we process the provided link."}
───────────────────────────────────────
[2026-03-08T13:08:57.032+00:00] [INFO    ] [messages    ] [message_create    ] Yo where’s the script
META: {"bot_version":"2.6.4","utc_iso":"2026-03-08T13:08:57.032896+00:00","guild_id":1439062109894869096,"guild_name":"ShadowT3ch Project Development","channel_id":1454369407034855616,"channel_name":"💬》chat","user_id":1133423215063072870,"username":"thepunjabigoat","message_id":1480190588711206972,"has_attachments":false,"attachment_count":0,"attachment_urls":[],"has_embeds":false,"embed_count":0,"mention_count":0,"role_mention_count":0,"jump_url":"https://discord.com/channels/1439062109894869096/1454369407034855616/1480190588711206972","is_reply":false,"is_thread":false}
───────────────────────────────────────
[2026-03-08T16:27:40.721+00:00] [INFO    ] [messages    ] [message_create    ] discord.com/invite/YDMeaDQM
META: {"bot_version":"2.6.4","utc_iso":"2026-03-08T16:27:40.721566+00:00","guild_id":1439062109894869096,"guild_name":"ShadowT3ch Project Development","channel_id":1454369407034855616,"channel_name":"💬》chat","user_id":1342973772059115581,"username":"pcf.drench","message_id":1480240600300126381,"has_attachments":false,"attachment_count":0,"attachment_urls":[],"has_embeds":false,"embed_count":0,"mention_count":0,"role_mention_count":0,"jump_url":"https://discord.com/channels/1439062109894869096/1454369407034855616/1480240600300126381","is_reply":false,"is_thread":false}
───────────────────────────────────────
[2026-03-08T16:27:44.760+00:00] [INFO    ] [messages    ] [message_create    ] discord.com/invite/YDMeaDQM
META: {"bot_version":"2.6.4","utc_iso":"2026-03-08T16:27:44.760598+00:00","guild_id":1439062109894869096,"guild_name":"ShadowT3ch Project Development","channel_id":1454369389749993514,"channel_name":"⭐》feedback","user_id":1342973772059115581,"username":"pcf.drench","message_id":1480240617136062555,"has_attachments":false,"attachment_count":0,"attachment_urls":[],"has_embeds":false,"embed_count":0,"mention_count":0,"role_mention_count":0,"jump_url":"https://discord.com/channels/1439062109894869096/1454369389749993514/1480240617136062555","is_reply":false,"is_thread":false}
───────────────────────────────────────
[2026-03-08T18:26:34.709+00:00] [INFO    ] [messages    ] [message_create    ] Where’s iPad?
META: {"bot_version":"2.6.4","utc_iso":"2026-03-08T18:26:34.709201+00:00","guild_id":1439062109894869096,"guild_name":"ShadowT3ch Project Development","channel_id":1454369407034855616,"channel_name":"💬》chat","user_id":1117512716819632178,"username":"kyy.playboi","message_id":1480270522104418569,"has_attachments":false,"attachment_count":0,"attachment_urls":[],"has_embeds":false,"embed_count":0,"mention_count":0,"role_mention_count":0,"jump_url":"https://discord.com/channels/1439062109894869096/1454369407034855616/1480270522104418569","is_reply":false,"is_thread":false}
───────────────────────────────────────
