[2025-10-14T15:06:20.716631] [INFO] [MESSAGES] [MessageDeleted] Message deleted in 💬・cryptx-ai by 2_clickdeath: 'hu...' | ID: 1427673876262944778
METADATA: {"timestamp": "2025-10-14T15:06:20.716586", "bot_version": "2.4.0", "guild_id": 1425539343480655886, "channel_id": 1427671849902280809, "user_id": 1019698414839156817, "message_id": 1427673876262944778, "extra": {}}
---
[2025-10-14T22:41:01.761049] [INFO] [MESSAGES] [MessageDeleted] Message deleted in 💬・cryptx-ai by XenBot#6444: '...' | ID: 1427788294346899538
METADATA: {"timestamp": "2025-10-14T22:41:01.761007", "bot_version": "2.4.0", "guild_id": 1425539343480655886, "channel_id": 1427671849902280809, "user_id": 1424075159576514771, "message_id": 1427788294346899538, "extra": {}}
---
[2025-10-14T22:41:06.573616] [INFO] [MESSAGES] [MessageDeleted] Message deleted in 💬・cryptx-ai by 2_clickdeath: '`/setup log_channel:#📥⫸・moderation-logs ticket_category:1414964899032993882 welcome_channel:#🎉⫸・welc...' | ID: 1427787508246253719
METADATA: {"timestamp": "2025-10-14T22:41:06.573568", "bot_version": "2.4.0", "guild_id": 1425539343480655886, "channel_id": 1427671849902280809, "user_id": 1019698414839156817, "message_id": 1427787508246253719, "extra": {}}
---
[2025-10-14T22:45:16.605331] [INFO] [MESSAGES] [MessageEdited] User CryptX Securities Pro#8933 edited message in 📛・bot-logs: Before: '...' After: '...' | ID: 1427789382785564745
METADATA: {"timestamp": "2025-10-14T22:45:16.605284", "bot_version": "2.4.0", "guild_id": 1425539343480655886, "channel_id": 1425539345871540452, "user_id": 1419082446279938158, "message_id": 1427789382785564745, "extra": {}}
---
[2025-10-14T23:31:57.333027] [INFO] [MESSAGES] [MessageDeleted] Message deleted in 💬・cryptx-ai by CryptX AI#6574: 'CryptX AI version 1.5.3...' | ID: 1427801098969813003
METADATA: {"timestamp": "2025-10-14T23:31:57.332984", "bot_version": "2.4.0", "guild_id": 1425539343480655886, "channel_id": 1427671849902280809, "user_id": 1418336071456002173, "message_id": 1427801098969813003, "extra": {}}
---
[2025-10-14T23:43:37.902479] [INFO] [MESSAGES] [MessageEdited] User 2_clickdeath edited message in 💬・cryptx-ai: Before: 'who mad eyou...' After: 'who made you...' | ID: 1427804040779272383
METADATA: {"timestamp": "2025-10-14T23:43:37.902433", "bot_version": "2.4.0", "guild_id": 1425539343480655886, "channel_id": 1427671849902280809, "user_id": 1019698414839156817, "message_id": 1427804040779272383, "extra": {}}
---
[2025-10-14T23:48:24.497656] [INFO] [MESSAGES] [MessageDeleted] Message deleted in 🎫・support by 2_clickdeath: '/tik...' | ID: 1427805241490931886
METADATA: {"timestamp": "2025-10-14T23:48:24.497613", "bot_version": "2.4.0", "guild_id": 1425539343480655886, "channel_id": 1425539345431003276, "user_id": 1019698414839156817, "message_id": 1427805241490931886, "extra": {}}
---
[2025-10-14T23:53:53.565746] [INFO] [MESSAGES] [MessageDeleted] Message deleted in 📜・changelog by XenBot#6444: '...' | ID: 1427805705775218759
METADATA: {"timestamp": "2025-10-14T23:53:53.565703", "bot_version": "2.4.0", "guild_id": 1425539343480655886, "channel_id": 1425539345431003270, "user_id": 1424075159576514771, "message_id": 1427805705775218759, "extra": {}}
---
[2025-10-14T23:54:33.275791] [INFO] [MESSAGES] [MessageDeleted] Message deleted in 📡・bot-status by 2_clickdeath: '<@1417672295203471420> : 🟢 
<@1424075159576514771> : 🟢 
<@1419082446279938158> : 🟢 
<@14190778195180...' | ID: 1427671478987653191
METADATA: {"timestamp": "2025-10-14T23:54:33.275745", "bot_version": "2.4.0", "guild_id": 1425539343480655886, "channel_id": 1425539345431003271, "user_id": 1019698414839156817, "message_id": 1427671478987653191, "extra": {}}
---
