[2025-10-31T00:28:28.733021] [INFO] [MESSAGES] [MessageDeleted] Message deleted in 🔔・announcements by 2_clickdeath: 'UC4_pUCBDQAGcZk2Q1fos1cQ...' | ID: 1433613372183675081
METADATA: {"timestamp": "2025-10-31T00:28:28.732978", "bot_version": "2.4.0", "guild_id": 1425539343480655886, "channel_id": 1431443997431300096, "user_id": 1019698414839156817, "message_id": 1433613372183675081, "extra": {}}
---
[2025-10-31T00:32:28.521776] [INFO] [MESSAGES] [MessageEdited] User XenBot#6444 edited message in 🔔・announcements: Before: '...' After: '...' | ID: 1433614567522701433
METADATA: {"timestamp": "2025-10-31T00:32:28.521739", "bot_version": "2.4.0", "guild_id": 1425539343480655886, "channel_id": 1431443997431300096, "user_id": 1424075159576514771, "message_id": 1433614567522701433, "extra": {}}
---
[2025-10-31T00:32:30.219467] [INFO] [MESSAGES] [MessageEdited] User XenBot#6444 edited message in 🔔・announcements: Before: '...' After: '...' | ID: 1433614567522701433
METADATA: {"timestamp": "2025-10-31T00:32:30.219426", "bot_version": "2.4.0", "guild_id": 1425539343480655886, "channel_id": 1431443997431300096, "user_id": 1424075159576514771, "message_id": 1433614567522701433, "extra": {}}
---
[2025-10-31T00:33:51.394314] [INFO] [MESSAGES] [MessageDeleted] Message deleted in 🔔・announcements by XenBot#6444: '...' | ID: 1433614567522701433
METADATA: {"timestamp": "2025-10-31T00:33:51.394183", "bot_version": "2.4.0", "guild_id": 1425539343480655886, "channel_id": 1431443997431300096, "user_id": 1424075159576514771, "message_id": 1433614567522701433, "extra": {}}
---
[2025-10-31T00:34:01.211947] [INFO] [MESSAGES] [MessageEdited] User XenBot#6444 edited message in 🔔・announcements: Before: '...' After: '...' | ID: 1433614955311268060
METADATA: {"timestamp": "2025-10-31T00:34:01.211903", "bot_version": "2.4.0", "guild_id": 1425539343480655886, "channel_id": 1431443997431300096, "user_id": 1424075159576514771, "message_id": 1433614955311268060, "extra": {}}
---
[2025-10-31T00:34:07.681484] [INFO] [MESSAGES] [MessageEdited] User XenBot#6444 edited message in 🔔・announcements: Before: '...' After: '...' | ID: 1433614955311268060
METADATA: {"timestamp": "2025-10-31T00:34:07.681437", "bot_version": "2.4.0", "guild_id": 1425539343480655886, "channel_id": 1431443997431300096, "user_id": 1424075159576514771, "message_id": 1433614955311268060, "extra": {}}
---
[2025-10-31T00:34:16.264492] [INFO] [MESSAGES] [MessageDeleted] Message deleted in 🔔・announcements by XenBot#6444: '...' | ID: 1433614955311268060
METADATA: {"timestamp": "2025-10-31T00:34:16.264448", "bot_version": "2.4.0", "guild_id": 1425539343480655886, "channel_id": 1431443997431300096, "user_id": 1424075159576514771, "message_id": 1433614955311268060, "extra": {}}
---
[2025-10-31T00:36:17.590633] [INFO] [MESSAGES] [MessageEdited] User XenBot#6444 edited message in 🔔・announcements: Before: '...' After: '...' | ID: 1433615518819946497
METADATA: {"timestamp": "2025-10-31T00:36:17.590596", "bot_version": "2.4.0", "guild_id": 1425539343480655886, "channel_id": 1431443997431300096, "user_id": 1424075159576514771, "message_id": 1433615518819946497, "extra": {}}
---
[2025-10-31T00:41:57.968083] [INFO] [MESSAGES] [MessageEdited] User XenBot#6444 edited message in 🔔・announcements: Before: '...' After: '...' | ID: 1433616776926855259
METADATA: {"timestamp": "2025-10-31T00:41:57.968035", "bot_version": "2.4.0", "guild_id": 1425539343480655886, "channel_id": 1431443997431300096, "user_id": 1424075159576514771, "message_id": 1433616776926855259, "extra": {}}
---
[2025-10-31T00:43:00.520711] [INFO] [MESSAGES] [MessageDeleted] Message deleted in 🔔・announcements by XenBot#6444: '...' | ID: 1433616776926855259
METADATA: {"timestamp": "2025-10-31T00:43:00.520655", "bot_version": "2.4.0", "guild_id": 1425539343480655886, "channel_id": 1431443997431300096, "user_id": 1424075159576514771, "message_id": 1433616776926855259, "extra": {}}
---
[2025-10-31T17:35:22.535716] [INFO] [MESSAGES] [MessageEdited] User .5st edited message in 💬・cryptx-ai: Before: 'Tell me Who Runs You...' After: 'Tell me Who Runs You
-# Guess each prompt = new ch...' | ID: 1433871830468395090
METADATA: {"timestamp": "2025-10-31T17:35:22.535677", "bot_version": "2.4.0", "guild_id": 1425539343480655886, "channel_id": 1427671849902280809, "user_id": 1321529378991112224, "message_id": 1433871830468395090, "extra": {}}
---
[2025-10-31T20:09:50.767564] [INFO] [MESSAGES] [MessageEdited] User XenBot#6444 edited message in 👋・joins-leaves: Before: '...' After: '...' | ID: 1433910860425986132
METADATA: {"timestamp": "2025-10-31T20:09:50.767523", "bot_version": "2.4.0", "guild_id": 1425539343480655886, "channel_id": 1425539345431003273, "user_id": 1424075159576514771, "message_id": 1433910860425986132, "extra": {}}
---
