[2026-02-19T02:23:32.637+00:00] [INFO    ] [messages    ] [message_create    ] Damn, I forgot the reason why I joined this server.
META: {"bot_version":"2.6.4","utc_iso":"2026-02-19T02:23:32.637270+00:00","guild_id":1439062109894869096,"guild_name":"ShadowT3ch Project Development","channel_id":1454369407034855616,"channel_name":"💬》chat","user_id":1420190169344114789,"username":"lovexlust1","message_id":1473867573106970655,"has_attachments":false,"attachment_count":0,"attachment_urls":[],"has_embeds":false,"embed_count":0,"mention_count":0,"role_mention_count":0,"jump_url":"https://discord.com/channels/1439062109894869096/1454369407034855616/1473867573106970655","is_reply":false,"is_thread":false}
───────────────────────────────────────
[2026-02-19T02:23:52.370+00:00] [INFO    ] [messages    ] [message_create    ] Don't forget again
META: {"bot_version":"2.6.4","utc_iso":"2026-02-19T02:23:52.370345+00:00","guild_id":1439062109894869096,"guild_name":"ShadowT3ch Project Development","channel_id":1454369407034855616,"channel_name":"💬》chat","user_id":1319143284991590402,"username":"getrichrea","message_id":1473867655923630274,"has_attachments":false,"attachment_count":0,"attachment_urls":[],"has_embeds":false,"embed_count":0,"mention_count":0,"role_mention_count":0,"jump_url":"https://discord.com/channels/1439062109894869096/1454369407034855616/1473867655923630274","is_reply":false,"is_thread":false}
───────────────────────────────────────
[2026-02-19T02:24:02.257+00:00] [INFO    ] [messages    ] [message_create    ] Mb OG
META: {"bot_version":"2.6.4","utc_iso":"2026-02-19T02:24:02.257611+00:00","guild_id":1439062109894869096,"guild_name":"ShadowT3ch Project Development","channel_id":1454369407034855616,"channel_name":"💬》chat","user_id":1420190169344114789,"username":"lovexlust1","message_id":1473867697283403816,"has_attachments":false,"attachment_count":0,"attachment_urls":[],"has_embeds":false,"embed_count":0,"mention_count":0,"role_mention_count":0,"jump_url":"https://discord.com/channels/1439062109894869096/1454369407034855616/1473867697283403816","is_reply":false,"is_thread":false}
───────────────────────────────────────
[2026-02-19T02:24:16.839+00:00] [INFO    ] [messages    ] [message_create    ] Yeah matter of fact
META: {"bot_version":"2.6.4","utc_iso":"2026-02-19T02:24:16.839909+00:00","guild_id":1439062109894869096,"guild_name":"ShadowT3ch Project Development","channel_id":1454369407034855616,"channel_name":"💬》chat","user_id":1319143284991590402,"username":"getrichrea","message_id":1473867758272774195,"has_attachments":false,"attachment_count":0,"attachment_urls":[],"has_embeds":false,"embed_count":0,"mention_count":0,"role_mention_count":0,"jump_url":"https://discord.com/channels/1439062109894869096/1454369407034855616/1473867758272774195","is_reply":false,"is_thread":false}
───────────────────────────────────────
[2026-02-19T02:24:26.122+00:00] [INFO    ] [messages    ] [message_create    ] ?
META: {"bot_version":"2.6.4","utc_iso":"2026-02-19T02:24:26.122820+00:00","guild_id":1439062109894869096,"guild_name":"ShadowT3ch Project Development","channel_id":1454369407034855616,"channel_name":"💬》chat","user_id":1420190169344114789,"username":"lovexlust1","message_id":1473867797254901933,"has_attachments":false,"attachment_count":0,"attachment_urls":[],"has_embeds":false,"embed_count":0,"mention_count":0,"role_mention_count":0,"jump_url":"https://discord.com/channels/1439062109894869096/1454369407034855616/1473867797254901933","is_reply":false,"is_thread":false}
───────────────────────────────────────
[2026-02-19T02:24:46.487+00:00] [INFO    ] [messages    ] [message_create    ] Jk
META: {"bot_version":"2.6.4","utc_iso":"2026-02-19T02:24:46.487117+00:00","guild_id":1439062109894869096,"guild_name":"ShadowT3ch Project Development","channel_id":1454369407034855616,"channel_name":"💬》chat","user_id":1319143284991590402,"username":"getrichrea","message_id":1473867882906517615,"has_attachments":false,"attachment_count":0,"attachment_urls":[],"has_embeds":false,"embed_count":0,"mention_count":0,"role_mention_count":0,"jump_url":"https://discord.com/channels/1439062109894869096/1454369407034855616/1473867882906517615","is_reply":false,"is_thread":false}
───────────────────────────────────────
[2026-02-19T02:24:46.903+00:00] [INFO    ] [messages    ] [message_create    ] Oh dang
META: {"bot_version":"2.6.4","utc_iso":"2026-02-19T02:24:46.903420+00:00","guild_id":1439062109894869096,"guild_name":"ShadowT3ch Project Development","channel_id":1454369407034855616,"channel_name":"💬》chat","user_id":1420190169344114789,"username":"lovexlust1","message_id":1473867884655542423,"has_attachments":false,"attachment_count":0,"attachment_urls":[],"has_embeds":false,"embed_count":0,"mention_count":0,"role_mention_count":0,"jump_url":"https://discord.com/channels/1439062109894869096/1454369407034855616/1473867884655542423","is_reply":false,"is_thread":false}
───────────────────────────────────────
[2026-02-19T02:25:10.801+00:00] [INFO    ] [messages    ] [message_create    ] Chill on me man..😭
META: {"bot_version":"2.6.4","utc_iso":"2026-02-19T02:25:10.801198+00:00","guild_id":1439062109894869096,"guild_name":"ShadowT3ch Project Development","channel_id":1454369407034855616,"channel_name":"💬》chat","user_id":1420190169344114789,"username":"lovexlust1","message_id":1473867984719188080,"has_attachments":false,"attachment_count":0,"attachment_urls":[],"has_embeds":false,"embed_count":0,"mention_count":0,"role_mention_count":0,"jump_url":"https://discord.com/channels/1439062109894869096/1454369407034855616/1473867984719188080","is_reply":false,"is_thread":false}
───────────────────────────────────────
[2026-02-19T02:25:19.045+00:00] [INFO    ] [messages    ] [message_create    ] 😂
META: {"bot_version":"2.6.4","utc_iso":"2026-02-19T02:25:19.045712+00:00","guild_id":1439062109894869096,"guild_name":"ShadowT3ch Project Development","channel_id":1454369407034855616,"channel_name":"💬》chat","user_id":1319143284991590402,"username":"getrichrea","message_id":1473868018931994738,"has_attachments":false,"attachment_count":0,"attachment_urls":[],"has_embeds":false,"embed_count":0,"mention_count":0,"role_mention_count":0,"jump_url":"https://discord.com/channels/1439062109894869096/1454369407034855616/1473868018931994738","is_reply":false,"is_thread":false}
───────────────────────────────────────
[2026-02-19T14:04:20.744+00:00] [INFO    ] [messages    ] [message_create    ] @everyone Only system that works is the key system on my website. The rest are down while I fix the email database/
META: {"bot_version":"2.6.4","utc_iso":"2026-02-19T14:04:20.744479+00:00","guild_id":1467739859992051859,"guild_name":"Shadow.CC [SOON]","channel_id":1467739861115998361,"channel_name":"🛒》purchase","user_id":1019698414839156817,"username":"2clickdeath","message_id":1474043935692165181,"has_attachments":false,"attachment_count":0,"attachment_urls":[],"has_embeds":false,"embed_count":0,"mention_count":0,"role_mention_count":0,"jump_url":"https://discord.com/channels/1467739859992051859/1467739861115998361/1474043935692165181","is_reply":false,"is_thread":false}
───────────────────────────────────────
[2026-02-19T14:04:22.954+00:00] [INFO    ] [messages    ] [message_edit      ] → @everyone Only system that works is the key system on my website. The rest are down while I fix the email database.
META: {"bot_version":"2.6.4","utc_iso":"2026-02-19T14:04:22.954434+00:00","guild_id":1467739859992051859,"guild_name":"Shadow.CC [SOON]","channel_id":1467739861115998361,"channel_name":"🛒》purchase","user_id":1019698414839156817,"username":"2clickdeath","message_id":1474043935692165181,"has_attachments":false,"attachment_count":0,"attachment_urls":[],"has_embeds":false,"embed_count":0,"mention_count":0,"role_mention_count":0,"before_content":"@everyone Only system that works is the key system on my website. The rest are down while I fix the email database/"}
───────────────────────────────────────
