[2025-11-20T07:13:30.957498] [INFO] [MESSAGES] [MessageEdited] User mqp6 edited message in ⛔》server-logs: Before: '...' After: '...' | ID: 1441053695650304060
METADATA: {"timestamp": "2025-11-20T07:13:30.957453", "bot_version": "2.4.0", "guild_id": 1436118893130158090, "channel_id": 1436129350243188969, "user_id": 1373556059184042045, "message_id": 1441053695650304060, "extra": {}}
---
[2025-11-20T07:17:53.388339] [INFO] [MESSAGES] [MessageEdited] User ShadowT3ch Security Pro#8634 edited message in ⛔》server-logs: Before: '...' After: '...' | ID: 1441054895884210410
METADATA: {"timestamp": "2025-11-20T07:17:53.388306", "bot_version": "2.4.0", "guild_id": 1436118893130158090, "channel_id": 1436129350243188969, "user_id": 1436123214668501134, "message_id": 1441054895884210410, "extra": {}}
---
[2025-11-20T07:18:06.957033] [INFO] [MESSAGES] [MessageEdited] User ShadowT3ch Security Pro#8634 edited message in ⛔》server-logs: Before: '...' After: '...' | ID: 1441055002712871105
METADATA: {"timestamp": "2025-11-20T07:18:06.957003", "bot_version": "2.4.0", "guild_id": 1436118893130158090, "channel_id": 1436129350243188969, "user_id": 1436123214668501134, "message_id": 1441055002712871105, "extra": {}}
---
[2025-11-20T07:18:08.364284] [INFO] [MESSAGES] [MessageEdited] User ShadowT3ch Security Pro#8634 edited message in ⛔》server-logs: Before: '...' After: '...' | ID: 1441055005070200842
METADATA: {"timestamp": "2025-11-20T07:18:08.364261", "bot_version": "2.4.0", "guild_id": 1436118893130158090, "channel_id": 1436129350243188969, "user_id": 1436123214668501134, "message_id": 1441055005070200842, "extra": {}}
---
[2025-11-20T07:18:53.905312] [INFO] [MESSAGES] [MessageEdited] User ShadowT3ch Security Pro#8634 edited message in ⛔》server-logs: Before: '...' After: '...' | ID: 1441055142874058904
METADATA: {"timestamp": "2025-11-20T07:18:53.905285", "bot_version": "2.4.0", "guild_id": 1436118893130158090, "channel_id": 1436129350243188969, "user_id": 1436123214668501134, "message_id": 1441055142874058904, "extra": {}}
---
[2025-11-20T07:19:01.889240] [INFO] [MESSAGES] [MessageEdited] User ShadowT3ch AI#7770 edited message in 💬》chat-with-ai: Before: '...' After: '...' | ID: 1441055218866589697
METADATA: {"timestamp": "2025-11-20T07:19:01.889202", "bot_version": "2.4.0", "guild_id": 1436118893130158090, "channel_id": 1441055118534508654, "user_id": 1436123916753047573, "message_id": 1441055218866589697, "extra": {}}
---
[2025-11-20T07:20:15.977724] [INFO] [MESSAGES] [MessageEdited] User ShadowT3ch Security Pro#8634 edited message in ⛔》server-logs: Before: '...' After: '...' | ID: 1441055395207712830
METADATA: {"timestamp": "2025-11-20T07:20:15.977681", "bot_version": "2.4.0", "guild_id": 1436118893130158090, "channel_id": 1436129350243188969, "user_id": 1436123214668501134, "message_id": 1441055395207712830, "extra": {}}
---
[2025-11-20T07:20:16.981875] [INFO] [MESSAGES] [MessageEdited] User ShadowT3ch Security Pro#8634 edited message in ⛔》server-logs: Before: '...' After: '...' | ID: 1441055270796132362
METADATA: {"timestamp": "2025-11-20T07:20:16.981852", "bot_version": "2.4.0", "guild_id": 1436118893130158090, "channel_id": 1436129350243188969, "user_id": 1436123214668501134, "message_id": 1441055270796132362, "extra": {}}
---
[2025-11-20T07:20:18.353098] [INFO] [MESSAGES] [MessageEdited] User ShadowT3ch Security Pro#8634 edited message in ⛔》server-logs: Before: '...' After: '...' | ID: 1441055520705347725
METADATA: {"timestamp": "2025-11-20T07:20:18.353073", "bot_version": "2.4.0", "guild_id": 1436118893130158090, "channel_id": 1436129350243188969, "user_id": 1436123214668501134, "message_id": 1441055520705347725, "extra": {}}
---
