[2026-01-14T13:45:26.341231] [INFO] [PRESENCE] [PresenceUpdate] User rdjovi__81746 status changed: offline -> idle | Activities: None
METADATA: {"timestamp": "2026-01-14T13:45:26.341096", "bot_version": "2.6.4", "guild_id": 1419349908850475031, "user_id": 1334550117826433034, "username": "rdjovi__81746", "extra": {"before_status": "offline", "after_status": "idle", "activities": []}}
---
[2026-01-14T13:45:34.720369] [INFO] [PRESENCE] [PresenceUpdate] User maheraldaly1162 status changed: idle -> offline | Activities: None
METADATA: {"timestamp": "2026-01-14T13:45:34.720245", "bot_version": "2.6.4", "guild_id": 1419349908850475031, "user_id": 824724617582477332, "username": "maheraldaly1162", "extra": {"before_status": "idle", "after_status": "offline", "activities": []}}
---
[2026-01-14T13:45:35.566264] [INFO] [PRESENCE] [PresenceUpdate] User ShadowT3ch AI#6744 status changed: offline -> online | Activities: None
METADATA: {"timestamp": "2026-01-14T13:45:35.566090", "bot_version": "2.6.4", "guild_id": 1419349908850475031, "user_id": 1456820286761734264, "username": "ShadowT3ch AI#6744", "extra": {"before_status": "offline", "after_status": "online", "activities": []}}
---
[2026-01-14T13:45:56.970457] [INFO] [PRESENCE] [PresenceUpdate] User XenBot#2953 status changed: offline -> online | Activities: None
METADATA: {"timestamp": "2026-01-14T13:45:56.970390", "bot_version": "2.6.4", "guild_id": 1419349908850475031, "user_id": 1456813600302825593, "username": "XenBot#2953", "extra": {"before_status": "offline", "after_status": "online", "activities": []}}
---
[2026-01-14T13:46:06.393003] [INFO] [PRESENCE] [PresenceUpdate] User XenBot#2953 status changed: online -> offline | Activities: None
METADATA: {"timestamp": "2026-01-14T13:46:06.392934", "bot_version": "2.6.4", "guild_id": 1419349908850475031, "user_id": 1456813600302825593, "username": "XenBot#2953", "extra": {"before_status": "online", "after_status": "offline", "activities": []}}
---
[2026-01-14T13:46:26.469015] [INFO] [PRESENCE] [PresenceUpdate] User chewbaccalt status changed: same | Activities: Custom: Custom Status
METADATA: {"timestamp": "2026-01-14T13:46:26.468967", "bot_version": "2.6.4", "guild_id": 1419349908850475031, "user_id": 1001525917279064095, "username": "chewbaccalt", "extra": {"before_status": "online", "after_status": "online", "activities": ["Custom: Custom Status"]}}
---
[2026-01-14T13:46:27.766745] [INFO] [PRESENCE] [PresenceUpdate] User XenBot#2953 status changed: offline -> online | Activities: None
METADATA: {"timestamp": "2026-01-14T13:46:27.766698", "bot_version": "2.6.4", "guild_id": 1419349908850475031, "user_id": 1456813600302825593, "username": "XenBot#2953", "extra": {"before_status": "offline", "after_status": "online", "activities": []}}
---
[2026-01-14T13:46:30.519241] [INFO] [PRESENCE] [PresenceUpdate] User XenBot#2953 status changed: same | Activities: Playing: Powered by CryptX!
METADATA: {"timestamp": "2026-01-14T13:46:30.519192", "bot_version": "2.6.4", "guild_id": 1419349908850475031, "user_id": 1456813600302825593, "username": "XenBot#2953", "extra": {"before_status": "online", "after_status": "online", "activities": ["Playing: Powered by CryptX!"]}}
---
[2026-01-14T13:46:50.545058] [INFO] [PRESENCE] [PresenceUpdate] User XenBot#2953 status changed: same | Activities: Playing: Tracking 1 servers
METADATA: {"timestamp": "2026-01-14T13:46:50.545010", "bot_version": "2.6.4", "guild_id": 1419349908850475031, "user_id": 1456813600302825593, "username": "XenBot#2953", "extra": {"before_status": "online", "after_status": "online", "activities": ["Playing: Tracking 1 servers"]}}
---
[2026-01-14T13:47:00.557090] [INFO] [PRESENCE] [PresenceUpdate] User XenBot#2953 status changed: same | Activities: Playing: Powered by CryptX!
METADATA: {"timestamp": "2026-01-14T13:47:00.557026", "bot_version": "2.6.4", "guild_id": 1419349908850475031, "user_id": 1456813600302825593, "username": "XenBot#2953", "extra": {"before_status": "online", "after_status": "online", "activities": ["Playing: Powered by CryptX!"]}}
---
[2026-01-14T13:47:20.698461] [INFO] [PRESENCE] [PresenceUpdate] User XenBot#2953 status changed: same | Activities: Playing: Tracking 1 servers
METADATA: {"timestamp": "2026-01-14T13:47:20.698412", "bot_version": "2.6.4", "guild_id": 1419349908850475031, "user_id": 1456813600302825593, "username": "XenBot#2953", "extra": {"before_status": "online", "after_status": "online", "activities": ["Playing: Tracking 1 servers"]}}
---
[2026-01-14T13:47:30.590922] [INFO] [PRESENCE] [PresenceUpdate] User XenBot#2953 status changed: same | Activities: Playing: Powered by CryptX!
METADATA: {"timestamp": "2026-01-14T13:47:30.590867", "bot_version": "2.6.4", "guild_id": 1419349908850475031, "user_id": 1456813600302825593, "username": "XenBot#2953", "extra": {"before_status": "online", "after_status": "online", "activities": ["Playing: Powered by CryptX!"]}}
---
[2026-01-14T13:47:40.549327] [INFO] [PRESENCE] [PresenceUpdate] User XenBot#2953 status changed: same | Activities: Playing: Tracking 1 servers
METADATA: {"timestamp": "2026-01-14T13:47:40.549262", "bot_version": "2.6.4", "guild_id": 1419349908850475031, "user_id": 1456813600302825593, "username": "XenBot#2953", "extra": {"before_status": "online", "after_status": "online", "activities": ["Playing: Tracking 1 servers"]}}
---
[2026-01-14T13:48:00.534832] [INFO] [PRESENCE] [PresenceUpdate] User XenBot#2953 status changed: same | Activities: Playing: Powered by CryptX!
METADATA: {"timestamp": "2026-01-14T13:48:00.534772", "bot_version": "2.6.4", "guild_id": 1419349908850475031, "user_id": 1456813600302825593, "username": "XenBot#2953", "extra": {"before_status": "online", "after_status": "online", "activities": ["Playing: Powered by CryptX!"]}}
---
[2026-01-14T13:48:04.719360] [INFO] [PRESENCE] [PresenceUpdate] User rdjovi__81746 status changed: idle -> offline | Activities: None
METADATA: {"timestamp": "2026-01-14T13:48:04.719252", "bot_version": "2.6.4", "guild_id": 1419349908850475031, "user_id": 1334550117826433034, "username": "rdjovi__81746", "extra": {"before_status": "idle", "after_status": "offline", "activities": []}}
---
[2026-01-14T13:48:16.219703] [INFO] [PRESENCE] [PresenceUpdate] User jx3o0 status changed: online -> offline | Activities: None
METADATA: {"timestamp": "2026-01-14T13:48:16.219599", "bot_version": "2.6.4", "guild_id": 1419349908850475031, "user_id": 893226275597070337, "username": "jx3o0", "extra": {"before_status": "online", "after_status": "offline", "activities": []}}
---
[2026-01-14T13:48:20.545598] [INFO] [PRESENCE] [PresenceUpdate] User XenBot#2953 status changed: same | Activities: Playing: Tracking 1 servers
METADATA: {"timestamp": "2026-01-14T13:48:20.545492", "bot_version": "2.6.4", "guild_id": 1419349908850475031, "user_id": 1456813600302825593, "username": "XenBot#2953", "extra": {"before_status": "online", "after_status": "online", "activities": ["Playing: Tracking 1 servers"]}}
---
[2026-01-14T13:48:30.585556] [INFO] [PRESENCE] [PresenceUpdate] User XenBot#2953 status changed: same | Activities: Playing: Use /help for commands!
METADATA: {"timestamp": "2026-01-14T13:48:30.585453", "bot_version": "2.6.4", "guild_id": 1419349908850475031, "user_id": 1456813600302825593, "username": "XenBot#2953", "extra": {"before_status": "online", "after_status": "online", "activities": ["Playing: Use /help for commands!"]}}
---
[2026-01-14T13:48:50.592601] [INFO] [PRESENCE] [PresenceUpdate] User XenBot#2953 status changed: same | Activities: Playing: Tracking 1 servers
METADATA: {"timestamp": "2026-01-14T13:48:50.592530", "bot_version": "2.6.4", "guild_id": 1419349908850475031, "user_id": 1456813600302825593, "username": "XenBot#2953", "extra": {"before_status": "online", "after_status": "online", "activities": ["Playing: Tracking 1 servers"]}}
---
[2026-01-14T13:49:00.603834] [INFO] [PRESENCE] [PresenceUpdate] User XenBot#2953 status changed: same | Activities: Playing: Configure with /setup
METADATA: {"timestamp": "2026-01-14T13:49:00.603728", "bot_version": "2.6.4", "guild_id": 1419349908850475031, "user_id": 1456813600302825593, "username": "XenBot#2953", "extra": {"before_status": "online", "after_status": "online", "activities": ["Playing: Configure with /setup"]}}
---
[2026-01-14T13:49:10.567814] [INFO] [PRESENCE] [PresenceUpdate] User XenBot#2953 status changed: same | Activities: Playing: Use /help for commands!
METADATA: {"timestamp": "2026-01-14T13:49:10.567735", "bot_version": "2.6.4", "guild_id": 1419349908850475031, "user_id": 1456813600302825593, "username": "XenBot#2953", "extra": {"before_status": "online", "after_status": "online", "activities": ["Playing: Use /help for commands!"]}}
---
[2026-01-14T13:49:21.815718] [INFO] [PRESENCE] [PresenceUpdate] User XenBot#2953 status changed: same | Activities: Playing: Tracking 1 servers
METADATA: {"timestamp": "2026-01-14T13:49:21.815666", "bot_version": "2.6.4", "guild_id": 1419349908850475031, "user_id": 1456813600302825593, "username": "XenBot#2953", "extra": {"before_status": "online", "after_status": "online", "activities": ["Playing: Tracking 1 servers"]}}
---
[2026-01-14T13:49:30.546326] [INFO] [PRESENCE] [PresenceUpdate] User XenBot#2953 status changed: same | Activities: Playing: Use /help for commands!
METADATA: {"timestamp": "2026-01-14T13:49:30.546211", "bot_version": "2.6.4", "guild_id": 1419349908850475031, "user_id": 1456813600302825593, "username": "XenBot#2953", "extra": {"before_status": "online", "after_status": "online", "activities": ["Playing: Use /help for commands!"]}}
---
[2026-01-14T13:49:40.568741] [INFO] [PRESENCE] [PresenceUpdate] User XenBot#2953 status changed: same | Activities: Playing: Tracking 1 servers
METADATA: {"timestamp": "2026-01-14T13:49:40.568636", "bot_version": "2.6.4", "guild_id": 1419349908850475031, "user_id": 1456813600302825593, "username": "XenBot#2953", "extra": {"before_status": "online", "after_status": "online", "activities": ["Playing: Tracking 1 servers"]}}
---
[2026-01-14T13:49:50.567658] [INFO] [PRESENCE] [PresenceUpdate] User XenBot#2953 status changed: same | Activities: Playing: Configure with /setup
METADATA: {"timestamp": "2026-01-14T13:49:50.567580", "bot_version": "2.6.4", "guild_id": 1419349908850475031, "user_id": 1456813600302825593, "username": "XenBot#2953", "extra": {"before_status": "online", "after_status": "online", "activities": ["Playing: Configure with /setup"]}}
---
[2026-01-14T13:50:10.626764] [INFO] [PRESENCE] [PresenceUpdate] User XenBot#2953 status changed: same | Activities: Playing: Tracking 1 servers
METADATA: {"timestamp": "2026-01-14T13:50:10.626713", "bot_version": "2.6.4", "guild_id": 1419349908850475031, "user_id": 1456813600302825593, "username": "XenBot#2953", "extra": {"before_status": "online", "after_status": "online", "activities": ["Playing: Tracking 1 servers"]}}
---
[2026-01-14T13:50:21.026228] [INFO] [PRESENCE] [PresenceUpdate] User XenBot#2953 status changed: same | Activities: Playing: Powered by CryptX!
METADATA: {"timestamp": "2026-01-14T13:50:21.026178", "bot_version": "2.6.4", "guild_id": 1419349908850475031, "user_id": 1456813600302825593, "username": "XenBot#2953", "extra": {"before_status": "online", "after_status": "online", "activities": ["Playing: Powered by CryptX!"]}}
---
[2026-01-14T13:50:30.768979] [INFO] [PRESENCE] [PresenceUpdate] User XenBot#2953 status changed: same | Activities: Playing: Tracking 1 servers
METADATA: {"timestamp": "2026-01-14T13:50:30.768913", "bot_version": "2.6.4", "guild_id": 1419349908850475031, "user_id": 1456813600302825593, "username": "XenBot#2953", "extra": {"before_status": "online", "after_status": "online", "activities": ["Playing: Tracking 1 servers"]}}
---
[2026-01-14T13:50:40.655412] [INFO] [PRESENCE] [PresenceUpdate] User XenBot#2953 status changed: same | Activities: Playing: Use /help for commands!
METADATA: {"timestamp": "2026-01-14T13:50:40.655294", "bot_version": "2.6.4", "guild_id": 1419349908850475031, "user_id": 1456813600302825593, "username": "XenBot#2953", "extra": {"before_status": "online", "after_status": "online", "activities": ["Playing: Use /help for commands!"]}}
---
[2026-01-14T13:51:10.587507] [INFO] [PRESENCE] [PresenceUpdate] User XenBot#2953 status changed: same | Activities: Playing: Configure with /setup
METADATA: {"timestamp": "2026-01-14T13:51:10.587408", "bot_version": "2.6.4", "guild_id": 1419349908850475031, "user_id": 1456813600302825593, "username": "XenBot#2953", "extra": {"before_status": "online", "after_status": "online", "activities": ["Playing: Configure with /setup"]}}
---
[2026-01-14T13:51:20.595504] [INFO] [PRESENCE] [PresenceUpdate] User XenBot#2953 status changed: same | Activities: Playing: Powered by CryptX!
METADATA: {"timestamp": "2026-01-14T13:51:20.595447", "bot_version": "2.6.4", "guild_id": 1419349908850475031, "user_id": 1456813600302825593, "username": "XenBot#2953", "extra": {"before_status": "online", "after_status": "online", "activities": ["Playing: Powered by CryptX!"]}}
---
[2026-01-14T13:51:22.475307] [INFO] [PRESENCE] [PresenceUpdate] User chewbaccalt status changed: same | Activities: Custom: Custom Status
METADATA: {"timestamp": "2026-01-14T13:51:22.475175", "bot_version": "2.6.4", "guild_id": 1419349908850475031, "user_id": 1001525917279064095, "username": "chewbaccalt", "extra": {"before_status": "online", "after_status": "online", "activities": ["Custom: Custom Status"]}}
---
[2026-01-14T13:51:23.812862] [INFO] [PRESENCE] [PresenceUpdate] User chewbaccalt status changed: same | Activities: Custom: Custom Status
METADATA: {"timestamp": "2026-01-14T13:51:23.812795", "bot_version": "2.6.4", "guild_id": 1419349908850475031, "user_id": 1001525917279064095, "username": "chewbaccalt", "extra": {"before_status": "online", "after_status": "online", "activities": ["Custom: Custom Status"]}}
---
[2026-01-14T13:51:30.655209] [INFO] [PRESENCE] [PresenceUpdate] User XenBot#2953 status changed: same | Activities: Playing: Tracking 1 servers
METADATA: {"timestamp": "2026-01-14T13:51:30.655166", "bot_version": "2.6.4", "guild_id": 1419349908850475031, "user_id": 1456813600302825593, "username": "XenBot#2953", "extra": {"before_status": "online", "after_status": "online", "activities": ["Playing: Tracking 1 servers"]}}
---
[2026-01-14T13:51:44.594420] [INFO] [PRESENCE] [PresenceUpdate] User XenBot#2953 status changed: same | Activities: Playing: Use /help for commands!
METADATA: {"timestamp": "2026-01-14T13:51:44.594366", "bot_version": "2.6.4", "guild_id": 1419349908850475031, "user_id": 1456813600302825593, "username": "XenBot#2953", "extra": {"before_status": "online", "after_status": "online", "activities": ["Playing: Use /help for commands!"]}}
---
[2026-01-14T13:51:50.627819] [INFO] [PRESENCE] [PresenceUpdate] User XenBot#2953 status changed: same | Activities: Playing: Configure with /setup
METADATA: {"timestamp": "2026-01-14T13:51:50.627712", "bot_version": "2.6.4", "guild_id": 1419349908850475031, "user_id": 1456813600302825593, "username": "XenBot#2953", "extra": {"before_status": "online", "after_status": "online", "activities": ["Playing: Configure with /setup"]}}
---
[2026-01-14T13:52:00.623294] [INFO] [PRESENCE] [PresenceUpdate] User XenBot#2953 status changed: same | Activities: Playing: Use /help for commands!
METADATA: {"timestamp": "2026-01-14T13:52:00.623208", "bot_version": "2.6.4", "guild_id": 1419349908850475031, "user_id": 1456813600302825593, "username": "XenBot#2953", "extra": {"before_status": "online", "after_status": "online", "activities": ["Playing: Use /help for commands!"]}}
---
[2026-01-14T13:52:11.363630] [INFO] [PRESENCE] [PresenceUpdate] User XenBot#2953 status changed: same | Activities: Playing: Configure with /setup
METADATA: {"timestamp": "2026-01-14T13:52:11.363584", "bot_version": "2.6.4", "guild_id": 1419349908850475031, "user_id": 1456813600302825593, "username": "XenBot#2953", "extra": {"before_status": "online", "after_status": "online", "activities": ["Playing: Configure with /setup"]}}
---
