[2025-11-22T00:07:30.403519] [INFO] [PRESENCE] [PresenceUpdate] User rayu0917 status changed: dnd -> offline | Activities: None
METADATA: {"timestamp": "2025-11-22T00:07:30.403467", "bot_version": "2.4.0", "guild_id": 1436118893130158090, "user_id": 1381462264028332202, "username": "rayu0917", "extra": {"before_status": "dnd", "after_status": "offline", "activities": []}}
---
[2025-11-22T00:12:33.172649] [INFO] [PRESENCE] [PresenceUpdate] User snowexploits status changed: online -> idle | Activities: Custom: ðŸ‡ | Violet | ðŸ«IS A PEDO FULL USER animelover33462
METADATA: {"timestamp": "2025-11-22T00:12:33.172577", "bot_version": "2.4.0", "guild_id": 1436118893130158090, "user_id": 1376217565952479425, "username": "snowexploits", "extra": {"before_status": "online", "after_status": "idle", "activities": ["Custom: \ud83c\udf47 | Violet | \ud83e\uded0IS A PEDO FULL USER animelover33462"]}}
---
[2025-11-22T00:14:42.404328] [INFO] [PRESENCE] [PresenceUpdate] User rayu0917 status changed: offline -> dnd | Activities: None
METADATA: {"timestamp": "2025-11-22T00:14:42.404286", "bot_version": "2.4.0", "guild_id": 1436118893130158090, "user_id": 1381462264028332202, "username": "rayu0917", "extra": {"before_status": "offline", "after_status": "dnd", "activities": []}}
---
[2025-11-22T00:14:44.384617] [INFO] [PRESENCE] [PresenceUpdate] User rayu0917 status changed: same | Activities: Custom: I hate my phone
METADATA: {"timestamp": "2025-11-22T00:14:44.384583", "bot_version": "2.4.0", "guild_id": 1436118893130158090, "user_id": 1381462264028332202, "username": "rayu0917", "extra": {"before_status": "dnd", "after_status": "dnd", "activities": ["Custom: I hate my phone"]}}
---
[2025-11-22T00:14:53.103998] [INFO] [PRESENCE] [PresenceUpdate] User snowexploits status changed: idle -> online | Activities: Custom: ðŸ‡ | Violet | ðŸ«IS A PEDO FULL USER animelover33462
METADATA: {"timestamp": "2025-11-22T00:14:53.103952", "bot_version": "2.4.0", "guild_id": 1436118893130158090, "user_id": 1376217565952479425, "username": "snowexploits", "extra": {"before_status": "idle", "after_status": "online", "activities": ["Custom: \ud83c\udf47 | Violet | \ud83e\uded0IS A PEDO FULL USER animelover33462"]}}
---
[2025-11-22T00:39:41.213548] [INFO] [PRESENCE] [PresenceUpdate] User rayu0917 status changed: dnd -> offline | Activities: None
METADATA: {"timestamp": "2025-11-22T00:39:41.213501", "bot_version": "2.4.0", "guild_id": 1436118893130158090, "user_id": 1381462264028332202, "username": "rayu0917", "extra": {"before_status": "dnd", "after_status": "offline", "activities": []}}
---
[2025-11-22T01:00:21.056879] [INFO] [PRESENCE] [PresenceUpdate] User rayu0917 status changed: offline -> dnd | Activities: None
METADATA: {"timestamp": "2025-11-22T01:00:21.056846", "bot_version": "2.4.0", "guild_id": 1436118893130158090, "user_id": 1381462264028332202, "username": "rayu0917", "extra": {"before_status": "offline", "after_status": "dnd", "activities": []}}
---
[2025-11-22T01:00:22.454077] [INFO] [PRESENCE] [PresenceUpdate] User rayu0917 status changed: same | Activities: Custom: I hate my phone
METADATA: {"timestamp": "2025-11-22T01:00:22.454044", "bot_version": "2.4.0", "guild_id": 1436118893130158090, "user_id": 1381462264028332202, "username": "rayu0917", "extra": {"before_status": "dnd", "after_status": "dnd", "activities": ["Custom: I hate my phone"]}}
---
[2025-11-22T01:04:18.246720] [INFO] [PRESENCE] [PresenceUpdate] User rayu0917 status changed: dnd -> offline | Activities: None
METADATA: {"timestamp": "2025-11-22T01:04:18.246674", "bot_version": "2.4.0", "guild_id": 1436118893130158090, "user_id": 1381462264028332202, "username": "rayu0917", "extra": {"before_status": "dnd", "after_status": "offline", "activities": []}}
---
[2025-11-22T01:06:23.514581] [INFO] [PRESENCE] [PresenceUpdate] User snowexploits status changed: online -> idle | Activities: Custom: ðŸ‡ | Violet | ðŸ«IS A PEDO FULL USER animelover33462
METADATA: {"timestamp": "2025-11-22T01:06:23.514551", "bot_version": "2.4.0", "guild_id": 1436118893130158090, "user_id": 1376217565952479425, "username": "snowexploits", "extra": {"before_status": "online", "after_status": "idle", "activities": ["Custom: \ud83c\udf47 | Violet | \ud83e\uded0IS A PEDO FULL USER animelover33462"]}}
---
[2025-11-22T01:07:45.449035] [INFO] [PRESENCE] [PresenceUpdate] User mqp6 status changed: offline -> dnd | Activities: None
METADATA: {"timestamp": "2025-11-22T01:07:45.448995", "bot_version": "2.4.0", "guild_id": 1436118893130158090, "user_id": 1373556059184042045, "username": "mqp6", "extra": {"before_status": "offline", "after_status": "dnd", "activities": []}}
---
[2025-11-22T01:07:46.496317] [INFO] [PRESENCE] [PresenceUpdate] User mqp6 status changed: dnd -> offline | Activities: None
METADATA: {"timestamp": "2025-11-22T01:07:46.496282", "bot_version": "2.4.0", "guild_id": 1436118893130158090, "user_id": 1373556059184042045, "username": "mqp6", "extra": {"before_status": "dnd", "after_status": "offline", "activities": []}}
---
[2025-11-22T01:09:54.741067] [INFO] [PRESENCE] [PresenceUpdate] User rayu0917 status changed: offline -> dnd | Activities: None
METADATA: {"timestamp": "2025-11-22T01:09:54.741035", "bot_version": "2.4.0", "guild_id": 1436118893130158090, "user_id": 1381462264028332202, "username": "rayu0917", "extra": {"before_status": "offline", "after_status": "dnd", "activities": []}}
---
[2025-11-22T01:09:58.277073] [INFO] [PRESENCE] [PresenceUpdate] User rayu0917 status changed: same | Activities: Custom: I hate my phone
METADATA: {"timestamp": "2025-11-22T01:09:58.277037", "bot_version": "2.4.0", "guild_id": 1436118893130158090, "user_id": 1381462264028332202, "username": "rayu0917", "extra": {"before_status": "dnd", "after_status": "dnd", "activities": ["Custom: I hate my phone"]}}
---
[2025-11-22T01:38:54.671779] [INFO] [PRESENCE] [PresenceUpdate] User rayu0917 status changed: dnd -> offline | Activities: None
METADATA: {"timestamp": "2025-11-22T01:38:54.671726", "bot_version": "2.4.0", "guild_id": 1436118893130158090, "user_id": 1381462264028332202, "username": "rayu0917", "extra": {"before_status": "dnd", "after_status": "offline", "activities": []}}
---
[2025-11-22T01:39:20.114050] [INFO] [PRESENCE] [PresenceUpdate] User rayu0917 status changed: offline -> dnd | Activities: None
METADATA: {"timestamp": "2025-11-22T01:39:20.114007", "bot_version": "2.4.0", "guild_id": 1436118893130158090, "user_id": 1381462264028332202, "username": "rayu0917", "extra": {"before_status": "offline", "after_status": "dnd", "activities": []}}
---
[2025-11-22T01:39:21.296981] [INFO] [PRESENCE] [PresenceUpdate] User rayu0917 status changed: same | Activities: Custom: I hate my phone
METADATA: {"timestamp": "2025-11-22T01:39:21.296944", "bot_version": "2.4.0", "guild_id": 1436118893130158090, "user_id": 1381462264028332202, "username": "rayu0917", "extra": {"before_status": "dnd", "after_status": "dnd", "activities": ["Custom: I hate my phone"]}}
---
[2025-11-22T01:44:48.790155] [INFO] [PRESENCE] [PresenceUpdate] User rayu0917 status changed: dnd -> offline | Activities: None
METADATA: {"timestamp": "2025-11-22T01:44:48.790115", "bot_version": "2.4.0", "guild_id": 1436118893130158090, "user_id": 1381462264028332202, "username": "rayu0917", "extra": {"before_status": "dnd", "after_status": "offline", "activities": []}}
---
[2025-11-22T02:01:30.578499] [INFO] [PRESENCE] [PresenceUpdate] User rayu0917 status changed: offline -> dnd | Activities: None
METADATA: {"timestamp": "2025-11-22T02:01:30.578464", "bot_version": "2.4.0", "guild_id": 1436118893130158090, "user_id": 1381462264028332202, "username": "rayu0917", "extra": {"before_status": "offline", "after_status": "dnd", "activities": []}}
---
[2025-11-22T02:01:34.555665] [INFO] [PRESENCE] [PresenceUpdate] User rayu0917 status changed: same | Activities: Custom: I hate my phone
METADATA: {"timestamp": "2025-11-22T02:01:34.555594", "bot_version": "2.4.0", "guild_id": 1436118893130158090, "user_id": 1381462264028332202, "username": "rayu0917", "extra": {"before_status": "dnd", "after_status": "dnd", "activities": ["Custom: I hate my phone"]}}
---
[2025-11-22T02:44:57.146722] [INFO] [PRESENCE] [PresenceUpdate] User rayu0917 status changed: dnd -> offline | Activities: None
METADATA: {"timestamp": "2025-11-22T02:44:57.146685", "bot_version": "2.4.0", "guild_id": 1436118893130158090, "user_id": 1381462264028332202, "username": "rayu0917", "extra": {"before_status": "dnd", "after_status": "offline", "activities": []}}
---
[2025-11-22T02:44:58.159059] [INFO] [PRESENCE] [PresenceUpdate] User rayu0917 status changed: dnd -> offline | Activities: None
METADATA: {"timestamp": "2025-11-22T02:44:58.159034", "bot_version": "2.4.0", "guild_id": 1436118893130158090, "user_id": 1381462264028332202, "username": "rayu0917", "extra": {"before_status": "dnd", "after_status": "offline", "activities": []}}
---
[2025-11-22T02:54:03.711126] [INFO] [PRESENCE] [PresenceUpdate] User rayu0917 status changed: offline -> dnd | Activities: None
METADATA: {"timestamp": "2025-11-22T02:54:03.711090", "bot_version": "2.4.0", "guild_id": 1436118893130158090, "user_id": 1381462264028332202, "username": "rayu0917", "extra": {"before_status": "offline", "after_status": "dnd", "activities": []}}
---
[2025-11-22T02:54:08.461000] [INFO] [PRESENCE] [PresenceUpdate] User rayu0917 status changed: same | Activities: Custom: I hate my phone
METADATA: {"timestamp": "2025-11-22T02:54:08.460953", "bot_version": "2.4.0", "guild_id": 1436118893130158090, "user_id": 1381462264028332202, "username": "rayu0917", "extra": {"before_status": "dnd", "after_status": "dnd", "activities": ["Custom: I hate my phone"]}}
---
[2025-11-22T03:04:24.384709] [INFO] [PRESENCE] [PresenceUpdate] User rayu0917 status changed: dnd -> offline | Activities: None
METADATA: {"timestamp": "2025-11-22T03:04:24.384665", "bot_version": "2.4.0", "guild_id": 1436118893130158090, "user_id": 1381462264028332202, "username": "rayu0917", "extra": {"before_status": "dnd", "after_status": "offline", "activities": []}}
---
[2025-11-22T03:06:36.685742] [INFO] [PRESENCE] [PresenceUpdate] User rayu0917 status changed: offline -> dnd | Activities: None
METADATA: {"timestamp": "2025-11-22T03:06:36.685706", "bot_version": "2.4.0", "guild_id": 1436118893130158090, "user_id": 1381462264028332202, "username": "rayu0917", "extra": {"before_status": "offline", "after_status": "dnd", "activities": []}}
---
[2025-11-22T03:06:41.088222] [INFO] [PRESENCE] [PresenceUpdate] User rayu0917 status changed: same | Activities: Custom: I hate my phone
METADATA: {"timestamp": "2025-11-22T03:06:41.088171", "bot_version": "2.4.0", "guild_id": 1436118893130158090, "user_id": 1381462264028332202, "username": "rayu0917", "extra": {"before_status": "dnd", "after_status": "dnd", "activities": ["Custom: I hate my phone"]}}
---
[2025-11-22T03:46:39.059223] [INFO] [PRESENCE] [PresenceUpdate] User rayu0917 status changed: dnd -> offline | Activities: None
METADATA: {"timestamp": "2025-11-22T03:46:39.059177", "bot_version": "2.4.0", "guild_id": 1436118893130158090, "user_id": 1381462264028332202, "username": "rayu0917", "extra": {"before_status": "dnd", "after_status": "offline", "activities": []}}
---
