[2025-11-21T09:44:29.000292] [INFO] [PRESENCE] [PresenceUpdate] User ShadowT3ch Security Pro#8634 status changed: offline -> online | Activities: None
METADATA: {"timestamp": "2025-11-21T09:44:29.000246", "bot_version": "2.4.0", "guild_id": 1436118893130158090, "user_id": 1436123214668501134, "username": "ShadowT3ch Security Pro#8634", "extra": {"before_status": "offline", "after_status": "online", "activities": []}}
---
[2025-11-21T09:44:48.471604] [INFO] [PRESENCE] [PresenceUpdate] User XenBot#7688 status changed: offline -> online | Activities: None
METADATA: {"timestamp": "2025-11-21T09:44:48.471549", "bot_version": "2.4.0", "guild_id": 1436118893130158090, "user_id": 1436125663378673875, "username": "XenBot#7688", "extra": {"before_status": "offline", "after_status": "online", "activities": []}}
---
[2025-11-21T09:44:51.043870] [INFO] [PRESENCE] [PresenceUpdate] User XenBot#7688 status changed: same | Activities: Playing: Tracking 2 servers
METADATA: {"timestamp": "2025-11-21T09:44:51.043821", "bot_version": "2.4.0", "guild_id": 1436118893130158090, "user_id": 1436125663378673875, "username": "XenBot#7688", "extra": {"before_status": "online", "after_status": "online", "activities": ["Playing: Tracking 2 servers"]}}
---
[2025-11-21T09:44:59.564773] [INFO] [PRESENCE] [PresenceUpdate] User 2clickdeath status changed: offline -> online | Activities: None
METADATA: {"timestamp": "2025-11-21T09:44:59.564718", "bot_version": "2.4.0", "guild_id": 1436118893130158090, "user_id": 1019698414839156817, "username": "2clickdeath", "extra": {"before_status": "offline", "after_status": "online", "activities": []}}
---
[2025-11-21T09:45:00.425884] [INFO] [PRESENCE] [PresenceUpdate] User 2clickdeath status changed: same | Activities: Custom: This user is a PEDO beware! User: animelover33462:1431935630157549568
METADATA: {"timestamp": "2025-11-21T09:45:00.425858", "bot_version": "2.4.0", "guild_id": 1436118893130158090, "user_id": 1019698414839156817, "username": "2clickdeath", "extra": {"before_status": "online", "after_status": "online", "activities": ["Custom: This user is a PEDO beware! User: animelover33462:1431935630157549568"]}}
---
[2025-11-21T09:45:01.950659] [INFO] [PRESENCE] [PresenceUpdate] User XenBot#7688 status changed: same | Activities: Playing: Use /help for commands!
METADATA: {"timestamp": "2025-11-21T09:45:01.950633", "bot_version": "2.4.0", "guild_id": 1436118893130158090, "user_id": 1436125663378673875, "username": "XenBot#7688", "extra": {"before_status": "online", "after_status": "online", "activities": ["Playing: Use /help for commands!"]}}
---
[2025-11-21T09:45:13.493141] [INFO] [PRESENCE] [PresenceUpdate] User mqp6 status changed: dnd -> offline | Activities: None
METADATA: {"timestamp": "2025-11-21T09:45:13.493064", "bot_version": "2.4.0", "guild_id": 1436118893130158090, "user_id": 1373556059184042045, "username": "mqp6", "extra": {"before_status": "dnd", "after_status": "offline", "activities": []}}
---
[2025-11-21T09:45:21.025310] [INFO] [PRESENCE] [PresenceUpdate] User XenBot#7688 status changed: same | Activities: Playing: Configure with /setup
METADATA: {"timestamp": "2025-11-21T09:45:21.025277", "bot_version": "2.4.0", "guild_id": 1436118893130158090, "user_id": 1436125663378673875, "username": "XenBot#7688", "extra": {"before_status": "online", "after_status": "online", "activities": ["Playing: Configure with /setup"]}}
---
[2025-11-21T09:45:31.207932] [INFO] [PRESENCE] [PresenceUpdate] User XenBot#7688 status changed: same | Activities: Playing: Tracking 2 servers
METADATA: {"timestamp": "2025-11-21T09:45:31.207897", "bot_version": "2.4.0", "guild_id": 1436118893130158090, "user_id": 1436125663378673875, "username": "XenBot#7688", "extra": {"before_status": "online", "after_status": "online", "activities": ["Playing: Tracking 2 servers"]}}
---
[2025-11-21T09:45:41.143540] [INFO] [PRESENCE] [PresenceUpdate] User XenBot#7688 status changed: same | Activities: Playing: Configure with /setup
METADATA: {"timestamp": "2025-11-21T09:45:41.143503", "bot_version": "2.4.0", "guild_id": 1436118893130158090, "user_id": 1436125663378673875, "username": "XenBot#7688", "extra": {"before_status": "online", "after_status": "online", "activities": ["Playing: Configure with /setup"]}}
---
[2025-11-21T09:46:01.023010] [INFO] [PRESENCE] [PresenceUpdate] User XenBot#7688 status changed: same | Activities: Playing: Use /help for commands!
METADATA: {"timestamp": "2025-11-21T09:46:01.022975", "bot_version": "2.4.0", "guild_id": 1436118893130158090, "user_id": 1436125663378673875, "username": "XenBot#7688", "extra": {"before_status": "online", "after_status": "online", "activities": ["Playing: Use /help for commands!"]}}
---
[2025-11-21T09:46:11.040533] [INFO] [PRESENCE] [PresenceUpdate] User XenBot#7688 status changed: same | Activities: Playing: Configure with /setup
METADATA: {"timestamp": "2025-11-21T09:46:11.040497", "bot_version": "2.4.0", "guild_id": 1436118893130158090, "user_id": 1436125663378673875, "username": "XenBot#7688", "extra": {"before_status": "online", "after_status": "online", "activities": ["Playing: Configure with /setup"]}}
---
[2025-11-21T09:46:21.043924] [INFO] [PRESENCE] [PresenceUpdate] User XenBot#7688 status changed: same | Activities: Playing: Use /help for commands!
METADATA: {"timestamp": "2025-11-21T09:46:21.043887", "bot_version": "2.4.0", "guild_id": 1436118893130158090, "user_id": 1436125663378673875, "username": "XenBot#7688", "extra": {"before_status": "online", "after_status": "online", "activities": ["Playing: Use /help for commands!"]}}
---
[2025-11-21T09:46:31.079305] [INFO] [PRESENCE] [PresenceUpdate] User XenBot#7688 status changed: same | Activities: Playing: Tracking 2 servers
METADATA: {"timestamp": "2025-11-21T09:46:31.079257", "bot_version": "2.4.0", "guild_id": 1436118893130158090, "user_id": 1436125663378673875, "username": "XenBot#7688", "extra": {"before_status": "online", "after_status": "online", "activities": ["Playing: Tracking 2 servers"]}}
---
[2025-11-21T09:46:41.536276] [INFO] [PRESENCE] [PresenceUpdate] User XenBot#7688 status changed: same | Activities: Playing: Use /help for commands!
METADATA: {"timestamp": "2025-11-21T09:46:41.536243", "bot_version": "2.4.0", "guild_id": 1436118893130158090, "user_id": 1436125663378673875, "username": "XenBot#7688", "extra": {"before_status": "online", "after_status": "online", "activities": ["Playing: Use /help for commands!"]}}
---
[2025-11-21T09:46:51.047131] [INFO] [PRESENCE] [PresenceUpdate] User XenBot#7688 status changed: same | Activities: Playing: Configure with /setup
METADATA: {"timestamp": "2025-11-21T09:46:51.047081", "bot_version": "2.4.0", "guild_id": 1436118893130158090, "user_id": 1436125663378673875, "username": "XenBot#7688", "extra": {"before_status": "online", "after_status": "online", "activities": ["Playing: Configure with /setup"]}}
---
[2025-11-21T09:47:01.042361] [INFO] [PRESENCE] [PresenceUpdate] User XenBot#7688 status changed: same | Activities: Playing: Powered by CryptX!
METADATA: {"timestamp": "2025-11-21T09:47:01.042324", "bot_version": "2.4.0", "guild_id": 1436118893130158090, "user_id": 1436125663378673875, "username": "XenBot#7688", "extra": {"before_status": "online", "after_status": "online", "activities": ["Playing: Powered by CryptX!"]}}
---
[2025-11-21T09:47:31.136362] [INFO] [PRESENCE] [PresenceUpdate] User XenBot#7688 status changed: same | Activities: Playing: Configure with /setup
METADATA: {"timestamp": "2025-11-21T09:47:31.136326", "bot_version": "2.4.0", "guild_id": 1436118893130158090, "user_id": 1436125663378673875, "username": "XenBot#7688", "extra": {"before_status": "online", "after_status": "online", "activities": ["Playing: Configure with /setup"]}}
---
[2025-11-21T09:48:01.281484] [INFO] [PRESENCE] [PresenceUpdate] User XenBot#7688 status changed: same | Activities: Playing: Tracking 2 servers
METADATA: {"timestamp": "2025-11-21T09:48:01.281437", "bot_version": "2.4.0", "guild_id": 1436118893130158090, "user_id": 1436125663378673875, "username": "XenBot#7688", "extra": {"before_status": "online", "after_status": "online", "activities": ["Playing: Tracking 2 servers"]}}
---
[2025-11-21T09:48:21.093716] [INFO] [PRESENCE] [PresenceUpdate] User XenBot#7688 status changed: same | Activities: Playing: Configure with /setup
METADATA: {"timestamp": "2025-11-21T09:48:21.093667", "bot_version": "2.4.0", "guild_id": 1436118893130158090, "user_id": 1436125663378673875, "username": "XenBot#7688", "extra": {"before_status": "online", "after_status": "online", "activities": ["Playing: Configure with /setup"]}}
---
[2025-11-21T09:48:31.295506] [INFO] [PRESENCE] [PresenceUpdate] User XenBot#7688 status changed: same | Activities: Playing: Tracking 2 servers
METADATA: {"timestamp": "2025-11-21T09:48:31.295462", "bot_version": "2.4.0", "guild_id": 1436118893130158090, "user_id": 1436125663378673875, "username": "XenBot#7688", "extra": {"before_status": "online", "after_status": "online", "activities": ["Playing: Tracking 2 servers"]}}
---
[2025-11-21T09:48:41.118193] [INFO] [PRESENCE] [PresenceUpdate] User XenBot#7688 status changed: same | Activities: Playing: Powered by CryptX!
METADATA: {"timestamp": "2025-11-21T09:48:41.118148", "bot_version": "2.4.0", "guild_id": 1436118893130158090, "user_id": 1436125663378673875, "username": "XenBot#7688", "extra": {"before_status": "online", "after_status": "online", "activities": ["Playing: Powered by CryptX!"]}}
---
[2025-11-21T09:48:51.315043] [INFO] [PRESENCE] [PresenceUpdate] User XenBot#7688 status changed: same | Activities: Playing: Use /help for commands!
METADATA: {"timestamp": "2025-11-21T09:48:51.315009", "bot_version": "2.4.0", "guild_id": 1436118893130158090, "user_id": 1436125663378673875, "username": "XenBot#7688", "extra": {"before_status": "online", "after_status": "online", "activities": ["Playing: Use /help for commands!"]}}
---
[2025-11-21T09:49:11.254040] [INFO] [PRESENCE] [PresenceUpdate] User XenBot#7688 status changed: same | Activities: Playing: Configure with /setup
METADATA: {"timestamp": "2025-11-21T09:49:11.253995", "bot_version": "2.4.0", "guild_id": 1436118893130158090, "user_id": 1436125663378673875, "username": "XenBot#7688", "extra": {"before_status": "online", "after_status": "online", "activities": ["Playing: Configure with /setup"]}}
---
[2025-11-21T09:49:20.874870] [INFO] [PRESENCE] [PresenceUpdate] User 2clickdeath status changed: online -> offline | Activities: None
METADATA: {"timestamp": "2025-11-21T09:49:20.874824", "bot_version": "2.4.0", "guild_id": 1436118893130158090, "user_id": 1019698414839156817, "username": "2clickdeath", "extra": {"before_status": "online", "after_status": "offline", "activities": []}}
---
[2025-11-21T09:49:21.932495] [INFO] [PRESENCE] [PresenceUpdate] User XenBot#7688 status changed: same | Activities: Playing: Use /help for commands!
METADATA: {"timestamp": "2025-11-21T09:49:21.932470", "bot_version": "2.4.0", "guild_id": 1436118893130158090, "user_id": 1436125663378673875, "username": "XenBot#7688", "extra": {"before_status": "online", "after_status": "online", "activities": ["Playing: Use /help for commands!"]}}
---
[2025-11-21T09:49:31.253481] [INFO] [PRESENCE] [PresenceUpdate] User XenBot#7688 status changed: same | Activities: Playing: Tracking 2 servers
METADATA: {"timestamp": "2025-11-21T09:49:31.253447", "bot_version": "2.4.0", "guild_id": 1436118893130158090, "user_id": 1436125663378673875, "username": "XenBot#7688", "extra": {"before_status": "online", "after_status": "online", "activities": ["Playing: Tracking 2 servers"]}}
---
[2025-11-21T09:49:51.192027] [INFO] [PRESENCE] [PresenceUpdate] User XenBot#7688 status changed: same | Activities: Playing: Configure with /setup
METADATA: {"timestamp": "2025-11-21T09:49:51.191991", "bot_version": "2.4.0", "guild_id": 1436118893130158090, "user_id": 1436125663378673875, "username": "XenBot#7688", "extra": {"before_status": "online", "after_status": "online", "activities": ["Playing: Configure with /setup"]}}
---
[2025-11-21T09:50:01.198787] [INFO] [PRESENCE] [PresenceUpdate] User XenBot#7688 status changed: same | Activities: Playing: Use /help for commands!
METADATA: {"timestamp": "2025-11-21T09:50:01.198752", "bot_version": "2.4.0", "guild_id": 1436118893130158090, "user_id": 1436125663378673875, "username": "XenBot#7688", "extra": {"before_status": "online", "after_status": "online", "activities": ["Playing: Use /help for commands!"]}}
---
[2025-11-21T09:50:11.176161] [INFO] [PRESENCE] [PresenceUpdate] User XenBot#7688 status changed: same | Activities: Playing: Configure with /setup
METADATA: {"timestamp": "2025-11-21T09:50:11.176127", "bot_version": "2.4.0", "guild_id": 1436118893130158090, "user_id": 1436125663378673875, "username": "XenBot#7688", "extra": {"before_status": "online", "after_status": "online", "activities": ["Playing: Configure with /setup"]}}
---
[2025-11-21T09:50:21.630060] [INFO] [PRESENCE] [PresenceUpdate] User XenBot#7688 status changed: same | Activities: Playing: Powered by CryptX!
METADATA: {"timestamp": "2025-11-21T09:50:21.630027", "bot_version": "2.4.0", "guild_id": 1436118893130158090, "user_id": 1436125663378673875, "username": "XenBot#7688", "extra": {"before_status": "online", "after_status": "online", "activities": ["Playing: Powered by CryptX!"]}}
---
[2025-11-21T09:50:31.243790] [INFO] [PRESENCE] [PresenceUpdate] User XenBot#7688 status changed: same | Activities: Playing: Use /help for commands!
METADATA: {"timestamp": "2025-11-21T09:50:31.243756", "bot_version": "2.4.0", "guild_id": 1436118893130158090, "user_id": 1436125663378673875, "username": "XenBot#7688", "extra": {"before_status": "online", "after_status": "online", "activities": ["Playing: Use /help for commands!"]}}
---
[2025-11-21T09:50:41.221831] [INFO] [PRESENCE] [PresenceUpdate] User XenBot#7688 status changed: same | Activities: Playing: Configure with /setup
METADATA: {"timestamp": "2025-11-21T09:50:41.221797", "bot_version": "2.4.0", "guild_id": 1436118893130158090, "user_id": 1436125663378673875, "username": "XenBot#7688", "extra": {"before_status": "online", "after_status": "online", "activities": ["Playing: Configure with /setup"]}}
---
[2025-11-21T09:51:11.186271] [INFO] [PRESENCE] [PresenceUpdate] User XenBot#7688 status changed: same | Activities: Playing: Use /help for commands!
METADATA: {"timestamp": "2025-11-21T09:51:11.186221", "bot_version": "2.4.0", "guild_id": 1436118893130158090, "user_id": 1436125663378673875, "username": "XenBot#7688", "extra": {"before_status": "online", "after_status": "online", "activities": ["Playing: Use /help for commands!"]}}
---
[2025-11-21T09:51:21.194148] [INFO] [PRESENCE] [PresenceUpdate] User XenBot#7688 status changed: same | Activities: Playing: Tracking 2 servers
METADATA: {"timestamp": "2025-11-21T09:51:21.194099", "bot_version": "2.4.0", "guild_id": 1436118893130158090, "user_id": 1436125663378673875, "username": "XenBot#7688", "extra": {"before_status": "online", "after_status": "online", "activities": ["Playing: Tracking 2 servers"]}}
---
[2025-11-21T09:51:31.220676] [INFO] [PRESENCE] [PresenceUpdate] User XenBot#7688 status changed: same | Activities: Playing: Use /help for commands!
METADATA: {"timestamp": "2025-11-21T09:51:31.220635", "bot_version": "2.4.0", "guild_id": 1436118893130158090, "user_id": 1436125663378673875, "username": "XenBot#7688", "extra": {"before_status": "online", "after_status": "online", "activities": ["Playing: Use /help for commands!"]}}
---
[2025-11-21T09:51:51.217499] [INFO] [PRESENCE] [PresenceUpdate] User XenBot#7688 status changed: same | Activities: Playing: Powered by CryptX!
METADATA: {"timestamp": "2025-11-21T09:51:51.217466", "bot_version": "2.4.0", "guild_id": 1436118893130158090, "user_id": 1436125663378673875, "username": "XenBot#7688", "extra": {"before_status": "online", "after_status": "online", "activities": ["Playing: Powered by CryptX!"]}}
---
[2025-11-21T09:52:01.217179] [INFO] [PRESENCE] [PresenceUpdate] User XenBot#7688 status changed: same | Activities: Playing: Configure with /setup
METADATA: {"timestamp": "2025-11-21T09:52:01.217146", "bot_version": "2.4.0", "guild_id": 1436118893130158090, "user_id": 1436125663378673875, "username": "XenBot#7688", "extra": {"before_status": "online", "after_status": "online", "activities": ["Playing: Configure with /setup"]}}
---
[2025-11-21T09:52:41.543469] [INFO] [PRESENCE] [PresenceUpdate] User XenBot#7688 status changed: same | Activities: Playing: Use /help for commands!
METADATA: {"timestamp": "2025-11-21T09:52:41.543436", "bot_version": "2.4.0", "guild_id": 1436118893130158090, "user_id": 1436125663378673875, "username": "XenBot#7688", "extra": {"before_status": "online", "after_status": "online", "activities": ["Playing: Use /help for commands!"]}}
---
[2025-11-21T09:52:51.264588] [INFO] [PRESENCE] [PresenceUpdate] User XenBot#7688 status changed: same | Activities: Playing: Tracking 2 servers
METADATA: {"timestamp": "2025-11-21T09:52:51.264554", "bot_version": "2.4.0", "guild_id": 1436118893130158090, "user_id": 1436125663378673875, "username": "XenBot#7688", "extra": {"before_status": "online", "after_status": "online", "activities": ["Playing: Tracking 2 servers"]}}
---
[2025-11-21T09:53:01.373489] [INFO] [PRESENCE] [PresenceUpdate] User XenBot#7688 status changed: same | Activities: Playing: Powered by CryptX!
METADATA: {"timestamp": "2025-11-21T09:53:01.373455", "bot_version": "2.4.0", "guild_id": 1436118893130158090, "user_id": 1436125663378673875, "username": "XenBot#7688", "extra": {"before_status": "online", "after_status": "online", "activities": ["Playing: Powered by CryptX!"]}}
---
[2025-11-21T09:53:11.583225] [INFO] [PRESENCE] [PresenceUpdate] User XenBot#7688 status changed: same | Activities: Playing: Configure with /setup
METADATA: {"timestamp": "2025-11-21T09:53:11.583175", "bot_version": "2.4.0", "guild_id": 1436118893130158090, "user_id": 1436125663378673875, "username": "XenBot#7688", "extra": {"before_status": "online", "after_status": "online", "activities": ["Playing: Configure with /setup"]}}
---
[2025-11-21T09:53:21.341436] [INFO] [PRESENCE] [PresenceUpdate] User XenBot#7688 status changed: same | Activities: Playing: Use /help for commands!
METADATA: {"timestamp": "2025-11-21T09:53:21.341402", "bot_version": "2.4.0", "guild_id": 1436118893130158090, "user_id": 1436125663378673875, "username": "XenBot#7688", "extra": {"before_status": "online", "after_status": "online", "activities": ["Playing: Use /help for commands!"]}}
---
[2025-11-21T09:53:31.337952] [INFO] [PRESENCE] [PresenceUpdate] User XenBot#7688 status changed: same | Activities: Playing: Tracking 2 servers
METADATA: {"timestamp": "2025-11-21T09:53:31.337919", "bot_version": "2.4.0", "guild_id": 1436118893130158090, "user_id": 1436125663378673875, "username": "XenBot#7688", "extra": {"before_status": "online", "after_status": "online", "activities": ["Playing: Tracking 2 servers"]}}
---
[2025-11-21T09:53:41.317593] [INFO] [PRESENCE] [PresenceUpdate] User XenBot#7688 status changed: same | Activities: Playing: Configure with /setup
METADATA: {"timestamp": "2025-11-21T09:53:41.317563", "bot_version": "2.4.0", "guild_id": 1436118893130158090, "user_id": 1436125663378673875, "username": "XenBot#7688", "extra": {"before_status": "online", "after_status": "online", "activities": ["Playing: Configure with /setup"]}}
---
[2025-11-21T09:53:51.447054] [INFO] [PRESENCE] [PresenceUpdate] User XenBot#7688 status changed: same | Activities: Playing: Use /help for commands!
METADATA: {"timestamp": "2025-11-21T09:53:51.447018", "bot_version": "2.4.0", "guild_id": 1436118893130158090, "user_id": 1436125663378673875, "username": "XenBot#7688", "extra": {"before_status": "online", "after_status": "online", "activities": ["Playing: Use /help for commands!"]}}
---
[2025-11-21T09:54:01.583783] [INFO] [PRESENCE] [PresenceUpdate] User XenBot#7688 status changed: same | Activities: Playing: Tracking 2 servers
METADATA: {"timestamp": "2025-11-21T09:54:01.583726", "bot_version": "2.4.0", "guild_id": 1436118893130158090, "user_id": 1436125663378673875, "username": "XenBot#7688", "extra": {"before_status": "online", "after_status": "online", "activities": ["Playing: Tracking 2 servers"]}}
---
[2025-11-21T09:54:21.306470] [INFO] [PRESENCE] [PresenceUpdate] User XenBot#7688 status changed: same | Activities: Playing: Powered by CryptX!
METADATA: {"timestamp": "2025-11-21T09:54:21.306428", "bot_version": "2.4.0", "guild_id": 1436118893130158090, "user_id": 1436125663378673875, "username": "XenBot#7688", "extra": {"before_status": "online", "after_status": "online", "activities": ["Playing: Powered by CryptX!"]}}
---
[2025-11-21T09:54:31.345093] [INFO] [PRESENCE] [PresenceUpdate] User XenBot#7688 status changed: same | Activities: Playing: Configure with /setup
METADATA: {"timestamp": "2025-11-21T09:54:31.345059", "bot_version": "2.4.0", "guild_id": 1436118893130158090, "user_id": 1436125663378673875, "username": "XenBot#7688", "extra": {"before_status": "online", "after_status": "online", "activities": ["Playing: Configure with /setup"]}}
---
[2025-11-21T09:54:51.324415] [INFO] [PRESENCE] [PresenceUpdate] User XenBot#7688 status changed: same | Activities: Playing: Powered by CryptX!
METADATA: {"timestamp": "2025-11-21T09:54:51.324369", "bot_version": "2.4.0", "guild_id": 1436118893130158090, "user_id": 1436125663378673875, "username": "XenBot#7688", "extra": {"before_status": "online", "after_status": "online", "activities": ["Playing: Powered by CryptX!"]}}
---
