[2025-11-20T00:05:48.072230] [INFO] [PRESENCE] [PresenceUpdate] User 2clickdeath status changed: idle -> online | Activities: Custom: This user is a PEDO beware! User: animelover33462:1431935630157549568
METADATA: {"timestamp": "2025-11-20T00:05:48.072180", "bot_version": "2.4.0", "guild_id": 1436118893130158090, "user_id": 1019698414839156817, "username": "2clickdeath", "extra": {"before_status": "idle", "after_status": "online", "activities": ["Custom: This user is a PEDO beware! User: animelover33462:1431935630157549568"]}}
---
[2025-11-20T00:16:55.323773] [INFO] [PRESENCE] [PresenceUpdate] User 2clickdeath status changed: online -> idle | Activities: Custom: This user is a PEDO beware! User: animelover33462:1431935630157549568
METADATA: {"timestamp": "2025-11-20T00:16:55.323735", "bot_version": "2.4.0", "guild_id": 1436118893130158090, "user_id": 1019698414839156817, "username": "2clickdeath", "extra": {"before_status": "online", "after_status": "idle", "activities": ["Custom: This user is a PEDO beware! User: animelover33462:1431935630157549568"]}}
---
[2025-11-20T00:28:34.317441] [INFO] [PRESENCE] [PresenceUpdate] User shinakomei status changed: online -> idle | Activities: None
METADATA: {"timestamp": "2025-11-20T00:28:34.317371", "bot_version": "2.4.0", "guild_id": 1436118893130158090, "user_id": 1251643888297312309, "username": "shinakomei", "extra": {"before_status": "online", "after_status": "idle", "activities": []}}
---
[2025-11-20T00:30:24.277612] [INFO] [PRESENCE] [PresenceUpdate] User shinakomei status changed: idle -> online | Activities: None
METADATA: {"timestamp": "2025-11-20T00:30:24.277563", "bot_version": "2.4.0", "guild_id": 1436118893130158090, "user_id": 1251643888297312309, "username": "shinakomei", "extra": {"before_status": "idle", "after_status": "online", "activities": []}}
---
[2025-11-20T00:57:44.748126] [INFO] [PRESENCE] [PresenceUpdate] User shinakomei status changed: online -> idle | Activities: None
METADATA: {"timestamp": "2025-11-20T00:57:44.748083", "bot_version": "2.4.0", "guild_id": 1436118893130158090, "user_id": 1251643888297312309, "username": "shinakomei", "extra": {"before_status": "online", "after_status": "idle", "activities": []}}
---
[2025-11-20T00:58:14.848035] [INFO] [PRESENCE] [PresenceUpdate] User shinakomei status changed: idle -> online | Activities: None
METADATA: {"timestamp": "2025-11-20T00:58:14.847996", "bot_version": "2.4.0", "guild_id": 1436118893130158090, "user_id": 1251643888297312309, "username": "shinakomei", "extra": {"before_status": "idle", "after_status": "online", "activities": []}}
---
[2025-11-20T01:42:23.319861] [INFO] [PRESENCE] [PresenceUpdate] User mqp6 status changed: dnd -> offline | Activities: None
METADATA: {"timestamp": "2025-11-20T01:42:23.319813", "bot_version": "2.4.0", "guild_id": 1436118893130158090, "user_id": 1373556059184042045, "username": "mqp6", "extra": {"before_status": "dnd", "after_status": "offline", "activities": []}}
---
[2025-11-20T02:32:46.284415] [INFO] [PRESENCE] [PresenceUpdate] User 2clickdeath status changed: idle -> online | Activities: Custom: This user is a PEDO beware! User: animelover33462:1431935630157549568
METADATA: {"timestamp": "2025-11-20T02:32:46.284382", "bot_version": "2.4.0", "guild_id": 1436118893130158090, "user_id": 1019698414839156817, "username": "2clickdeath", "extra": {"before_status": "idle", "after_status": "online", "activities": ["Custom: This user is a PEDO beware! User: animelover33462:1431935630157549568"]}}
---
[2025-11-20T02:43:07.417697] [INFO] [PRESENCE] [PresenceUpdate] User 2clickdeath status changed: online -> idle | Activities: Custom: This user is a PEDO beware! User: animelover33462:1431935630157549568
METADATA: {"timestamp": "2025-11-20T02:43:07.417664", "bot_version": "2.4.0", "guild_id": 1436118893130158090, "user_id": 1019698414839156817, "username": "2clickdeath", "extra": {"before_status": "online", "after_status": "idle", "activities": ["Custom: This user is a PEDO beware! User: animelover33462:1431935630157549568"]}}
---
[2025-11-20T02:46:26.035583] [INFO] [PRESENCE] [PresenceUpdate] User shinakomei status changed: online -> idle | Activities: None
METADATA: {"timestamp": "2025-11-20T02:46:26.035535", "bot_version": "2.4.0", "guild_id": 1436118893130158090, "user_id": 1251643888297312309, "username": "shinakomei", "extra": {"before_status": "online", "after_status": "idle", "activities": []}}
---
[2025-11-20T02:47:46.041498] [INFO] [PRESENCE] [PresenceUpdate] User shinakomei status changed: idle -> online | Activities: None
METADATA: {"timestamp": "2025-11-20T02:47:46.041460", "bot_version": "2.4.0", "guild_id": 1436118893130158090, "user_id": 1251643888297312309, "username": "shinakomei", "extra": {"before_status": "idle", "after_status": "online", "activities": []}}
---
[2025-11-20T03:11:16.652946] [INFO] [PRESENCE] [PresenceUpdate] User shinakomei status changed: online -> idle | Activities: None
METADATA: {"timestamp": "2025-11-20T03:11:16.652897", "bot_version": "2.4.0", "guild_id": 1436118893130158090, "user_id": 1251643888297312309, "username": "shinakomei", "extra": {"before_status": "online", "after_status": "idle", "activities": []}}
---
[2025-11-20T03:16:26.394424] [INFO] [PRESENCE] [PresenceUpdate] User shinakomei status changed: idle -> online | Activities: None
METADATA: {"timestamp": "2025-11-20T03:16:26.394382", "bot_version": "2.4.0", "guild_id": 1436118893130158090, "user_id": 1251643888297312309, "username": "shinakomei", "extra": {"before_status": "idle", "after_status": "online", "activities": []}}
---
[2025-11-20T03:33:06.648868] [INFO] [PRESENCE] [PresenceUpdate] User shinakomei status changed: online -> idle | Activities: None
METADATA: {"timestamp": "2025-11-20T03:33:06.648818", "bot_version": "2.4.0", "guild_id": 1436118893130158090, "user_id": 1251643888297312309, "username": "shinakomei", "extra": {"before_status": "online", "after_status": "idle", "activities": []}}
---
[2025-11-20T03:48:27.015229] [INFO] [PRESENCE] [PresenceUpdate] User shinakomei status changed: idle -> online | Activities: None
METADATA: {"timestamp": "2025-11-20T03:48:27.015179", "bot_version": "2.4.0", "guild_id": 1436118893130158090, "user_id": 1251643888297312309, "username": "shinakomei", "extra": {"before_status": "idle", "after_status": "online", "activities": []}}
---
[2025-11-20T04:20:50.624694] [INFO] [PRESENCE] [PresenceUpdate] User rayu0917 status changed: offline -> dnd | Activities: None
METADATA: {"timestamp": "2025-11-20T04:20:50.624664", "bot_version": "2.4.0", "guild_id": 1436118893130158090, "user_id": 1381462264028332202, "username": "rayu0917", "extra": {"before_status": "offline", "after_status": "dnd", "activities": []}}
---
[2025-11-20T04:20:52.076277] [INFO] [PRESENCE] [PresenceUpdate] User rayu0917 status changed: same | Activities: Custom: I hate my phone
METADATA: {"timestamp": "2025-11-20T04:20:52.076235", "bot_version": "2.4.0", "guild_id": 1436118893130158090, "user_id": 1381462264028332202, "username": "rayu0917", "extra": {"before_status": "dnd", "after_status": "dnd", "activities": ["Custom: I hate my phone"]}}
---
