[2025-11-25T00:00:20.496949] [INFO] [PRESENCE] [PresenceUpdate] User snowexploits status changed: online -> idle | Activities: Custom: ðŸ‡ | Violet | ðŸ«IS A PEDO FULL USER animelover33462
METADATA: {"timestamp": "2025-11-25T00:00:20.496905", "bot_version": "2.4.0", "guild_id": 1436118893130158090, "user_id": 1376217565952479425, "username": "snowexploits", "extra": {"before_status": "online", "after_status": "idle", "activities": ["Custom: \ud83c\udf47 | Violet | \ud83e\uded0IS A PEDO FULL USER animelover33462"]}}
---
[2025-11-25T00:00:22.361199] [INFO] [PRESENCE] [PresenceUpdate] User echo058622 status changed: same | Activities: Custom: i see ded ppl (ITS MAH BIRTHDAY) ðŸ”¥ðŸ”¥ðŸ« 
METADATA: {"timestamp": "2025-11-25T00:00:22.361175", "bot_version": "2.4.0", "guild_id": 1436118893130158090, "user_id": 1309337550296449024, "username": "echo058622", "extra": {"before_status": "dnd", "after_status": "dnd", "activities": ["Custom: i see ded ppl (ITS MAH BIRTHDAY) \ud83d\udd25\ud83d\udd25\ud83e\udee0"]}}
---
[2025-11-25T00:01:33.515742] [INFO] [PRESENCE] [PresenceUpdate] User echo058622 status changed: same | Activities: Custom: (ITS MAH BIRTHDAY) ðŸ”¥ðŸ”¥ðŸŽ‚ðŸŽ‰ðŸŽˆðŸ¥³
METADATA: {"timestamp": "2025-11-25T00:01:33.515706", "bot_version": "2.4.0", "guild_id": 1436118893130158090, "user_id": 1309337550296449024, "username": "echo058622", "extra": {"before_status": "dnd", "after_status": "dnd", "activities": ["Custom: (ITS MAH BIRTHDAY) \ud83d\udd25\ud83d\udd25\ud83c\udf82\ud83c\udf89\ud83c\udf88\ud83e\udd73"]}}
---
[2025-11-25T00:15:26.169726] [INFO] [PRESENCE] [PresenceUpdate] User echo058622 status changed: dnd -> offline | Activities: None
METADATA: {"timestamp": "2025-11-25T00:15:26.169689", "bot_version": "2.4.0", "guild_id": 1436118893130158090, "user_id": 1309337550296449024, "username": "echo058622", "extra": {"before_status": "dnd", "after_status": "offline", "activities": []}}
---
[2025-11-25T00:30:59.867492] [INFO] [PRESENCE] [PresenceUpdate] User mxnhxeuv status changed: offline -> dnd | Activities: Custom: [ .gg/memberzz FREE MEMBERS ]
METADATA: {"timestamp": "2025-11-25T00:30:59.867458", "bot_version": "2.4.0", "guild_id": 1436118893130158090, "user_id": 1427105772243914854, "username": "mxnhxeuv", "extra": {"before_status": "offline", "after_status": "dnd", "activities": ["Custom: [ .gg/memberzz FREE MEMBERS ]"]}}
---
[2025-11-25T00:37:49.032904] [INFO] [PRESENCE] [PresenceUpdate] User mxnhxeuv status changed: dnd -> offline | Activities: None
METADATA: {"timestamp": "2025-11-25T00:37:49.032872", "bot_version": "2.4.0", "guild_id": 1436118893130158090, "user_id": 1427105772243914854, "username": "mxnhxeuv", "extra": {"before_status": "dnd", "after_status": "offline", "activities": []}}
---
[2025-11-25T01:08:14.532134] [INFO] [PRESENCE] [PresenceUpdate] User echo058622 status changed: offline -> dnd | Activities: None
METADATA: {"timestamp": "2025-11-25T01:08:14.532083", "bot_version": "2.4.0", "guild_id": 1436118893130158090, "user_id": 1309337550296449024, "username": "echo058622", "extra": {"before_status": "offline", "after_status": "dnd", "activities": []}}
---
[2025-11-25T01:08:15.720934] [INFO] [PRESENCE] [PresenceUpdate] User echo058622 status changed: same | Activities: Custom: (ITS MAH BIRTHDAY) ðŸ”¥ðŸ”¥ðŸŽ‚ðŸŽ‰ðŸŽˆðŸ¥³
METADATA: {"timestamp": "2025-11-25T01:08:15.720908", "bot_version": "2.4.0", "guild_id": 1436118893130158090, "user_id": 1309337550296449024, "username": "echo058622", "extra": {"before_status": "dnd", "after_status": "dnd", "activities": ["Custom: (ITS MAH BIRTHDAY) \ud83d\udd25\ud83d\udd25\ud83c\udf82\ud83c\udf89\ud83c\udf88\ud83e\udd73"]}}
---
[2025-11-25T01:10:17.637446] [INFO] [PRESENCE] [PresenceUpdate] User echo058622 status changed: dnd -> offline | Activities: None
METADATA: {"timestamp": "2025-11-25T01:10:17.637397", "bot_version": "2.4.0", "guild_id": 1436118893130158090, "user_id": 1309337550296449024, "username": "echo058622", "extra": {"before_status": "dnd", "after_status": "offline", "activities": []}}
---
[2025-11-25T01:57:31.863281] [INFO] [PRESENCE] [PresenceUpdate] User snowexploits status changed: idle -> online | Activities: Custom: ðŸ‡ | Violet | ðŸ«IS A PEDO FULL USER animelover33462
METADATA: {"timestamp": "2025-11-25T01:57:31.863237", "bot_version": "2.4.0", "guild_id": 1436118893130158090, "user_id": 1376217565952479425, "username": "snowexploits", "extra": {"before_status": "idle", "after_status": "online", "activities": ["Custom: \ud83c\udf47 | Violet | \ud83e\uded0IS A PEDO FULL USER animelover33462"]}}
---
[2025-11-25T02:19:01.865699] [INFO] [PRESENCE] [PresenceUpdate] User snowexploits status changed: online -> idle | Activities: Custom: ðŸ‡ | Violet | ðŸ«IS A PEDO FULL USER animelover33462
METADATA: {"timestamp": "2025-11-25T02:19:01.865654", "bot_version": "2.4.0", "guild_id": 1436118893130158090, "user_id": 1376217565952479425, "username": "snowexploits", "extra": {"before_status": "online", "after_status": "idle", "activities": ["Custom: \ud83c\udf47 | Violet | \ud83e\uded0IS A PEDO FULL USER animelover33462"]}}
---
[2025-11-25T03:39:21.875498] [INFO] [PRESENCE] [PresenceUpdate] User mqp6 status changed: dnd -> offline | Activities: None
METADATA: {"timestamp": "2025-11-25T03:39:21.875468", "bot_version": "2.4.0", "guild_id": 1436118893130158090, "user_id": 1373556059184042045, "username": "mqp6", "extra": {"before_status": "dnd", "after_status": "offline", "activities": []}}
---
[2025-11-25T05:00:41.124400] [INFO] [PRESENCE] [PresenceUpdate] User mqp6 status changed: offline -> dnd | Activities: None
METADATA: {"timestamp": "2025-11-25T05:00:41.124364", "bot_version": "2.4.0", "guild_id": 1436118893130158090, "user_id": 1373556059184042045, "username": "mqp6", "extra": {"before_status": "offline", "after_status": "dnd", "activities": []}}
---
[2025-11-25T05:01:34.081388] [INFO] [PRESENCE] [PresenceUpdate] User rayu0917 status changed: offline -> dnd | Activities: None
METADATA: {"timestamp": "2025-11-25T05:01:34.081346", "bot_version": "2.4.0", "guild_id": 1436118893130158090, "user_id": 1381462264028332202, "username": "rayu0917", "extra": {"before_status": "offline", "after_status": "dnd", "activities": []}}
---
[2025-11-25T05:01:36.490922] [INFO] [PRESENCE] [PresenceUpdate] User rayu0917 status changed: same | Activities: Custom: I hate my phone
METADATA: {"timestamp": "2025-11-25T05:01:36.490892", "bot_version": "2.4.0", "guild_id": 1436118893130158090, "user_id": 1381462264028332202, "username": "rayu0917", "extra": {"before_status": "dnd", "after_status": "dnd", "activities": ["Custom: I hate my phone"]}}
---
