[2026-01-15T22:16:01.370338] [INFO] [PRESENCE] [PresenceUpdate] User jaydot8415 status changed: online -> offline | Activities: None
METADATA: {"timestamp": "2026-01-15T22:16:01.370287", "bot_version": "2.6.4", "guild_id": 1419349908850475031, "user_id": 1021314266629951568, "username": "jaydot8415", "extra": {"before_status": "online", "after_status": "offline", "activities": []}}
---
[2026-01-15T22:16:24.104515] [INFO] [PRESENCE] [PresenceUpdate] User XenBot#2953 status changed: offline -> online | Activities: None
METADATA: {"timestamp": "2026-01-15T22:16:24.104463", "bot_version": "2.6.4", "guild_id": 1419349908850475031, "user_id": 1456813600302825593, "username": "XenBot#2953", "extra": {"before_status": "offline", "after_status": "online", "activities": []}}
---
[2026-01-15T22:16:26.751942] [INFO] [PRESENCE] [PresenceUpdate] User XenBot#2953 status changed: same | Activities: Playing: Configure with /setup
METADATA: {"timestamp": "2026-01-15T22:16:26.751913", "bot_version": "2.6.4", "guild_id": 1419349908850475031, "user_id": 1456813600302825593, "username": "XenBot#2953", "extra": {"before_status": "online", "after_status": "online", "activities": ["Playing: Configure with /setup"]}}
---
[2026-01-15T22:16:36.740629] [INFO] [PRESENCE] [PresenceUpdate] User XenBot#2953 status changed: same | Activities: Playing: Tracking 2 servers
METADATA: {"timestamp": "2026-01-15T22:16:36.740599", "bot_version": "2.6.4", "guild_id": 1419349908850475031, "user_id": 1456813600302825593, "username": "XenBot#2953", "extra": {"before_status": "online", "after_status": "online", "activities": ["Playing: Tracking 2 servers"]}}
---
[2026-01-15T22:16:46.764982] [INFO] [PRESENCE] [PresenceUpdate] User XenBot#2953 status changed: same | Activities: Playing: Use /help for commands!
METADATA: {"timestamp": "2026-01-15T22:16:46.764935", "bot_version": "2.6.4", "guild_id": 1419349908850475031, "user_id": 1456813600302825593, "username": "XenBot#2953", "extra": {"before_status": "online", "after_status": "online", "activities": ["Playing: Use /help for commands!"]}}
---
[2026-01-15T22:16:56.732904] [INFO] [PRESENCE] [PresenceUpdate] User XenBot#2953 status changed: same | Activities: Playing: Tracking 2 servers
METADATA: {"timestamp": "2026-01-15T22:16:56.732873", "bot_version": "2.6.4", "guild_id": 1419349908850475031, "user_id": 1456813600302825593, "username": "XenBot#2953", "extra": {"before_status": "online", "after_status": "online", "activities": ["Playing: Tracking 2 servers"]}}
---
[2026-01-15T22:17:06.744851] [INFO] [PRESENCE] [PresenceUpdate] User XenBot#2953 status changed: same | Activities: Playing: Configure with /setup
METADATA: {"timestamp": "2026-01-15T22:17:06.744822", "bot_version": "2.6.4", "guild_id": 1419349908850475031, "user_id": 1456813600302825593, "username": "XenBot#2953", "extra": {"before_status": "online", "after_status": "online", "activities": ["Playing: Configure with /setup"]}}
---
[2026-01-15T22:17:16.744632] [INFO] [PRESENCE] [PresenceUpdate] User XenBot#2953 status changed: same | Activities: Playing: Use /help for commands!
METADATA: {"timestamp": "2026-01-15T22:17:16.744580", "bot_version": "2.6.4", "guild_id": 1419349908850475031, "user_id": 1456813600302825593, "username": "XenBot#2953", "extra": {"before_status": "online", "after_status": "online", "activities": ["Playing: Use /help for commands!"]}}
---
[2026-01-15T22:17:26.764061] [INFO] [PRESENCE] [PresenceUpdate] User XenBot#2953 status changed: same | Activities: Playing: Configure with /setup
METADATA: {"timestamp": "2026-01-15T22:17:26.763975", "bot_version": "2.6.4", "guild_id": 1419349908850475031, "user_id": 1456813600302825593, "username": "XenBot#2953", "extra": {"before_status": "online", "after_status": "online", "activities": ["Playing: Configure with /setup"]}}
---
[2026-01-15T22:17:32.978642] [INFO] [PRESENCE] [PresenceUpdate] User r85f status changed: dnd -> offline | Activities: None
METADATA: {"timestamp": "2026-01-15T22:17:32.978607", "bot_version": "2.6.4", "guild_id": 1419349908850475031, "user_id": 1291647601510187048, "username": "r85f", "extra": {"before_status": "dnd", "after_status": "offline", "activities": []}}
---
[2026-01-15T22:17:36.748056] [INFO] [PRESENCE] [PresenceUpdate] User XenBot#2953 status changed: same | Activities: Playing: Tracking 2 servers
METADATA: {"timestamp": "2026-01-15T22:17:36.748029", "bot_version": "2.6.4", "guild_id": 1419349908850475031, "user_id": 1456813600302825593, "username": "XenBot#2953", "extra": {"before_status": "online", "after_status": "online", "activities": ["Playing: Tracking 2 servers"]}}
---
[2026-01-15T22:18:02.275242] [INFO] [PRESENCE] [PresenceUpdate] User 65tfm status changed: same | Activities: None
METADATA: {"timestamp": "2026-01-15T22:18:02.275186", "bot_version": "2.6.4", "guild_id": 1419349908850475031, "user_id": 1341783114694922315, "username": "65tfm", "extra": {"before_status": "dnd", "after_status": "dnd", "activities": []}}
---
[2026-01-15T22:18:16.425606] [INFO] [PRESENCE] [PresenceUpdate] User 65tfm status changed: same | Activities: None
METADATA: {"timestamp": "2026-01-15T22:18:16.425553", "bot_version": "2.6.4", "guild_id": 1419349908850475031, "user_id": 1341783114694922315, "username": "65tfm", "extra": {"before_status": "dnd", "after_status": "dnd", "activities": []}}
---
[2026-01-15T22:18:17.178911] [INFO] [PRESENCE] [PresenceUpdate] User XenBot#2953 status changed: same | Activities: Playing: Use /help for commands!
METADATA: {"timestamp": "2026-01-15T22:18:17.178850", "bot_version": "2.6.4", "guild_id": 1419349908850475031, "user_id": 1456813600302825593, "username": "XenBot#2953", "extra": {"before_status": "online", "after_status": "online", "activities": ["Playing: Use /help for commands!"]}}
---
[2026-01-15T22:18:26.976968] [INFO] [PRESENCE] [PresenceUpdate] User XenBot#2953 status changed: same | Activities: Playing: Configure with /setup
METADATA: {"timestamp": "2026-01-15T22:18:26.976915", "bot_version": "2.6.4", "guild_id": 1419349908850475031, "user_id": 1456813600302825593, "username": "XenBot#2953", "extra": {"before_status": "online", "after_status": "online", "activities": ["Playing: Configure with /setup"]}}
---
[2026-01-15T22:18:36.840763] [INFO] [PRESENCE] [PresenceUpdate] User XenBot#2953 status changed: same | Activities: Playing: Powered by CryptX!
METADATA: {"timestamp": "2026-01-15T22:18:36.840730", "bot_version": "2.6.4", "guild_id": 1419349908850475031, "user_id": 1456813600302825593, "username": "XenBot#2953", "extra": {"before_status": "online", "after_status": "online", "activities": ["Playing: Powered by CryptX!"]}}
---
[2026-01-15T22:18:46.879786] [INFO] [PRESENCE] [PresenceUpdate] User XenBot#2953 status changed: same | Activities: Playing: Use /help for commands!
METADATA: {"timestamp": "2026-01-15T22:18:46.879722", "bot_version": "2.6.4", "guild_id": 1419349908850475031, "user_id": 1456813600302825593, "username": "XenBot#2953", "extra": {"before_status": "online", "after_status": "online", "activities": ["Playing: Use /help for commands!"]}}
---
[2026-01-15T22:18:56.875728] [INFO] [PRESENCE] [PresenceUpdate] User XenBot#2953 status changed: same | Activities: Playing: Tracking 2 servers
METADATA: {"timestamp": "2026-01-15T22:18:56.875684", "bot_version": "2.6.4", "guild_id": 1419349908850475031, "user_id": 1456813600302825593, "username": "XenBot#2953", "extra": {"before_status": "online", "after_status": "online", "activities": ["Playing: Tracking 2 servers"]}}
---
[2026-01-15T22:19:13.301025] [INFO] [PRESENCE] [PresenceUpdate] User 65tfm status changed: same | Activities: None
METADATA: {"timestamp": "2026-01-15T22:19:13.300986", "bot_version": "2.6.4", "guild_id": 1419349908850475031, "user_id": 1341783114694922315, "username": "65tfm", "extra": {"before_status": "dnd", "after_status": "dnd", "activities": []}}
---
[2026-01-15T22:19:30.186819] [INFO] [PRESENCE] [PresenceUpdate] User r85f status changed: offline -> dnd | Activities: Custom: hi im nik
METADATA: {"timestamp": "2026-01-15T22:19:30.186745", "bot_version": "2.6.4", "guild_id": 1419349908850475031, "user_id": 1291647601510187048, "username": "r85f", "extra": {"before_status": "offline", "after_status": "dnd", "activities": ["Custom: hi im nik"]}}
---
[2026-01-15T22:19:35.378560] [INFO] [PRESENCE] [PresenceUpdate] User 65tfm status changed: same | Activities: None
METADATA: {"timestamp": "2026-01-15T22:19:35.378516", "bot_version": "2.6.4", "guild_id": 1419349908850475031, "user_id": 1341783114694922315, "username": "65tfm", "extra": {"before_status": "dnd", "after_status": "dnd", "activities": []}}
---
[2026-01-15T22:19:48.446636] [INFO] [PRESENCE] [PresenceUpdate] User 65tfm status changed: same | Activities: None
METADATA: {"timestamp": "2026-01-15T22:19:48.446472", "bot_version": "2.6.4", "guild_id": 1419349908850475031, "user_id": 1341783114694922315, "username": "65tfm", "extra": {"before_status": "dnd", "after_status": "dnd", "activities": []}}
---
[2026-01-15T22:19:56.850191] [INFO] [PRESENCE] [PresenceUpdate] User XenBot#2953 status changed: same | Activities: Playing: Tracking 2 servers
METADATA: {"timestamp": "2026-01-15T22:19:56.850101", "bot_version": "2.6.4", "guild_id": 1419349908850475031, "user_id": 1456813600302825593, "username": "XenBot#2953", "extra": {"before_status": "online", "after_status": "online", "activities": ["Playing: Tracking 2 servers"]}}
---
[2026-01-15T22:20:06.872888] [INFO] [PRESENCE] [PresenceUpdate] User XenBot#2953 status changed: same | Activities: Playing: Configure with /setup
METADATA: {"timestamp": "2026-01-15T22:20:06.872854", "bot_version": "2.6.4", "guild_id": 1419349908850475031, "user_id": 1456813600302825593, "username": "XenBot#2953", "extra": {"before_status": "online", "after_status": "online", "activities": ["Playing: Configure with /setup"]}}
---
[2026-01-15T22:20:16.854807] [INFO] [PRESENCE] [PresenceUpdate] User XenBot#2953 status changed: same | Activities: Playing: Tracking 2 servers
METADATA: {"timestamp": "2026-01-15T22:20:16.854768", "bot_version": "2.6.4", "guild_id": 1419349908850475031, "user_id": 1456813600302825593, "username": "XenBot#2953", "extra": {"before_status": "online", "after_status": "online", "activities": ["Playing: Tracking 2 servers"]}}
---
[2026-01-15T22:20:26.852569] [INFO] [PRESENCE] [PresenceUpdate] User XenBot#2953 status changed: same | Activities: Playing: Use /help for commands!
METADATA: {"timestamp": "2026-01-15T22:20:26.852487", "bot_version": "2.6.4", "guild_id": 1419349908850475031, "user_id": 1456813600302825593, "username": "XenBot#2953", "extra": {"before_status": "online", "after_status": "online", "activities": ["Playing: Use /help for commands!"]}}
---
[2026-01-15T22:20:28.673544] [INFO] [PRESENCE] [PresenceUpdate] User 65tfm status changed: same | Activities: None
METADATA: {"timestamp": "2026-01-15T22:20:28.673515", "bot_version": "2.6.4", "guild_id": 1419349908850475031, "user_id": 1341783114694922315, "username": "65tfm", "extra": {"before_status": "dnd", "after_status": "dnd", "activities": []}}
---
[2026-01-15T22:20:32.426460] [INFO] [PRESENCE] [PresenceUpdate] User 65tfm status changed: dnd -> idle | Activities: None
METADATA: {"timestamp": "2026-01-15T22:20:32.426398", "bot_version": "2.6.4", "guild_id": 1419349908850475031, "user_id": 1341783114694922315, "username": "65tfm", "extra": {"before_status": "dnd", "after_status": "idle", "activities": []}}
---
[2026-01-15T22:20:33.083882] [INFO] [PRESENCE] [PresenceUpdate] User 65tfm status changed: dnd -> idle | Activities: None
METADATA: {"timestamp": "2026-01-15T22:20:33.083847", "bot_version": "2.6.4", "guild_id": 1419349908850475031, "user_id": 1341783114694922315, "username": "65tfm", "extra": {"before_status": "dnd", "after_status": "idle", "activities": []}}
---
[2026-01-15T22:20:36.859183] [INFO] [PRESENCE] [PresenceUpdate] User XenBot#2953 status changed: same | Activities: Playing: Configure with /setup
METADATA: {"timestamp": "2026-01-15T22:20:36.859134", "bot_version": "2.6.4", "guild_id": 1419349908850475031, "user_id": 1456813600302825593, "username": "XenBot#2953", "extra": {"before_status": "online", "after_status": "online", "activities": ["Playing: Configure with /setup"]}}
---
[2026-01-15T22:20:42.458762] [INFO] [PRESENCE] [PresenceUpdate] User 65tfm status changed: idle -> dnd | Activities: None
METADATA: {"timestamp": "2026-01-15T22:20:42.458707", "bot_version": "2.6.4", "guild_id": 1419349908850475031, "user_id": 1341783114694922315, "username": "65tfm", "extra": {"before_status": "idle", "after_status": "dnd", "activities": []}}
---
[2026-01-15T22:20:43.109062] [INFO] [PRESENCE] [PresenceUpdate] User 65tfm status changed: idle -> dnd | Activities: None
METADATA: {"timestamp": "2026-01-15T22:20:43.109001", "bot_version": "2.6.4", "guild_id": 1419349908850475031, "user_id": 1341783114694922315, "username": "65tfm", "extra": {"before_status": "idle", "after_status": "dnd", "activities": []}}
---
[2026-01-15T22:20:46.852236] [INFO] [PRESENCE] [PresenceUpdate] User XenBot#2953 status changed: same | Activities: Playing: Powered by CryptX!
METADATA: {"timestamp": "2026-01-15T22:20:46.852171", "bot_version": "2.6.4", "guild_id": 1419349908850475031, "user_id": 1456813600302825593, "username": "XenBot#2953", "extra": {"before_status": "online", "after_status": "online", "activities": ["Playing: Powered by CryptX!"]}}
---
[2026-01-15T22:20:56.901639] [INFO] [PRESENCE] [PresenceUpdate] User XenBot#2953 status changed: same | Activities: Playing: Tracking 2 servers
METADATA: {"timestamp": "2026-01-15T22:20:56.901604", "bot_version": "2.6.4", "guild_id": 1419349908850475031, "user_id": 1456813600302825593, "username": "XenBot#2953", "extra": {"before_status": "online", "after_status": "online", "activities": ["Playing: Tracking 2 servers"]}}
---
[2026-01-15T22:21:06.867588] [INFO] [PRESENCE] [PresenceUpdate] User XenBot#2953 status changed: same | Activities: Playing: Powered by CryptX!
METADATA: {"timestamp": "2026-01-15T22:21:06.867510", "bot_version": "2.6.4", "guild_id": 1419349908850475031, "user_id": 1456813600302825593, "username": "XenBot#2953", "extra": {"before_status": "online", "after_status": "online", "activities": ["Playing: Powered by CryptX!"]}}
---
[2026-01-15T22:21:14.615862] [INFO] [PRESENCE] [PresenceUpdate] User 65tfm status changed: same | Activities: None
METADATA: {"timestamp": "2026-01-15T22:21:14.615776", "bot_version": "2.6.4", "guild_id": 1419349908850475031, "user_id": 1341783114694922315, "username": "65tfm", "extra": {"before_status": "dnd", "after_status": "dnd", "activities": []}}
---
[2026-01-15T22:21:36.876666] [INFO] [PRESENCE] [PresenceUpdate] User XenBot#2953 status changed: same | Activities: Playing: Tracking 2 servers
METADATA: {"timestamp": "2026-01-15T22:21:36.876115", "bot_version": "2.6.4", "guild_id": 1419349908850475031, "user_id": 1456813600302825593, "username": "XenBot#2953", "extra": {"before_status": "online", "after_status": "online", "activities": ["Playing: Tracking 2 servers"]}}
---
[2026-01-15T22:21:38.054326] [INFO] [PRESENCE] [PresenceUpdate] User r85f status changed: dnd -> offline | Activities: None
METADATA: {"timestamp": "2026-01-15T22:21:38.054259", "bot_version": "2.6.4", "guild_id": 1419349908850475031, "user_id": 1291647601510187048, "username": "r85f", "extra": {"before_status": "dnd", "after_status": "offline", "activities": []}}
---
[2026-01-15T22:21:58.184389] [INFO] [PRESENCE] [PresenceUpdate] User 65tfm status changed: same | Activities: None
METADATA: {"timestamp": "2026-01-15T22:21:58.184343", "bot_version": "2.6.4", "guild_id": 1419349908850475031, "user_id": 1341783114694922315, "username": "65tfm", "extra": {"before_status": "dnd", "after_status": "dnd", "activities": []}}
---
[2026-01-15T22:22:06.896360] [INFO] [PRESENCE] [PresenceUpdate] User XenBot#2953 status changed: same | Activities: Playing: Use /help for commands!
METADATA: {"timestamp": "2026-01-15T22:22:06.896285", "bot_version": "2.6.4", "guild_id": 1419349908850475031, "user_id": 1456813600302825593, "username": "XenBot#2953", "extra": {"before_status": "online", "after_status": "online", "activities": ["Playing: Use /help for commands!"]}}
---
[2026-01-15T22:22:16.008721] [INFO] [PRESENCE] [PresenceUpdate] User juicewrld43742 status changed: online -> idle | Activities: Custom: be yourself and trust in the lord
METADATA: {"timestamp": "2026-01-15T22:22:16.008686", "bot_version": "2.6.4", "guild_id": 1419349908850475031, "user_id": 1408889525744173187, "username": "juicewrld43742", "extra": {"before_status": "online", "after_status": "idle", "activities": ["Custom: be yourself and trust in the lord"]}}
---
[2026-01-15T22:22:16.892466] [INFO] [PRESENCE] [PresenceUpdate] User XenBot#2953 status changed: same | Activities: Playing: Configure with /setup
METADATA: {"timestamp": "2026-01-15T22:22:16.892424", "bot_version": "2.6.4", "guild_id": 1419349908850475031, "user_id": 1456813600302825593, "username": "XenBot#2953", "extra": {"before_status": "online", "after_status": "online", "activities": ["Playing: Configure with /setup"]}}
---
[2026-01-15T22:22:18.178956] [INFO] [PRESENCE] [PresenceUpdate] User juicewrld43742 status changed: idle -> online | Activities: Custom: be yourself and trust in the lord
METADATA: {"timestamp": "2026-01-15T22:22:18.178930", "bot_version": "2.6.4", "guild_id": 1419349908850475031, "user_id": 1408889525744173187, "username": "juicewrld43742", "extra": {"before_status": "idle", "after_status": "online", "activities": ["Custom: be yourself and trust in the lord"]}}
---
[2026-01-15T22:22:24.070522] [INFO] [PRESENCE] [PresenceUpdate] User juicewrld43742 status changed: online -> idle | Activities: Custom: be yourself and trust in the lord
METADATA: {"timestamp": "2026-01-15T22:22:24.070490", "bot_version": "2.6.4", "guild_id": 1419349908850475031, "user_id": 1408889525744173187, "username": "juicewrld43742", "extra": {"before_status": "online", "after_status": "idle", "activities": ["Custom: be yourself and trust in the lord"]}}
---
[2026-01-15T22:22:26.862549] [INFO] [PRESENCE] [PresenceUpdate] User XenBot#2953 status changed: same | Activities: Playing: Tracking 2 servers
METADATA: {"timestamp": "2026-01-15T22:22:26.862462", "bot_version": "2.6.4", "guild_id": 1419349908850475031, "user_id": 1456813600302825593, "username": "XenBot#2953", "extra": {"before_status": "online", "after_status": "online", "activities": ["Playing: Tracking 2 servers"]}}
---
[2026-01-15T22:22:27.593865] [INFO] [PRESENCE] [PresenceUpdate] User juicewrld43742 status changed: idle -> online | Activities: Custom: be yourself and trust in the lord
METADATA: {"timestamp": "2026-01-15T22:22:27.593830", "bot_version": "2.6.4", "guild_id": 1419349908850475031, "user_id": 1408889525744173187, "username": "juicewrld43742", "extra": {"before_status": "idle", "after_status": "online", "activities": ["Custom: be yourself and trust in the lord"]}}
---
[2026-01-15T22:22:36.866635] [INFO] [PRESENCE] [PresenceUpdate] User XenBot#2953 status changed: same | Activities: Playing: Configure with /setup
METADATA: {"timestamp": "2026-01-15T22:22:36.866236", "bot_version": "2.6.4", "guild_id": 1419349908850475031, "user_id": 1456813600302825593, "username": "XenBot#2953", "extra": {"before_status": "online", "after_status": "online", "activities": ["Playing: Configure with /setup"]}}
---
[2026-01-15T22:22:46.874485] [INFO] [PRESENCE] [PresenceUpdate] User XenBot#2953 status changed: same | Activities: Playing: Powered by CryptX!
METADATA: {"timestamp": "2026-01-15T22:22:46.874452", "bot_version": "2.6.4", "guild_id": 1419349908850475031, "user_id": 1456813600302825593, "username": "XenBot#2953", "extra": {"before_status": "online", "after_status": "online", "activities": ["Playing: Powered by CryptX!"]}}
---
[2026-01-15T22:22:56.875487] [INFO] [PRESENCE] [PresenceUpdate] User XenBot#2953 status changed: same | Activities: Playing: Use /help for commands!
METADATA: {"timestamp": "2026-01-15T22:22:56.875433", "bot_version": "2.6.4", "guild_id": 1419349908850475031, "user_id": 1456813600302825593, "username": "XenBot#2953", "extra": {"before_status": "online", "after_status": "online", "activities": ["Playing: Use /help for commands!"]}}
---
[2026-01-15T22:23:06.877653] [INFO] [PRESENCE] [PresenceUpdate] User XenBot#2953 status changed: same | Activities: Playing: Tracking 2 servers
METADATA: {"timestamp": "2026-01-15T22:23:06.877603", "bot_version": "2.6.4", "guild_id": 1419349908850475031, "user_id": 1456813600302825593, "username": "XenBot#2953", "extra": {"before_status": "online", "after_status": "online", "activities": ["Playing: Tracking 2 servers"]}}
---
[2026-01-15T22:23:16.861864] [INFO] [PRESENCE] [PresenceUpdate] User XenBot#2953 status changed: same | Activities: Playing: Powered by CryptX!
METADATA: {"timestamp": "2026-01-15T22:23:16.861831", "bot_version": "2.6.4", "guild_id": 1419349908850475031, "user_id": 1456813600302825593, "username": "XenBot#2953", "extra": {"before_status": "online", "after_status": "online", "activities": ["Playing: Powered by CryptX!"]}}
---
[2026-01-15T22:23:24.425322] [INFO] [PRESENCE] [PresenceUpdate] User XenBot#2953 status changed: online -> offline | Activities: None
METADATA: {"timestamp": "2026-01-15T22:23:24.425279", "bot_version": "2.6.4", "guild_id": 1419349908850475031, "user_id": 1456813600302825593, "username": "XenBot#2953", "extra": {"before_status": "online", "after_status": "offline", "activities": []}}
---
[2026-01-15T22:23:31.075608] [INFO] [PRESENCE] [PresenceUpdate] User XenBot#2953 status changed: offline -> online | Activities: None
METADATA: {"timestamp": "2026-01-15T22:23:31.075521", "bot_version": "2.6.4", "guild_id": 1419349908850475031, "user_id": 1456813600302825593, "username": "XenBot#2953", "extra": {"before_status": "offline", "after_status": "online", "activities": []}}
---
[2026-01-15T22:23:33.695583] [INFO] [PRESENCE] [PresenceUpdate] User XenBot#2953 status changed: same | Activities: Playing: Use /help for commands!
METADATA: {"timestamp": "2026-01-15T22:23:33.695510", "bot_version": "2.6.4", "guild_id": 1419349908850475031, "user_id": 1456813600302825593, "username": "XenBot#2953", "extra": {"before_status": "online", "after_status": "online", "activities": ["Playing: Use /help for commands!"]}}
---
[2026-01-15T22:24:03.682754] [INFO] [PRESENCE] [PresenceUpdate] User XenBot#2953 status changed: same | Activities: Playing: Configure with /setup
METADATA: {"timestamp": "2026-01-15T22:24:03.682698", "bot_version": "2.6.4", "guild_id": 1419349908850475031, "user_id": 1456813600302825593, "username": "XenBot#2953", "extra": {"before_status": "online", "after_status": "online", "activities": ["Playing: Configure with /setup"]}}
---
[2026-01-15T22:24:13.688540] [INFO] [PRESENCE] [PresenceUpdate] User XenBot#2953 status changed: same | Activities: Playing: Use /help for commands!
METADATA: {"timestamp": "2026-01-15T22:24:13.688503", "bot_version": "2.6.4", "guild_id": 1419349908850475031, "user_id": 1456813600302825593, "username": "XenBot#2953", "extra": {"before_status": "online", "after_status": "online", "activities": ["Playing: Use /help for commands!"]}}
---
[2026-01-15T22:24:23.732403] [INFO] [PRESENCE] [PresenceUpdate] User XenBot#2953 status changed: same | Activities: Playing: Powered by CryptX!
METADATA: {"timestamp": "2026-01-15T22:24:23.732341", "bot_version": "2.6.4", "guild_id": 1419349908850475031, "user_id": 1456813600302825593, "username": "XenBot#2953", "extra": {"before_status": "online", "after_status": "online", "activities": ["Playing: Powered by CryptX!"]}}
---
[2026-01-15T22:24:33.703325] [INFO] [PRESENCE] [PresenceUpdate] User XenBot#2953 status changed: same | Activities: Playing: Configure with /setup
METADATA: {"timestamp": "2026-01-15T22:24:33.703286", "bot_version": "2.6.4", "guild_id": 1419349908850475031, "user_id": 1456813600302825593, "username": "XenBot#2953", "extra": {"before_status": "online", "after_status": "online", "activities": ["Playing: Configure with /setup"]}}
---
[2026-01-15T22:24:43.694775] [INFO] [PRESENCE] [PresenceUpdate] User XenBot#2953 status changed: same | Activities: Playing: Use /help for commands!
METADATA: {"timestamp": "2026-01-15T22:24:43.694733", "bot_version": "2.6.4", "guild_id": 1419349908850475031, "user_id": 1456813600302825593, "username": "XenBot#2953", "extra": {"before_status": "online", "after_status": "online", "activities": ["Playing: Use /help for commands!"]}}
---
[2026-01-15T22:24:53.700410] [INFO] [PRESENCE] [PresenceUpdate] User XenBot#2953 status changed: same | Activities: Playing: Powered by CryptX!
METADATA: {"timestamp": "2026-01-15T22:24:53.700365", "bot_version": "2.6.4", "guild_id": 1419349908850475031, "user_id": 1456813600302825593, "username": "XenBot#2953", "extra": {"before_status": "online", "after_status": "online", "activities": ["Playing: Powered by CryptX!"]}}
---
[2026-01-15T22:25:13.701384] [INFO] [PRESENCE] [PresenceUpdate] User XenBot#2953 status changed: same | Activities: Playing: Use /help for commands!
METADATA: {"timestamp": "2026-01-15T22:25:13.701328", "bot_version": "2.6.4", "guild_id": 1419349908850475031, "user_id": 1456813600302825593, "username": "XenBot#2953", "extra": {"before_status": "online", "after_status": "online", "activities": ["Playing: Use /help for commands!"]}}
---
[2026-01-15T22:25:23.698574] [INFO] [PRESENCE] [PresenceUpdate] User XenBot#2953 status changed: same | Activities: Playing: Tracking 2 servers
METADATA: {"timestamp": "2026-01-15T22:25:23.698520", "bot_version": "2.6.4", "guild_id": 1419349908850475031, "user_id": 1456813600302825593, "username": "XenBot#2953", "extra": {"before_status": "online", "after_status": "online", "activities": ["Playing: Tracking 2 servers"]}}
---
[2026-01-15T22:25:33.692267] [INFO] [PRESENCE] [PresenceUpdate] User XenBot#2953 status changed: same | Activities: Playing: Configure with /setup
METADATA: {"timestamp": "2026-01-15T22:25:33.692226", "bot_version": "2.6.4", "guild_id": 1419349908850475031, "user_id": 1456813600302825593, "username": "XenBot#2953", "extra": {"before_status": "online", "after_status": "online", "activities": ["Playing: Configure with /setup"]}}
---
[2026-01-15T22:25:43.689833] [INFO] [PRESENCE] [PresenceUpdate] User XenBot#2953 status changed: same | Activities: Playing: Use /help for commands!
METADATA: {"timestamp": "2026-01-15T22:25:43.689797", "bot_version": "2.6.4", "guild_id": 1419349908850475031, "user_id": 1456813600302825593, "username": "XenBot#2953", "extra": {"before_status": "online", "after_status": "online", "activities": ["Playing: Use /help for commands!"]}}
---
[2026-01-15T22:25:53.701238] [INFO] [PRESENCE] [PresenceUpdate] User XenBot#2953 status changed: same | Activities: Playing: Tracking 2 servers
METADATA: {"timestamp": "2026-01-15T22:25:53.701140", "bot_version": "2.6.4", "guild_id": 1419349908850475031, "user_id": 1456813600302825593, "username": "XenBot#2953", "extra": {"before_status": "online", "after_status": "online", "activities": ["Playing: Tracking 2 servers"]}}
---
[2026-01-15T22:26:03.697667] [INFO] [PRESENCE] [PresenceUpdate] User XenBot#2953 status changed: same | Activities: Playing: Use /help for commands!
METADATA: {"timestamp": "2026-01-15T22:26:03.697621", "bot_version": "2.6.4", "guild_id": 1419349908850475031, "user_id": 1456813600302825593, "username": "XenBot#2953", "extra": {"before_status": "online", "after_status": "online", "activities": ["Playing: Use /help for commands!"]}}
---
[2026-01-15T22:26:13.700184] [INFO] [PRESENCE] [PresenceUpdate] User XenBot#2953 status changed: same | Activities: Playing: Powered by CryptX!
METADATA: {"timestamp": "2026-01-15T22:26:13.700066", "bot_version": "2.6.4", "guild_id": 1419349908850475031, "user_id": 1456813600302825593, "username": "XenBot#2953", "extra": {"before_status": "online", "after_status": "online", "activities": ["Playing: Powered by CryptX!"]}}
---
[2026-01-15T22:26:23.703831] [INFO] [PRESENCE] [PresenceUpdate] User XenBot#2953 status changed: same | Activities: Playing: Tracking 2 servers
METADATA: {"timestamp": "2026-01-15T22:26:23.703787", "bot_version": "2.6.4", "guild_id": 1419349908850475031, "user_id": 1456813600302825593, "username": "XenBot#2953", "extra": {"before_status": "online", "after_status": "online", "activities": ["Playing: Tracking 2 servers"]}}
---
[2026-01-15T22:26:33.721438] [INFO] [PRESENCE] [PresenceUpdate] User XenBot#2953 status changed: same | Activities: Playing: Configure with /setup
METADATA: {"timestamp": "2026-01-15T22:26:33.721330", "bot_version": "2.6.4", "guild_id": 1419349908850475031, "user_id": 1456813600302825593, "username": "XenBot#2953", "extra": {"before_status": "online", "after_status": "online", "activities": ["Playing: Configure with /setup"]}}
---
[2026-01-15T22:26:43.709130] [INFO] [PRESENCE] [PresenceUpdate] User XenBot#2953 status changed: same | Activities: Playing: Use /help for commands!
METADATA: {"timestamp": "2026-01-15T22:26:43.709043", "bot_version": "2.6.4", "guild_id": 1419349908850475031, "user_id": 1456813600302825593, "username": "XenBot#2953", "extra": {"before_status": "online", "after_status": "online", "activities": ["Playing: Use /help for commands!"]}}
---
[2026-01-15T22:26:53.701767] [INFO] [PRESENCE] [PresenceUpdate] User XenBot#2953 status changed: same | Activities: Playing: Configure with /setup
METADATA: {"timestamp": "2026-01-15T22:26:53.701694", "bot_version": "2.6.4", "guild_id": 1419349908850475031, "user_id": 1456813600302825593, "username": "XenBot#2953", "extra": {"before_status": "online", "after_status": "online", "activities": ["Playing: Configure with /setup"]}}
---
[2026-01-15T22:27:03.727433] [INFO] [PRESENCE] [PresenceUpdate] User XenBot#2953 status changed: same | Activities: Playing: Use /help for commands!
METADATA: {"timestamp": "2026-01-15T22:27:03.727387", "bot_version": "2.6.4", "guild_id": 1419349908850475031, "user_id": 1456813600302825593, "username": "XenBot#2953", "extra": {"before_status": "online", "after_status": "online", "activities": ["Playing: Use /help for commands!"]}}
---
[2026-01-15T22:27:05.941791] [INFO] [PRESENCE] [PresenceUpdate] User 65tfm status changed: dnd -> offline | Activities: None
METADATA: {"timestamp": "2026-01-15T22:27:05.941758", "bot_version": "2.6.4", "guild_id": 1419349908850475031, "user_id": 1341783114694922315, "username": "65tfm", "extra": {"before_status": "dnd", "after_status": "offline", "activities": []}}
---
[2026-01-15T22:27:13.729962] [INFO] [PRESENCE] [PresenceUpdate] User XenBot#2953 status changed: same | Activities: Playing: Powered by CryptX!
METADATA: {"timestamp": "2026-01-15T22:27:13.729903", "bot_version": "2.6.4", "guild_id": 1419349908850475031, "user_id": 1456813600302825593, "username": "XenBot#2953", "extra": {"before_status": "online", "after_status": "online", "activities": ["Playing: Powered by CryptX!"]}}
---
[2026-01-15T22:27:23.723665] [INFO] [PRESENCE] [PresenceUpdate] User XenBot#2953 status changed: same | Activities: Playing: Configure with /setup
METADATA: {"timestamp": "2026-01-15T22:27:23.723615", "bot_version": "2.6.4", "guild_id": 1419349908850475031, "user_id": 1456813600302825593, "username": "XenBot#2953", "extra": {"before_status": "online", "after_status": "online", "activities": ["Playing: Configure with /setup"]}}
---
[2026-01-15T22:27:53.737634] [INFO] [PRESENCE] [PresenceUpdate] User XenBot#2953 status changed: same | Activities: Playing: Powered by CryptX!
METADATA: {"timestamp": "2026-01-15T22:27:53.737590", "bot_version": "2.6.4", "guild_id": 1419349908850475031, "user_id": 1456813600302825593, "username": "XenBot#2953", "extra": {"before_status": "online", "after_status": "online", "activities": ["Playing: Powered by CryptX!"]}}
---
[2026-01-15T22:28:03.733861] [INFO] [PRESENCE] [PresenceUpdate] User XenBot#2953 status changed: same | Activities: Playing: Configure with /setup
METADATA: {"timestamp": "2026-01-15T22:28:03.733781", "bot_version": "2.6.4", "guild_id": 1419349908850475031, "user_id": 1456813600302825593, "username": "XenBot#2953", "extra": {"before_status": "online", "after_status": "online", "activities": ["Playing: Configure with /setup"]}}
---
[2026-01-15T22:28:13.720335] [INFO] [PRESENCE] [PresenceUpdate] User XenBot#2953 status changed: same | Activities: Playing: Use /help for commands!
METADATA: {"timestamp": "2026-01-15T22:28:13.720256", "bot_version": "2.6.4", "guild_id": 1419349908850475031, "user_id": 1456813600302825593, "username": "XenBot#2953", "extra": {"before_status": "online", "after_status": "online", "activities": ["Playing: Use /help for commands!"]}}
---
[2026-01-15T22:28:23.721028] [INFO] [PRESENCE] [PresenceUpdate] User XenBot#2953 status changed: same | Activities: Playing: Tracking 2 servers
METADATA: {"timestamp": "2026-01-15T22:28:23.720992", "bot_version": "2.6.4", "guild_id": 1419349908850475031, "user_id": 1456813600302825593, "username": "XenBot#2953", "extra": {"before_status": "online", "after_status": "online", "activities": ["Playing: Tracking 2 servers"]}}
---
[2026-01-15T22:28:33.714384] [INFO] [PRESENCE] [PresenceUpdate] User XenBot#2953 status changed: same | Activities: Playing: Powered by CryptX!
METADATA: {"timestamp": "2026-01-15T22:28:33.714348", "bot_version": "2.6.4", "guild_id": 1419349908850475031, "user_id": 1456813600302825593, "username": "XenBot#2953", "extra": {"before_status": "online", "after_status": "online", "activities": ["Playing: Powered by CryptX!"]}}
---
[2026-01-15T22:28:43.734287] [INFO] [PRESENCE] [PresenceUpdate] User XenBot#2953 status changed: same | Activities: Playing: Tracking 2 servers
METADATA: {"timestamp": "2026-01-15T22:28:43.734211", "bot_version": "2.6.4", "guild_id": 1419349908850475031, "user_id": 1456813600302825593, "username": "XenBot#2953", "extra": {"before_status": "online", "after_status": "online", "activities": ["Playing: Tracking 2 servers"]}}
---
[2026-01-15T22:28:53.736657] [INFO] [PRESENCE] [PresenceUpdate] User XenBot#2953 status changed: same | Activities: Playing: Powered by CryptX!
METADATA: {"timestamp": "2026-01-15T22:28:53.736608", "bot_version": "2.6.4", "guild_id": 1419349908850475031, "user_id": 1456813600302825593, "username": "XenBot#2953", "extra": {"before_status": "online", "after_status": "online", "activities": ["Playing: Powered by CryptX!"]}}
---
[2026-01-15T22:29:13.719199] [INFO] [PRESENCE] [PresenceUpdate] User XenBot#2953 status changed: same | Activities: Playing: Configure with /setup
METADATA: {"timestamp": "2026-01-15T22:29:13.719158", "bot_version": "2.6.4", "guild_id": 1419349908850475031, "user_id": 1456813600302825593, "username": "XenBot#2953", "extra": {"before_status": "online", "after_status": "online", "activities": ["Playing: Configure with /setup"]}}
---
[2026-01-15T22:29:23.744233] [INFO] [PRESENCE] [PresenceUpdate] User XenBot#2953 status changed: same | Activities: Playing: Use /help for commands!
METADATA: {"timestamp": "2026-01-15T22:29:23.744150", "bot_version": "2.6.4", "guild_id": 1419349908850475031, "user_id": 1456813600302825593, "username": "XenBot#2953", "extra": {"before_status": "online", "after_status": "online", "activities": ["Playing: Use /help for commands!"]}}
---
[2026-01-15T22:29:33.729276] [INFO] [PRESENCE] [PresenceUpdate] User XenBot#2953 status changed: same | Activities: Playing: Configure with /setup
METADATA: {"timestamp": "2026-01-15T22:29:33.729096", "bot_version": "2.6.4", "guild_id": 1419349908850475031, "user_id": 1456813600302825593, "username": "XenBot#2953", "extra": {"before_status": "online", "after_status": "online", "activities": ["Playing: Configure with /setup"]}}
---
[2026-01-15T22:29:53.728870] [INFO] [PRESENCE] [PresenceUpdate] User XenBot#2953 status changed: same | Activities: Playing: Tracking 2 servers
METADATA: {"timestamp": "2026-01-15T22:29:53.728842", "bot_version": "2.6.4", "guild_id": 1419349908850475031, "user_id": 1456813600302825593, "username": "XenBot#2953", "extra": {"before_status": "online", "after_status": "online", "activities": ["Playing: Tracking 2 servers"]}}
---
[2026-01-15T22:30:23.738925] [INFO] [PRESENCE] [PresenceUpdate] User XenBot#2953 status changed: same | Activities: Playing: Powered by CryptX!
METADATA: {"timestamp": "2026-01-15T22:30:23.738838", "bot_version": "2.6.4", "guild_id": 1419349908850475031, "user_id": 1456813600302825593, "username": "XenBot#2953", "extra": {"before_status": "online", "after_status": "online", "activities": ["Playing: Powered by CryptX!"]}}
---
[2026-01-15T22:30:33.747707] [INFO] [PRESENCE] [PresenceUpdate] User XenBot#2953 status changed: same | Activities: Playing: Configure with /setup
METADATA: {"timestamp": "2026-01-15T22:30:33.747634", "bot_version": "2.6.4", "guild_id": 1419349908850475031, "user_id": 1456813600302825593, "username": "XenBot#2953", "extra": {"before_status": "online", "after_status": "online", "activities": ["Playing: Configure with /setup"]}}
---
[2026-01-15T22:30:43.737088] [INFO] [PRESENCE] [PresenceUpdate] User XenBot#2953 status changed: same | Activities: Playing: Powered by CryptX!
METADATA: {"timestamp": "2026-01-15T22:30:43.737005", "bot_version": "2.6.4", "guild_id": 1419349908850475031, "user_id": 1456813600302825593, "username": "XenBot#2953", "extra": {"before_status": "online", "after_status": "online", "activities": ["Playing: Powered by CryptX!"]}}
---
[2026-01-15T22:30:44.478246] [INFO] [PRESENCE] [PresenceUpdate] User 2vdek status changed: offline -> dnd | Activities: None
METADATA: {"timestamp": "2026-01-15T22:30:44.478130", "bot_version": "2.6.4", "guild_id": 1419349908850475031, "user_id": 1398104794823921668, "username": "2vdek", "extra": {"before_status": "offline", "after_status": "dnd", "activities": []}}
---
[2026-01-15T22:30:53.754864] [INFO] [PRESENCE] [PresenceUpdate] User XenBot#2953 status changed: same | Activities: Playing: Tracking 2 servers
METADATA: {"timestamp": "2026-01-15T22:30:53.754792", "bot_version": "2.6.4", "guild_id": 1419349908850475031, "user_id": 1456813600302825593, "username": "XenBot#2953", "extra": {"before_status": "online", "after_status": "online", "activities": ["Playing: Tracking 2 servers"]}}
---
[2026-01-15T22:31:13.751935] [INFO] [PRESENCE] [PresenceUpdate] User XenBot#2953 status changed: same | Activities: Playing: Powered by CryptX!
METADATA: {"timestamp": "2026-01-15T22:31:13.751873", "bot_version": "2.6.4", "guild_id": 1419349908850475031, "user_id": 1456813600302825593, "username": "XenBot#2953", "extra": {"before_status": "online", "after_status": "online", "activities": ["Playing: Powered by CryptX!"]}}
---
[2026-01-15T22:31:23.766434] [INFO] [PRESENCE] [PresenceUpdate] User XenBot#2953 status changed: same | Activities: Playing: Configure with /setup
METADATA: {"timestamp": "2026-01-15T22:31:23.766355", "bot_version": "2.6.4", "guild_id": 1419349908850475031, "user_id": 1456813600302825593, "username": "XenBot#2953", "extra": {"before_status": "online", "after_status": "online", "activities": ["Playing: Configure with /setup"]}}
---
[2026-01-15T22:31:33.745797] [INFO] [PRESENCE] [PresenceUpdate] User XenBot#2953 status changed: same | Activities: Playing: Use /help for commands!
METADATA: {"timestamp": "2026-01-15T22:31:33.745723", "bot_version": "2.6.4", "guild_id": 1419349908850475031, "user_id": 1456813600302825593, "username": "XenBot#2953", "extra": {"before_status": "online", "after_status": "online", "activities": ["Playing: Use /help for commands!"]}}
---
[2026-01-15T22:31:43.764217] [INFO] [PRESENCE] [PresenceUpdate] User XenBot#2953 status changed: same | Activities: Playing: Tracking 2 servers
METADATA: {"timestamp": "2026-01-15T22:31:43.764102", "bot_version": "2.6.4", "guild_id": 1419349908850475031, "user_id": 1456813600302825593, "username": "XenBot#2953", "extra": {"before_status": "online", "after_status": "online", "activities": ["Playing: Tracking 2 servers"]}}
---
[2026-01-15T22:31:53.751175] [INFO] [PRESENCE] [PresenceUpdate] User XenBot#2953 status changed: same | Activities: Playing: Use /help for commands!
METADATA: {"timestamp": "2026-01-15T22:31:53.751146", "bot_version": "2.6.4", "guild_id": 1419349908850475031, "user_id": 1456813600302825593, "username": "XenBot#2953", "extra": {"before_status": "online", "after_status": "online", "activities": ["Playing: Use /help for commands!"]}}
---
[2026-01-15T22:32:03.761228] [INFO] [PRESENCE] [PresenceUpdate] User XenBot#2953 status changed: same | Activities: Playing: Configure with /setup
METADATA: {"timestamp": "2026-01-15T22:32:03.761179", "bot_version": "2.6.4", "guild_id": 1419349908850475031, "user_id": 1456813600302825593, "username": "XenBot#2953", "extra": {"before_status": "online", "after_status": "online", "activities": ["Playing: Configure with /setup"]}}
---
[2026-01-15T22:32:13.764792] [INFO] [PRESENCE] [PresenceUpdate] User XenBot#2953 status changed: same | Activities: Playing: Tracking 2 servers
METADATA: {"timestamp": "2026-01-15T22:32:13.764715", "bot_version": "2.6.4", "guild_id": 1419349908850475031, "user_id": 1456813600302825593, "username": "XenBot#2953", "extra": {"before_status": "online", "after_status": "online", "activities": ["Playing: Tracking 2 servers"]}}
---
[2026-01-15T22:32:23.762114] [INFO] [PRESENCE] [PresenceUpdate] User XenBot#2953 status changed: same | Activities: Playing: Powered by CryptX!
METADATA: {"timestamp": "2026-01-15T22:32:23.762039", "bot_version": "2.6.4", "guild_id": 1419349908850475031, "user_id": 1456813600302825593, "username": "XenBot#2953", "extra": {"before_status": "online", "after_status": "online", "activities": ["Playing: Powered by CryptX!"]}}
---
[2026-01-15T22:32:33.757722] [INFO] [PRESENCE] [PresenceUpdate] User XenBot#2953 status changed: same | Activities: Playing: Configure with /setup
METADATA: {"timestamp": "2026-01-15T22:32:33.757650", "bot_version": "2.6.4", "guild_id": 1419349908850475031, "user_id": 1456813600302825593, "username": "XenBot#2953", "extra": {"before_status": "online", "after_status": "online", "activities": ["Playing: Configure with /setup"]}}
---
[2026-01-15T22:32:43.757293] [INFO] [PRESENCE] [PresenceUpdate] User XenBot#2953 status changed: same | Activities: Playing: Tracking 2 servers
METADATA: {"timestamp": "2026-01-15T22:32:43.756932", "bot_version": "2.6.4", "guild_id": 1419349908850475031, "user_id": 1456813600302825593, "username": "XenBot#2953", "extra": {"before_status": "online", "after_status": "online", "activities": ["Playing: Tracking 2 servers"]}}
---
[2026-01-15T22:32:53.765903] [INFO] [PRESENCE] [PresenceUpdate] User XenBot#2953 status changed: same | Activities: Playing: Use /help for commands!
METADATA: {"timestamp": "2026-01-15T22:32:53.765821", "bot_version": "2.6.4", "guild_id": 1419349908850475031, "user_id": 1456813600302825593, "username": "XenBot#2953", "extra": {"before_status": "online", "after_status": "online", "activities": ["Playing: Use /help for commands!"]}}
---
[2026-01-15T22:33:00.279749] [INFO] [PRESENCE] [PresenceUpdate] User juicewrld43742 status changed: online -> idle | Activities: Custom: be yourself and trust in the lord
METADATA: {"timestamp": "2026-01-15T22:33:00.279708", "bot_version": "2.6.4", "guild_id": 1419349908850475031, "user_id": 1408889525744173187, "username": "juicewrld43742", "extra": {"before_status": "online", "after_status": "idle", "activities": ["Custom: be yourself and trust in the lord"]}}
---
[2026-01-15T22:33:03.764255] [INFO] [PRESENCE] [PresenceUpdate] User XenBot#2953 status changed: same | Activities: Playing: Tracking 2 servers
METADATA: {"timestamp": "2026-01-15T22:33:03.764177", "bot_version": "2.6.4", "guild_id": 1419349908850475031, "user_id": 1456813600302825593, "username": "XenBot#2953", "extra": {"before_status": "online", "after_status": "online", "activities": ["Playing: Tracking 2 servers"]}}
---
[2026-01-15T22:33:13.765314] [INFO] [PRESENCE] [PresenceUpdate] User XenBot#2953 status changed: same | Activities: Playing: Powered by CryptX!
METADATA: {"timestamp": "2026-01-15T22:33:13.765237", "bot_version": "2.6.4", "guild_id": 1419349908850475031, "user_id": 1456813600302825593, "username": "XenBot#2953", "extra": {"before_status": "online", "after_status": "online", "activities": ["Playing: Powered by CryptX!"]}}
---
[2026-01-15T22:33:23.761492] [INFO] [PRESENCE] [PresenceUpdate] User XenBot#2953 status changed: same | Activities: Playing: Configure with /setup
METADATA: {"timestamp": "2026-01-15T22:33:23.761411", "bot_version": "2.6.4", "guild_id": 1419349908850475031, "user_id": 1456813600302825593, "username": "XenBot#2953", "extra": {"before_status": "online", "after_status": "online", "activities": ["Playing: Configure with /setup"]}}
---
[2026-01-15T22:33:24.960294] [INFO] [PRESENCE] [PresenceUpdate] User grewal.1 status changed: same | Activities: None
METADATA: {"timestamp": "2026-01-15T22:33:24.960218", "bot_version": "2.6.4", "guild_id": 1419349908850475031, "user_id": 853131267439329280, "username": "grewal.1", "extra": {"before_status": "dnd", "after_status": "dnd", "activities": []}}
---
[2026-01-15T22:33:33.775370] [INFO] [PRESENCE] [PresenceUpdate] User XenBot#2953 status changed: same | Activities: Playing: Tracking 2 servers
METADATA: {"timestamp": "2026-01-15T22:33:33.775321", "bot_version": "2.6.4", "guild_id": 1419349908850475031, "user_id": 1456813600302825593, "username": "XenBot#2953", "extra": {"before_status": "online", "after_status": "online", "activities": ["Playing: Tracking 2 servers"]}}
---
[2026-01-15T22:34:13.772913] [INFO] [PRESENCE] [PresenceUpdate] User XenBot#2953 status changed: same | Activities: Playing: Powered by CryptX!
METADATA: {"timestamp": "2026-01-15T22:34:13.772866", "bot_version": "2.6.4", "guild_id": 1419349908850475031, "user_id": 1456813600302825593, "username": "XenBot#2953", "extra": {"before_status": "online", "after_status": "online", "activities": ["Playing: Powered by CryptX!"]}}
---
[2026-01-15T22:34:23.797747] [INFO] [PRESENCE] [PresenceUpdate] User XenBot#2953 status changed: same | Activities: Playing: Tracking 2 servers
METADATA: {"timestamp": "2026-01-15T22:34:23.797719", "bot_version": "2.6.4", "guild_id": 1419349908850475031, "user_id": 1456813600302825593, "username": "XenBot#2953", "extra": {"before_status": "online", "after_status": "online", "activities": ["Playing: Tracking 2 servers"]}}
---
[2026-01-15T22:34:33.794544] [INFO] [PRESENCE] [PresenceUpdate] User XenBot#2953 status changed: same | Activities: Playing: Powered by CryptX!
METADATA: {"timestamp": "2026-01-15T22:34:33.794496", "bot_version": "2.6.4", "guild_id": 1419349908850475031, "user_id": 1456813600302825593, "username": "XenBot#2953", "extra": {"before_status": "online", "after_status": "online", "activities": ["Playing: Powered by CryptX!"]}}
---
[2026-01-15T22:34:43.801240] [INFO] [PRESENCE] [PresenceUpdate] User XenBot#2953 status changed: same | Activities: Playing: Use /help for commands!
METADATA: {"timestamp": "2026-01-15T22:34:43.801161", "bot_version": "2.6.4", "guild_id": 1419349908850475031, "user_id": 1456813600302825593, "username": "XenBot#2953", "extra": {"before_status": "online", "after_status": "online", "activities": ["Playing: Use /help for commands!"]}}
---
[2026-01-15T22:35:03.796906] [INFO] [PRESENCE] [PresenceUpdate] User XenBot#2953 status changed: same | Activities: Playing: Configure with /setup
METADATA: {"timestamp": "2026-01-15T22:35:03.796813", "bot_version": "2.6.4", "guild_id": 1419349908850475031, "user_id": 1456813600302825593, "username": "XenBot#2953", "extra": {"before_status": "online", "after_status": "online", "activities": ["Playing: Configure with /setup"]}}
---
[2026-01-15T22:35:23.793998] [INFO] [PRESENCE] [PresenceUpdate] User XenBot#2953 status changed: same | Activities: Playing: Use /help for commands!
METADATA: {"timestamp": "2026-01-15T22:35:23.793927", "bot_version": "2.6.4", "guild_id": 1419349908850475031, "user_id": 1456813600302825593, "username": "XenBot#2953", "extra": {"before_status": "online", "after_status": "online", "activities": ["Playing: Use /help for commands!"]}}
---
[2026-01-15T22:35:33.801179] [INFO] [PRESENCE] [PresenceUpdate] User XenBot#2953 status changed: same | Activities: Playing: Powered by CryptX!
METADATA: {"timestamp": "2026-01-15T22:35:33.801148", "bot_version": "2.6.4", "guild_id": 1419349908850475031, "user_id": 1456813600302825593, "username": "XenBot#2953", "extra": {"before_status": "online", "after_status": "online", "activities": ["Playing: Powered by CryptX!"]}}
---
[2026-01-15T22:35:35.076209] [INFO] [PRESENCE] [PresenceUpdate] User juicewrld43742 status changed: idle -> offline | Activities: None
METADATA: {"timestamp": "2026-01-15T22:35:35.076163", "bot_version": "2.6.4", "guild_id": 1419349908850475031, "user_id": 1408889525744173187, "username": "juicewrld43742", "extra": {"before_status": "idle", "after_status": "offline", "activities": []}}
---
[2026-01-15T22:35:43.800958] [INFO] [PRESENCE] [PresenceUpdate] User XenBot#2953 status changed: same | Activities: Playing: Tracking 2 servers
METADATA: {"timestamp": "2026-01-15T22:35:43.800754", "bot_version": "2.6.4", "guild_id": 1419349908850475031, "user_id": 1456813600302825593, "username": "XenBot#2953", "extra": {"before_status": "online", "after_status": "online", "activities": ["Playing: Tracking 2 servers"]}}
---
[2026-01-15T22:35:53.827556] [INFO] [PRESENCE] [PresenceUpdate] User XenBot#2953 status changed: same | Activities: Playing: Configure with /setup
METADATA: {"timestamp": "2026-01-15T22:35:53.827510", "bot_version": "2.6.4", "guild_id": 1419349908850475031, "user_id": 1456813600302825593, "username": "XenBot#2953", "extra": {"before_status": "online", "after_status": "online", "activities": ["Playing: Configure with /setup"]}}
---
[2026-01-15T22:36:00.263634] [INFO] [PRESENCE] [PresenceUpdate] User void___111 status changed: offline -> online | Activities: None
METADATA: {"timestamp": "2026-01-15T22:36:00.263584", "bot_version": "2.6.4", "guild_id": 1419349908850475031, "user_id": 1254544936121139242, "username": "void___111", "extra": {"before_status": "offline", "after_status": "online", "activities": []}}
---
[2026-01-15T22:36:13.809536] [INFO] [PRESENCE] [PresenceUpdate] User XenBot#2953 status changed: same | Activities: Playing: Tracking 2 servers
METADATA: {"timestamp": "2026-01-15T22:36:13.809493", "bot_version": "2.6.4", "guild_id": 1419349908850475031, "user_id": 1456813600302825593, "username": "XenBot#2953", "extra": {"before_status": "online", "after_status": "online", "activities": ["Playing: Tracking 2 servers"]}}
---
[2026-01-15T22:36:23.808214] [INFO] [PRESENCE] [PresenceUpdate] User XenBot#2953 status changed: same | Activities: Playing: Configure with /setup
METADATA: {"timestamp": "2026-01-15T22:36:23.808165", "bot_version": "2.6.4", "guild_id": 1419349908850475031, "user_id": 1456813600302825593, "username": "XenBot#2953", "extra": {"before_status": "online", "after_status": "online", "activities": ["Playing: Configure with /setup"]}}
---
[2026-01-15T22:36:33.813794] [INFO] [PRESENCE] [PresenceUpdate] User XenBot#2953 status changed: same | Activities: Playing: Tracking 2 servers
METADATA: {"timestamp": "2026-01-15T22:36:33.813749", "bot_version": "2.6.4", "guild_id": 1419349908850475031, "user_id": 1456813600302825593, "username": "XenBot#2953", "extra": {"before_status": "online", "after_status": "online", "activities": ["Playing: Tracking 2 servers"]}}
---
[2026-01-15T22:36:43.806422] [INFO] [PRESENCE] [PresenceUpdate] User XenBot#2953 status changed: same | Activities: Playing: Configure with /setup
METADATA: {"timestamp": "2026-01-15T22:36:43.806375", "bot_version": "2.6.4", "guild_id": 1419349908850475031, "user_id": 1456813600302825593, "username": "XenBot#2953", "extra": {"before_status": "online", "after_status": "online", "activities": ["Playing: Configure with /setup"]}}
---
[2026-01-15T22:36:53.814732] [INFO] [PRESENCE] [PresenceUpdate] User XenBot#2953 status changed: same | Activities: Playing: Use /help for commands!
METADATA: {"timestamp": "2026-01-15T22:36:53.814697", "bot_version": "2.6.4", "guild_id": 1419349908850475031, "user_id": 1456813600302825593, "username": "XenBot#2953", "extra": {"before_status": "online", "after_status": "online", "activities": ["Playing: Use /help for commands!"]}}
---
[2026-01-15T22:37:03.814871] [INFO] [PRESENCE] [PresenceUpdate] User XenBot#2953 status changed: same | Activities: Playing: Tracking 2 servers
METADATA: {"timestamp": "2026-01-15T22:37:03.814792", "bot_version": "2.6.4", "guild_id": 1419349908850475031, "user_id": 1456813600302825593, "username": "XenBot#2953", "extra": {"before_status": "online", "after_status": "online", "activities": ["Playing: Tracking 2 servers"]}}
---
[2026-01-15T22:37:13.814012] [INFO] [PRESENCE] [PresenceUpdate] User XenBot#2953 status changed: same | Activities: Playing: Powered by CryptX!
METADATA: {"timestamp": "2026-01-15T22:37:13.813966", "bot_version": "2.6.4", "guild_id": 1419349908850475031, "user_id": 1456813600302825593, "username": "XenBot#2953", "extra": {"before_status": "online", "after_status": "online", "activities": ["Playing: Powered by CryptX!"]}}
---
[2026-01-15T22:37:23.814282] [INFO] [PRESENCE] [PresenceUpdate] User XenBot#2953 status changed: same | Activities: Playing: Use /help for commands!
METADATA: {"timestamp": "2026-01-15T22:37:23.814253", "bot_version": "2.6.4", "guild_id": 1419349908850475031, "user_id": 1456813600302825593, "username": "XenBot#2953", "extra": {"before_status": "online", "after_status": "online", "activities": ["Playing: Use /help for commands!"]}}
---
[2026-01-15T22:37:33.820265] [INFO] [PRESENCE] [PresenceUpdate] User XenBot#2953 status changed: same | Activities: Playing: Configure with /setup
METADATA: {"timestamp": "2026-01-15T22:37:33.820220", "bot_version": "2.6.4", "guild_id": 1419349908850475031, "user_id": 1456813600302825593, "username": "XenBot#2953", "extra": {"before_status": "online", "after_status": "online", "activities": ["Playing: Configure with /setup"]}}
---
[2026-01-15T22:37:53.816556] [INFO] [PRESENCE] [PresenceUpdate] User XenBot#2953 status changed: same | Activities: Playing: Powered by CryptX!
METADATA: {"timestamp": "2026-01-15T22:37:53.816508", "bot_version": "2.6.4", "guild_id": 1419349908850475031, "user_id": 1456813600302825593, "username": "XenBot#2953", "extra": {"before_status": "online", "after_status": "online", "activities": ["Playing: Powered by CryptX!"]}}
---
[2026-01-15T22:38:03.863104] [INFO] [PRESENCE] [PresenceUpdate] User XenBot#2953 status changed: same | Activities: Playing: Use /help for commands!
METADATA: {"timestamp": "2026-01-15T22:38:03.863051", "bot_version": "2.6.4", "guild_id": 1419349908850475031, "user_id": 1456813600302825593, "username": "XenBot#2953", "extra": {"before_status": "online", "after_status": "online", "activities": ["Playing: Use /help for commands!"]}}
---
[2026-01-15T22:38:13.864383] [INFO] [PRESENCE] [PresenceUpdate] User XenBot#2953 status changed: same | Activities: Playing: Configure with /setup
METADATA: {"timestamp": "2026-01-15T22:38:13.864319", "bot_version": "2.6.4", "guild_id": 1419349908850475031, "user_id": 1456813600302825593, "username": "XenBot#2953", "extra": {"before_status": "online", "after_status": "online", "activities": ["Playing: Configure with /setup"]}}
---
[2026-01-15T22:38:33.915458] [INFO] [PRESENCE] [PresenceUpdate] User XenBot#2953 status changed: same | Activities: Playing: Powered by CryptX!
METADATA: {"timestamp": "2026-01-15T22:38:33.915394", "bot_version": "2.6.4", "guild_id": 1419349908850475031, "user_id": 1456813600302825593, "username": "XenBot#2953", "extra": {"before_status": "online", "after_status": "online", "activities": ["Playing: Powered by CryptX!"]}}
---
[2026-01-15T22:38:43.880516] [INFO] [PRESENCE] [PresenceUpdate] User XenBot#2953 status changed: same | Activities: Playing: Use /help for commands!
METADATA: {"timestamp": "2026-01-15T22:38:43.880463", "bot_version": "2.6.4", "guild_id": 1419349908850475031, "user_id": 1456813600302825593, "username": "XenBot#2953", "extra": {"before_status": "online", "after_status": "online", "activities": ["Playing: Use /help for commands!"]}}
---
[2026-01-15T22:38:51.171852] [INFO] [PRESENCE] [PresenceUpdate] User void___111 status changed: online -> offline | Activities: None
METADATA: {"timestamp": "2026-01-15T22:38:51.171818", "bot_version": "2.6.4", "guild_id": 1419349908850475031, "user_id": 1254544936121139242, "username": "void___111", "extra": {"before_status": "online", "after_status": "offline", "activities": []}}
---
[2026-01-15T22:38:53.903776] [INFO] [PRESENCE] [PresenceUpdate] User XenBot#2953 status changed: same | Activities: Playing: Tracking 2 servers
METADATA: {"timestamp": "2026-01-15T22:38:53.903725", "bot_version": "2.6.4", "guild_id": 1419349908850475031, "user_id": 1456813600302825593, "username": "XenBot#2953", "extra": {"before_status": "online", "after_status": "online", "activities": ["Playing: Tracking 2 servers"]}}
---
[2026-01-15T22:39:03.873634] [INFO] [PRESENCE] [PresenceUpdate] User XenBot#2953 status changed: same | Activities: Playing: Powered by CryptX!
METADATA: {"timestamp": "2026-01-15T22:39:03.873583", "bot_version": "2.6.4", "guild_id": 1419349908850475031, "user_id": 1456813600302825593, "username": "XenBot#2953", "extra": {"before_status": "online", "after_status": "online", "activities": ["Playing: Powered by CryptX!"]}}
---
[2026-01-15T22:39:13.887053] [INFO] [PRESENCE] [PresenceUpdate] User XenBot#2953 status changed: same | Activities: Playing: Tracking 2 servers
METADATA: {"timestamp": "2026-01-15T22:39:13.886991", "bot_version": "2.6.4", "guild_id": 1419349908850475031, "user_id": 1456813600302825593, "username": "XenBot#2953", "extra": {"before_status": "online", "after_status": "online", "activities": ["Playing: Tracking 2 servers"]}}
---
[2026-01-15T22:39:23.872638] [INFO] [PRESENCE] [PresenceUpdate] User XenBot#2953 status changed: same | Activities: Playing: Configure with /setup
METADATA: {"timestamp": "2026-01-15T22:39:23.872596", "bot_version": "2.6.4", "guild_id": 1419349908850475031, "user_id": 1456813600302825593, "username": "XenBot#2953", "extra": {"before_status": "online", "after_status": "online", "activities": ["Playing: Configure with /setup"]}}
---
[2026-01-15T22:39:33.879166] [INFO] [PRESENCE] [PresenceUpdate] User XenBot#2953 status changed: same | Activities: Playing: Tracking 2 servers
METADATA: {"timestamp": "2026-01-15T22:39:33.879136", "bot_version": "2.6.4", "guild_id": 1419349908850475031, "user_id": 1456813600302825593, "username": "XenBot#2953", "extra": {"before_status": "online", "after_status": "online", "activities": ["Playing: Tracking 2 servers"]}}
---
[2026-01-15T22:39:43.897347] [INFO] [PRESENCE] [PresenceUpdate] User XenBot#2953 status changed: same | Activities: Playing: Configure with /setup
METADATA: {"timestamp": "2026-01-15T22:39:43.897312", "bot_version": "2.6.4", "guild_id": 1419349908850475031, "user_id": 1456813600302825593, "username": "XenBot#2953", "extra": {"before_status": "online", "after_status": "online", "activities": ["Playing: Configure with /setup"]}}
---
[2026-01-15T22:39:53.887204] [INFO] [PRESENCE] [PresenceUpdate] User XenBot#2953 status changed: same | Activities: Playing: Tracking 2 servers
METADATA: {"timestamp": "2026-01-15T22:39:53.887159", "bot_version": "2.6.4", "guild_id": 1419349908850475031, "user_id": 1456813600302825593, "username": "XenBot#2953", "extra": {"before_status": "online", "after_status": "online", "activities": ["Playing: Tracking 2 servers"]}}
---
[2026-01-15T22:40:03.899296] [INFO] [PRESENCE] [PresenceUpdate] User XenBot#2953 status changed: same | Activities: Playing: Use /help for commands!
METADATA: {"timestamp": "2026-01-15T22:40:03.899255", "bot_version": "2.6.4", "guild_id": 1419349908850475031, "user_id": 1456813600302825593, "username": "XenBot#2953", "extra": {"before_status": "online", "after_status": "online", "activities": ["Playing: Use /help for commands!"]}}
---
[2026-01-15T22:40:13.898828] [INFO] [PRESENCE] [PresenceUpdate] User XenBot#2953 status changed: same | Activities: Playing: Powered by CryptX!
METADATA: {"timestamp": "2026-01-15T22:40:13.898784", "bot_version": "2.6.4", "guild_id": 1419349908850475031, "user_id": 1456813600302825593, "username": "XenBot#2953", "extra": {"before_status": "online", "after_status": "online", "activities": ["Playing: Powered by CryptX!"]}}
---
[2026-01-15T22:40:23.919242] [INFO] [PRESENCE] [PresenceUpdate] User XenBot#2953 status changed: same | Activities: Playing: Tracking 2 servers
METADATA: {"timestamp": "2026-01-15T22:40:23.919212", "bot_version": "2.6.4", "guild_id": 1419349908850475031, "user_id": 1456813600302825593, "username": "XenBot#2953", "extra": {"before_status": "online", "after_status": "online", "activities": ["Playing: Tracking 2 servers"]}}
---
[2026-01-15T22:40:27.356972] [INFO] [PRESENCE] [PresenceUpdate] User dom_thegoat0096 status changed: online -> offline | Activities: None
METADATA: {"timestamp": "2026-01-15T22:40:27.356914", "bot_version": "2.6.4", "guild_id": 1419349908850475031, "user_id": 1356120168887095397, "username": "dom_thegoat0096", "extra": {"before_status": "online", "after_status": "offline", "activities": []}}
---
[2026-01-15T22:40:33.906808] [INFO] [PRESENCE] [PresenceUpdate] User XenBot#2953 status changed: same | Activities: Playing: Powered by CryptX!
METADATA: {"timestamp": "2026-01-15T22:40:33.906742", "bot_version": "2.6.4", "guild_id": 1419349908850475031, "user_id": 1456813600302825593, "username": "XenBot#2953", "extra": {"before_status": "online", "after_status": "online", "activities": ["Playing: Powered by CryptX!"]}}
---
[2026-01-15T22:40:43.905055] [INFO] [PRESENCE] [PresenceUpdate] User XenBot#2953 status changed: same | Activities: Playing: Configure with /setup
METADATA: {"timestamp": "2026-01-15T22:40:43.904982", "bot_version": "2.6.4", "guild_id": 1419349908850475031, "user_id": 1456813600302825593, "username": "XenBot#2953", "extra": {"before_status": "online", "after_status": "online", "activities": ["Playing: Configure with /setup"]}}
---
[2026-01-15T22:40:53.890764] [INFO] [PRESENCE] [PresenceUpdate] User XenBot#2953 status changed: same | Activities: Playing: Powered by CryptX!
METADATA: {"timestamp": "2026-01-15T22:40:53.890730", "bot_version": "2.6.4", "guild_id": 1419349908850475031, "user_id": 1456813600302825593, "username": "XenBot#2953", "extra": {"before_status": "online", "after_status": "online", "activities": ["Playing: Powered by CryptX!"]}}
---
[2026-01-15T22:41:03.885158] [INFO] [PRESENCE] [PresenceUpdate] User XenBot#2953 status changed: same | Activities: Playing: Tracking 2 servers
METADATA: {"timestamp": "2026-01-15T22:41:03.885009", "bot_version": "2.6.4", "guild_id": 1419349908850475031, "user_id": 1456813600302825593, "username": "XenBot#2953", "extra": {"before_status": "online", "after_status": "online", "activities": ["Playing: Tracking 2 servers"]}}
---
[2026-01-15T22:41:13.904567] [INFO] [PRESENCE] [PresenceUpdate] User XenBot#2953 status changed: same | Activities: Playing: Use /help for commands!
METADATA: {"timestamp": "2026-01-15T22:41:13.903280", "bot_version": "2.6.4", "guild_id": 1419349908850475031, "user_id": 1456813600302825593, "username": "XenBot#2953", "extra": {"before_status": "online", "after_status": "online", "activities": ["Playing: Use /help for commands!"]}}
---
[2026-01-15T22:41:23.915257] [INFO] [PRESENCE] [PresenceUpdate] User XenBot#2953 status changed: same | Activities: Playing: Powered by CryptX!
METADATA: {"timestamp": "2026-01-15T22:41:23.915150", "bot_version": "2.6.4", "guild_id": 1419349908850475031, "user_id": 1456813600302825593, "username": "XenBot#2953", "extra": {"before_status": "online", "after_status": "online", "activities": ["Playing: Powered by CryptX!"]}}
---
[2026-01-15T22:41:33.902402] [INFO] [PRESENCE] [PresenceUpdate] User XenBot#2953 status changed: same | Activities: Playing: Configure with /setup
METADATA: {"timestamp": "2026-01-15T22:41:33.902368", "bot_version": "2.6.4", "guild_id": 1419349908850475031, "user_id": 1456813600302825593, "username": "XenBot#2953", "extra": {"before_status": "online", "after_status": "online", "activities": ["Playing: Configure with /setup"]}}
---
[2026-01-15T22:41:43.922337] [INFO] [PRESENCE] [PresenceUpdate] User XenBot#2953 status changed: same | Activities: Playing: Use /help for commands!
METADATA: {"timestamp": "2026-01-15T22:41:43.922257", "bot_version": "2.6.4", "guild_id": 1419349908850475031, "user_id": 1456813600302825593, "username": "XenBot#2953", "extra": {"before_status": "online", "after_status": "online", "activities": ["Playing: Use /help for commands!"]}}
---
[2026-01-15T22:41:53.891497] [INFO] [PRESENCE] [PresenceUpdate] User XenBot#2953 status changed: same | Activities: Playing: Tracking 2 servers
METADATA: {"timestamp": "2026-01-15T22:41:53.891423", "bot_version": "2.6.4", "guild_id": 1419349908850475031, "user_id": 1456813600302825593, "username": "XenBot#2953", "extra": {"before_status": "online", "after_status": "online", "activities": ["Playing: Tracking 2 servers"]}}
---
[2026-01-15T22:42:03.901102] [INFO] [PRESENCE] [PresenceUpdate] User XenBot#2953 status changed: same | Activities: Playing: Configure with /setup
METADATA: {"timestamp": "2026-01-15T22:42:03.901067", "bot_version": "2.6.4", "guild_id": 1419349908850475031, "user_id": 1456813600302825593, "username": "XenBot#2953", "extra": {"before_status": "online", "after_status": "online", "activities": ["Playing: Configure with /setup"]}}
---
[2026-01-15T22:42:13.897273] [INFO] [PRESENCE] [PresenceUpdate] User XenBot#2953 status changed: same | Activities: Playing: Powered by CryptX!
METADATA: {"timestamp": "2026-01-15T22:42:13.897159", "bot_version": "2.6.4", "guild_id": 1419349908850475031, "user_id": 1456813600302825593, "username": "XenBot#2953", "extra": {"before_status": "online", "after_status": "online", "activities": ["Playing: Powered by CryptX!"]}}
---
[2026-01-15T22:42:23.891653] [INFO] [PRESENCE] [PresenceUpdate] User XenBot#2953 status changed: same | Activities: Playing: Use /help for commands!
METADATA: {"timestamp": "2026-01-15T22:42:23.891618", "bot_version": "2.6.4", "guild_id": 1419349908850475031, "user_id": 1456813600302825593, "username": "XenBot#2953", "extra": {"before_status": "online", "after_status": "online", "activities": ["Playing: Use /help for commands!"]}}
---
[2026-01-15T22:42:33.907098] [INFO] [PRESENCE] [PresenceUpdate] User XenBot#2953 status changed: same | Activities: Playing: Tracking 2 servers
METADATA: {"timestamp": "2026-01-15T22:42:33.904888", "bot_version": "2.6.4", "guild_id": 1419349908850475031, "user_id": 1456813600302825593, "username": "XenBot#2953", "extra": {"before_status": "online", "after_status": "online", "activities": ["Playing: Tracking 2 servers"]}}
---
[2026-01-15T22:42:53.899027] [INFO] [PRESENCE] [PresenceUpdate] User XenBot#2953 status changed: same | Activities: Playing: Use /help for commands!
METADATA: {"timestamp": "2026-01-15T22:42:53.898986", "bot_version": "2.6.4", "guild_id": 1419349908850475031, "user_id": 1456813600302825593, "username": "XenBot#2953", "extra": {"before_status": "online", "after_status": "online", "activities": ["Playing: Use /help for commands!"]}}
---
[2026-01-15T22:43:03.904143] [INFO] [PRESENCE] [PresenceUpdate] User XenBot#2953 status changed: same | Activities: Playing: Tracking 2 servers
METADATA: {"timestamp": "2026-01-15T22:43:03.904086", "bot_version": "2.6.4", "guild_id": 1419349908850475031, "user_id": 1456813600302825593, "username": "XenBot#2953", "extra": {"before_status": "online", "after_status": "online", "activities": ["Playing: Tracking 2 servers"]}}
---
[2026-01-15T22:43:13.920054] [INFO] [PRESENCE] [PresenceUpdate] User XenBot#2953 status changed: same | Activities: Playing: Configure with /setup
METADATA: {"timestamp": "2026-01-15T22:43:13.919926", "bot_version": "2.6.4", "guild_id": 1419349908850475031, "user_id": 1456813600302825593, "username": "XenBot#2953", "extra": {"before_status": "online", "after_status": "online", "activities": ["Playing: Configure with /setup"]}}
---
[2026-01-15T22:43:23.907251] [INFO] [PRESENCE] [PresenceUpdate] User XenBot#2953 status changed: same | Activities: Playing: Powered by CryptX!
METADATA: {"timestamp": "2026-01-15T22:43:23.907170", "bot_version": "2.6.4", "guild_id": 1419349908850475031, "user_id": 1456813600302825593, "username": "XenBot#2953", "extra": {"before_status": "online", "after_status": "online", "activities": ["Playing: Powered by CryptX!"]}}
---
[2026-01-15T22:43:33.910860] [INFO] [PRESENCE] [PresenceUpdate] User XenBot#2953 status changed: same | Activities: Playing: Tracking 2 servers
METADATA: {"timestamp": "2026-01-15T22:43:33.910820", "bot_version": "2.6.4", "guild_id": 1419349908850475031, "user_id": 1456813600302825593, "username": "XenBot#2953", "extra": {"before_status": "online", "after_status": "online", "activities": ["Playing: Tracking 2 servers"]}}
---
[2026-01-15T22:43:43.911854] [INFO] [PRESENCE] [PresenceUpdate] User XenBot#2953 status changed: same | Activities: Playing: Configure with /setup
METADATA: {"timestamp": "2026-01-15T22:43:43.911800", "bot_version": "2.6.4", "guild_id": 1419349908850475031, "user_id": 1456813600302825593, "username": "XenBot#2953", "extra": {"before_status": "online", "after_status": "online", "activities": ["Playing: Configure with /setup"]}}
---
[2026-01-15T22:43:53.905864] [INFO] [PRESENCE] [PresenceUpdate] User XenBot#2953 status changed: same | Activities: Playing: Powered by CryptX!
METADATA: {"timestamp": "2026-01-15T22:43:53.905831", "bot_version": "2.6.4", "guild_id": 1419349908850475031, "user_id": 1456813600302825593, "username": "XenBot#2953", "extra": {"before_status": "online", "after_status": "online", "activities": ["Playing: Powered by CryptX!"]}}
---
[2026-01-15T22:43:59.178244] [INFO] [PRESENCE] [PresenceUpdate] User f3ot status changed: offline -> dnd | Activities: None
METADATA: {"timestamp": "2026-01-15T22:43:59.178183", "bot_version": "2.6.4", "guild_id": 1419349908850475031, "user_id": 1392243092983124051, "username": "f3ot", "extra": {"before_status": "offline", "after_status": "dnd", "activities": []}}
---
[2026-01-15T22:44:03.956486] [INFO] [PRESENCE] [PresenceUpdate] User XenBot#2953 status changed: same | Activities: Playing: Configure with /setup
METADATA: {"timestamp": "2026-01-15T22:44:03.956442", "bot_version": "2.6.4", "guild_id": 1419349908850475031, "user_id": 1456813600302825593, "username": "XenBot#2953", "extra": {"before_status": "online", "after_status": "online", "activities": ["Playing: Configure with /setup"]}}
---
[2026-01-15T22:44:23.939142] [INFO] [PRESENCE] [PresenceUpdate] User XenBot#2953 status changed: same | Activities: Playing: Powered by CryptX!
METADATA: {"timestamp": "2026-01-15T22:44:23.939078", "bot_version": "2.6.4", "guild_id": 1419349908850475031, "user_id": 1456813600302825593, "username": "XenBot#2953", "extra": {"before_status": "online", "after_status": "online", "activities": ["Playing: Powered by CryptX!"]}}
---
[2026-01-15T22:44:27.254748] [INFO] [PRESENCE] [PresenceUpdate] User r85f status changed: offline -> dnd | Activities: None
METADATA: {"timestamp": "2026-01-15T22:44:27.253293", "bot_version": "2.6.4", "guild_id": 1419349908850475031, "user_id": 1291647601510187048, "username": "r85f", "extra": {"before_status": "offline", "after_status": "dnd", "activities": []}}
---
[2026-01-15T22:44:28.081239] [INFO] [PRESENCE] [PresenceUpdate] User r85f status changed: same | Activities: Custom: hi im nik
METADATA: {"timestamp": "2026-01-15T22:44:28.081099", "bot_version": "2.6.4", "guild_id": 1419349908850475031, "user_id": 1291647601510187048, "username": "r85f", "extra": {"before_status": "dnd", "after_status": "dnd", "activities": ["Custom: hi im nik"]}}
---
[2026-01-15T22:44:33.946901] [INFO] [PRESENCE] [PresenceUpdate] User XenBot#2953 status changed: same | Activities: Playing: Configure with /setup
METADATA: {"timestamp": "2026-01-15T22:44:33.946852", "bot_version": "2.6.4", "guild_id": 1419349908850475031, "user_id": 1456813600302825593, "username": "XenBot#2953", "extra": {"before_status": "online", "after_status": "online", "activities": ["Playing: Configure with /setup"]}}
---
[2026-01-15T22:44:43.949621] [INFO] [PRESENCE] [PresenceUpdate] User XenBot#2953 status changed: same | Activities: Playing: Powered by CryptX!
METADATA: {"timestamp": "2026-01-15T22:44:43.949577", "bot_version": "2.6.4", "guild_id": 1419349908850475031, "user_id": 1456813600302825593, "username": "XenBot#2953", "extra": {"before_status": "online", "after_status": "online", "activities": ["Playing: Powered by CryptX!"]}}
---
[2026-01-15T22:44:53.959222] [INFO] [PRESENCE] [PresenceUpdate] User XenBot#2953 status changed: same | Activities: Playing: Use /help for commands!
METADATA: {"timestamp": "2026-01-15T22:44:53.959175", "bot_version": "2.6.4", "guild_id": 1419349908850475031, "user_id": 1456813600302825593, "username": "XenBot#2953", "extra": {"before_status": "online", "after_status": "online", "activities": ["Playing: Use /help for commands!"]}}
---
[2026-01-15T22:45:03.943283] [INFO] [PRESENCE] [PresenceUpdate] User XenBot#2953 status changed: same | Activities: Playing: Powered by CryptX!
METADATA: {"timestamp": "2026-01-15T22:45:03.943239", "bot_version": "2.6.4", "guild_id": 1419349908850475031, "user_id": 1456813600302825593, "username": "XenBot#2953", "extra": {"before_status": "online", "after_status": "online", "activities": ["Playing: Powered by CryptX!"]}}
---
[2026-01-15T22:45:07.986087] [INFO] [PRESENCE] [PresenceUpdate] User azeisnoob status changed: offline -> online | Activities: None
METADATA: {"timestamp": "2026-01-15T22:45:07.985392", "bot_version": "2.6.4", "guild_id": 1419349908850475031, "user_id": 1382606330149343262, "username": "azeisnoob", "extra": {"before_status": "offline", "after_status": "online", "activities": []}}
---
[2026-01-15T22:45:11.949472] [INFO] [PRESENCE] [PresenceUpdate] User azeisnoob status changed: same | Activities: Custom: KING OF THE BEGINNING
METADATA: {"timestamp": "2026-01-15T22:45:11.949436", "bot_version": "2.6.4", "guild_id": 1419349908850475031, "user_id": 1382606330149343262, "username": "azeisnoob", "extra": {"before_status": "online", "after_status": "online", "activities": ["Custom: KING OF THE BEGINNING"]}}
---
[2026-01-15T22:45:13.954338] [INFO] [PRESENCE] [PresenceUpdate] User XenBot#2953 status changed: same | Activities: Playing: Use /help for commands!
METADATA: {"timestamp": "2026-01-15T22:45:13.954296", "bot_version": "2.6.4", "guild_id": 1419349908850475031, "user_id": 1456813600302825593, "username": "XenBot#2953", "extra": {"before_status": "online", "after_status": "online", "activities": ["Playing: Use /help for commands!"]}}
---
[2026-01-15T22:45:33.968060] [INFO] [PRESENCE] [PresenceUpdate] User XenBot#2953 status changed: same | Activities: Playing: Configure with /setup
METADATA: {"timestamp": "2026-01-15T22:45:33.968018", "bot_version": "2.6.4", "guild_id": 1419349908850475031, "user_id": 1456813600302825593, "username": "XenBot#2953", "extra": {"before_status": "online", "after_status": "online", "activities": ["Playing: Configure with /setup"]}}
---
[2026-01-15T22:45:43.956052] [INFO] [PRESENCE] [PresenceUpdate] User XenBot#2953 status changed: same | Activities: Playing: Powered by CryptX!
METADATA: {"timestamp": "2026-01-15T22:45:43.956016", "bot_version": "2.6.4", "guild_id": 1419349908850475031, "user_id": 1456813600302825593, "username": "XenBot#2953", "extra": {"before_status": "online", "after_status": "online", "activities": ["Playing: Powered by CryptX!"]}}
---
[2026-01-15T22:45:44.899682] [INFO] [PRESENCE] [PresenceUpdate] User azeisnoob status changed: online -> idle | Activities: Custom: KING OF THE BEGINNING
METADATA: {"timestamp": "2026-01-15T22:45:44.899643", "bot_version": "2.6.4", "guild_id": 1419349908850475031, "user_id": 1382606330149343262, "username": "azeisnoob", "extra": {"before_status": "online", "after_status": "idle", "activities": ["Custom: KING OF THE BEGINNING"]}}
---
[2026-01-15T22:46:00.329626] [INFO] [PRESENCE] [PresenceUpdate] User f3ot status changed: dnd -> offline | Activities: None
METADATA: {"timestamp": "2026-01-15T22:46:00.327665", "bot_version": "2.6.4", "guild_id": 1419349908850475031, "user_id": 1392243092983124051, "username": "f3ot", "extra": {"before_status": "dnd", "after_status": "offline", "activities": []}}
---
[2026-01-15T22:46:03.977483] [INFO] [PRESENCE] [PresenceUpdate] User XenBot#2953 status changed: same | Activities: Playing: Tracking 2 servers
METADATA: {"timestamp": "2026-01-15T22:46:03.977439", "bot_version": "2.6.4", "guild_id": 1419349908850475031, "user_id": 1456813600302825593, "username": "XenBot#2953", "extra": {"before_status": "online", "after_status": "online", "activities": ["Playing: Tracking 2 servers"]}}
---
[2026-01-15T22:46:13.971273] [INFO] [PRESENCE] [PresenceUpdate] User XenBot#2953 status changed: same | Activities: Playing: Use /help for commands!
METADATA: {"timestamp": "2026-01-15T22:46:13.971240", "bot_version": "2.6.4", "guild_id": 1419349908850475031, "user_id": 1456813600302825593, "username": "XenBot#2953", "extra": {"before_status": "online", "after_status": "online", "activities": ["Playing: Use /help for commands!"]}}
---
[2026-01-15T22:46:23.960109] [INFO] [PRESENCE] [PresenceUpdate] User XenBot#2953 status changed: same | Activities: Playing: Powered by CryptX!
METADATA: {"timestamp": "2026-01-15T22:46:23.959931", "bot_version": "2.6.4", "guild_id": 1419349908850475031, "user_id": 1456813600302825593, "username": "XenBot#2953", "extra": {"before_status": "online", "after_status": "online", "activities": ["Playing: Powered by CryptX!"]}}
---
[2026-01-15T22:46:43.984149] [INFO] [PRESENCE] [PresenceUpdate] User XenBot#2953 status changed: same | Activities: Playing: Use /help for commands!
METADATA: {"timestamp": "2026-01-15T22:46:43.982966", "bot_version": "2.6.4", "guild_id": 1419349908850475031, "user_id": 1456813600302825593, "username": "XenBot#2953", "extra": {"before_status": "online", "after_status": "online", "activities": ["Playing: Use /help for commands!"]}}
---
[2026-01-15T22:46:53.976515] [INFO] [PRESENCE] [PresenceUpdate] User XenBot#2953 status changed: same | Activities: Playing: Configure with /setup
METADATA: {"timestamp": "2026-01-15T22:46:53.976468", "bot_version": "2.6.4", "guild_id": 1419349908850475031, "user_id": 1456813600302825593, "username": "XenBot#2953", "extra": {"before_status": "online", "after_status": "online", "activities": ["Playing: Configure with /setup"]}}
---
[2026-01-15T22:47:04.003194] [INFO] [PRESENCE] [PresenceUpdate] User XenBot#2953 status changed: same | Activities: Playing: Use /help for commands!
METADATA: {"timestamp": "2026-01-15T22:47:04.002748", "bot_version": "2.6.4", "guild_id": 1419349908850475031, "user_id": 1456813600302825593, "username": "XenBot#2953", "extra": {"before_status": "online", "after_status": "online", "activities": ["Playing: Use /help for commands!"]}}
---
[2026-01-15T22:47:13.984148] [INFO] [PRESENCE] [PresenceUpdate] User XenBot#2953 status changed: same | Activities: Playing: Tracking 2 servers
METADATA: {"timestamp": "2026-01-15T22:47:13.984067", "bot_version": "2.6.4", "guild_id": 1419349908850475031, "user_id": 1456813600302825593, "username": "XenBot#2953", "extra": {"before_status": "online", "after_status": "online", "activities": ["Playing: Tracking 2 servers"]}}
---
[2026-01-15T22:47:23.150703] [INFO] [PRESENCE] [PresenceUpdate] User azeisnoob status changed: idle -> offline | Activities: None
METADATA: {"timestamp": "2026-01-15T22:47:23.150671", "bot_version": "2.6.4", "guild_id": 1419349908850475031, "user_id": 1382606330149343262, "username": "azeisnoob", "extra": {"before_status": "idle", "after_status": "offline", "activities": []}}
---
[2026-01-15T22:47:34.002958] [INFO] [PRESENCE] [PresenceUpdate] User XenBot#2953 status changed: same | Activities: Playing: Use /help for commands!
METADATA: {"timestamp": "2026-01-15T22:47:34.002856", "bot_version": "2.6.4", "guild_id": 1419349908850475031, "user_id": 1456813600302825593, "username": "XenBot#2953", "extra": {"before_status": "online", "after_status": "online", "activities": ["Playing: Use /help for commands!"]}}
---
[2026-01-15T22:47:41.141518] [INFO] [PRESENCE] [PresenceUpdate] User r85f status changed: dnd -> offline | Activities: None
METADATA: {"timestamp": "2026-01-15T22:47:41.141477", "bot_version": "2.6.4", "guild_id": 1419349908850475031, "user_id": 1291647601510187048, "username": "r85f", "extra": {"before_status": "dnd", "after_status": "offline", "activities": []}}
---
[2026-01-15T22:47:54.006106] [INFO] [PRESENCE] [PresenceUpdate] User XenBot#2953 status changed: same | Activities: Playing: Powered by CryptX!
METADATA: {"timestamp": "2026-01-15T22:47:54.003873", "bot_version": "2.6.4", "guild_id": 1419349908850475031, "user_id": 1456813600302825593, "username": "XenBot#2953", "extra": {"before_status": "online", "after_status": "online", "activities": ["Playing: Powered by CryptX!"]}}
---
[2026-01-15T22:48:03.997859] [INFO] [PRESENCE] [PresenceUpdate] User XenBot#2953 status changed: same | Activities: Playing: Use /help for commands!
METADATA: {"timestamp": "2026-01-15T22:48:03.997765", "bot_version": "2.6.4", "guild_id": 1419349908850475031, "user_id": 1456813600302825593, "username": "XenBot#2953", "extra": {"before_status": "online", "after_status": "online", "activities": ["Playing: Use /help for commands!"]}}
---
[2026-01-15T22:48:13.997577] [INFO] [PRESENCE] [PresenceUpdate] User XenBot#2953 status changed: same | Activities: Playing: Configure with /setup
METADATA: {"timestamp": "2026-01-15T22:48:13.994968", "bot_version": "2.6.4", "guild_id": 1419349908850475031, "user_id": 1456813600302825593, "username": "XenBot#2953", "extra": {"before_status": "online", "after_status": "online", "activities": ["Playing: Configure with /setup"]}}
---
[2026-01-15T22:48:33.993142] [INFO] [PRESENCE] [PresenceUpdate] User XenBot#2953 status changed: same | Activities: Playing: Tracking 2 servers
METADATA: {"timestamp": "2026-01-15T22:48:33.993072", "bot_version": "2.6.4", "guild_id": 1419349908850475031, "user_id": 1456813600302825593, "username": "XenBot#2953", "extra": {"before_status": "online", "after_status": "online", "activities": ["Playing: Tracking 2 servers"]}}
---
[2026-01-15T22:48:44.006459] [INFO] [PRESENCE] [PresenceUpdate] User XenBot#2953 status changed: same | Activities: Playing: Use /help for commands!
METADATA: {"timestamp": "2026-01-15T22:48:44.006396", "bot_version": "2.6.4", "guild_id": 1419349908850475031, "user_id": 1456813600302825593, "username": "XenBot#2953", "extra": {"before_status": "online", "after_status": "online", "activities": ["Playing: Use /help for commands!"]}}
---
[2026-01-15T22:49:03.998438] [INFO] [PRESENCE] [PresenceUpdate] User XenBot#2953 status changed: same | Activities: Playing: Powered by CryptX!
METADATA: {"timestamp": "2026-01-15T22:49:03.998366", "bot_version": "2.6.4", "guild_id": 1419349908850475031, "user_id": 1456813600302825593, "username": "XenBot#2953", "extra": {"before_status": "online", "after_status": "online", "activities": ["Playing: Powered by CryptX!"]}}
---
[2026-01-15T22:49:14.053991] [INFO] [PRESENCE] [PresenceUpdate] User XenBot#2953 status changed: same | Activities: Playing: Tracking 2 servers
METADATA: {"timestamp": "2026-01-15T22:49:14.053889", "bot_version": "2.6.4", "guild_id": 1419349908850475031, "user_id": 1456813600302825593, "username": "XenBot#2953", "extra": {"before_status": "online", "after_status": "online", "activities": ["Playing: Tracking 2 servers"]}}
---
[2026-01-15T22:49:24.014550] [INFO] [PRESENCE] [PresenceUpdate] User XenBot#2953 status changed: same | Activities: Playing: Powered by CryptX!
METADATA: {"timestamp": "2026-01-15T22:49:24.014472", "bot_version": "2.6.4", "guild_id": 1419349908850475031, "user_id": 1456813600302825593, "username": "XenBot#2953", "extra": {"before_status": "online", "after_status": "online", "activities": ["Playing: Powered by CryptX!"]}}
---
[2026-01-15T22:49:34.039709] [INFO] [PRESENCE] [PresenceUpdate] User XenBot#2953 status changed: same | Activities: Playing: Use /help for commands!
METADATA: {"timestamp": "2026-01-15T22:49:34.039631", "bot_version": "2.6.4", "guild_id": 1419349908850475031, "user_id": 1456813600302825593, "username": "XenBot#2953", "extra": {"before_status": "online", "after_status": "online", "activities": ["Playing: Use /help for commands!"]}}
---
[2026-01-15T22:49:44.008051] [INFO] [PRESENCE] [PresenceUpdate] User XenBot#2953 status changed: same | Activities: Playing: Configure with /setup
METADATA: {"timestamp": "2026-01-15T22:49:44.007956", "bot_version": "2.6.4", "guild_id": 1419349908850475031, "user_id": 1456813600302825593, "username": "XenBot#2953", "extra": {"before_status": "online", "after_status": "online", "activities": ["Playing: Configure with /setup"]}}
---
[2026-01-15T22:49:54.025968] [INFO] [PRESENCE] [PresenceUpdate] User XenBot#2953 status changed: same | Activities: Playing: Tracking 2 servers
METADATA: {"timestamp": "2026-01-15T22:49:54.025884", "bot_version": "2.6.4", "guild_id": 1419349908850475031, "user_id": 1456813600302825593, "username": "XenBot#2953", "extra": {"before_status": "online", "after_status": "online", "activities": ["Playing: Tracking 2 servers"]}}
---
[2026-01-15T22:50:04.011113] [INFO] [PRESENCE] [PresenceUpdate] User XenBot#2953 status changed: same | Activities: Playing: Use /help for commands!
METADATA: {"timestamp": "2026-01-15T22:50:04.008411", "bot_version": "2.6.4", "guild_id": 1419349908850475031, "user_id": 1456813600302825593, "username": "XenBot#2953", "extra": {"before_status": "online", "after_status": "online", "activities": ["Playing: Use /help for commands!"]}}
---
