[2026-01-04T14:20:21.242461] [INFO] [PRESENCE] [PresenceUpdate] User fangs_of_steel status changed: idle -> offline | Activities: None
METADATA: {"timestamp": "2026-01-04T14:20:21.242421", "bot_version": "2.6.4", "guild_id": 1419349908850475031, "user_id": 1187293690163630100, "username": "fangs_of_steel", "extra": {"before_status": "idle", "after_status": "offline", "activities": []}}
---
[2026-01-04T14:26:17.472803] [INFO] [PRESENCE] [PresenceUpdate] User leaperyeeper status changed: online -> idle | Activities: Playing: SteamVR
METADATA: {"timestamp": "2026-01-04T14:26:17.472750", "bot_version": "2.6.4", "guild_id": 1419349908850475031, "user_id": 1271297536451285045, "username": "leaperyeeper", "extra": {"before_status": "online", "after_status": "idle", "activities": ["Playing: SteamVR"]}}
---
[2026-01-04T14:27:54.841233] [INFO] [PRESENCE] [PresenceUpdate] User 2vdek status changed: dnd -> offline | Activities: None
METADATA: {"timestamp": "2026-01-04T14:27:54.841189", "bot_version": "2.6.4", "guild_id": 1419349908850475031, "user_id": 1398104794823921668, "username": "2vdek", "extra": {"before_status": "dnd", "after_status": "offline", "activities": []}}
---
[2026-01-04T14:29:07.603726] [INFO] [PRESENCE] [PresenceUpdate] User leaperyeeper status changed: idle -> online | Activities: Playing: SteamVR
METADATA: {"timestamp": "2026-01-04T14:29:07.603635", "bot_version": "2.6.4", "guild_id": 1419349908850475031, "user_id": 1271297536451285045, "username": "leaperyeeper", "extra": {"before_status": "idle", "after_status": "online", "activities": ["Playing: SteamVR"]}}
---
[2026-01-04T14:29:32.006643] [INFO] [PRESENCE] [PresenceUpdate] User 65tfm status changed: idle -> offline | Activities: None
METADATA: {"timestamp": "2026-01-04T14:29:32.006559", "bot_version": "2.6.4", "guild_id": 1419349908850475031, "user_id": 1341783114694922315, "username": "65tfm", "extra": {"before_status": "idle", "after_status": "offline", "activities": []}}
---
[2026-01-04T14:30:23.637450] [INFO] [PRESENCE] [PresenceUpdate] User 2clickdeath status changed: online -> offline | Activities: None
METADATA: {"timestamp": "2026-01-04T14:30:23.637401", "bot_version": "2.6.4", "guild_id": 1419349908850475031, "user_id": 1019698414839156817, "username": "2clickdeath", "extra": {"before_status": "online", "after_status": "offline", "activities": []}}
---
[2026-01-04T14:31:17.585539] [INFO] [PRESENCE] [PresenceUpdate] User 65tfm status changed: offline -> idle | Activities: None
METADATA: {"timestamp": "2026-01-04T14:31:17.585506", "bot_version": "2.6.4", "guild_id": 1419349908850475031, "user_id": 1341783114694922315, "username": "65tfm", "extra": {"before_status": "offline", "after_status": "idle", "activities": []}}
---
