[2025-11-17T00:00:05.696314] [INFO] [PRESENCE] [PresenceUpdate] User XenBot#7688 status changed: same | Activities: Playing: Configure with /setup
METADATA: {"timestamp": "2025-11-17T00:00:05.696279", "bot_version": "2.4.0", "guild_id": 1436118893130158090, "user_id": 1436125663378673875, "username": "XenBot#7688", "extra": {"before_status": "online", "after_status": "online", "activities": ["Playing: Configure with /setup"]}}
---
[2025-11-17T00:00:15.680356] [INFO] [PRESENCE] [PresenceUpdate] User XenBot#7688 status changed: same | Activities: Playing: Tracking 2 servers
METADATA: {"timestamp": "2025-11-17T00:00:15.680303", "bot_version": "2.4.0", "guild_id": 1436118893130158090, "user_id": 1436125663378673875, "username": "XenBot#7688", "extra": {"before_status": "online", "after_status": "online", "activities": ["Playing: Tracking 2 servers"]}}
---
[2025-11-17T00:00:25.713822] [INFO] [PRESENCE] [PresenceUpdate] User XenBot#7688 status changed: same | Activities: Playing: Use /help for commands!
METADATA: {"timestamp": "2025-11-17T00:00:25.713774", "bot_version": "2.4.0", "guild_id": 1436118893130158090, "user_id": 1436125663378673875, "username": "XenBot#7688", "extra": {"before_status": "online", "after_status": "online", "activities": ["Playing: Use /help for commands!"]}}
---
[2025-11-17T00:00:55.841048] [INFO] [PRESENCE] [PresenceUpdate] User XenBot#7688 status changed: same | Activities: Playing: Configure with /setup
METADATA: {"timestamp": "2025-11-17T00:00:55.841000", "bot_version": "2.4.0", "guild_id": 1436118893130158090, "user_id": 1436125663378673875, "username": "XenBot#7688", "extra": {"before_status": "online", "after_status": "online", "activities": ["Playing: Configure with /setup"]}}
---
[2025-11-17T00:01:05.979282] [INFO] [PRESENCE] [PresenceUpdate] User XenBot#7688 status changed: same | Activities: Playing: Tracking 2 servers
METADATA: {"timestamp": "2025-11-17T00:01:05.979238", "bot_version": "2.4.0", "guild_id": 1436118893130158090, "user_id": 1436125663378673875, "username": "XenBot#7688", "extra": {"before_status": "online", "after_status": "online", "activities": ["Playing: Tracking 2 servers"]}}
---
[2025-11-17T00:01:16.054905] [INFO] [PRESENCE] [PresenceUpdate] User XenBot#7688 status changed: same | Activities: Playing: Use /help for commands!
METADATA: {"timestamp": "2025-11-17T00:01:16.054869", "bot_version": "2.4.0", "guild_id": 1436118893130158090, "user_id": 1436125663378673875, "username": "XenBot#7688", "extra": {"before_status": "online", "after_status": "online", "activities": ["Playing: Use /help for commands!"]}}
---
[2025-11-17T00:01:35.861403] [INFO] [PRESENCE] [PresenceUpdate] User XenBot#7688 status changed: same | Activities: Playing: Powered by CryptX!
METADATA: {"timestamp": "2025-11-17T00:01:35.861364", "bot_version": "2.4.0", "guild_id": 1436118893130158090, "user_id": 1436125663378673875, "username": "XenBot#7688", "extra": {"before_status": "online", "after_status": "online", "activities": ["Playing: Powered by CryptX!"]}}
---
[2025-11-17T00:01:55.755884] [INFO] [PRESENCE] [PresenceUpdate] User XenBot#7688 status changed: same | Activities: Playing: Tracking 2 servers
METADATA: {"timestamp": "2025-11-17T00:01:55.755851", "bot_version": "2.4.0", "guild_id": 1436118893130158090, "user_id": 1436125663378673875, "username": "XenBot#7688", "extra": {"before_status": "online", "after_status": "online", "activities": ["Playing: Tracking 2 servers"]}}
---
[2025-11-17T00:02:05.886118] [INFO] [PRESENCE] [PresenceUpdate] User XenBot#7688 status changed: same | Activities: Playing: Use /help for commands!
METADATA: {"timestamp": "2025-11-17T00:02:05.886071", "bot_version": "2.4.0", "guild_id": 1436118893130158090, "user_id": 1436125663378673875, "username": "XenBot#7688", "extra": {"before_status": "online", "after_status": "online", "activities": ["Playing: Use /help for commands!"]}}
---
[2025-11-17T00:02:15.818455] [INFO] [PRESENCE] [PresenceUpdate] User XenBot#7688 status changed: same | Activities: Playing: Configure with /setup
METADATA: {"timestamp": "2025-11-17T00:02:15.818388", "bot_version": "2.4.0", "guild_id": 1436118893130158090, "user_id": 1436125663378673875, "username": "XenBot#7688", "extra": {"before_status": "online", "after_status": "online", "activities": ["Playing: Configure with /setup"]}}
---
[2025-11-17T00:02:25.935730] [INFO] [PRESENCE] [PresenceUpdate] User XenBot#7688 status changed: same | Activities: Playing: Tracking 2 servers
METADATA: {"timestamp": "2025-11-17T00:02:25.935681", "bot_version": "2.4.0", "guild_id": 1436118893130158090, "user_id": 1436125663378673875, "username": "XenBot#7688", "extra": {"before_status": "online", "after_status": "online", "activities": ["Playing: Tracking 2 servers"]}}
---
[2025-11-17T00:02:35.996226] [INFO] [PRESENCE] [PresenceUpdate] User XenBot#7688 status changed: same | Activities: Playing: Powered by CryptX!
METADATA: {"timestamp": "2025-11-17T00:02:35.996178", "bot_version": "2.4.0", "guild_id": 1436118893130158090, "user_id": 1436125663378673875, "username": "XenBot#7688", "extra": {"before_status": "online", "after_status": "online", "activities": ["Playing: Powered by CryptX!"]}}
---
[2025-11-17T00:02:55.959268] [INFO] [PRESENCE] [PresenceUpdate] User XenBot#7688 status changed: same | Activities: Playing: Tracking 2 servers
METADATA: {"timestamp": "2025-11-17T00:02:55.959221", "bot_version": "2.4.0", "guild_id": 1436118893130158090, "user_id": 1436125663378673875, "username": "XenBot#7688", "extra": {"before_status": "online", "after_status": "online", "activities": ["Playing: Tracking 2 servers"]}}
---
[2025-11-17T00:03:15.927493] [INFO] [PRESENCE] [PresenceUpdate] User XenBot#7688 status changed: same | Activities: Playing: Use /help for commands!
METADATA: {"timestamp": "2025-11-17T00:03:15.927452", "bot_version": "2.4.0", "guild_id": 1436118893130158090, "user_id": 1436125663378673875, "username": "XenBot#7688", "extra": {"before_status": "online", "after_status": "online", "activities": ["Playing: Use /help for commands!"]}}
---
[2025-11-17T00:03:26.065747] [INFO] [PRESENCE] [PresenceUpdate] User XenBot#7688 status changed: same | Activities: Playing: Configure with /setup
METADATA: {"timestamp": "2025-11-17T00:03:26.065690", "bot_version": "2.4.0", "guild_id": 1436118893130158090, "user_id": 1436125663378673875, "username": "XenBot#7688", "extra": {"before_status": "online", "after_status": "online", "activities": ["Playing: Configure with /setup"]}}
---
[2025-11-17T00:03:35.999127] [INFO] [PRESENCE] [PresenceUpdate] User XenBot#7688 status changed: same | Activities: Playing: Use /help for commands!
METADATA: {"timestamp": "2025-11-17T00:03:35.999081", "bot_version": "2.4.0", "guild_id": 1436118893130158090, "user_id": 1436125663378673875, "username": "XenBot#7688", "extra": {"before_status": "online", "after_status": "online", "activities": ["Playing: Use /help for commands!"]}}
---
[2025-11-17T00:03:46.034884] [INFO] [PRESENCE] [PresenceUpdate] User XenBot#7688 status changed: same | Activities: Playing: Tracking 2 servers
METADATA: {"timestamp": "2025-11-17T00:03:46.034832", "bot_version": "2.4.0", "guild_id": 1436118893130158090, "user_id": 1436125663378673875, "username": "XenBot#7688", "extra": {"before_status": "online", "after_status": "online", "activities": ["Playing: Tracking 2 servers"]}}
---
[2025-11-17T00:03:55.864399] [INFO] [PRESENCE] [PresenceUpdate] User XenBot#7688 status changed: same | Activities: Playing: Use /help for commands!
METADATA: {"timestamp": "2025-11-17T00:03:55.864364", "bot_version": "2.4.0", "guild_id": 1436118893130158090, "user_id": 1436125663378673875, "username": "XenBot#7688", "extra": {"before_status": "online", "after_status": "online", "activities": ["Playing: Use /help for commands!"]}}
---
[2025-11-17T00:04:05.938465] [INFO] [PRESENCE] [PresenceUpdate] User XenBot#7688 status changed: same | Activities: Playing: Tracking 2 servers
METADATA: {"timestamp": "2025-11-17T00:04:05.938414", "bot_version": "2.4.0", "guild_id": 1436118893130158090, "user_id": 1436125663378673875, "username": "XenBot#7688", "extra": {"before_status": "online", "after_status": "online", "activities": ["Playing: Tracking 2 servers"]}}
---
[2025-11-17T00:04:15.832770] [INFO] [PRESENCE] [PresenceUpdate] User XenBot#7688 status changed: same | Activities: Playing: Configure with /setup
METADATA: {"timestamp": "2025-11-17T00:04:15.832722", "bot_version": "2.4.0", "guild_id": 1436118893130158090, "user_id": 1436125663378673875, "username": "XenBot#7688", "extra": {"before_status": "online", "after_status": "online", "activities": ["Playing: Configure with /setup"]}}
---
[2025-11-17T00:04:36.020254] [INFO] [PRESENCE] [PresenceUpdate] User XenBot#7688 status changed: same | Activities: Playing: Tracking 2 servers
METADATA: {"timestamp": "2025-11-17T00:04:36.020206", "bot_version": "2.4.0", "guild_id": 1436118893130158090, "user_id": 1436125663378673875, "username": "XenBot#7688", "extra": {"before_status": "online", "after_status": "online", "activities": ["Playing: Tracking 2 servers"]}}
---
[2025-11-17T00:05:05.875915] [INFO] [PRESENCE] [PresenceUpdate] User XenBot#7688 status changed: same | Activities: Playing: Configure with /setup
METADATA: {"timestamp": "2025-11-17T00:05:05.875873", "bot_version": "2.4.0", "guild_id": 1436118893130158090, "user_id": 1436125663378673875, "username": "XenBot#7688", "extra": {"before_status": "online", "after_status": "online", "activities": ["Playing: Configure with /setup"]}}
---
[2025-11-17T00:05:15.868505] [INFO] [PRESENCE] [PresenceUpdate] User XenBot#7688 status changed: same | Activities: Playing: Powered by CryptX!
METADATA: {"timestamp": "2025-11-17T00:05:15.868458", "bot_version": "2.4.0", "guild_id": 1436118893130158090, "user_id": 1436125663378673875, "username": "XenBot#7688", "extra": {"before_status": "online", "after_status": "online", "activities": ["Playing: Powered by CryptX!"]}}
---
[2025-11-17T00:05:25.958696] [INFO] [PRESENCE] [PresenceUpdate] User XenBot#7688 status changed: same | Activities: Playing: Configure with /setup
METADATA: {"timestamp": "2025-11-17T00:05:25.958647", "bot_version": "2.4.0", "guild_id": 1436118893130158090, "user_id": 1436125663378673875, "username": "XenBot#7688", "extra": {"before_status": "online", "after_status": "online", "activities": ["Playing: Configure with /setup"]}}
---
