[2025-11-16T10:22:42.438881] [INFO] [PRESENCE] [PresenceUpdate] User XenBot#7688 status changed: same | Activities: Playing: Configure with /setup
METADATA: {"timestamp": "2025-11-16T10:22:42.438842", "bot_version": "2.4.0", "guild_id": 1436118893130158090, "user_id": 1436125663378673875, "username": "XenBot#7688", "extra": {"before_status": "online", "after_status": "online", "activities": ["Playing: Configure with /setup"]}}
---
[2025-11-16T10:22:52.165120] [INFO] [PRESENCE] [PresenceUpdate] User XenBot#7688 status changed: same | Activities: Playing: Tracking 2 servers
METADATA: {"timestamp": "2025-11-16T10:22:52.165074", "bot_version": "2.4.0", "guild_id": 1436118893130158090, "user_id": 1436125663378673875, "username": "XenBot#7688", "extra": {"before_status": "online", "after_status": "online", "activities": ["Playing: Tracking 2 servers"]}}
---
[2025-11-16T10:23:02.184139] [INFO] [PRESENCE] [PresenceUpdate] User XenBot#7688 status changed: same | Activities: Playing: Use /help for commands!
METADATA: {"timestamp": "2025-11-16T10:23:02.184105", "bot_version": "2.4.0", "guild_id": 1436118893130158090, "user_id": 1436125663378673875, "username": "XenBot#7688", "extra": {"before_status": "online", "after_status": "online", "activities": ["Playing: Use /help for commands!"]}}
---
[2025-11-16T10:23:12.421751] [INFO] [PRESENCE] [PresenceUpdate] User XenBot#7688 status changed: same | Activities: Playing: Powered by CryptX!
METADATA: {"timestamp": "2025-11-16T10:23:12.421717", "bot_version": "2.4.0", "guild_id": 1436118893130158090, "user_id": 1436125663378673875, "username": "XenBot#7688", "extra": {"before_status": "online", "after_status": "online", "activities": ["Playing: Powered by CryptX!"]}}
---
[2025-11-16T10:23:32.422229] [INFO] [PRESENCE] [PresenceUpdate] User XenBot#7688 status changed: same | Activities: Playing: Tracking 2 servers
METADATA: {"timestamp": "2025-11-16T10:23:32.422193", "bot_version": "2.4.0", "guild_id": 1436118893130158090, "user_id": 1436125663378673875, "username": "XenBot#7688", "extra": {"before_status": "online", "after_status": "online", "activities": ["Playing: Tracking 2 servers"]}}
---
[2025-11-16T10:23:42.406595] [INFO] [PRESENCE] [PresenceUpdate] User XenBot#7688 status changed: same | Activities: Playing: Configure with /setup
METADATA: {"timestamp": "2025-11-16T10:23:42.406561", "bot_version": "2.4.0", "guild_id": 1436118893130158090, "user_id": 1436125663378673875, "username": "XenBot#7688", "extra": {"before_status": "online", "after_status": "online", "activities": ["Playing: Configure with /setup"]}}
---
[2025-11-16T10:24:22.194770] [INFO] [PRESENCE] [PresenceUpdate] User XenBot#7688 status changed: same | Activities: Playing: Powered by CryptX!
METADATA: {"timestamp": "2025-11-16T10:24:22.194720", "bot_version": "2.4.0", "guild_id": 1436118893130158090, "user_id": 1436125663378673875, "username": "XenBot#7688", "extra": {"before_status": "online", "after_status": "online", "activities": ["Playing: Powered by CryptX!"]}}
---
[2025-11-16T10:24:32.315837] [INFO] [PRESENCE] [PresenceUpdate] User XenBot#7688 status changed: same | Activities: Playing: Configure with /setup
METADATA: {"timestamp": "2025-11-16T10:24:32.315801", "bot_version": "2.4.0", "guild_id": 1436118893130158090, "user_id": 1436125663378673875, "username": "XenBot#7688", "extra": {"before_status": "online", "after_status": "online", "activities": ["Playing: Configure with /setup"]}}
---
[2025-11-16T10:24:42.953118] [INFO] [PRESENCE] [PresenceUpdate] User XenBot#7688 status changed: same | Activities: Playing: Powered by CryptX!
METADATA: {"timestamp": "2025-11-16T10:24:42.953094", "bot_version": "2.4.0", "guild_id": 1436118893130158090, "user_id": 1436125663378673875, "username": "XenBot#7688", "extra": {"before_status": "online", "after_status": "online", "activities": ["Playing: Powered by CryptX!"]}}
---
[2025-11-16T10:24:52.422442] [INFO] [PRESENCE] [PresenceUpdate] User XenBot#7688 status changed: same | Activities: Playing: Configure with /setup
METADATA: {"timestamp": "2025-11-16T10:24:52.422400", "bot_version": "2.4.0", "guild_id": 1436118893130158090, "user_id": 1436125663378673875, "username": "XenBot#7688", "extra": {"before_status": "online", "after_status": "online", "activities": ["Playing: Configure with /setup"]}}
---
[2025-11-16T10:25:02.325050] [INFO] [PRESENCE] [PresenceUpdate] User XenBot#7688 status changed: same | Activities: Playing: Powered by CryptX!
METADATA: {"timestamp": "2025-11-16T10:25:02.325011", "bot_version": "2.4.0", "guild_id": 1436118893130158090, "user_id": 1436125663378673875, "username": "XenBot#7688", "extra": {"before_status": "online", "after_status": "online", "activities": ["Playing: Powered by CryptX!"]}}
---
[2025-11-16T10:25:12.252928] [INFO] [PRESENCE] [PresenceUpdate] User XenBot#7688 status changed: same | Activities: Playing: Configure with /setup
METADATA: {"timestamp": "2025-11-16T10:25:12.252893", "bot_version": "2.4.0", "guild_id": 1436118893130158090, "user_id": 1436125663378673875, "username": "XenBot#7688", "extra": {"before_status": "online", "after_status": "online", "activities": ["Playing: Configure with /setup"]}}
---
[2025-11-16T10:25:22.390295] [INFO] [PRESENCE] [PresenceUpdate] User XenBot#7688 status changed: same | Activities: Playing: Tracking 2 servers
METADATA: {"timestamp": "2025-11-16T10:25:22.390260", "bot_version": "2.4.0", "guild_id": 1436118893130158090, "user_id": 1436125663378673875, "username": "XenBot#7688", "extra": {"before_status": "online", "after_status": "online", "activities": ["Playing: Tracking 2 servers"]}}
---
[2025-11-16T10:25:32.242465] [INFO] [PRESENCE] [PresenceUpdate] User XenBot#7688 status changed: same | Activities: Playing: Use /help for commands!
METADATA: {"timestamp": "2025-11-16T10:25:32.242432", "bot_version": "2.4.0", "guild_id": 1436118893130158090, "user_id": 1436125663378673875, "username": "XenBot#7688", "extra": {"before_status": "online", "after_status": "online", "activities": ["Playing: Use /help for commands!"]}}
---
[2025-11-16T10:25:42.406367] [INFO] [PRESENCE] [PresenceUpdate] User XenBot#7688 status changed: same | Activities: Playing: Tracking 2 servers
METADATA: {"timestamp": "2025-11-16T10:25:42.406315", "bot_version": "2.4.0", "guild_id": 1436118893130158090, "user_id": 1436125663378673875, "username": "XenBot#7688", "extra": {"before_status": "online", "after_status": "online", "activities": ["Playing: Tracking 2 servers"]}}
---
[2025-11-16T10:25:52.454412] [INFO] [PRESENCE] [PresenceUpdate] User XenBot#7688 status changed: same | Activities: Playing: Powered by CryptX!
METADATA: {"timestamp": "2025-11-16T10:25:52.454363", "bot_version": "2.4.0", "guild_id": 1436118893130158090, "user_id": 1436125663378673875, "username": "XenBot#7688", "extra": {"before_status": "online", "after_status": "online", "activities": ["Playing: Powered by CryptX!"]}}
---
[2025-11-16T10:26:02.327209] [INFO] [PRESENCE] [PresenceUpdate] User XenBot#7688 status changed: same | Activities: Playing: Tracking 2 servers
METADATA: {"timestamp": "2025-11-16T10:26:02.327165", "bot_version": "2.4.0", "guild_id": 1436118893130158090, "user_id": 1436125663378673875, "username": "XenBot#7688", "extra": {"before_status": "online", "after_status": "online", "activities": ["Playing: Tracking 2 servers"]}}
---
