[2026-01-06T11:25:16.796899] [INFO] [PRESENCE] [PresenceUpdate] User fangs_of_steel status changed: offline -> idle | Activities: None
METADATA: {"timestamp": "2026-01-06T11:25:16.796797", "bot_version": "2.6.4", "guild_id": 1419349908850475031, "user_id": 1187293690163630100, "username": "fangs_of_steel", "extra": {"before_status": "offline", "after_status": "idle", "activities": []}}
---
[2026-01-06T11:25:26.856512] [INFO] [PRESENCE] [PresenceUpdate] User XenBot#2953 status changed: offline -> online | Activities: None
METADATA: {"timestamp": "2026-01-06T11:25:26.856398", "bot_version": "2.6.4", "guild_id": 1419349908850475031, "user_id": 1456813600302825593, "username": "XenBot#2953", "extra": {"before_status": "offline", "after_status": "online", "activities": []}}
---
[2026-01-06T11:25:30.537510] [INFO] [PRESENCE] [PresenceUpdate] User plsmod_myacc status changed: offline -> dnd | Activities: Custom: kira you made this?
METADATA: {"timestamp": "2026-01-06T11:25:30.537436", "bot_version": "2.6.4", "guild_id": 1419349908850475031, "user_id": 1405450716176322743, "username": "plsmod_myacc", "extra": {"before_status": "offline", "after_status": "dnd", "activities": ["Custom: kira you made this?"]}}
---
[2026-01-06T11:25:40.438507] [INFO] [PRESENCE] [PresenceUpdate] User ShadowT3ch AI#6744 status changed: offline -> online | Activities: None
METADATA: {"timestamp": "2026-01-06T11:25:40.438434", "bot_version": "2.6.4", "guild_id": 1419349908850475031, "user_id": 1456820286761734264, "username": "ShadowT3ch AI#6744", "extra": {"before_status": "offline", "after_status": "online", "activities": []}}
---
[2026-01-06T11:25:42.220808] [INFO] [PRESENCE] [PresenceUpdate] User zazzva115 status changed: idle -> offline | Activities: None
METADATA: {"timestamp": "2026-01-06T11:25:42.220733", "bot_version": "2.6.4", "guild_id": 1419349908850475031, "user_id": 1386592770537558078, "username": "zazzva115", "extra": {"before_status": "idle", "after_status": "offline", "activities": []}}
---
[2026-01-06T11:26:24.488511] [INFO] [PRESENCE] [PresenceUpdate] User ShadowT3ch Security Pro#3888 status changed: offline -> online | Activities: None
METADATA: {"timestamp": "2026-01-06T11:26:24.488414", "bot_version": "2.6.4", "guild_id": 1419349908850475031, "user_id": 1456559078603227403, "username": "ShadowT3ch Security Pro#3888", "extra": {"before_status": "offline", "after_status": "online", "activities": []}}
---
[2026-01-06T11:27:29.975685] [INFO] [PRESENCE] [PresenceUpdate] User 65tfm status changed: offline -> idle | Activities: None
METADATA: {"timestamp": "2026-01-06T11:27:29.975570", "bot_version": "2.6.4", "guild_id": 1419349908850475031, "user_id": 1341783114694922315, "username": "65tfm", "extra": {"before_status": "offline", "after_status": "idle", "activities": []}}
---
[2026-01-06T11:27:33.605095] [INFO] [PRESENCE] [PresenceUpdate] User plsmod_myacc status changed: dnd -> offline | Activities: None
METADATA: {"timestamp": "2026-01-06T11:27:33.605017", "bot_version": "2.6.4", "guild_id": 1419349908850475031, "user_id": 1405450716176322743, "username": "plsmod_myacc", "extra": {"before_status": "dnd", "after_status": "offline", "activities": []}}
---
[2026-01-06T11:27:36.787275] [INFO] [PRESENCE] [PresenceUpdate] User 65tfm status changed: idle -> offline | Activities: None
METADATA: {"timestamp": "2026-01-06T11:27:36.787151", "bot_version": "2.6.4", "guild_id": 1419349908850475031, "user_id": 1341783114694922315, "username": "65tfm", "extra": {"before_status": "idle", "after_status": "offline", "activities": []}}
---
[2026-01-06T11:27:39.740187] [INFO] [PRESENCE] [PresenceUpdate] User fangs_of_steel status changed: idle -> offline | Activities: None
METADATA: {"timestamp": "2026-01-06T11:27:39.740092", "bot_version": "2.6.4", "guild_id": 1419349908850475031, "user_id": 1187293690163630100, "username": "fangs_of_steel", "extra": {"before_status": "idle", "after_status": "offline", "activities": []}}
---
[2026-01-06T11:28:40.251968] [INFO] [PRESENCE] [PresenceUpdate] User sigil.com status changed: offline -> idle | Activities: None
METADATA: {"timestamp": "2026-01-06T11:28:40.251834", "bot_version": "2.6.4", "guild_id": 1419349908850475031, "user_id": 1419389104507981894, "username": "sigil.com", "extra": {"before_status": "offline", "after_status": "idle", "activities": []}}
---
