[2026-01-07T00:01:03.743226] [INFO] [PRESENCE] [PresenceUpdate] User soulscarrd status changed: offline -> online | Activities: None
METADATA: {"timestamp": "2026-01-07T00:01:03.743129", "bot_version": "2.6.4", "guild_id": 1419349908850475031, "user_id": 1133090393509089361, "username": "soulscarrd", "extra": {"before_status": "offline", "after_status": "online", "activities": []}}
---
[2026-01-07T00:04:31.369776] [INFO] [PRESENCE] [PresenceUpdate] User soulscarrd status changed: online -> idle | Activities: None
METADATA: {"timestamp": "2026-01-07T00:04:31.369697", "bot_version": "2.6.4", "guild_id": 1419349908850475031, "user_id": 1133090393509089361, "username": "soulscarrd", "extra": {"before_status": "online", "after_status": "idle", "activities": []}}
---
[2026-01-07T00:04:58.068710] [INFO] [PRESENCE] [PresenceUpdate] User soulscarrd status changed: idle -> online | Activities: None
METADATA: {"timestamp": "2026-01-07T00:04:58.068630", "bot_version": "2.6.4", "guild_id": 1419349908850475031, "user_id": 1133090393509089361, "username": "soulscarrd", "extra": {"before_status": "idle", "after_status": "online", "activities": []}}
---
[2026-01-07T00:10:37.712357] [INFO] [PRESENCE] [PresenceUpdate] User soulscarrd status changed: online -> idle | Activities: None
METADATA: {"timestamp": "2026-01-07T00:10:37.712273", "bot_version": "2.6.4", "guild_id": 1419349908850475031, "user_id": 1133090393509089361, "username": "soulscarrd", "extra": {"before_status": "online", "after_status": "idle", "activities": []}}
---
[2026-01-07T00:11:20.262013] [INFO] [PRESENCE] [PresenceUpdate] User f3ot status changed: offline -> dnd | Activities: None
METADATA: {"timestamp": "2026-01-07T00:11:20.261934", "bot_version": "2.6.4", "guild_id": 1419349908850475031, "user_id": 1392243092983124051, "username": "f3ot", "extra": {"before_status": "offline", "after_status": "dnd", "activities": []}}
---
[2026-01-07T00:11:22.413692] [INFO] [PRESENCE] [PresenceUpdate] User f3ot status changed: same | Activities: Custom: Custom Status
METADATA: {"timestamp": "2026-01-07T00:11:22.413607", "bot_version": "2.6.4", "guild_id": 1419349908850475031, "user_id": 1392243092983124051, "username": "f3ot", "extra": {"before_status": "dnd", "after_status": "dnd", "activities": ["Custom: Custom Status"]}}
---
[2026-01-07T00:11:23.097430] [INFO] [PRESENCE] [PresenceUpdate] User f3ot status changed: same | Activities: Custom: Custom Status
METADATA: {"timestamp": "2026-01-07T00:11:23.097364", "bot_version": "2.6.4", "guild_id": 1419349908850475031, "user_id": 1392243092983124051, "username": "f3ot", "extra": {"before_status": "dnd", "after_status": "dnd", "activities": ["Custom: Custom Status"]}}
---
[2026-01-07T00:14:30.926203] [INFO] [PRESENCE] [PresenceUpdate] User f3ot status changed: dnd -> offline | Activities: None
METADATA: {"timestamp": "2026-01-07T00:14:30.926132", "bot_version": "2.6.4", "guild_id": 1419349908850475031, "user_id": 1392243092983124051, "username": "f3ot", "extra": {"before_status": "dnd", "after_status": "offline", "activities": []}}
---
[2026-01-07T00:20:47.911664] [INFO] [PRESENCE] [PresenceUpdate] User r85f status changed: dnd -> online | Activities: None
METADATA: {"timestamp": "2026-01-07T00:20:47.911206", "bot_version": "2.6.4", "guild_id": 1419349908850475031, "user_id": 1291647601510187048, "username": "r85f", "extra": {"before_status": "dnd", "after_status": "online", "activities": []}}
---
[2026-01-07T00:20:52.148592] [INFO] [PRESENCE] [PresenceUpdate] User soulscarrd status changed: idle -> online | Activities: None
METADATA: {"timestamp": "2026-01-07T00:20:52.148519", "bot_version": "2.6.4", "guild_id": 1419349908850475031, "user_id": 1133090393509089361, "username": "soulscarrd", "extra": {"before_status": "idle", "after_status": "online", "activities": []}}
---
[2026-01-07T00:20:59.082834] [INFO] [PRESENCE] [PresenceUpdate] User soulscarrd status changed: online -> idle | Activities: None
METADATA: {"timestamp": "2026-01-07T00:20:59.082675", "bot_version": "2.6.4", "guild_id": 1419349908850475031, "user_id": 1133090393509089361, "username": "soulscarrd", "extra": {"before_status": "online", "after_status": "idle", "activities": []}}
---
[2026-01-07T00:21:00.396804] [INFO] [PRESENCE] [PresenceUpdate] User r85f status changed: online -> dnd | Activities: None
METADATA: {"timestamp": "2026-01-07T00:21:00.396737", "bot_version": "2.6.4", "guild_id": 1419349908850475031, "user_id": 1291647601510187048, "username": "r85f", "extra": {"before_status": "online", "after_status": "dnd", "activities": []}}
---
[2026-01-07T00:24:07.535239] [INFO] [PRESENCE] [PresenceUpdate] User grewal.1 status changed: same | Activities: None
METADATA: {"timestamp": "2026-01-07T00:24:07.535164", "bot_version": "2.6.4", "guild_id": 1419349908850475031, "user_id": 853131267439329280, "username": "grewal.1", "extra": {"before_status": "dnd", "after_status": "dnd", "activities": []}}
---
[2026-01-07T00:25:20.364312] [INFO] [PRESENCE] [PresenceUpdate] User soulscarrd status changed: idle -> offline | Activities: None
METADATA: {"timestamp": "2026-01-07T00:25:20.364230", "bot_version": "2.6.4", "guild_id": 1419349908850475031, "user_id": 1133090393509089361, "username": "soulscarrd", "extra": {"before_status": "idle", "after_status": "offline", "activities": []}}
---
[2026-01-07T00:25:38.498940] [INFO] [PRESENCE] [PresenceUpdate] User zazzva115 status changed: offline -> online | Activities: None
METADATA: {"timestamp": "2026-01-07T00:25:38.498863", "bot_version": "2.6.4", "guild_id": 1419349908850475031, "user_id": 1386592770537558078, "username": "zazzva115", "extra": {"before_status": "offline", "after_status": "online", "activities": []}}
---
[2026-01-07T00:26:42.501717] [INFO] [PRESENCE] [PresenceUpdate] User grewal.1 status changed: same | Activities: None
METADATA: {"timestamp": "2026-01-07T00:26:42.501644", "bot_version": "2.6.4", "guild_id": 1419349908850475031, "user_id": 853131267439329280, "username": "grewal.1", "extra": {"before_status": "dnd", "after_status": "dnd", "activities": []}}
---
[2026-01-07T00:26:46.119558] [INFO] [PRESENCE] [PresenceUpdate] User zazzva115 status changed: online -> idle | Activities: None
METADATA: {"timestamp": "2026-01-07T00:26:46.119449", "bot_version": "2.6.4", "guild_id": 1419349908850475031, "user_id": 1386592770537558078, "username": "zazzva115", "extra": {"before_status": "online", "after_status": "idle", "activities": []}}
---
[2026-01-07T00:28:40.523121] [INFO] [PRESENCE] [PresenceUpdate] User zazzva115 status changed: idle -> online | Activities: None
METADATA: {"timestamp": "2026-01-07T00:28:40.523047", "bot_version": "2.6.4", "guild_id": 1419349908850475031, "user_id": 1386592770537558078, "username": "zazzva115", "extra": {"before_status": "idle", "after_status": "online", "activities": []}}
---
[2026-01-07T00:28:44.809605] [INFO] [PRESENCE] [PresenceUpdate] User zazzva115 status changed: online -> idle | Activities: None
METADATA: {"timestamp": "2026-01-07T00:28:44.809526", "bot_version": "2.6.4", "guild_id": 1419349908850475031, "user_id": 1386592770537558078, "username": "zazzva115", "extra": {"before_status": "online", "after_status": "idle", "activities": []}}
---
[2026-01-07T00:29:21.805197] [INFO] [PRESENCE] [PresenceUpdate] User soulscarrd status changed: offline -> online | Activities: None
METADATA: {"timestamp": "2026-01-07T00:29:21.805119", "bot_version": "2.6.4", "guild_id": 1419349908850475031, "user_id": 1133090393509089361, "username": "soulscarrd", "extra": {"before_status": "offline", "after_status": "online", "activities": []}}
---
[2026-01-07T00:29:34.456147] [INFO] [PRESENCE] [PresenceUpdate] User soulscarrd status changed: online -> idle | Activities: None
METADATA: {"timestamp": "2026-01-07T00:29:34.456066", "bot_version": "2.6.4", "guild_id": 1419349908850475031, "user_id": 1133090393509089361, "username": "soulscarrd", "extra": {"before_status": "online", "after_status": "idle", "activities": []}}
---
[2026-01-07T00:30:40.519862] [INFO] [PRESENCE] [PresenceUpdate] User zazzva115 status changed: idle -> offline | Activities: None
METADATA: {"timestamp": "2026-01-07T00:30:40.519788", "bot_version": "2.6.4", "guild_id": 1419349908850475031, "user_id": 1386592770537558078, "username": "zazzva115", "extra": {"before_status": "idle", "after_status": "offline", "activities": []}}
---
[2026-01-07T00:32:12.833546] [INFO] [PRESENCE] [PresenceUpdate] User r85f status changed: dnd -> online | Activities: None
METADATA: {"timestamp": "2026-01-07T00:32:12.833468", "bot_version": "2.6.4", "guild_id": 1419349908850475031, "user_id": 1291647601510187048, "username": "r85f", "extra": {"before_status": "dnd", "after_status": "online", "activities": []}}
---
[2026-01-07T00:32:17.321972] [INFO] [PRESENCE] [PresenceUpdate] User r85f status changed: online -> dnd | Activities: None
METADATA: {"timestamp": "2026-01-07T00:32:17.321937", "bot_version": "2.6.4", "guild_id": 1419349908850475031, "user_id": 1291647601510187048, "username": "r85f", "extra": {"before_status": "online", "after_status": "dnd", "activities": []}}
---
[2026-01-07T00:34:46.576477] [INFO] [PRESENCE] [PresenceUpdate] User zazzva115 status changed: offline -> online | Activities: None
METADATA: {"timestamp": "2026-01-07T00:34:46.576403", "bot_version": "2.6.4", "guild_id": 1419349908850475031, "user_id": 1386592770537558078, "username": "zazzva115", "extra": {"before_status": "offline", "after_status": "online", "activities": []}}
---
[2026-01-07T00:34:53.517667] [INFO] [PRESENCE] [PresenceUpdate] User zazzva115 status changed: online -> idle | Activities: None
METADATA: {"timestamp": "2026-01-07T00:34:53.517595", "bot_version": "2.6.4", "guild_id": 1419349908850475031, "user_id": 1386592770537558078, "username": "zazzva115", "extra": {"before_status": "online", "after_status": "idle", "activities": []}}
---
[2026-01-07T00:34:55.555230] [INFO] [PRESENCE] [PresenceUpdate] User zazzva115 status changed: idle -> online | Activities: None
METADATA: {"timestamp": "2026-01-07T00:34:55.555151", "bot_version": "2.6.4", "guild_id": 1419349908850475031, "user_id": 1386592770537558078, "username": "zazzva115", "extra": {"before_status": "idle", "after_status": "online", "activities": []}}
---
[2026-01-07T00:36:46.357055] [INFO] [PRESENCE] [PresenceUpdate] User zazzva115 status changed: online -> idle | Activities: None
METADATA: {"timestamp": "2026-01-07T00:36:46.356969", "bot_version": "2.6.4", "guild_id": 1419349908850475031, "user_id": 1386592770537558078, "username": "zazzva115", "extra": {"before_status": "online", "after_status": "idle", "activities": []}}
---
[2026-01-07T00:37:20.622595] [INFO] [PRESENCE] [PresenceUpdate] User zazzva115 status changed: idle -> online | Activities: None
METADATA: {"timestamp": "2026-01-07T00:37:20.622520", "bot_version": "2.6.4", "guild_id": 1419349908850475031, "user_id": 1386592770537558078, "username": "zazzva115", "extra": {"before_status": "idle", "after_status": "online", "activities": []}}
---
[2026-01-07T00:38:44.877338] [INFO] [PRESENCE] [PresenceUpdate] User zazzva115 status changed: online -> idle | Activities: None
METADATA: {"timestamp": "2026-01-07T00:38:44.877258", "bot_version": "2.6.4", "guild_id": 1419349908850475031, "user_id": 1386592770537558078, "username": "zazzva115", "extra": {"before_status": "online", "after_status": "idle", "activities": []}}
---
[2026-01-07T00:40:49.820674] [INFO] [PRESENCE] [PresenceUpdate] User zazzva115 status changed: idle -> offline | Activities: None
METADATA: {"timestamp": "2026-01-07T00:40:49.820594", "bot_version": "2.6.4", "guild_id": 1419349908850475031, "user_id": 1386592770537558078, "username": "zazzva115", "extra": {"before_status": "idle", "after_status": "offline", "activities": []}}
---
[2026-01-07T00:41:42.344393] [INFO] [PRESENCE] [PresenceUpdate] User soulscarrd status changed: idle -> offline | Activities: None
METADATA: {"timestamp": "2026-01-07T00:41:42.344296", "bot_version": "2.6.4", "guild_id": 1419349908850475031, "user_id": 1133090393509089361, "username": "soulscarrd", "extra": {"before_status": "idle", "after_status": "offline", "activities": []}}
---
[2026-01-07T00:42:13.168178] [INFO] [PRESENCE] [PresenceUpdate] User soulscarrd status changed: offline -> online | Activities: None
METADATA: {"timestamp": "2026-01-07T00:42:13.168097", "bot_version": "2.6.4", "guild_id": 1419349908850475031, "user_id": 1133090393509089361, "username": "soulscarrd", "extra": {"before_status": "offline", "after_status": "online", "activities": []}}
---
[2026-01-07T00:42:41.064511] [INFO] [PRESENCE] [PresenceUpdate] User soulscarrd status changed: online -> idle | Activities: None
METADATA: {"timestamp": "2026-01-07T00:42:41.064429", "bot_version": "2.6.4", "guild_id": 1419349908850475031, "user_id": 1133090393509089361, "username": "soulscarrd", "extra": {"before_status": "online", "after_status": "idle", "activities": []}}
---
[2026-01-07T00:43:34.305145] [INFO] [PRESENCE] [PresenceUpdate] User r85f status changed: same | Activities: None
METADATA: {"timestamp": "2026-01-07T00:43:34.305067", "bot_version": "2.6.4", "guild_id": 1419349908850475031, "user_id": 1291647601510187048, "username": "r85f", "extra": {"before_status": "dnd", "after_status": "dnd", "activities": []}}
---
[2026-01-07T00:44:13.029744] [INFO] [PRESENCE] [PresenceUpdate] User lordxenl status changed: same | Activities: None
METADATA: {"timestamp": "2026-01-07T00:44:13.029648", "bot_version": "2.6.4", "guild_id": 1419349908850475031, "user_id": 1144889548992684102, "username": "lordxenl", "extra": {"before_status": "dnd", "after_status": "dnd", "activities": []}}
---
[2026-01-07T00:45:31.883160] [INFO] [PRESENCE] [PresenceUpdate] User r85f status changed: same | Activities: None
METADATA: {"timestamp": "2026-01-07T00:45:31.883078", "bot_version": "2.6.4", "guild_id": 1419349908850475031, "user_id": 1291647601510187048, "username": "r85f", "extra": {"before_status": "dnd", "after_status": "dnd", "activities": []}}
---
[2026-01-07T00:46:14.516883] [INFO] [PRESENCE] [PresenceUpdate] User limeman11 status changed: online -> offline | Activities: None
METADATA: {"timestamp": "2026-01-07T00:46:14.516843", "bot_version": "2.6.4", "guild_id": 1419349908850475031, "user_id": 1368860148608798731, "username": "limeman11", "extra": {"before_status": "online", "after_status": "offline", "activities": []}}
---
[2026-01-07T00:46:15.550693] [INFO] [PRESENCE] [PresenceUpdate] User jaydot8415 status changed: online -> offline | Activities: None
METADATA: {"timestamp": "2026-01-07T00:46:15.550625", "bot_version": "2.6.4", "guild_id": 1419349908850475031, "user_id": 1021314266629951568, "username": "jaydot8415", "extra": {"before_status": "online", "after_status": "offline", "activities": []}}
---
[2026-01-07T00:47:04.068115] [INFO] [PRESENCE] [PresenceUpdate] User grewal.1 status changed: same | Activities: None
METADATA: {"timestamp": "2026-01-07T00:47:04.068035", "bot_version": "2.6.4", "guild_id": 1419349908850475031, "user_id": 853131267439329280, "username": "grewal.1", "extra": {"before_status": "dnd", "after_status": "dnd", "activities": []}}
---
[2026-01-07T00:49:04.567833] [INFO] [PRESENCE] [PresenceUpdate] User grewal.1 status changed: same | Activities: None
METADATA: {"timestamp": "2026-01-07T00:49:04.567757", "bot_version": "2.6.4", "guild_id": 1419349908850475031, "user_id": 853131267439329280, "username": "grewal.1", "extra": {"before_status": "dnd", "after_status": "dnd", "activities": []}}
---
[2026-01-07T00:49:11.641446] [INFO] [PRESENCE] [PresenceUpdate] User lordxenl status changed: dnd -> offline | Activities: None
METADATA: {"timestamp": "2026-01-07T00:49:11.641366", "bot_version": "2.6.4", "guild_id": 1419349908850475031, "user_id": 1144889548992684102, "username": "lordxenl", "extra": {"before_status": "dnd", "after_status": "offline", "activities": []}}
---
[2026-01-07T00:49:18.521807] [INFO] [PRESENCE] [PresenceUpdate] User decendeaths_void status changed: offline -> online | Activities: None
METADATA: {"timestamp": "2026-01-07T00:49:18.521726", "bot_version": "2.6.4", "guild_id": 1419349908850475031, "user_id": 1398201716129796097, "username": "decendeaths_void", "extra": {"before_status": "offline", "after_status": "online", "activities": []}}
---
[2026-01-07T00:49:35.305981] [INFO] [PRESENCE] [PresenceUpdate] User decendeaths_void status changed: online -> idle | Activities: None
METADATA: {"timestamp": "2026-01-07T00:49:35.305899", "bot_version": "2.6.4", "guild_id": 1419349908850475031, "user_id": 1398201716129796097, "username": "decendeaths_void", "extra": {"before_status": "online", "after_status": "idle", "activities": []}}
---
[2026-01-07T00:50:16.729588] [INFO] [PRESENCE] [PresenceUpdate] User datphamtien0969 status changed: idle -> online | Activities: None
METADATA: {"timestamp": "2026-01-07T00:50:16.729510", "bot_version": "2.6.4", "guild_id": 1419349908850475031, "user_id": 1302478198008971315, "username": "datphamtien0969", "extra": {"before_status": "idle", "after_status": "online", "activities": []}}
---
[2026-01-07T00:51:04.294126] [INFO] [PRESENCE] [PresenceUpdate] User zazzva115 status changed: offline -> online | Activities: None
METADATA: {"timestamp": "2026-01-07T00:51:04.294043", "bot_version": "2.6.4", "guild_id": 1419349908850475031, "user_id": 1386592770537558078, "username": "zazzva115", "extra": {"before_status": "offline", "after_status": "online", "activities": []}}
---
[2026-01-07T00:51:31.207440] [INFO] [PRESENCE] [PresenceUpdate] User zazzva115 status changed: online -> idle | Activities: None
METADATA: {"timestamp": "2026-01-07T00:51:31.207360", "bot_version": "2.6.4", "guild_id": 1419349908850475031, "user_id": 1386592770537558078, "username": "zazzva115", "extra": {"before_status": "online", "after_status": "idle", "activities": []}}
---
[2026-01-07T00:51:33.317615] [INFO] [PRESENCE] [PresenceUpdate] User zazzva115 status changed: idle -> online | Activities: None
METADATA: {"timestamp": "2026-01-07T00:51:33.317534", "bot_version": "2.6.4", "guild_id": 1419349908850475031, "user_id": 1386592770537558078, "username": "zazzva115", "extra": {"before_status": "idle", "after_status": "online", "activities": []}}
---
[2026-01-07T00:51:47.170291] [INFO] [PRESENCE] [PresenceUpdate] User decendeaths_void status changed: idle -> online | Activities: None
METADATA: {"timestamp": "2026-01-07T00:51:47.170212", "bot_version": "2.6.4", "guild_id": 1419349908850475031, "user_id": 1398201716129796097, "username": "decendeaths_void", "extra": {"before_status": "idle", "after_status": "online", "activities": []}}
---
[2026-01-07T00:51:56.696119] [INFO] [PRESENCE] [PresenceUpdate] User zazzva115 status changed: online -> idle | Activities: None
METADATA: {"timestamp": "2026-01-07T00:51:56.696036", "bot_version": "2.6.4", "guild_id": 1419349908850475031, "user_id": 1386592770537558078, "username": "zazzva115", "extra": {"before_status": "online", "after_status": "idle", "activities": []}}
---
[2026-01-07T00:52:39.366238] [INFO] [PRESENCE] [PresenceUpdate] User datphamtien0969 status changed: online -> idle | Activities: None
METADATA: {"timestamp": "2026-01-07T00:52:39.365810", "bot_version": "2.6.4", "guild_id": 1419349908850475031, "user_id": 1302478198008971315, "username": "datphamtien0969", "extra": {"before_status": "online", "after_status": "idle", "activities": []}}
---
[2026-01-07T00:52:50.355816] [INFO] [PRESENCE] [PresenceUpdate] User decendeaths_void status changed: online -> idle | Activities: None
METADATA: {"timestamp": "2026-01-07T00:52:50.355729", "bot_version": "2.6.4", "guild_id": 1419349908850475031, "user_id": 1398201716129796097, "username": "decendeaths_void", "extra": {"before_status": "online", "after_status": "idle", "activities": []}}
---
[2026-01-07T00:54:04.599262] [INFO] [PRESENCE] [PresenceUpdate] User zazzva115 status changed: idle -> offline | Activities: None
METADATA: {"timestamp": "2026-01-07T00:54:04.599174", "bot_version": "2.6.4", "guild_id": 1419349908850475031, "user_id": 1386592770537558078, "username": "zazzva115", "extra": {"before_status": "idle", "after_status": "offline", "activities": []}}
---
[2026-01-07T00:54:11.536252] [INFO] [PRESENCE] [PresenceUpdate] User r85f status changed: same | Activities: None
METADATA: {"timestamp": "2026-01-07T00:54:11.536178", "bot_version": "2.6.4", "guild_id": 1419349908850475031, "user_id": 1291647601510187048, "username": "r85f", "extra": {"before_status": "dnd", "after_status": "dnd", "activities": []}}
---
[2026-01-07T00:54:12.334216] [INFO] [PRESENCE] [PresenceUpdate] User r85f status changed: same | Activities: None
METADATA: {"timestamp": "2026-01-07T00:54:12.334150", "bot_version": "2.6.4", "guild_id": 1419349908850475031, "user_id": 1291647601510187048, "username": "r85f", "extra": {"before_status": "dnd", "after_status": "dnd", "activities": []}}
---
[2026-01-07T00:55:00.285377] [INFO] [PRESENCE] [PresenceUpdate] User r85f status changed: same | Activities: None
METADATA: {"timestamp": "2026-01-07T00:55:00.285338", "bot_version": "2.6.4", "guild_id": 1419349908850475031, "user_id": 1291647601510187048, "username": "r85f", "extra": {"before_status": "dnd", "after_status": "dnd", "activities": []}}
---
[2026-01-07T00:57:00.461748] [INFO] [PRESENCE] [PresenceUpdate] User r85f status changed: same | Activities: None
METADATA: {"timestamp": "2026-01-07T00:57:00.461668", "bot_version": "2.6.4", "guild_id": 1419349908850475031, "user_id": 1291647601510187048, "username": "r85f", "extra": {"before_status": "dnd", "after_status": "dnd", "activities": []}}
---
[2026-01-07T00:57:19.695663] [INFO] [PRESENCE] [PresenceUpdate] User r85f status changed: same | Activities: None
METADATA: {"timestamp": "2026-01-07T00:57:19.695584", "bot_version": "2.6.4", "guild_id": 1419349908850475031, "user_id": 1291647601510187048, "username": "r85f", "extra": {"before_status": "dnd", "after_status": "dnd", "activities": []}}
---
[2026-01-07T00:57:44.826992] [INFO] [PRESENCE] [PresenceUpdate] User r85f status changed: same | Activities: None
METADATA: {"timestamp": "2026-01-07T00:57:44.826957", "bot_version": "2.6.4", "guild_id": 1419349908850475031, "user_id": 1291647601510187048, "username": "r85f", "extra": {"before_status": "dnd", "after_status": "dnd", "activities": []}}
---
[2026-01-07T00:58:50.743826] [INFO] [PRESENCE] [PresenceUpdate] User lordxenl status changed: offline -> dnd | Activities: None
METADATA: {"timestamp": "2026-01-07T00:58:50.743791", "bot_version": "2.6.4", "guild_id": 1419349908850475031, "user_id": 1144889548992684102, "username": "lordxenl", "extra": {"before_status": "offline", "after_status": "dnd", "activities": []}}
---
[2026-01-07T00:59:34.033078] [INFO] [PRESENCE] [PresenceUpdate] User gmg_ant status changed: same | Activities: None
METADATA: {"timestamp": "2026-01-07T00:59:34.033005", "bot_version": "2.6.4", "guild_id": 1419349908850475031, "user_id": 1183886697688219771, "username": "gmg_ant", "extra": {"before_status": "online", "after_status": "online", "activities": []}}
---
[2026-01-07T00:59:47.602743] [INFO] [PRESENCE] [PresenceUpdate] User xxzgyxzxzyxyxzxfzx status changed: offline -> online | Activities: None
METADATA: {"timestamp": "2026-01-07T00:59:47.602652", "bot_version": "2.6.4", "guild_id": 1419349908850475031, "user_id": 1241439123198316661, "username": "xxzgyxzxzyxyxzxfzx", "extra": {"before_status": "offline", "after_status": "online", "activities": []}}
---
[2026-01-07T00:59:49.700476] [INFO] [PRESENCE] [PresenceUpdate] User decendeaths_void status changed: idle -> offline | Activities: None
METADATA: {"timestamp": "2026-01-07T00:59:49.700402", "bot_version": "2.6.4", "guild_id": 1419349908850475031, "user_id": 1398201716129796097, "username": "decendeaths_void", "extra": {"before_status": "idle", "after_status": "offline", "activities": []}}
---
[2026-01-07T00:59:50.481827] [INFO] [PRESENCE] [PresenceUpdate] User datphamtien0969 status changed: idle -> online | Activities: None
METADATA: {"timestamp": "2026-01-07T00:59:50.481658", "bot_version": "2.6.4", "guild_id": 1419349908850475031, "user_id": 1302478198008971315, "username": "datphamtien0969", "extra": {"before_status": "idle", "after_status": "online", "activities": []}}
---
[2026-01-07T00:59:58.273249] [INFO] [PRESENCE] [PresenceUpdate] User r85f status changed: same | Activities: None
METADATA: {"timestamp": "2026-01-07T00:59:58.273170", "bot_version": "2.6.4", "guild_id": 1419349908850475031, "user_id": 1291647601510187048, "username": "r85f", "extra": {"before_status": "dnd", "after_status": "dnd", "activities": []}}
---
[2026-01-07T01:00:04.084114] [INFO] [PRESENCE] [PresenceUpdate] User xxzgyxzxzyxyxzxfzx status changed: online -> idle | Activities: None
METADATA: {"timestamp": "2026-01-07T01:00:04.084034", "bot_version": "2.6.4", "guild_id": 1419349908850475031, "user_id": 1241439123198316661, "username": "xxzgyxzxzyxyxzxfzx", "extra": {"before_status": "online", "after_status": "idle", "activities": []}}
---
[2026-01-07T01:01:49.217346] [INFO] [PRESENCE] [PresenceUpdate] User xxzgyxzxzyxyxzxfzx status changed: idle -> offline | Activities: None
METADATA: {"timestamp": "2026-01-07T01:01:49.217259", "bot_version": "2.6.4", "guild_id": 1419349908850475031, "user_id": 1241439123198316661, "username": "xxzgyxzxzyxyxzxfzx", "extra": {"before_status": "idle", "after_status": "offline", "activities": []}}
---
[2026-01-07T01:03:12.248471] [INFO] [PRESENCE] [PresenceUpdate] User azeisnoob status changed: offline -> online | Activities: None
METADATA: {"timestamp": "2026-01-07T01:03:12.248397", "bot_version": "2.6.4", "guild_id": 1419349908850475031, "user_id": 1382606330149343262, "username": "azeisnoob", "extra": {"before_status": "offline", "after_status": "online", "activities": []}}
---
[2026-01-07T01:03:53.618896] [INFO] [PRESENCE] [PresenceUpdate] User datphamtien0969 status changed: online -> idle | Activities: None
METADATA: {"timestamp": "2026-01-07T01:03:53.618815", "bot_version": "2.6.4", "guild_id": 1419349908850475031, "user_id": 1302478198008971315, "username": "datphamtien0969", "extra": {"before_status": "online", "after_status": "idle", "activities": []}}
---
[2026-01-07T01:04:19.563832] [INFO] [PRESENCE] [PresenceUpdate] User lordxenl status changed: dnd -> offline | Activities: None
METADATA: {"timestamp": "2026-01-07T01:04:19.563746", "bot_version": "2.6.4", "guild_id": 1419349908850475031, "user_id": 1144889548992684102, "username": "lordxenl", "extra": {"before_status": "dnd", "after_status": "offline", "activities": []}}
---
[2026-01-07T01:04:30.686201] [INFO] [PRESENCE] [PresenceUpdate] User azeisnoob status changed: same | Activities: Custom: KING OF THE BEGINNING
METADATA: {"timestamp": "2026-01-07T01:04:30.686121", "bot_version": "2.6.4", "guild_id": 1419349908850475031, "user_id": 1382606330149343262, "username": "azeisnoob", "extra": {"before_status": "online", "after_status": "online", "activities": ["Custom: KING OF THE BEGINNING"]}}
---
[2026-01-07T01:05:26.613376] [INFO] [PRESENCE] [PresenceUpdate] User r85f status changed: same | Activities: None
METADATA: {"timestamp": "2026-01-07T01:05:26.613299", "bot_version": "2.6.4", "guild_id": 1419349908850475031, "user_id": 1291647601510187048, "username": "r85f", "extra": {"before_status": "dnd", "after_status": "dnd", "activities": []}}
---
[2026-01-07T01:05:38.436807] [INFO] [PRESENCE] [PresenceUpdate] User soulscarrd status changed: idle -> offline | Activities: None
METADATA: {"timestamp": "2026-01-07T01:05:38.436733", "bot_version": "2.6.4", "guild_id": 1419349908850475031, "user_id": 1133090393509089361, "username": "soulscarrd", "extra": {"before_status": "idle", "after_status": "offline", "activities": []}}
---
[2026-01-07T01:05:41.467978] [INFO] [PRESENCE] [PresenceUpdate] User r85f status changed: same | Activities: None
METADATA: {"timestamp": "2026-01-07T01:05:41.467891", "bot_version": "2.6.4", "guild_id": 1419349908850475031, "user_id": 1291647601510187048, "username": "r85f", "extra": {"before_status": "dnd", "after_status": "dnd", "activities": []}}
---
[2026-01-07T01:05:45.256321] [INFO] [PRESENCE] [PresenceUpdate] User azeisnoob status changed: online -> idle | Activities: Custom: KING OF THE BEGINNING
METADATA: {"timestamp": "2026-01-07T01:05:45.256244", "bot_version": "2.6.4", "guild_id": 1419349908850475031, "user_id": 1382606330149343262, "username": "azeisnoob", "extra": {"before_status": "online", "after_status": "idle", "activities": ["Custom: KING OF THE BEGINNING"]}}
---
[2026-01-07T01:07:46.532805] [INFO] [PRESENCE] [PresenceUpdate] User azeisnoob status changed: idle -> offline | Activities: None
METADATA: {"timestamp": "2026-01-07T01:07:46.532719", "bot_version": "2.6.4", "guild_id": 1419349908850475031, "user_id": 1382606330149343262, "username": "azeisnoob", "extra": {"before_status": "idle", "after_status": "offline", "activities": []}}
---
[2026-01-07T01:08:27.705043] [INFO] [PRESENCE] [PresenceUpdate] User zazzva115 status changed: offline -> online | Activities: None
METADATA: {"timestamp": "2026-01-07T01:08:27.704970", "bot_version": "2.6.4", "guild_id": 1419349908850475031, "user_id": 1386592770537558078, "username": "zazzva115", "extra": {"before_status": "offline", "after_status": "online", "activities": []}}
---
[2026-01-07T01:08:52.771106] [INFO] [PRESENCE] [PresenceUpdate] User zazzva115 status changed: online -> idle | Activities: None
METADATA: {"timestamp": "2026-01-07T01:08:52.771001", "bot_version": "2.6.4", "guild_id": 1419349908850475031, "user_id": 1386592770537558078, "username": "zazzva115", "extra": {"before_status": "online", "after_status": "idle", "activities": []}}
---
[2026-01-07T01:09:04.634742] [INFO] [PRESENCE] [PresenceUpdate] User zazzva115 status changed: idle -> online | Activities: None
METADATA: {"timestamp": "2026-01-07T01:09:04.634667", "bot_version": "2.6.4", "guild_id": 1419349908850475031, "user_id": 1386592770537558078, "username": "zazzva115", "extra": {"before_status": "idle", "after_status": "online", "activities": []}}
---
[2026-01-07T01:09:22.482176] [INFO] [PRESENCE] [PresenceUpdate] User zazzva115 status changed: online -> idle | Activities: None
METADATA: {"timestamp": "2026-01-07T01:09:22.482097", "bot_version": "2.6.4", "guild_id": 1419349908850475031, "user_id": 1386592770537558078, "username": "zazzva115", "extra": {"before_status": "online", "after_status": "idle", "activities": []}}
---
[2026-01-07T01:10:00.077264] [INFO] [PRESENCE] [PresenceUpdate] User zazzva115 status changed: idle -> online | Activities: None
METADATA: {"timestamp": "2026-01-07T01:10:00.077217", "bot_version": "2.6.4", "guild_id": 1419349908850475031, "user_id": 1386592770537558078, "username": "zazzva115", "extra": {"before_status": "idle", "after_status": "online", "activities": []}}
---
[2026-01-07T01:10:58.731820] [INFO] [PRESENCE] [PresenceUpdate] User zazzva115 status changed: online -> idle | Activities: None
METADATA: {"timestamp": "2026-01-07T01:10:58.731741", "bot_version": "2.6.4", "guild_id": 1419349908850475031, "user_id": 1386592770537558078, "username": "zazzva115", "extra": {"before_status": "online", "after_status": "idle", "activities": []}}
---
[2026-01-07T01:11:12.994533] [INFO] [PRESENCE] [PresenceUpdate] User zazzva115 status changed: idle -> online | Activities: None
METADATA: {"timestamp": "2026-01-07T01:11:12.994447", "bot_version": "2.6.4", "guild_id": 1419349908850475031, "user_id": 1386592770537558078, "username": "zazzva115", "extra": {"before_status": "idle", "after_status": "online", "activities": []}}
---
[2026-01-07T01:12:09.924785] [INFO] [PRESENCE] [PresenceUpdate] User lordxenl status changed: offline -> dnd | Activities: None
METADATA: {"timestamp": "2026-01-07T01:12:09.924692", "bot_version": "2.6.4", "guild_id": 1419349908850475031, "user_id": 1144889548992684102, "username": "lordxenl", "extra": {"before_status": "offline", "after_status": "dnd", "activities": []}}
---
[2026-01-07T01:13:13.179072] [INFO] [PRESENCE] [PresenceUpdate] User zazzva115 status changed: online -> idle | Activities: None
METADATA: {"timestamp": "2026-01-07T01:13:13.178988", "bot_version": "2.6.4", "guild_id": 1419349908850475031, "user_id": 1386592770537558078, "username": "zazzva115", "extra": {"before_status": "online", "after_status": "idle", "activities": []}}
---
[2026-01-07T01:14:10.193138] [INFO] [PRESENCE] [PresenceUpdate] User lordxenl status changed: dnd -> offline | Activities: None
METADATA: {"timestamp": "2026-01-07T01:14:10.193062", "bot_version": "2.6.4", "guild_id": 1419349908850475031, "user_id": 1144889548992684102, "username": "lordxenl", "extra": {"before_status": "dnd", "after_status": "offline", "activities": []}}
---
[2026-01-07T01:14:32.673266] [INFO] [PRESENCE] [PresenceUpdate] User zazzva115 status changed: idle -> online | Activities: None
METADATA: {"timestamp": "2026-01-07T01:14:32.673187", "bot_version": "2.6.4", "guild_id": 1419349908850475031, "user_id": 1386592770537558078, "username": "zazzva115", "extra": {"before_status": "idle", "after_status": "online", "activities": []}}
---
[2026-01-07T01:14:54.525247] [INFO] [PRESENCE] [PresenceUpdate] User zazzva115 status changed: online -> idle | Activities: None
METADATA: {"timestamp": "2026-01-07T01:14:54.525211", "bot_version": "2.6.4", "guild_id": 1419349908850475031, "user_id": 1386592770537558078, "username": "zazzva115", "extra": {"before_status": "online", "after_status": "idle", "activities": []}}
---
[2026-01-07T01:15:29.295734] [INFO] [PRESENCE] [PresenceUpdate] User zazzva115 status changed: idle -> online | Activities: None
METADATA: {"timestamp": "2026-01-07T01:15:29.295659", "bot_version": "2.6.4", "guild_id": 1419349908850475031, "user_id": 1386592770537558078, "username": "zazzva115", "extra": {"before_status": "idle", "after_status": "online", "activities": []}}
---
[2026-01-07T01:15:30.425371] [INFO] [PRESENCE] [PresenceUpdate] User zazzva115 status changed: online -> idle | Activities: None
METADATA: {"timestamp": "2026-01-07T01:15:30.425302", "bot_version": "2.6.4", "guild_id": 1419349908850475031, "user_id": 1386592770537558078, "username": "zazzva115", "extra": {"before_status": "online", "after_status": "idle", "activities": []}}
---
[2026-01-07T01:17:29.326994] [INFO] [PRESENCE] [PresenceUpdate] User zazzva115 status changed: idle -> offline | Activities: None
METADATA: {"timestamp": "2026-01-07T01:17:29.326919", "bot_version": "2.6.4", "guild_id": 1419349908850475031, "user_id": 1386592770537558078, "username": "zazzva115", "extra": {"before_status": "idle", "after_status": "offline", "activities": []}}
---
[2026-01-07T01:18:37.239700] [INFO] [PRESENCE] [PresenceUpdate] User lordxenl status changed: offline -> dnd | Activities: None
METADATA: {"timestamp": "2026-01-07T01:18:37.239620", "bot_version": "2.6.4", "guild_id": 1419349908850475031, "user_id": 1144889548992684102, "username": "lordxenl", "extra": {"before_status": "offline", "after_status": "dnd", "activities": []}}
---
[2026-01-07T01:20:08.226557] [INFO] [PRESENCE] [PresenceUpdate] User soulscarrd status changed: offline -> online | Activities: None
METADATA: {"timestamp": "2026-01-07T01:20:08.226476", "bot_version": "2.6.4", "guild_id": 1419349908850475031, "user_id": 1133090393509089361, "username": "soulscarrd", "extra": {"before_status": "offline", "after_status": "online", "activities": []}}
---
[2026-01-07T01:20:37.994639] [INFO] [PRESENCE] [PresenceUpdate] User lordxenl status changed: dnd -> offline | Activities: None
METADATA: {"timestamp": "2026-01-07T01:20:37.994603", "bot_version": "2.6.4", "guild_id": 1419349908850475031, "user_id": 1144889548992684102, "username": "lordxenl", "extra": {"before_status": "dnd", "after_status": "offline", "activities": []}}
---
[2026-01-07T01:20:38.739534] [INFO] [PRESENCE] [PresenceUpdate] User soulscarrd status changed: same | Activities: None
METADATA: {"timestamp": "2026-01-07T01:20:38.739466", "bot_version": "2.6.4", "guild_id": 1419349908850475031, "user_id": 1133090393509089361, "username": "soulscarrd", "extra": {"before_status": "online", "after_status": "online", "activities": []}}
---
[2026-01-07T01:20:40.111694] [INFO] [PRESENCE] [PresenceUpdate] User lordxenl status changed: offline -> dnd | Activities: None
METADATA: {"timestamp": "2026-01-07T01:20:40.111626", "bot_version": "2.6.4", "guild_id": 1419349908850475031, "user_id": 1144889548992684102, "username": "lordxenl", "extra": {"before_status": "offline", "after_status": "dnd", "activities": []}}
---
[2026-01-07T01:22:40.172895] [INFO] [PRESENCE] [PresenceUpdate] User lordxenl status changed: dnd -> offline | Activities: None
METADATA: {"timestamp": "2026-01-07T01:22:40.172822", "bot_version": "2.6.4", "guild_id": 1419349908850475031, "user_id": 1144889548992684102, "username": "lordxenl", "extra": {"before_status": "dnd", "after_status": "offline", "activities": []}}
---
[2026-01-07T01:29:32.367926] [INFO] [PRESENCE] [PresenceUpdate] User datphamtien0969 status changed: idle -> online | Activities: None
METADATA: {"timestamp": "2026-01-07T01:29:32.367847", "bot_version": "2.6.4", "guild_id": 1419349908850475031, "user_id": 1302478198008971315, "username": "datphamtien0969", "extra": {"before_status": "idle", "after_status": "online", "activities": []}}
---
[2026-01-07T01:31:48.105086] [INFO] [PRESENCE] [PresenceUpdate] User lordxenl status changed: offline -> dnd | Activities: None
METADATA: {"timestamp": "2026-01-07T01:31:48.105009", "bot_version": "2.6.4", "guild_id": 1419349908850475031, "user_id": 1144889548992684102, "username": "lordxenl", "extra": {"before_status": "offline", "after_status": "dnd", "activities": []}}
---
[2026-01-07T01:31:51.633887] [INFO] [PRESENCE] [PresenceUpdate] User gmg_ant status changed: same | Activities: None
METADATA: {"timestamp": "2026-01-07T01:31:51.633790", "bot_version": "2.6.4", "guild_id": 1419349908850475031, "user_id": 1183886697688219771, "username": "gmg_ant", "extra": {"before_status": "online", "after_status": "online", "activities": []}}
---
[2026-01-07T01:34:14.397179] [INFO] [PRESENCE] [PresenceUpdate] User lordxenl status changed: dnd -> offline | Activities: None
METADATA: {"timestamp": "2026-01-07T01:34:14.397100", "bot_version": "2.6.4", "guild_id": 1419349908850475031, "user_id": 1144889548992684102, "username": "lordxenl", "extra": {"before_status": "dnd", "after_status": "offline", "activities": []}}
---
[2026-01-07T01:37:14.592133] [INFO] [PRESENCE] [PresenceUpdate] User grewal.1 status changed: same | Activities: None
METADATA: {"timestamp": "2026-01-07T01:37:14.592051", "bot_version": "2.6.4", "guild_id": 1419349908850475031, "user_id": 853131267439329280, "username": "grewal.1", "extra": {"before_status": "dnd", "after_status": "dnd", "activities": []}}
---
[2026-01-07T01:39:14.845243] [INFO] [PRESENCE] [PresenceUpdate] User grewal.1 status changed: same | Activities: None
METADATA: {"timestamp": "2026-01-07T01:39:14.845163", "bot_version": "2.6.4", "guild_id": 1419349908850475031, "user_id": 853131267439329280, "username": "grewal.1", "extra": {"before_status": "dnd", "after_status": "dnd", "activities": []}}
---
[2026-01-07T01:39:49.794560] [INFO] [PRESENCE] [PresenceUpdate] User soulscarrd status changed: same | Activities: None
METADATA: {"timestamp": "2026-01-07T01:39:49.794473", "bot_version": "2.6.4", "guild_id": 1419349908850475031, "user_id": 1133090393509089361, "username": "soulscarrd", "extra": {"before_status": "online", "after_status": "online", "activities": []}}
---
[2026-01-07T01:40:09.262624] [INFO] [PRESENCE] [PresenceUpdate] User gmg_ant status changed: same | Activities: None
METADATA: {"timestamp": "2026-01-07T01:40:09.262552", "bot_version": "2.6.4", "guild_id": 1419349908850475031, "user_id": 1183886697688219771, "username": "gmg_ant", "extra": {"before_status": "online", "after_status": "online", "activities": []}}
---
[2026-01-07T01:40:15.371575] [INFO] [PRESENCE] [PresenceUpdate] User gmg_ant status changed: same | Activities: None
METADATA: {"timestamp": "2026-01-07T01:40:15.371493", "bot_version": "2.6.4", "guild_id": 1419349908850475031, "user_id": 1183886697688219771, "username": "gmg_ant", "extra": {"before_status": "online", "after_status": "online", "activities": []}}
---
[2026-01-07T01:40:32.485491] [INFO] [PRESENCE] [PresenceUpdate] User soulscarrd status changed: same | Activities: None
METADATA: {"timestamp": "2026-01-07T01:40:32.485415", "bot_version": "2.6.4", "guild_id": 1419349908850475031, "user_id": 1133090393509089361, "username": "soulscarrd", "extra": {"before_status": "online", "after_status": "online", "activities": []}}
---
[2026-01-07T01:40:40.133802] [INFO] [PRESENCE] [PresenceUpdate] User zazzva115 status changed: offline -> online | Activities: None
METADATA: {"timestamp": "2026-01-07T01:40:40.133766", "bot_version": "2.6.4", "guild_id": 1419349908850475031, "user_id": 1386592770537558078, "username": "zazzva115", "extra": {"before_status": "offline", "after_status": "online", "activities": []}}
---
[2026-01-07T01:40:55.007893] [INFO] [PRESENCE] [PresenceUpdate] User soulscarrd status changed: same | Activities: None
METADATA: {"timestamp": "2026-01-07T01:40:55.007820", "bot_version": "2.6.4", "guild_id": 1419349908850475031, "user_id": 1133090393509089361, "username": "soulscarrd", "extra": {"before_status": "online", "after_status": "online", "activities": []}}
---
[2026-01-07T01:41:23.328213] [INFO] [PRESENCE] [PresenceUpdate] User zazzva115 status changed: online -> idle | Activities: None
METADATA: {"timestamp": "2026-01-07T01:41:23.328115", "bot_version": "2.6.4", "guild_id": 1419349908850475031, "user_id": 1386592770537558078, "username": "zazzva115", "extra": {"before_status": "online", "after_status": "idle", "activities": []}}
---
[2026-01-07T01:41:36.484543] [INFO] [PRESENCE] [PresenceUpdate] User zazzva115 status changed: idle -> online | Activities: None
METADATA: {"timestamp": "2026-01-07T01:41:36.484461", "bot_version": "2.6.4", "guild_id": 1419349908850475031, "user_id": 1386592770537558078, "username": "zazzva115", "extra": {"before_status": "idle", "after_status": "online", "activities": []}}
---
[2026-01-07T01:41:53.408164] [INFO] [PRESENCE] [PresenceUpdate] User soulscarrd status changed: same | Activities: None
METADATA: {"timestamp": "2026-01-07T01:41:53.408124", "bot_version": "2.6.4", "guild_id": 1419349908850475031, "user_id": 1133090393509089361, "username": "soulscarrd", "extra": {"before_status": "online", "after_status": "online", "activities": []}}
---
[2026-01-07T01:42:05.178082] [INFO] [PRESENCE] [PresenceUpdate] User soulscarrd status changed: same | Activities: None
METADATA: {"timestamp": "2026-01-07T01:42:05.178011", "bot_version": "2.6.4", "guild_id": 1419349908850475031, "user_id": 1133090393509089361, "username": "soulscarrd", "extra": {"before_status": "online", "after_status": "online", "activities": []}}
---
[2026-01-07T01:42:12.118941] [INFO] [PRESENCE] [PresenceUpdate] User zazzva115 status changed: online -> idle | Activities: None
METADATA: {"timestamp": "2026-01-07T01:42:12.118862", "bot_version": "2.6.4", "guild_id": 1419349908850475031, "user_id": 1386592770537558078, "username": "zazzva115", "extra": {"before_status": "online", "after_status": "idle", "activities": []}}
---
[2026-01-07T01:42:22.593020] [INFO] [PRESENCE] [PresenceUpdate] User soulscarrd status changed: same | Activities: None
METADATA: {"timestamp": "2026-01-07T01:42:22.592945", "bot_version": "2.6.4", "guild_id": 1419349908850475031, "user_id": 1133090393509089361, "username": "soulscarrd", "extra": {"before_status": "online", "after_status": "online", "activities": []}}
---
[2026-01-07T01:43:42.912215] [INFO] [PRESENCE] [PresenceUpdate] User soulscarrd status changed: same | Activities: None
METADATA: {"timestamp": "2026-01-07T01:43:42.912161", "bot_version": "2.6.4", "guild_id": 1419349908850475031, "user_id": 1133090393509089361, "username": "soulscarrd", "extra": {"before_status": "online", "after_status": "online", "activities": []}}
---
