[2025-11-29T00:00:15.838397] [INFO] [PRESENCE] [PresenceUpdate] User XenBot#7688 status changed: same | Activities: Playing: Tracking 5 servers
METADATA: {"timestamp": "2025-11-29T00:00:15.838369", "bot_version": "2.4.0", "guild_id": 1436118893130158090, "user_id": 1436125663378673875, "username": "XenBot#7688", "extra": {"before_status": "online", "after_status": "online", "activities": ["Playing: Tracking 5 servers"]}}
---
[2025-11-29T00:00:25.765601] [INFO] [PRESENCE] [PresenceUpdate] User XenBot#7688 status changed: same | Activities: Playing: Use /help for commands!
METADATA: {"timestamp": "2025-11-29T00:00:25.765572", "bot_version": "2.4.0", "guild_id": 1436118893130158090, "user_id": 1436125663378673875, "username": "XenBot#7688", "extra": {"before_status": "online", "after_status": "online", "activities": ["Playing: Use /help for commands!"]}}
---
[2025-11-29T00:00:36.030468] [INFO] [PRESENCE] [PresenceUpdate] User XenBot#7688 status changed: same | Activities: Playing: Tracking 5 servers
METADATA: {"timestamp": "2025-11-29T00:00:36.030436", "bot_version": "2.4.0", "guild_id": 1436118893130158090, "user_id": 1436125663378673875, "username": "XenBot#7688", "extra": {"before_status": "online", "after_status": "online", "activities": ["Playing: Tracking 5 servers"]}}
---
[2025-11-29T00:00:45.941801] [INFO] [PRESENCE] [PresenceUpdate] User XenBot#7688 status changed: same | Activities: Playing: Powered by CryptX!
METADATA: {"timestamp": "2025-11-29T00:00:45.941772", "bot_version": "2.4.0", "guild_id": 1436118893130158090, "user_id": 1436125663378673875, "username": "XenBot#7688", "extra": {"before_status": "online", "after_status": "online", "activities": ["Playing: Powered by CryptX!"]}}
---
[2025-11-29T00:01:05.869703] [INFO] [PRESENCE] [PresenceUpdate] User XenBot#7688 status changed: same | Activities: Playing: Configure with /setup
METADATA: {"timestamp": "2025-11-29T00:01:05.869673", "bot_version": "2.4.0", "guild_id": 1436118893130158090, "user_id": 1436125663378673875, "username": "XenBot#7688", "extra": {"before_status": "online", "after_status": "online", "activities": ["Playing: Configure with /setup"]}}
---
[2025-11-29T00:01:16.045563] [INFO] [PRESENCE] [PresenceUpdate] User XenBot#7688 status changed: same | Activities: Playing: Use /help for commands!
METADATA: {"timestamp": "2025-11-29T00:01:16.045529", "bot_version": "2.4.0", "guild_id": 1436118893130158090, "user_id": 1436125663378673875, "username": "XenBot#7688", "extra": {"before_status": "online", "after_status": "online", "activities": ["Playing: Use /help for commands!"]}}
---
[2025-11-29T00:01:25.875928] [INFO] [PRESENCE] [PresenceUpdate] User XenBot#7688 status changed: same | Activities: Playing: Powered by CryptX!
METADATA: {"timestamp": "2025-11-29T00:01:25.875894", "bot_version": "2.4.0", "guild_id": 1436118893130158090, "user_id": 1436125663378673875, "username": "XenBot#7688", "extra": {"before_status": "online", "after_status": "online", "activities": ["Playing: Powered by CryptX!"]}}
---
[2025-11-29T00:01:36.012415] [INFO] [PRESENCE] [PresenceUpdate] User XenBot#7688 status changed: same | Activities: Playing: Use /help for commands!
METADATA: {"timestamp": "2025-11-29T00:01:36.012386", "bot_version": "2.4.0", "guild_id": 1436118893130158090, "user_id": 1436125663378673875, "username": "XenBot#7688", "extra": {"before_status": "online", "after_status": "online", "activities": ["Playing: Use /help for commands!"]}}
---
[2025-11-29T00:01:45.843069] [INFO] [PRESENCE] [PresenceUpdate] User XenBot#7688 status changed: same | Activities: Playing: Configure with /setup
METADATA: {"timestamp": "2025-11-29T00:01:45.843041", "bot_version": "2.4.0", "guild_id": 1436118893130158090, "user_id": 1436125663378673875, "username": "XenBot#7688", "extra": {"before_status": "online", "after_status": "online", "activities": ["Playing: Configure with /setup"]}}
---
[2025-11-29T00:02:05.820391] [INFO] [PRESENCE] [PresenceUpdate] User XenBot#7688 status changed: same | Activities: Playing: Powered by CryptX!
METADATA: {"timestamp": "2025-11-29T00:02:05.820358", "bot_version": "2.4.0", "guild_id": 1436118893130158090, "user_id": 1436125663378673875, "username": "XenBot#7688", "extra": {"before_status": "online", "after_status": "online", "activities": ["Playing: Powered by CryptX!"]}}
---
[2025-11-29T00:02:15.846313] [INFO] [PRESENCE] [PresenceUpdate] User XenBot#7688 status changed: same | Activities: Playing: Use /help for commands!
METADATA: {"timestamp": "2025-11-29T00:02:15.846275", "bot_version": "2.4.0", "guild_id": 1436118893130158090, "user_id": 1436125663378673875, "username": "XenBot#7688", "extra": {"before_status": "online", "after_status": "online", "activities": ["Playing: Use /help for commands!"]}}
---
[2025-11-29T00:02:25.823726] [INFO] [PRESENCE] [PresenceUpdate] User XenBot#7688 status changed: same | Activities: Playing: Configure with /setup
METADATA: {"timestamp": "2025-11-29T00:02:25.823691", "bot_version": "2.4.0", "guild_id": 1436118893130158090, "user_id": 1436125663378673875, "username": "XenBot#7688", "extra": {"before_status": "online", "after_status": "online", "activities": ["Playing: Configure with /setup"]}}
---
[2025-11-29T00:02:35.828644] [INFO] [PRESENCE] [PresenceUpdate] User XenBot#7688 status changed: same | Activities: Playing: Powered by CryptX!
METADATA: {"timestamp": "2025-11-29T00:02:35.828615", "bot_version": "2.4.0", "guild_id": 1436118893130158090, "user_id": 1436125663378673875, "username": "XenBot#7688", "extra": {"before_status": "online", "after_status": "online", "activities": ["Playing: Powered by CryptX!"]}}
---
[2025-11-29T00:02:45.844866] [INFO] [PRESENCE] [PresenceUpdate] User XenBot#7688 status changed: same | Activities: Playing: Use /help for commands!
METADATA: {"timestamp": "2025-11-29T00:02:45.844834", "bot_version": "2.4.0", "guild_id": 1436118893130158090, "user_id": 1436125663378673875, "username": "XenBot#7688", "extra": {"before_status": "online", "after_status": "online", "activities": ["Playing: Use /help for commands!"]}}
---
[2025-11-29T00:02:55.879577] [INFO] [PRESENCE] [PresenceUpdate] User XenBot#7688 status changed: same | Activities: Playing: Powered by CryptX!
METADATA: {"timestamp": "2025-11-29T00:02:55.879548", "bot_version": "2.4.0", "guild_id": 1436118893130158090, "user_id": 1436125663378673875, "username": "XenBot#7688", "extra": {"before_status": "online", "after_status": "online", "activities": ["Playing: Powered by CryptX!"]}}
---
[2025-11-29T00:03:05.859618] [INFO] [PRESENCE] [PresenceUpdate] User XenBot#7688 status changed: same | Activities: Playing: Configure with /setup
METADATA: {"timestamp": "2025-11-29T00:03:05.859585", "bot_version": "2.4.0", "guild_id": 1436118893130158090, "user_id": 1436125663378673875, "username": "XenBot#7688", "extra": {"before_status": "online", "after_status": "online", "activities": ["Playing: Configure with /setup"]}}
---
[2025-11-29T00:03:16.221702] [INFO] [PRESENCE] [PresenceUpdate] User XenBot#7688 status changed: same | Activities: Playing: Tracking 5 servers
METADATA: {"timestamp": "2025-11-29T00:03:16.221665", "bot_version": "2.4.0", "guild_id": 1436118893130158090, "user_id": 1436125663378673875, "username": "XenBot#7688", "extra": {"before_status": "online", "after_status": "online", "activities": ["Playing: Tracking 5 servers"]}}
---
[2025-11-29T00:03:36.261457] [INFO] [PRESENCE] [PresenceUpdate] User XenBot#7688 status changed: same | Activities: Playing: Configure with /setup
METADATA: {"timestamp": "2025-11-29T00:03:36.261425", "bot_version": "2.4.0", "guild_id": 1436118893130158090, "user_id": 1436125663378673875, "username": "XenBot#7688", "extra": {"before_status": "online", "after_status": "online", "activities": ["Playing: Configure with /setup"]}}
---
[2025-11-29T00:03:46.141802] [INFO] [PRESENCE] [PresenceUpdate] User XenBot#7688 status changed: same | Activities: Playing: Tracking 5 servers
METADATA: {"timestamp": "2025-11-29T00:03:46.141764", "bot_version": "2.4.0", "guild_id": 1436118893130158090, "user_id": 1436125663378673875, "username": "XenBot#7688", "extra": {"before_status": "online", "after_status": "online", "activities": ["Playing: Tracking 5 servers"]}}
---
[2025-11-29T00:04:05.918754] [INFO] [PRESENCE] [PresenceUpdate] User XenBot#7688 status changed: same | Activities: Playing: Powered by CryptX!
METADATA: {"timestamp": "2025-11-29T00:04:05.918719", "bot_version": "2.4.0", "guild_id": 1436118893130158090, "user_id": 1436125663378673875, "username": "XenBot#7688", "extra": {"before_status": "online", "after_status": "online", "activities": ["Playing: Powered by CryptX!"]}}
---
[2025-11-29T00:04:16.055974] [INFO] [PRESENCE] [PresenceUpdate] User XenBot#7688 status changed: same | Activities: Playing: Use /help for commands!
METADATA: {"timestamp": "2025-11-29T00:04:16.055945", "bot_version": "2.4.0", "guild_id": 1436118893130158090, "user_id": 1436125663378673875, "username": "XenBot#7688", "extra": {"before_status": "online", "after_status": "online", "activities": ["Playing: Use /help for commands!"]}}
---
