[2026-01-09T14:53:39.460398] [INFO] [PRESENCE] [PresenceUpdate] User xxzgyxzxzyxyxzxfzx status changed: online -> idle | Activities: None
METADATA: {"timestamp": "2026-01-09T14:53:39.460300", "bot_version": "2.6.4", "guild_id": 1419349908850475031, "user_id": 1241439123198316661, "username": "xxzgyxzxzyxyxzxfzx", "extra": {"before_status": "online", "after_status": "idle", "activities": []}}
---
[2026-01-09T14:55:36.080938] [INFO] [PRESENCE] [PresenceUpdate] User xxzgyxzxzyxyxzxfzx status changed: idle -> offline | Activities: None
METADATA: {"timestamp": "2026-01-09T14:55:36.080874", "bot_version": "2.6.4", "guild_id": 1419349908850475031, "user_id": 1241439123198316661, "username": "xxzgyxzxzyxyxzxfzx", "extra": {"before_status": "idle", "after_status": "offline", "activities": []}}
---
[2026-01-09T14:56:27.078640] [INFO] [PRESENCE] [PresenceUpdate] User chewbaccalt status changed: online -> idle | Activities: Custom: Custom Status
METADATA: {"timestamp": "2026-01-09T14:56:27.078567", "bot_version": "2.6.4", "guild_id": 1419349908850475031, "user_id": 1001525917279064095, "username": "chewbaccalt", "extra": {"before_status": "online", "after_status": "idle", "activities": ["Custom: Custom Status"]}}
---
[2026-01-09T14:58:37.482752] [INFO] [PRESENCE] [PresenceUpdate] User xxzgyxzxzyxyxzxfzx status changed: offline -> online | Activities: None
METADATA: {"timestamp": "2026-01-09T14:58:37.482695", "bot_version": "2.6.4", "guild_id": 1419349908850475031, "user_id": 1241439123198316661, "username": "xxzgyxzxzyxyxzxfzx", "extra": {"before_status": "offline", "after_status": "online", "activities": []}}
---
[2026-01-09T14:58:44.719874] [INFO] [PRESENCE] [PresenceUpdate] User xxzgyxzxzyxyxzxfzx status changed: online -> idle | Activities: None
METADATA: {"timestamp": "2026-01-09T14:58:44.719833", "bot_version": "2.6.4", "guild_id": 1419349908850475031, "user_id": 1241439123198316661, "username": "xxzgyxzxzyxyxzxfzx", "extra": {"before_status": "online", "after_status": "idle", "activities": []}}
---
[2026-01-09T15:00:56.184507] [INFO] [PRESENCE] [PresenceUpdate] User xxzgyxzxzyxyxzxfzx status changed: idle -> offline | Activities: None
METADATA: {"timestamp": "2026-01-09T15:00:56.184430", "bot_version": "2.6.4", "guild_id": 1419349908850475031, "user_id": 1241439123198316661, "username": "xxzgyxzxzyxyxzxfzx", "extra": {"before_status": "idle", "after_status": "offline", "activities": []}}
---
[2026-01-09T15:02:13.288896] [INFO] [PRESENCE] [PresenceUpdate] User iriss.01 status changed: dnd -> online | Activities: Custom: i’m at school right now  i’m asleep at 10 pm  don’t Dm me about Delta and don’t send me a friend request afterward
METADATA: {"timestamp": "2026-01-09T15:02:13.288821", "bot_version": "2.6.4", "guild_id": 1419349908850475031, "user_id": 1079826643922722848, "username": "iriss.01", "extra": {"before_status": "dnd", "after_status": "online", "activities": ["Custom: i\u2019m at school right now  i\u2019m asleep at 10 pm  don\u2019t Dm me about Delta and don\u2019t send me a friend request afterward"]}}
---
