[2026-01-03T00:00:16.415140] [INFO] [PRESENCE] [PresenceUpdate] User 2clickdeath status changed: online -> offline | Activities: None
METADATA: {"timestamp": "2026-01-03T00:00:16.415140", "bot_version": "2.4.0", "guild_id": 1419349908850475031, "user_id": 1019698414839156817, "username": "2clickdeath", "extra": {"before_status": "online", "after_status": "offline", "activities": []}}
---
[2026-01-03T00:02:41.113688] [INFO] [PRESENCE] [PresenceUpdate] User 2clickdeath status changed: offline -> online | Activities: None
METADATA: {"timestamp": "2026-01-03T00:02:41.113688", "bot_version": "2.4.0", "guild_id": 1419349908850475031, "user_id": 1019698414839156817, "username": "2clickdeath", "extra": {"before_status": "offline", "after_status": "online", "activities": []}}
---
[2026-01-03T00:13:29.138261] [INFO] [PRESENCE] [PresenceUpdate] User void___111 status changed: offline -> online | Activities: None
METADATA: {"timestamp": "2026-01-03T00:13:29.138261", "bot_version": "2.4.0", "guild_id": 1419349908850475031, "user_id": 1254544936121139242, "username": "void___111", "extra": {"before_status": "offline", "after_status": "online", "activities": []}}
---
[2026-01-03T00:14:16.747511] [INFO] [PRESENCE] [PresenceUpdate] User r85f status changed: dnd -> offline | Activities: None
METADATA: {"timestamp": "2026-01-03T00:14:16.747511", "bot_version": "2.4.0", "guild_id": 1419349908850475031, "user_id": 1291647601510187048, "username": "r85f", "extra": {"before_status": "dnd", "after_status": "offline", "activities": []}}
---
[2026-01-03T00:15:28.684745] [INFO] [PRESENCE] [PresenceUpdate] User donthurtpain status changed: dnd -> offline | Activities: None
METADATA: {"timestamp": "2026-01-03T00:15:28.684745", "bot_version": "2.4.0", "guild_id": 1419349908850475031, "user_id": 1283957288314343486, "username": "donthurtpain", "extra": {"before_status": "dnd", "after_status": "offline", "activities": []}}
---
[2026-01-03T00:15:34.341283] [INFO] [PRESENCE] [PresenceUpdate] User void___111 status changed: online -> offline | Activities: None
METADATA: {"timestamp": "2026-01-03T00:15:34.341283", "bot_version": "2.4.0", "guild_id": 1419349908850475031, "user_id": 1254544936121139242, "username": "void___111", "extra": {"before_status": "online", "after_status": "offline", "activities": []}}
---
[2026-01-03T00:15:43.892518] [INFO] [PRESENCE] [PresenceUpdate] User donthurtpain status changed: offline -> dnd | Activities: None
METADATA: {"timestamp": "2026-01-03T00:15:43.892518", "bot_version": "2.4.0", "guild_id": 1419349908850475031, "user_id": 1283957288314343486, "username": "donthurtpain", "extra": {"before_status": "offline", "after_status": "dnd", "activities": []}}
---
[2026-01-03T00:15:44.805051] [INFO] [PRESENCE] [PresenceUpdate] User donthurtpain status changed: dnd -> offline | Activities: None
METADATA: {"timestamp": "2026-01-03T00:15:44.804051", "bot_version": "2.4.0", "guild_id": 1419349908850475031, "user_id": 1283957288314343486, "username": "donthurtpain", "extra": {"before_status": "dnd", "after_status": "offline", "activities": []}}
---
[2026-01-03T00:15:46.279984] [INFO] [PRESENCE] [PresenceUpdate] User donthurtpain status changed: offline -> dnd | Activities: None
METADATA: {"timestamp": "2026-01-03T00:15:46.279984", "bot_version": "2.4.0", "guild_id": 1419349908850475031, "user_id": 1283957288314343486, "username": "donthurtpain", "extra": {"before_status": "offline", "after_status": "dnd", "activities": []}}
---
[2026-01-03T00:17:47.386593] [INFO] [PRESENCE] [PresenceUpdate] User r85f status changed: offline -> dnd | Activities: None
METADATA: {"timestamp": "2026-01-03T00:17:47.386593", "bot_version": "2.4.0", "guild_id": 1419349908850475031, "user_id": 1291647601510187048, "username": "r85f", "extra": {"before_status": "offline", "after_status": "dnd", "activities": []}}
---
[2026-01-03T00:19:55.501093] [INFO] [PRESENCE] [PresenceUpdate] User r85f status changed: dnd -> offline | Activities: None
METADATA: {"timestamp": "2026-01-03T00:19:55.501093", "bot_version": "2.4.0", "guild_id": 1419349908850475031, "user_id": 1291647601510187048, "username": "r85f", "extra": {"before_status": "dnd", "after_status": "offline", "activities": []}}
---
[2026-01-03T00:21:03.480338] [INFO] [PRESENCE] [PresenceUpdate] User donthurtpain status changed: dnd -> offline | Activities: None
METADATA: {"timestamp": "2026-01-03T00:21:03.480338", "bot_version": "2.4.0", "guild_id": 1419349908850475031, "user_id": 1283957288314343486, "username": "donthurtpain", "extra": {"before_status": "dnd", "after_status": "offline", "activities": []}}
---
[2026-01-03T00:22:38.847467] [INFO] [PRESENCE] [PresenceUpdate] User donthurtpain status changed: offline -> dnd | Activities: None
METADATA: {"timestamp": "2026-01-03T00:22:38.846562", "bot_version": "2.4.0", "guild_id": 1419349908850475031, "user_id": 1283957288314343486, "username": "donthurtpain", "extra": {"before_status": "offline", "after_status": "dnd", "activities": []}}
---
[2026-01-03T00:22:39.867386] [INFO] [PRESENCE] [PresenceUpdate] User donthurtpain status changed: dnd -> offline | Activities: None
METADATA: {"timestamp": "2026-01-03T00:22:39.867386", "bot_version": "2.4.0", "guild_id": 1419349908850475031, "user_id": 1283957288314343486, "username": "donthurtpain", "extra": {"before_status": "dnd", "after_status": "offline", "activities": []}}
---
[2026-01-03T00:22:41.422123] [INFO] [PRESENCE] [PresenceUpdate] User donthurtpain status changed: offline -> dnd | Activities: None
METADATA: {"timestamp": "2026-01-03T00:22:41.422123", "bot_version": "2.4.0", "guild_id": 1419349908850475031, "user_id": 1283957288314343486, "username": "donthurtpain", "extra": {"before_status": "offline", "after_status": "dnd", "activities": []}}
---
[2026-01-03T00:24:21.861081] [INFO] [PRESENCE] [PresenceUpdate] User 65tfm status changed: offline -> idle | Activities: None
METADATA: {"timestamp": "2026-01-03T00:24:21.861081", "bot_version": "2.4.0", "guild_id": 1419349908850475031, "user_id": 1341783114694922315, "username": "65tfm", "extra": {"before_status": "offline", "after_status": "idle", "activities": []}}
---
[2026-01-03T00:25:54.766941] [INFO] [PRESENCE] [PresenceUpdate] User 2clickdeath status changed: online -> offline | Activities: None
METADATA: {"timestamp": "2026-01-03T00:25:54.766941", "bot_version": "2.4.0", "guild_id": 1419349908850475031, "user_id": 1019698414839156817, "username": "2clickdeath", "extra": {"before_status": "online", "after_status": "offline", "activities": []}}
---
[2026-01-03T00:28:28.648969] [INFO] [PRESENCE] [PresenceUpdate] User r85f status changed: offline -> dnd | Activities: None
METADATA: {"timestamp": "2026-01-03T00:28:28.648969", "bot_version": "2.4.0", "guild_id": 1419349908850475031, "user_id": 1291647601510187048, "username": "r85f", "extra": {"before_status": "offline", "after_status": "dnd", "activities": []}}
---
[2026-01-03T00:29:14.159511] [INFO] [PRESENCE] [PresenceUpdate] User 5staey status changed: offline -> online | Activities: None
METADATA: {"timestamp": "2026-01-03T00:29:14.159511", "bot_version": "2.4.0", "guild_id": 1419349908850475031, "user_id": 1379258960997253140, "username": "5staey", "extra": {"before_status": "offline", "after_status": "online", "activities": []}}
---
[2026-01-03T00:29:51.907006] [INFO] [PRESENCE] [PresenceUpdate] User 2clickdeath status changed: offline -> online | Activities: None
METADATA: {"timestamp": "2026-01-03T00:29:51.907006", "bot_version": "2.4.0", "guild_id": 1419349908850475031, "user_id": 1019698414839156817, "username": "2clickdeath", "extra": {"before_status": "offline", "after_status": "online", "activities": []}}
---
[2026-01-03T00:30:14.300855] [INFO] [PRESENCE] [PresenceUpdate] User r85f status changed: same | Activities: Custom: hi i love my gf
METADATA: {"timestamp": "2026-01-03T00:30:14.300855", "bot_version": "2.4.0", "guild_id": 1419349908850475031, "user_id": 1291647601510187048, "username": "r85f", "extra": {"before_status": "dnd", "after_status": "dnd", "activities": ["Custom: hi i love my gf"]}}
---
[2026-01-03T00:32:01.246702] [INFO] [PRESENCE] [PresenceUpdate] User r85f status changed: dnd -> offline | Activities: None
METADATA: {"timestamp": "2026-01-03T00:32:01.246702", "bot_version": "2.4.0", "guild_id": 1419349908850475031, "user_id": 1291647601510187048, "username": "r85f", "extra": {"before_status": "dnd", "after_status": "offline", "activities": []}}
---
[2026-01-03T00:32:04.375398] [INFO] [PRESENCE] [PresenceUpdate] User 5staey status changed: online -> offline | Activities: None
METADATA: {"timestamp": "2026-01-03T00:32:04.375398", "bot_version": "2.4.0", "guild_id": 1419349908850475031, "user_id": 1379258960997253140, "username": "5staey", "extra": {"before_status": "online", "after_status": "offline", "activities": []}}
---
[2026-01-03T00:32:26.006656] [INFO] [PRESENCE] [PresenceUpdate] User juicewrld43742 status changed: offline -> idle | Activities: Custom: puff and pass
METADATA: {"timestamp": "2026-01-03T00:32:26.006656", "bot_version": "2.4.0", "guild_id": 1419349908850475031, "user_id": 1408889525744173187, "username": "juicewrld43742", "extra": {"before_status": "offline", "after_status": "idle", "activities": ["Custom: puff and pass"]}}
---
[2026-01-03T00:32:33.157454] [INFO] [PRESENCE] [PresenceUpdate] User juicewrld43742 status changed: idle -> online | Activities: Custom: puff and pass
METADATA: {"timestamp": "2026-01-03T00:32:33.157454", "bot_version": "2.4.0", "guild_id": 1419349908850475031, "user_id": 1408889525744173187, "username": "juicewrld43742", "extra": {"before_status": "idle", "after_status": "online", "activities": ["Custom: puff and pass"]}}
---
[2026-01-03T00:33:19.064910] [INFO] [PRESENCE] [PresenceUpdate] User juicewrld43742 status changed: online -> idle | Activities: Custom: puff and pass
METADATA: {"timestamp": "2026-01-03T00:33:19.064910", "bot_version": "2.4.0", "guild_id": 1419349908850475031, "user_id": 1408889525744173187, "username": "juicewrld43742", "extra": {"before_status": "online", "after_status": "idle", "activities": ["Custom: puff and pass"]}}
---
[2026-01-03T00:34:05.150263] [INFO] [PRESENCE] [PresenceUpdate] User f3ot status changed: offline -> dnd | Activities: Custom: Custom Status
METADATA: {"timestamp": "2026-01-03T00:34:05.150263", "bot_version": "2.4.0", "guild_id": 1419349908850475031, "user_id": 1392243092983124051, "username": "f3ot", "extra": {"before_status": "offline", "after_status": "dnd", "activities": ["Custom: Custom Status"]}}
---
[2026-01-03T00:36:26.263360] [INFO] [PRESENCE] [PresenceUpdate] User f3ot status changed: dnd -> offline | Activities: None
METADATA: {"timestamp": "2026-01-03T00:36:26.263360", "bot_version": "2.4.0", "guild_id": 1419349908850475031, "user_id": 1392243092983124051, "username": "f3ot", "extra": {"before_status": "dnd", "after_status": "offline", "activities": []}}
---
[2026-01-03T00:36:41.038802] [INFO] [PRESENCE] [PresenceUpdate] User juicewrld43742 status changed: idle -> online | Activities: Custom: puff and pass
METADATA: {"timestamp": "2026-01-03T00:36:41.038802", "bot_version": "2.4.0", "guild_id": 1419349908850475031, "user_id": 1408889525744173187, "username": "juicewrld43742", "extra": {"before_status": "idle", "after_status": "online", "activities": ["Custom: puff and pass"]}}
---
[2026-01-03T00:37:14.488214] [INFO] [PRESENCE] [PresenceUpdate] User juicewrld43742 status changed: online -> idle | Activities: Custom: puff and pass
METADATA: {"timestamp": "2026-01-03T00:37:14.487202", "bot_version": "2.4.0", "guild_id": 1419349908850475031, "user_id": 1408889525744173187, "username": "juicewrld43742", "extra": {"before_status": "online", "after_status": "idle", "activities": ["Custom: puff and pass"]}}
---
[2026-01-03T00:37:19.735997] [INFO] [PRESENCE] [PresenceUpdate] User juicewrld43742 status changed: idle -> online | Activities: Custom: puff and pass
METADATA: {"timestamp": "2026-01-03T00:37:19.735997", "bot_version": "2.4.0", "guild_id": 1419349908850475031, "user_id": 1408889525744173187, "username": "juicewrld43742", "extra": {"before_status": "idle", "after_status": "online", "activities": ["Custom: puff and pass"]}}
---
[2026-01-03T00:38:28.721916] [INFO] [PRESENCE] [PresenceUpdate] User 2vdek status changed: offline -> dnd | Activities: None
METADATA: {"timestamp": "2026-01-03T00:38:28.721916", "bot_version": "2.4.0", "guild_id": 1419349908850475031, "user_id": 1398104794823921668, "username": "2vdek", "extra": {"before_status": "offline", "after_status": "dnd", "activities": []}}
---
[2026-01-03T00:38:29.582815] [INFO] [PRESENCE] [PresenceUpdate] User 2vdek status changed: same | Activities: Custom: its 6 am son i won
METADATA: {"timestamp": "2026-01-03T00:38:29.582815", "bot_version": "2.4.0", "guild_id": 1419349908850475031, "user_id": 1398104794823921668, "username": "2vdek", "extra": {"before_status": "dnd", "after_status": "dnd", "activities": ["Custom: its 6 am son i won"]}}
---
[2026-01-03T00:39:21.673455] [INFO] [PRESENCE] [PresenceUpdate] User .qlskiller status changed: same | Activities: None
METADATA: {"timestamp": "2026-01-03T00:39:21.673455", "bot_version": "2.4.0", "guild_id": 1419349908850475031, "user_id": 1036007836880212028, "username": ".qlskiller", "extra": {"before_status": "online", "after_status": "online", "activities": []}}
---
[2026-01-03T00:39:25.121626] [INFO] [PRESENCE] [PresenceUpdate] User .qlskiller status changed: same | Activities: None
METADATA: {"timestamp": "2026-01-03T00:39:25.121626", "bot_version": "2.4.0", "guild_id": 1419349908850475031, "user_id": 1036007836880212028, "username": ".qlskiller", "extra": {"before_status": "online", "after_status": "online", "activities": []}}
---
[2026-01-03T00:39:28.210029] [INFO] [PRESENCE] [PresenceUpdate] User r85f status changed: offline -> dnd | Activities: None
METADATA: {"timestamp": "2026-01-03T00:39:28.210029", "bot_version": "2.4.0", "guild_id": 1419349908850475031, "user_id": 1291647601510187048, "username": "r85f", "extra": {"before_status": "offline", "after_status": "dnd", "activities": []}}
---
[2026-01-03T00:39:29.111830] [INFO] [PRESENCE] [PresenceUpdate] User r85f status changed: same | Activities: Custom: hi i love my gf
METADATA: {"timestamp": "2026-01-03T00:39:29.111830", "bot_version": "2.4.0", "guild_id": 1419349908850475031, "user_id": 1291647601510187048, "username": "r85f", "extra": {"before_status": "dnd", "after_status": "dnd", "activities": ["Custom: hi i love my gf"]}}
---
[2026-01-03T00:39:44.252505] [INFO] [PRESENCE] [PresenceUpdate] User 65tfm status changed: idle -> offline | Activities: None
METADATA: {"timestamp": "2026-01-03T00:39:44.252505", "bot_version": "2.4.0", "guild_id": 1419349908850475031, "user_id": 1341783114694922315, "username": "65tfm", "extra": {"before_status": "idle", "after_status": "offline", "activities": []}}
---
[2026-01-03T00:40:08.532753] [INFO] [PRESENCE] [PresenceUpdate] User juicewrld43742 status changed: online -> idle | Activities: Custom: puff and pass
METADATA: {"timestamp": "2026-01-03T00:40:08.532753", "bot_version": "2.4.0", "guild_id": 1419349908850475031, "user_id": 1408889525744173187, "username": "juicewrld43742", "extra": {"before_status": "online", "after_status": "idle", "activities": ["Custom: puff and pass"]}}
---
[2026-01-03T00:41:36.659179] [INFO] [PRESENCE] [PresenceUpdate] User r85f status changed: dnd -> offline | Activities: None
METADATA: {"timestamp": "2026-01-03T00:41:36.658178", "bot_version": "2.4.0", "guild_id": 1419349908850475031, "user_id": 1291647601510187048, "username": "r85f", "extra": {"before_status": "dnd", "after_status": "offline", "activities": []}}
---
[2026-01-03T00:42:03.062230] [INFO] [PRESENCE] [PresenceUpdate] User juicewrld43742 status changed: idle -> online | Activities: Custom: puff and pass
METADATA: {"timestamp": "2026-01-03T00:42:03.062230", "bot_version": "2.4.0", "guild_id": 1419349908850475031, "user_id": 1408889525744173187, "username": "juicewrld43742", "extra": {"before_status": "idle", "after_status": "online", "activities": ["Custom: puff and pass"]}}
---
[2026-01-03T00:42:04.007934] [INFO] [PRESENCE] [PresenceUpdate] User juicewrld43742 status changed: online -> idle | Activities: Custom: puff and pass
METADATA: {"timestamp": "2026-01-03T00:42:04.007934", "bot_version": "2.4.0", "guild_id": 1419349908850475031, "user_id": 1408889525744173187, "username": "juicewrld43742", "extra": {"before_status": "online", "after_status": "idle", "activities": ["Custom: puff and pass"]}}
---
[2026-01-03T00:46:02.503643] [INFO] [PRESENCE] [PresenceUpdate] User r85f status changed: offline -> dnd | Activities: None
METADATA: {"timestamp": "2026-01-03T00:46:02.503643", "bot_version": "2.4.0", "guild_id": 1419349908850475031, "user_id": 1291647601510187048, "username": "r85f", "extra": {"before_status": "offline", "after_status": "dnd", "activities": []}}
---
[2026-01-03T00:46:03.569917] [INFO] [PRESENCE] [PresenceUpdate] User r85f status changed: same | Activities: Custom: hi i love my gf
METADATA: {"timestamp": "2026-01-03T00:46:03.569917", "bot_version": "2.4.0", "guild_id": 1419349908850475031, "user_id": 1291647601510187048, "username": "r85f", "extra": {"before_status": "dnd", "after_status": "dnd", "activities": ["Custom: hi i love my gf"]}}
---
[2026-01-03T00:47:41.411678] [INFO] [PRESENCE] [PresenceUpdate] User juicewrld43742 status changed: idle -> online | Activities: Custom: puff and pass
METADATA: {"timestamp": "2026-01-03T00:47:41.411678", "bot_version": "2.4.0", "guild_id": 1419349908850475031, "user_id": 1408889525744173187, "username": "juicewrld43742", "extra": {"before_status": "idle", "after_status": "online", "activities": ["Custom: puff and pass"]}}
---
