[2025-11-26T00:01:17.165808] [INFO] [PRESENCE] [PresenceUpdate] User mqp6 status changed: dnd -> offline | Activities: None
METADATA: {"timestamp": "2025-11-26T00:01:17.165763", "bot_version": "2.4.0", "guild_id": 1436118893130158090, "user_id": 1373556059184042045, "username": "mqp6", "extra": {"before_status": "dnd", "after_status": "offline", "activities": []}}
---
[2025-11-26T00:01:27.468096] [INFO] [PRESENCE] [PresenceUpdate] User mxnhxeuv status changed: offline -> dnd | Activities: Custom: [ .gg/memberzz FREE MEMBERS ]
METADATA: {"timestamp": "2025-11-26T00:01:27.468055", "bot_version": "2.4.0", "guild_id": 1436118893130158090, "user_id": 1427105772243914854, "username": "mxnhxeuv", "extra": {"before_status": "offline", "after_status": "dnd", "activities": ["Custom: [ .gg/memberzz FREE MEMBERS ]"]}}
---
[2025-11-26T00:03:21.581630] [INFO] [PRESENCE] [PresenceUpdate] User mqp6 status changed: offline -> dnd | Activities: None
METADATA: {"timestamp": "2025-11-26T00:03:21.581596", "bot_version": "2.4.0", "guild_id": 1436118893130158090, "user_id": 1373556059184042045, "username": "mqp6", "extra": {"before_status": "offline", "after_status": "dnd", "activities": []}}
---
[2025-11-26T00:03:23.153500] [INFO] [PRESENCE] [PresenceUpdate] User mqp6 status changed: same | Activities: None
METADATA: {"timestamp": "2025-11-26T00:03:23.153457", "bot_version": "2.4.0", "guild_id": 1436118893130158090, "user_id": 1373556059184042045, "username": "mqp6", "extra": {"before_status": "dnd", "after_status": "dnd", "activities": []}}
---
[2025-11-26T00:03:28.000050] [INFO] [PRESENCE] [PresenceUpdate] User mxnhxeuv status changed: dnd -> offline | Activities: None
METADATA: {"timestamp": "2025-11-26T00:03:27.999999", "bot_version": "2.4.0", "guild_id": 1436118893130158090, "user_id": 1427105772243914854, "username": "mxnhxeuv", "extra": {"before_status": "dnd", "after_status": "offline", "activities": []}}
---
[2025-11-26T00:04:08.071955] [INFO] [PRESENCE] [PresenceUpdate] User mqp6 status changed: same | Activities: None
METADATA: {"timestamp": "2025-11-26T00:04:08.071925", "bot_version": "2.4.0", "guild_id": 1436118893130158090, "user_id": 1373556059184042045, "username": "mqp6", "extra": {"before_status": "dnd", "after_status": "dnd", "activities": []}}
---
[2025-11-26T00:05:58.636333] [INFO] [PRESENCE] [PresenceUpdate] User mqp6 status changed: same | Activities: None
METADATA: {"timestamp": "2025-11-26T00:05:58.636302", "bot_version": "2.4.0", "guild_id": 1436118893130158090, "user_id": 1373556059184042045, "username": "mqp6", "extra": {"before_status": "dnd", "after_status": "dnd", "activities": []}}
---
[2025-11-26T00:08:15.239412] [INFO] [PRESENCE] [PresenceUpdate] User mqp6 status changed: same | Activities: None
METADATA: {"timestamp": "2025-11-26T00:08:15.239375", "bot_version": "2.4.0", "guild_id": 1436118893130158090, "user_id": 1373556059184042045, "username": "mqp6", "extra": {"before_status": "dnd", "after_status": "dnd", "activities": []}}
---
[2025-11-26T00:12:33.772795] [INFO] [PRESENCE] [PresenceUpdate] User mqp6 status changed: same | Activities: None
METADATA: {"timestamp": "2025-11-26T00:12:33.772764", "bot_version": "2.4.0", "guild_id": 1436118893130158090, "user_id": 1373556059184042045, "username": "mqp6", "extra": {"before_status": "dnd", "after_status": "dnd", "activities": []}}
---
[2025-11-26T00:13:48.607536] [INFO] [PRESENCE] [PresenceUpdate] User mqp6 status changed: same | Activities: None
METADATA: {"timestamp": "2025-11-26T00:13:48.607500", "bot_version": "2.4.0", "guild_id": 1436118893130158090, "user_id": 1373556059184042045, "username": "mqp6", "extra": {"before_status": "dnd", "after_status": "dnd", "activities": []}}
---
[2025-11-26T00:17:38.443720] [INFO] [PRESENCE] [PresenceUpdate] User mqp6 status changed: same | Activities: None
METADATA: {"timestamp": "2025-11-26T00:17:38.443680", "bot_version": "2.4.0", "guild_id": 1436118893130158090, "user_id": 1373556059184042045, "username": "mqp6", "extra": {"before_status": "dnd", "after_status": "dnd", "activities": []}}
---
[2025-11-26T00:20:43.984465] [INFO] [PRESENCE] [PresenceUpdate] User mqp6 status changed: same | Activities: None
METADATA: {"timestamp": "2025-11-26T00:20:43.984418", "bot_version": "2.4.0", "guild_id": 1436118893130158090, "user_id": 1373556059184042045, "username": "mqp6", "extra": {"before_status": "dnd", "after_status": "dnd", "activities": []}}
---
[2025-11-26T00:23:23.268927] [INFO] [PRESENCE] [PresenceUpdate] User mqp6 status changed: same | Activities: None
METADATA: {"timestamp": "2025-11-26T00:23:23.268881", "bot_version": "2.4.0", "guild_id": 1436118893130158090, "user_id": 1373556059184042045, "username": "mqp6", "extra": {"before_status": "dnd", "after_status": "dnd", "activities": []}}
---
[2025-11-26T00:26:08.818499] [INFO] [PRESENCE] [PresenceUpdate] User mqp6 status changed: same | Activities: None
METADATA: {"timestamp": "2025-11-26T00:26:08.818463", "bot_version": "2.4.0", "guild_id": 1436118893130158090, "user_id": 1373556059184042045, "username": "mqp6", "extra": {"before_status": "dnd", "after_status": "dnd", "activities": []}}
---
[2025-11-26T00:28:09.984820] [INFO] [PRESENCE] [PresenceUpdate] User mqp6 status changed: same | Activities: None
METADATA: {"timestamp": "2025-11-26T00:28:09.984775", "bot_version": "2.4.0", "guild_id": 1436118893130158090, "user_id": 1373556059184042045, "username": "mqp6", "extra": {"before_status": "dnd", "after_status": "dnd", "activities": []}}
---
[2025-11-26T00:30:43.913558] [INFO] [PRESENCE] [PresenceUpdate] User mqp6 status changed: same | Activities: None
METADATA: {"timestamp": "2025-11-26T00:30:43.913511", "bot_version": "2.4.0", "guild_id": 1436118893130158090, "user_id": 1373556059184042045, "username": "mqp6", "extra": {"before_status": "dnd", "after_status": "dnd", "activities": []}}
---
[2025-11-26T00:34:02.459500] [INFO] [PRESENCE] [PresenceUpdate] User mqp6 status changed: same | Activities: None
METADATA: {"timestamp": "2025-11-26T00:34:02.459457", "bot_version": "2.4.0", "guild_id": 1436118893130158090, "user_id": 1373556059184042045, "username": "mqp6", "extra": {"before_status": "dnd", "after_status": "dnd", "activities": []}}
---
[2025-11-26T00:34:04.302858] [INFO] [PRESENCE] [PresenceUpdate] User mqp6 status changed: same | Activities: None
METADATA: {"timestamp": "2025-11-26T00:34:04.302826", "bot_version": "2.4.0", "guild_id": 1436118893130158090, "user_id": 1373556059184042045, "username": "mqp6", "extra": {"before_status": "dnd", "after_status": "dnd", "activities": []}}
---
[2025-11-26T00:36:15.177653] [INFO] [PRESENCE] [PresenceUpdate] User mqp6 status changed: same | Activities: None
METADATA: {"timestamp": "2025-11-26T00:36:15.177617", "bot_version": "2.4.0", "guild_id": 1436118893130158090, "user_id": 1373556059184042045, "username": "mqp6", "extra": {"before_status": "dnd", "after_status": "dnd", "activities": []}}
---
[2025-11-26T00:38:40.000129] [INFO] [PRESENCE] [PresenceUpdate] User mqp6 status changed: same | Activities: None
METADATA: {"timestamp": "2025-11-26T00:38:40.000093", "bot_version": "2.4.0", "guild_id": 1436118893130158090, "user_id": 1373556059184042045, "username": "mqp6", "extra": {"before_status": "dnd", "after_status": "dnd", "activities": []}}
---
[2025-11-26T00:41:11.312731] [INFO] [PRESENCE] [PresenceUpdate] User mqp6 status changed: dnd -> offline | Activities: None
METADATA: {"timestamp": "2025-11-26T00:41:11.312684", "bot_version": "2.4.0", "guild_id": 1436118893130158090, "user_id": 1373556059184042045, "username": "mqp6", "extra": {"before_status": "dnd", "after_status": "offline", "activities": []}}
---
[2025-11-26T00:42:52.972708] [INFO] [PRESENCE] [PresenceUpdate] User mqp6 status changed: offline -> dnd | Activities: None
METADATA: {"timestamp": "2025-11-26T00:42:52.972659", "bot_version": "2.4.0", "guild_id": 1436118893130158090, "user_id": 1373556059184042045, "username": "mqp6", "extra": {"before_status": "offline", "after_status": "dnd", "activities": []}}
---
[2025-11-26T00:42:54.633042] [INFO] [PRESENCE] [PresenceUpdate] User mqp6 status changed: same | Activities: None
METADATA: {"timestamp": "2025-11-26T00:42:54.633018", "bot_version": "2.4.0", "guild_id": 1436118893130158090, "user_id": 1373556059184042045, "username": "mqp6", "extra": {"before_status": "dnd", "after_status": "dnd", "activities": []}}
---
[2025-11-26T00:43:29.384589] [INFO] [PRESENCE] [PresenceUpdate] User mqp6 status changed: same | Activities: None
METADATA: {"timestamp": "2025-11-26T00:43:29.384554", "bot_version": "2.4.0", "guild_id": 1436118893130158090, "user_id": 1373556059184042045, "username": "mqp6", "extra": {"before_status": "dnd", "after_status": "dnd", "activities": []}}
---
[2025-11-26T00:46:51.999401] [INFO] [PRESENCE] [PresenceUpdate] User mqp6 status changed: same | Activities: None
METADATA: {"timestamp": "2025-11-26T00:46:51.999355", "bot_version": "2.4.0", "guild_id": 1436118893130158090, "user_id": 1373556059184042045, "username": "mqp6", "extra": {"before_status": "dnd", "after_status": "dnd", "activities": []}}
---
[2025-11-26T00:48:33.888099] [INFO] [PRESENCE] [PresenceUpdate] User mqp6 status changed: dnd -> offline | Activities: None
METADATA: {"timestamp": "2025-11-26T00:48:33.888057", "bot_version": "2.4.0", "guild_id": 1436118893130158090, "user_id": 1373556059184042045, "username": "mqp6", "extra": {"before_status": "dnd", "after_status": "offline", "activities": []}}
---
[2025-11-26T00:48:58.594050] [INFO] [PRESENCE] [PresenceUpdate] User mqp6 status changed: offline -> dnd | Activities: None
METADATA: {"timestamp": "2025-11-26T00:48:58.594013", "bot_version": "2.4.0", "guild_id": 1436118893130158090, "user_id": 1373556059184042045, "username": "mqp6", "extra": {"before_status": "offline", "after_status": "dnd", "activities": []}}
---
[2025-11-26T00:51:24.928382] [INFO] [PRESENCE] [PresenceUpdate] User mqp6 status changed: dnd -> offline | Activities: None
METADATA: {"timestamp": "2025-11-26T00:51:24.928346", "bot_version": "2.4.0", "guild_id": 1436118893130158090, "user_id": 1373556059184042045, "username": "mqp6", "extra": {"before_status": "dnd", "after_status": "offline", "activities": []}}
---
[2025-11-26T00:52:42.857699] [INFO] [PRESENCE] [PresenceUpdate] User mqp6 status changed: offline -> dnd | Activities: None
METADATA: {"timestamp": "2025-11-26T00:52:42.857656", "bot_version": "2.4.0", "guild_id": 1436118893130158090, "user_id": 1373556059184042045, "username": "mqp6", "extra": {"before_status": "offline", "after_status": "dnd", "activities": []}}
---
[2025-11-26T00:53:15.968132] [INFO] [PRESENCE] [PresenceUpdate] User mqp6 status changed: same | Activities: None
METADATA: {"timestamp": "2025-11-26T00:53:15.967986", "bot_version": "2.4.0", "guild_id": 1436118893130158090, "user_id": 1373556059184042045, "username": "mqp6", "extra": {"before_status": "dnd", "after_status": "dnd", "activities": []}}
---
[2025-11-26T00:55:10.523334] [INFO] [PRESENCE] [PresenceUpdate] User mqp6 status changed: same | Activities: None
METADATA: {"timestamp": "2025-11-26T00:55:10.523297", "bot_version": "2.4.0", "guild_id": 1436118893130158090, "user_id": 1373556059184042045, "username": "mqp6", "extra": {"before_status": "dnd", "after_status": "dnd", "activities": []}}
---
[2025-11-26T00:57:48.479042] [INFO] [PRESENCE] [PresenceUpdate] User mqp6 status changed: dnd -> offline | Activities: None
METADATA: {"timestamp": "2025-11-26T00:57:48.479007", "bot_version": "2.4.0", "guild_id": 1436118893130158090, "user_id": 1373556059184042045, "username": "mqp6", "extra": {"before_status": "dnd", "after_status": "offline", "activities": []}}
---
[2025-11-26T00:58:12.635015] [INFO] [PRESENCE] [PresenceUpdate] User mqp6 status changed: offline -> dnd | Activities: None
METADATA: {"timestamp": "2025-11-26T00:58:12.634979", "bot_version": "2.4.0", "guild_id": 1436118893130158090, "user_id": 1373556059184042045, "username": "mqp6", "extra": {"before_status": "offline", "after_status": "dnd", "activities": []}}
---
[2025-11-26T00:58:33.659125] [INFO] [PRESENCE] [PresenceUpdate] User mqp6 status changed: same | Activities: None
METADATA: {"timestamp": "2025-11-26T00:58:33.659094", "bot_version": "2.4.0", "guild_id": 1436118893130158090, "user_id": 1373556059184042045, "username": "mqp6", "extra": {"before_status": "dnd", "after_status": "dnd", "activities": []}}
---
[2025-11-26T01:02:43.968824] [INFO] [PRESENCE] [PresenceUpdate] User mqp6 status changed: same | Activities: None
METADATA: {"timestamp": "2025-11-26T01:02:43.968780", "bot_version": "2.4.0", "guild_id": 1436118893130158090, "user_id": 1373556059184042045, "username": "mqp6", "extra": {"before_status": "dnd", "after_status": "dnd", "activities": []}}
---
[2025-11-26T01:04:50.638655] [INFO] [PRESENCE] [PresenceUpdate] User mqp6 status changed: same | Activities: None
METADATA: {"timestamp": "2025-11-26T01:04:50.638610", "bot_version": "2.4.0", "guild_id": 1436118893130158090, "user_id": 1373556059184042045, "username": "mqp6", "extra": {"before_status": "dnd", "after_status": "dnd", "activities": []}}
---
[2025-11-26T01:06:19.814133] [INFO] [PRESENCE] [PresenceUpdate] User mqp6 status changed: same | Activities: None
METADATA: {"timestamp": "2025-11-26T01:06:19.814099", "bot_version": "2.4.0", "guild_id": 1436118893130158090, "user_id": 1373556059184042045, "username": "mqp6", "extra": {"before_status": "dnd", "after_status": "dnd", "activities": []}}
---
[2025-11-26T01:07:19.946963] [INFO] [PRESENCE] [PresenceUpdate] User mqp6 status changed: same | Activities: None
METADATA: {"timestamp": "2025-11-26T01:07:19.946918", "bot_version": "2.4.0", "guild_id": 1436118893130158090, "user_id": 1373556059184042045, "username": "mqp6", "extra": {"before_status": "dnd", "after_status": "dnd", "activities": []}}
---
[2025-11-26T01:09:40.627464] [INFO] [PRESENCE] [PresenceUpdate] User mqp6 status changed: same | Activities: None
METADATA: {"timestamp": "2025-11-26T01:09:40.627420", "bot_version": "2.4.0", "guild_id": 1436118893130158090, "user_id": 1373556059184042045, "username": "mqp6", "extra": {"before_status": "dnd", "after_status": "dnd", "activities": []}}
---
[2025-11-26T01:12:50.808351] [INFO] [PRESENCE] [PresenceUpdate] User mqp6 status changed: same | Activities: None
METADATA: {"timestamp": "2025-11-26T01:12:50.808306", "bot_version": "2.4.0", "guild_id": 1436118893130158090, "user_id": 1373556059184042045, "username": "mqp6", "extra": {"before_status": "dnd", "after_status": "dnd", "activities": []}}
---
[2025-11-26T01:14:36.031737] [INFO] [PRESENCE] [PresenceUpdate] User mqp6 status changed: same | Activities: None
METADATA: {"timestamp": "2025-11-26T01:14:36.031693", "bot_version": "2.4.0", "guild_id": 1436118893130158090, "user_id": 1373556059184042045, "username": "mqp6", "extra": {"before_status": "dnd", "after_status": "dnd", "activities": []}}
---
