[2026-01-05T00:01:25.197626] [INFO] [PRESENCE] [PresenceUpdate] User r85f status changed: offline -> dnd | Activities: None
METADATA: {"timestamp": "2026-01-05T00:01:25.197404", "bot_version": "2.6.4", "guild_id": 1419349908850475031, "user_id": 1291647601510187048, "username": "r85f", "extra": {"before_status": "offline", "after_status": "dnd", "activities": []}}
---
[2026-01-05T00:01:46.377961] [INFO] [PRESENCE] [PresenceUpdate] User 2clickdeath status changed: idle -> offline | Activities: None
METADATA: {"timestamp": "2026-01-05T00:01:46.377864", "bot_version": "2.6.4", "guild_id": 1419349908850475031, "user_id": 1019698414839156817, "username": "2clickdeath", "extra": {"before_status": "idle", "after_status": "offline", "activities": []}}
---
[2026-01-05T00:05:22.709248] [INFO] [PRESENCE] [PresenceUpdate] User r85f status changed: dnd -> offline | Activities: None
METADATA: {"timestamp": "2026-01-05T00:05:22.709166", "bot_version": "2.6.4", "guild_id": 1419349908850475031, "user_id": 1291647601510187048, "username": "r85f", "extra": {"before_status": "dnd", "after_status": "offline", "activities": []}}
---
[2026-01-05T00:09:01.404236] [INFO] [PRESENCE] [PresenceUpdate] User r85f status changed: offline -> dnd | Activities: None
METADATA: {"timestamp": "2026-01-05T00:09:01.404156", "bot_version": "2.6.4", "guild_id": 1419349908850475031, "user_id": 1291647601510187048, "username": "r85f", "extra": {"before_status": "offline", "after_status": "dnd", "activities": []}}
---
[2026-01-05T00:09:11.038099] [INFO] [PRESENCE] [PresenceUpdate] User jx3o0 status changed: offline -> online | Activities: None
METADATA: {"timestamp": "2026-01-05T00:09:11.035665", "bot_version": "2.6.4", "guild_id": 1419349908850475031, "user_id": 893226275597070337, "username": "jx3o0", "extra": {"before_status": "offline", "after_status": "online", "activities": []}}
---
[2026-01-05T00:12:01.937994] [INFO] [PRESENCE] [PresenceUpdate] User grewal.1 status changed: same | Activities: None
METADATA: {"timestamp": "2026-01-05T00:12:01.937904", "bot_version": "2.6.4", "guild_id": 1419349908850475031, "user_id": 853131267439329280, "username": "grewal.1", "extra": {"before_status": "dnd", "after_status": "dnd", "activities": []}}
---
[2026-01-05T00:12:40.575801] [INFO] [PRESENCE] [PresenceUpdate] User r85f status changed: dnd -> offline | Activities: None
METADATA: {"timestamp": "2026-01-05T00:12:40.575711", "bot_version": "2.6.4", "guild_id": 1419349908850475031, "user_id": 1291647601510187048, "username": "r85f", "extra": {"before_status": "dnd", "after_status": "offline", "activities": []}}
---
[2026-01-05T00:13:03.870139] [INFO] [PRESENCE] [PresenceUpdate] User juicewrld43742 status changed: online -> idle | Activities: Custom: puff and pass
METADATA: {"timestamp": "2026-01-05T00:13:03.870009", "bot_version": "2.6.4", "guild_id": 1419349908850475031, "user_id": 1408889525744173187, "username": "juicewrld43742", "extra": {"before_status": "online", "after_status": "idle", "activities": ["Custom: puff and pass"]}}
---
[2026-01-05T00:14:02.777157] [INFO] [PRESENCE] [PresenceUpdate] User grewal.1 status changed: same | Activities: None
METADATA: {"timestamp": "2026-01-05T00:14:02.777094", "bot_version": "2.6.4", "guild_id": 1419349908850475031, "user_id": 853131267439329280, "username": "grewal.1", "extra": {"before_status": "dnd", "after_status": "dnd", "activities": []}}
---
[2026-01-05T00:14:58.993885] [INFO] [PRESENCE] [PresenceUpdate] User juicewrld43742 status changed: idle -> offline | Activities: None
METADATA: {"timestamp": "2026-01-05T00:14:58.993835", "bot_version": "2.6.4", "guild_id": 1419349908850475031, "user_id": 1408889525744173187, "username": "juicewrld43742", "extra": {"before_status": "idle", "after_status": "offline", "activities": []}}
---
[2026-01-05T00:15:04.458030] [INFO] [PRESENCE] [PresenceUpdate] User dom_thegoat0096 status changed: same | Activities: None
METADATA: {"timestamp": "2026-01-05T00:15:04.456886", "bot_version": "2.6.4", "guild_id": 1419349908850475031, "user_id": 1356120168887095397, "username": "dom_thegoat0096", "extra": {"before_status": "online", "after_status": "online", "activities": []}}
---
[2026-01-05T00:15:11.921564] [INFO] [PRESENCE] [PresenceUpdate] User dom_thegoat0096 status changed: same | Activities: None
METADATA: {"timestamp": "2026-01-05T00:15:11.920424", "bot_version": "2.6.4", "guild_id": 1419349908850475031, "user_id": 1356120168887095397, "username": "dom_thegoat0096", "extra": {"before_status": "online", "after_status": "online", "activities": []}}
---
[2026-01-05T00:15:39.434917] [INFO] [PRESENCE] [PresenceUpdate] User juicewrld43742 status changed: offline -> online | Activities: None
METADATA: {"timestamp": "2026-01-05T00:15:39.434865", "bot_version": "2.6.4", "guild_id": 1419349908850475031, "user_id": 1408889525744173187, "username": "juicewrld43742", "extra": {"before_status": "offline", "after_status": "online", "activities": []}}
---
[2026-01-05T00:15:42.154626] [INFO] [PRESENCE] [PresenceUpdate] User dom_thegoat0096 status changed: same | Activities: None
METADATA: {"timestamp": "2026-01-05T00:15:42.153243", "bot_version": "2.6.4", "guild_id": 1419349908850475031, "user_id": 1356120168887095397, "username": "dom_thegoat0096", "extra": {"before_status": "online", "after_status": "online", "activities": []}}
---
[2026-01-05T00:15:50.989385] [INFO] [PRESENCE] [PresenceUpdate] User juicewrld43742 status changed: same | Activities: Custom: puff and pass
METADATA: {"timestamp": "2026-01-05T00:15:50.989318", "bot_version": "2.6.4", "guild_id": 1419349908850475031, "user_id": 1408889525744173187, "username": "juicewrld43742", "extra": {"before_status": "online", "after_status": "online", "activities": ["Custom: puff and pass"]}}
---
[2026-01-05T00:15:52.459948] [INFO] [PRESENCE] [PresenceUpdate] User dom_thegoat0096 status changed: same | Activities: None
METADATA: {"timestamp": "2026-01-05T00:15:52.459889", "bot_version": "2.6.4", "guild_id": 1419349908850475031, "user_id": 1356120168887095397, "username": "dom_thegoat0096", "extra": {"before_status": "online", "after_status": "online", "activities": []}}
---
[2026-01-05T00:17:14.196275] [INFO] [PRESENCE] [PresenceUpdate] User 2vdek status changed: offline -> dnd | Activities: None
METADATA: {"timestamp": "2026-01-05T00:17:14.196196", "bot_version": "2.6.4", "guild_id": 1419349908850475031, "user_id": 1398104794823921668, "username": "2vdek", "extra": {"before_status": "offline", "after_status": "dnd", "activities": []}}
---
[2026-01-05T00:18:07.891691] [INFO] [PRESENCE] [PresenceUpdate] User .qlskiller status changed: same | Activities: None
METADATA: {"timestamp": "2026-01-05T00:18:07.891634", "bot_version": "2.6.4", "guild_id": 1419349908850475031, "user_id": 1036007836880212028, "username": ".qlskiller", "extra": {"before_status": "online", "after_status": "online", "activities": []}}
---
[2026-01-05T00:19:04.639553] [INFO] [PRESENCE] [PresenceUpdate] User lordxenl status changed: offline -> dnd | Activities: None
METADATA: {"timestamp": "2026-01-05T00:19:04.639454", "bot_version": "2.6.4", "guild_id": 1419349908850475031, "user_id": 1144889548992684102, "username": "lordxenl", "extra": {"before_status": "offline", "after_status": "dnd", "activities": []}}
---
[2026-01-05T00:20:36.672672] [INFO] [PRESENCE] [PresenceUpdate] User jx3o0 status changed: same | Activities: Custom: chilling
METADATA: {"timestamp": "2026-01-05T00:20:36.672536", "bot_version": "2.6.4", "guild_id": 1419349908850475031, "user_id": 893226275597070337, "username": "jx3o0", "extra": {"before_status": "online", "after_status": "online", "activities": ["Custom: chilling"]}}
---
[2026-01-05T00:21:35.080235] [INFO] [PRESENCE] [PresenceUpdate] User lordxenl status changed: dnd -> offline | Activities: None
METADATA: {"timestamp": "2026-01-05T00:21:35.080194", "bot_version": "2.6.4", "guild_id": 1419349908850475031, "user_id": 1144889548992684102, "username": "lordxenl", "extra": {"before_status": "dnd", "after_status": "offline", "activities": []}}
---
[2026-01-05T00:23:58.760992] [INFO] [PRESENCE] [PresenceUpdate] User 2clickdeath status changed: offline -> online | Activities: None
METADATA: {"timestamp": "2026-01-05T00:23:58.760883", "bot_version": "2.6.4", "guild_id": 1419349908850475031, "user_id": 1019698414839156817, "username": "2clickdeath", "extra": {"before_status": "offline", "after_status": "online", "activities": []}}
---
[2026-01-05T00:25:23.696405] [INFO] [PRESENCE] [PresenceUpdate] User jx3o0 status changed: same | Activities: None
METADATA: {"timestamp": "2026-01-05T00:25:23.696293", "bot_version": "2.6.4", "guild_id": 1419349908850475031, "user_id": 893226275597070337, "username": "jx3o0", "extra": {"before_status": "online", "after_status": "online", "activities": []}}
---
[2026-01-05T00:25:48.392691] [INFO] [PRESENCE] [PresenceUpdate] User fest4433 status changed: offline -> dnd | Activities: None
METADATA: {"timestamp": "2026-01-05T00:25:48.392628", "bot_version": "2.6.4", "guild_id": 1419349908850475031, "user_id": 1233710422721298472, "username": "fest4433", "extra": {"before_status": "offline", "after_status": "dnd", "activities": []}}
---
[2026-01-05T00:26:04.024463] [INFO] [PRESENCE] [PresenceUpdate] User donthurtpain status changed: offline -> dnd | Activities: None
METADATA: {"timestamp": "2026-01-05T00:26:04.024356", "bot_version": "2.6.4", "guild_id": 1419349908850475031, "user_id": 1283957288314343486, "username": "donthurtpain", "extra": {"before_status": "offline", "after_status": "dnd", "activities": []}}
---
[2026-01-05T00:26:05.007910] [INFO] [PRESENCE] [PresenceUpdate] User donthurtpain status changed: dnd -> offline | Activities: None
METADATA: {"timestamp": "2026-01-05T00:26:05.007854", "bot_version": "2.6.4", "guild_id": 1419349908850475031, "user_id": 1283957288314343486, "username": "donthurtpain", "extra": {"before_status": "dnd", "after_status": "offline", "activities": []}}
---
[2026-01-05T00:26:06.485292] [INFO] [PRESENCE] [PresenceUpdate] User donthurtpain status changed: offline -> dnd | Activities: None
METADATA: {"timestamp": "2026-01-05T00:26:06.485189", "bot_version": "2.6.4", "guild_id": 1419349908850475031, "user_id": 1283957288314343486, "username": "donthurtpain", "extra": {"before_status": "offline", "after_status": "dnd", "activities": []}}
---
[2026-01-05T00:26:42.402296] [INFO] [PRESENCE] [PresenceUpdate] User fest4433 status changed: same | Activities: None
METADATA: {"timestamp": "2026-01-05T00:26:42.402147", "bot_version": "2.6.4", "guild_id": 1419349908850475031, "user_id": 1233710422721298472, "username": "fest4433", "extra": {"before_status": "dnd", "after_status": "dnd", "activities": []}}
---
[2026-01-05T00:29:45.824769] [INFO] [PRESENCE] [PresenceUpdate] User f3ot status changed: offline -> dnd | Activities: None
METADATA: {"timestamp": "2026-01-05T00:29:45.824696", "bot_version": "2.6.4", "guild_id": 1419349908850475031, "user_id": 1392243092983124051, "username": "f3ot", "extra": {"before_status": "offline", "after_status": "dnd", "activities": []}}
---
[2026-01-05T00:29:48.592228] [INFO] [PRESENCE] [PresenceUpdate] User f3ot status changed: same | Activities: Custom: Custom Status
METADATA: {"timestamp": "2026-01-05T00:29:48.592151", "bot_version": "2.6.4", "guild_id": 1419349908850475031, "user_id": 1392243092983124051, "username": "f3ot", "extra": {"before_status": "dnd", "after_status": "dnd", "activities": ["Custom: Custom Status"]}}
---
[2026-01-05T00:30:01.641384] [INFO] [PRESENCE] [PresenceUpdate] User fest4433 status changed: same | Activities: None
METADATA: {"timestamp": "2026-01-05T00:30:01.641259", "bot_version": "2.6.4", "guild_id": 1419349908850475031, "user_id": 1233710422721298472, "username": "fest4433", "extra": {"before_status": "dnd", "after_status": "dnd", "activities": []}}
---
