[2025-11-24T00:19:36.961355] [INFO] [PRESENCE] [PresenceUpdate] User snowexploits status changed: idle -> online | Activities: Custom: ðŸ‡ | Violet | ðŸ«IS A PEDO FULL USER animelover33462
METADATA: {"timestamp": "2025-11-24T00:19:36.961310", "bot_version": "2.4.0", "guild_id": 1436118893130158090, "user_id": 1376217565952479425, "username": "snowexploits", "extra": {"before_status": "idle", "after_status": "online", "activities": ["Custom: \ud83c\udf47 | Violet | \ud83e\uded0IS A PEDO FULL USER animelover33462"]}}
---
[2025-11-24T01:01:47.535820] [INFO] [PRESENCE] [PresenceUpdate] User snowexploits status changed: online -> idle | Activities: Custom: ðŸ‡ | Violet | ðŸ«IS A PEDO FULL USER animelover33462
METADATA: {"timestamp": "2025-11-24T01:01:47.535775", "bot_version": "2.4.0", "guild_id": 1436118893130158090, "user_id": 1376217565952479425, "username": "snowexploits", "extra": {"before_status": "online", "after_status": "idle", "activities": ["Custom: \ud83c\udf47 | Violet | \ud83e\uded0IS A PEDO FULL USER animelover33462"]}}
---
[2025-11-24T01:10:07.459455] [INFO] [PRESENCE] [PresenceUpdate] User snowexploits status changed: idle -> online | Activities: Custom: ðŸ‡ | Violet | ðŸ«IS A PEDO FULL USER animelover33462
METADATA: {"timestamp": "2025-11-24T01:10:07.459418", "bot_version": "2.4.0", "guild_id": 1436118893130158090, "user_id": 1376217565952479425, "username": "snowexploits", "extra": {"before_status": "idle", "after_status": "online", "activities": ["Custom: \ud83c\udf47 | Violet | \ud83e\uded0IS A PEDO FULL USER animelover33462"]}}
---
[2025-11-24T01:20:47.513564] [INFO] [PRESENCE] [PresenceUpdate] User snowexploits status changed: online -> idle | Activities: Custom: ðŸ‡ | Violet | ðŸ«IS A PEDO FULL USER animelover33462
METADATA: {"timestamp": "2025-11-24T01:20:47.513528", "bot_version": "2.4.0", "guild_id": 1436118893130158090, "user_id": 1376217565952479425, "username": "snowexploits", "extra": {"before_status": "online", "after_status": "idle", "activities": ["Custom: \ud83c\udf47 | Violet | \ud83e\uded0IS A PEDO FULL USER animelover33462"]}}
---
[2025-11-24T05:35:13.983747] [INFO] [PRESENCE] [PresenceUpdate] User rayu0917 status changed: offline -> dnd | Activities: None
METADATA: {"timestamp": "2025-11-24T05:35:13.983689", "bot_version": "2.4.0", "guild_id": 1436118893130158090, "user_id": 1381462264028332202, "username": "rayu0917", "extra": {"before_status": "offline", "after_status": "dnd", "activities": []}}
---
[2025-11-24T05:35:16.242952] [INFO] [PRESENCE] [PresenceUpdate] User rayu0917 status changed: same | Activities: Custom: I hate my phone
METADATA: {"timestamp": "2025-11-24T05:35:16.242921", "bot_version": "2.4.0", "guild_id": 1436118893130158090, "user_id": 1381462264028332202, "username": "rayu0917", "extra": {"before_status": "dnd", "after_status": "dnd", "activities": ["Custom: I hate my phone"]}}
---
[2025-11-24T06:00:20.309384] [INFO] [PRESENCE] [PresenceUpdate] User snowexploits status changed: idle -> online | Activities: Custom: ðŸ‡ | Violet | ðŸ«IS A PEDO FULL USER animelover33462
METADATA: {"timestamp": "2025-11-24T06:00:20.309343", "bot_version": "2.4.0", "guild_id": 1436118893130158090, "user_id": 1376217565952479425, "username": "snowexploits", "extra": {"before_status": "idle", "after_status": "online", "activities": ["Custom: \ud83c\udf47 | Violet | \ud83e\uded0IS A PEDO FULL USER animelover33462"]}}
---
[2025-11-24T06:03:10.700938] [INFO] [PRESENCE] [PresenceUpdate] User rayu0917 status changed: dnd -> offline | Activities: None
METADATA: {"timestamp": "2025-11-24T06:03:10.700888", "bot_version": "2.4.0", "guild_id": 1436118893130158090, "user_id": 1381462264028332202, "username": "rayu0917", "extra": {"before_status": "dnd", "after_status": "offline", "activities": []}}
---
[2025-11-24T06:10:40.211427] [INFO] [PRESENCE] [PresenceUpdate] User snowexploits status changed: online -> idle | Activities: Custom: ðŸ‡ | Violet | ðŸ«IS A PEDO FULL USER animelover33462
METADATA: {"timestamp": "2025-11-24T06:10:40.211395", "bot_version": "2.4.0", "guild_id": 1436118893130158090, "user_id": 1376217565952479425, "username": "snowexploits", "extra": {"before_status": "online", "after_status": "idle", "activities": ["Custom: \ud83c\udf47 | Violet | \ud83e\uded0IS A PEDO FULL USER animelover33462"]}}
---
[2025-11-24T06:26:44.364502] [INFO] [PRESENCE] [PresenceUpdate] User rayu0917 status changed: offline -> dnd | Activities: None
METADATA: {"timestamp": "2025-11-24T06:26:44.364466", "bot_version": "2.4.0", "guild_id": 1436118893130158090, "user_id": 1381462264028332202, "username": "rayu0917", "extra": {"before_status": "offline", "after_status": "dnd", "activities": []}}
---
