[2025-11-18T00:00:23.151034] [INFO] [PRESENCE] [PresenceUpdate] User XenBot#7688 status changed: same | Activities: Playing: Configure with /setup
METADATA: {"timestamp": "2025-11-18T00:00:23.151001", "bot_version": "2.4.0", "guild_id": 1436118893130158090, "user_id": 1436125663378673875, "username": "XenBot#7688", "extra": {"before_status": "online", "after_status": "online", "activities": ["Playing: Configure with /setup"]}}
---
[2025-11-18T00:00:33.208644] [INFO] [PRESENCE] [PresenceUpdate] User XenBot#7688 status changed: same | Activities: Playing: Tracking 2 servers
METADATA: {"timestamp": "2025-11-18T00:00:33.208611", "bot_version": "2.4.0", "guild_id": 1436118893130158090, "user_id": 1436125663378673875, "username": "XenBot#7688", "extra": {"before_status": "online", "after_status": "online", "activities": ["Playing: Tracking 2 servers"]}}
---
[2025-11-18T00:01:13.203465] [INFO] [PRESENCE] [PresenceUpdate] User XenBot#7688 status changed: same | Activities: Playing: Configure with /setup
METADATA: {"timestamp": "2025-11-18T00:01:13.203413", "bot_version": "2.4.0", "guild_id": 1436118893130158090, "user_id": 1436125663378673875, "username": "XenBot#7688", "extra": {"before_status": "online", "after_status": "online", "activities": ["Playing: Configure with /setup"]}}
---
[2025-11-18T00:01:23.203149] [INFO] [PRESENCE] [PresenceUpdate] User XenBot#7688 status changed: same | Activities: Playing: Tracking 2 servers
METADATA: {"timestamp": "2025-11-18T00:01:23.203113", "bot_version": "2.4.0", "guild_id": 1436118893130158090, "user_id": 1436125663378673875, "username": "XenBot#7688", "extra": {"before_status": "online", "after_status": "online", "activities": ["Playing: Tracking 2 servers"]}}
---
[2025-11-18T00:01:33.377220] [INFO] [PRESENCE] [PresenceUpdate] User XenBot#7688 status changed: same | Activities: Playing: Configure with /setup
METADATA: {"timestamp": "2025-11-18T00:01:33.377183", "bot_version": "2.4.0", "guild_id": 1436118893130158090, "user_id": 1436125663378673875, "username": "XenBot#7688", "extra": {"before_status": "online", "after_status": "online", "activities": ["Playing: Configure with /setup"]}}
---
[2025-11-18T00:01:43.211330] [INFO] [PRESENCE] [PresenceUpdate] User XenBot#7688 status changed: same | Activities: Playing: Powered by CryptX!
METADATA: {"timestamp": "2025-11-18T00:01:43.211288", "bot_version": "2.4.0", "guild_id": 1436118893130158090, "user_id": 1436125663378673875, "username": "XenBot#7688", "extra": {"before_status": "online", "after_status": "online", "activities": ["Playing: Powered by CryptX!"]}}
---
[2025-11-18T00:01:53.267062] [INFO] [PRESENCE] [PresenceUpdate] User XenBot#7688 status changed: same | Activities: Playing: Configure with /setup
METADATA: {"timestamp": "2025-11-18T00:01:53.267028", "bot_version": "2.4.0", "guild_id": 1436118893130158090, "user_id": 1436125663378673875, "username": "XenBot#7688", "extra": {"before_status": "online", "after_status": "online", "activities": ["Playing: Configure with /setup"]}}
---
[2025-11-18T00:02:03.231117] [INFO] [PRESENCE] [PresenceUpdate] User XenBot#7688 status changed: same | Activities: Playing: Powered by CryptX!
METADATA: {"timestamp": "2025-11-18T00:02:03.231073", "bot_version": "2.4.0", "guild_id": 1436118893130158090, "user_id": 1436125663378673875, "username": "XenBot#7688", "extra": {"before_status": "online", "after_status": "online", "activities": ["Playing: Powered by CryptX!"]}}
---
[2025-11-18T00:02:13.348720] [INFO] [PRESENCE] [PresenceUpdate] User XenBot#7688 status changed: same | Activities: Playing: Tracking 2 servers
METADATA: {"timestamp": "2025-11-18T00:02:13.348686", "bot_version": "2.4.0", "guild_id": 1436118893130158090, "user_id": 1436125663378673875, "username": "XenBot#7688", "extra": {"before_status": "online", "after_status": "online", "activities": ["Playing: Tracking 2 servers"]}}
---
[2025-11-18T00:02:23.248181] [INFO] [PRESENCE] [PresenceUpdate] User XenBot#7688 status changed: same | Activities: Playing: Use /help for commands!
METADATA: {"timestamp": "2025-11-18T00:02:23.248149", "bot_version": "2.4.0", "guild_id": 1436118893130158090, "user_id": 1436125663378673875, "username": "XenBot#7688", "extra": {"before_status": "online", "after_status": "online", "activities": ["Playing: Use /help for commands!"]}}
---
[2025-11-18T00:02:33.386394] [INFO] [PRESENCE] [PresenceUpdate] User XenBot#7688 status changed: same | Activities: Playing: Tracking 2 servers
METADATA: {"timestamp": "2025-11-18T00:02:33.386360", "bot_version": "2.4.0", "guild_id": 1436118893130158090, "user_id": 1436125663378673875, "username": "XenBot#7688", "extra": {"before_status": "online", "after_status": "online", "activities": ["Playing: Tracking 2 servers"]}}
---
[2025-11-18T00:02:43.300005] [INFO] [PRESENCE] [PresenceUpdate] User XenBot#7688 status changed: same | Activities: Playing: Configure with /setup
METADATA: {"timestamp": "2025-11-18T00:02:43.299934", "bot_version": "2.4.0", "guild_id": 1436118893130158090, "user_id": 1436125663378673875, "username": "XenBot#7688", "extra": {"before_status": "online", "after_status": "online", "activities": ["Playing: Configure with /setup"]}}
---
[2025-11-18T00:03:02.346785] [INFO] [PRESENCE] [PresenceUpdate] User mqp6 status changed: same | Activities: Custom: "Cast all your anxieties on him, because he cares for you." | 1 Peter 1:7
METADATA: {"timestamp": "2025-11-18T00:03:02.346750", "bot_version": "2.4.0", "guild_id": 1436118893130158090, "user_id": 1373556059184042045, "username": "mqp6", "extra": {"before_status": "dnd", "after_status": "dnd", "activities": ["Custom: \"Cast all your anxieties on him, because he cares for you.\" | 1 Peter 1:7"]}}
---
[2025-11-18T00:03:13.425077] [INFO] [PRESENCE] [PresenceUpdate] User XenBot#7688 status changed: same | Activities: Playing: Powered by CryptX!
METADATA: {"timestamp": "2025-11-18T00:03:13.425029", "bot_version": "2.4.0", "guild_id": 1436118893130158090, "user_id": 1436125663378673875, "username": "XenBot#7688", "extra": {"before_status": "online", "after_status": "online", "activities": ["Playing: Powered by CryptX!"]}}
---
[2025-11-18T00:03:23.460837] [INFO] [PRESENCE] [PresenceUpdate] User XenBot#7688 status changed: same | Activities: Playing: Use /help for commands!
METADATA: {"timestamp": "2025-11-18T00:03:23.460790", "bot_version": "2.4.0", "guild_id": 1436118893130158090, "user_id": 1436125663378673875, "username": "XenBot#7688", "extra": {"before_status": "online", "after_status": "online", "activities": ["Playing: Use /help for commands!"]}}
---
[2025-11-18T00:03:33.498089] [INFO] [PRESENCE] [PresenceUpdate] User XenBot#7688 status changed: same | Activities: Playing: Tracking 2 servers
METADATA: {"timestamp": "2025-11-18T00:03:33.498045", "bot_version": "2.4.0", "guild_id": 1436118893130158090, "user_id": 1436125663378673875, "username": "XenBot#7688", "extra": {"before_status": "online", "after_status": "online", "activities": ["Playing: Tracking 2 servers"]}}
---
[2025-11-18T00:03:43.430172] [INFO] [PRESENCE] [PresenceUpdate] User XenBot#7688 status changed: same | Activities: Playing: Powered by CryptX!
METADATA: {"timestamp": "2025-11-18T00:03:43.430139", "bot_version": "2.4.0", "guild_id": 1436118893130158090, "user_id": 1436125663378673875, "username": "XenBot#7688", "extra": {"before_status": "online", "after_status": "online", "activities": ["Playing: Powered by CryptX!"]}}
---
[2025-11-18T00:03:53.275153] [INFO] [PRESENCE] [PresenceUpdate] User XenBot#7688 status changed: same | Activities: Playing: Configure with /setup
METADATA: {"timestamp": "2025-11-18T00:03:53.275120", "bot_version": "2.4.0", "guild_id": 1436118893130158090, "user_id": 1436125663378673875, "username": "XenBot#7688", "extra": {"before_status": "online", "after_status": "online", "activities": ["Playing: Configure with /setup"]}}
---
[2025-11-18T00:04:03.398907] [INFO] [PRESENCE] [PresenceUpdate] User XenBot#7688 status changed: same | Activities: Playing: Powered by CryptX!
METADATA: {"timestamp": "2025-11-18T00:04:03.398872", "bot_version": "2.4.0", "guild_id": 1436118893130158090, "user_id": 1436125663378673875, "username": "XenBot#7688", "extra": {"before_status": "online", "after_status": "online", "activities": ["Playing: Powered by CryptX!"]}}
---
[2025-11-18T00:04:13.435312] [INFO] [PRESENCE] [PresenceUpdate] User XenBot#7688 status changed: same | Activities: Playing: Configure with /setup
METADATA: {"timestamp": "2025-11-18T00:04:13.435280", "bot_version": "2.4.0", "guild_id": 1436118893130158090, "user_id": 1436125663378673875, "username": "XenBot#7688", "extra": {"before_status": "online", "after_status": "online", "activities": ["Playing: Configure with /setup"]}}
---
[2025-11-18T00:04:33.578426] [INFO] [PRESENCE] [PresenceUpdate] User XenBot#7688 status changed: same | Activities: Playing: Tracking 2 servers
METADATA: {"timestamp": "2025-11-18T00:04:33.578380", "bot_version": "2.4.0", "guild_id": 1436118893130158090, "user_id": 1436125663378673875, "username": "XenBot#7688", "extra": {"before_status": "online", "after_status": "online", "activities": ["Playing: Tracking 2 servers"]}}
---
[2025-11-18T00:04:53.576195] [INFO] [PRESENCE] [PresenceUpdate] User XenBot#7688 status changed: same | Activities: Playing: Powered by CryptX!
METADATA: {"timestamp": "2025-11-18T00:04:53.576160", "bot_version": "2.4.0", "guild_id": 1436118893130158090, "user_id": 1436125663378673875, "username": "XenBot#7688", "extra": {"before_status": "online", "after_status": "online", "activities": ["Playing: Powered by CryptX!"]}}
---
[2025-11-18T00:05:03.324859] [INFO] [PRESENCE] [PresenceUpdate] User XenBot#7688 status changed: same | Activities: Playing: Use /help for commands!
METADATA: {"timestamp": "2025-11-18T00:05:03.324824", "bot_version": "2.4.0", "guild_id": 1436118893130158090, "user_id": 1436125663378673875, "username": "XenBot#7688", "extra": {"before_status": "online", "after_status": "online", "activities": ["Playing: Use /help for commands!"]}}
---
[2025-11-18T00:05:13.442715] [INFO] [PRESENCE] [PresenceUpdate] User XenBot#7688 status changed: same | Activities: Playing: Powered by CryptX!
METADATA: {"timestamp": "2025-11-18T00:05:13.442681", "bot_version": "2.4.0", "guild_id": 1436118893130158090, "user_id": 1436125663378673875, "username": "XenBot#7688", "extra": {"before_status": "online", "after_status": "online", "activities": ["Playing: Powered by CryptX!"]}}
---
[2025-11-18T00:05:23.526441] [INFO] [PRESENCE] [PresenceUpdate] User XenBot#7688 status changed: same | Activities: Playing: Configure with /setup
METADATA: {"timestamp": "2025-11-18T00:05:23.526387", "bot_version": "2.4.0", "guild_id": 1436118893130158090, "user_id": 1436125663378673875, "username": "XenBot#7688", "extra": {"before_status": "online", "after_status": "online", "activities": ["Playing: Configure with /setup"]}}
---
[2025-11-18T00:05:43.549664] [INFO] [PRESENCE] [PresenceUpdate] User XenBot#7688 status changed: same | Activities: Playing: Powered by CryptX!
METADATA: {"timestamp": "2025-11-18T00:05:43.549636", "bot_version": "2.4.0", "guild_id": 1436118893130158090, "user_id": 1436125663378673875, "username": "XenBot#7688", "extra": {"before_status": "online", "after_status": "online", "activities": ["Playing: Powered by CryptX!"]}}
---
[2025-11-18T00:05:44.590879] [INFO] [PRESENCE] [PresenceUpdate] User mqp6 status changed: same | Activities: Custom: "Cast all your anxieties on him, because he cares for you." | 1 Peter 1:7
METADATA: {"timestamp": "2025-11-18T00:05:44.590853", "bot_version": "2.4.0", "guild_id": 1436118893130158090, "user_id": 1373556059184042045, "username": "mqp6", "extra": {"before_status": "dnd", "after_status": "dnd", "activities": ["Custom: \"Cast all your anxieties on him, because he cares for you.\" | 1 Peter 1:7"]}}
---
[2025-11-18T00:05:53.379183] [INFO] [PRESENCE] [PresenceUpdate] User XenBot#7688 status changed: same | Activities: Playing: Configure with /setup
METADATA: {"timestamp": "2025-11-18T00:05:53.379148", "bot_version": "2.4.0", "guild_id": 1436118893130158090, "user_id": 1436125663378673875, "username": "XenBot#7688", "extra": {"before_status": "online", "after_status": "online", "activities": ["Playing: Configure with /setup"]}}
---
[2025-11-18T00:06:03.356290] [INFO] [PRESENCE] [PresenceUpdate] User XenBot#7688 status changed: same | Activities: Playing: Powered by CryptX!
METADATA: {"timestamp": "2025-11-18T00:06:03.356244", "bot_version": "2.4.0", "guild_id": 1436118893130158090, "user_id": 1436125663378673875, "username": "XenBot#7688", "extra": {"before_status": "online", "after_status": "online", "activities": ["Playing: Powered by CryptX!"]}}
---
[2025-11-18T00:06:13.480193] [INFO] [PRESENCE] [PresenceUpdate] User XenBot#7688 status changed: same | Activities: Playing: Configure with /setup
METADATA: {"timestamp": "2025-11-18T00:06:13.480154", "bot_version": "2.4.0", "guild_id": 1436118893130158090, "user_id": 1436125663378673875, "username": "XenBot#7688", "extra": {"before_status": "online", "after_status": "online", "activities": ["Playing: Configure with /setup"]}}
---
[2025-11-18T00:06:23.371566] [INFO] [PRESENCE] [PresenceUpdate] User XenBot#7688 status changed: same | Activities: Playing: Powered by CryptX!
METADATA: {"timestamp": "2025-11-18T00:06:23.371518", "bot_version": "2.4.0", "guild_id": 1436118893130158090, "user_id": 1436125663378673875, "username": "XenBot#7688", "extra": {"before_status": "online", "after_status": "online", "activities": ["Playing: Powered by CryptX!"]}}
---
[2025-11-18T00:06:33.624894] [INFO] [PRESENCE] [PresenceUpdate] User XenBot#7688 status changed: same | Activities: Playing: Tracking 2 servers
METADATA: {"timestamp": "2025-11-18T00:06:33.624857", "bot_version": "2.4.0", "guild_id": 1436118893130158090, "user_id": 1436125663378673875, "username": "XenBot#7688", "extra": {"before_status": "online", "after_status": "online", "activities": ["Playing: Tracking 2 servers"]}}
---
[2025-11-18T00:06:43.383048] [INFO] [PRESENCE] [PresenceUpdate] User XenBot#7688 status changed: same | Activities: Playing: Powered by CryptX!
METADATA: {"timestamp": "2025-11-18T00:06:43.383014", "bot_version": "2.4.0", "guild_id": 1436118893130158090, "user_id": 1436125663378673875, "username": "XenBot#7688", "extra": {"before_status": "online", "after_status": "online", "activities": ["Playing: Powered by CryptX!"]}}
---
[2025-11-18T00:07:03.390341] [INFO] [PRESENCE] [PresenceUpdate] User XenBot#7688 status changed: same | Activities: Playing: Configure with /setup
METADATA: {"timestamp": "2025-11-18T00:07:03.390307", "bot_version": "2.4.0", "guild_id": 1436118893130158090, "user_id": 1436125663378673875, "username": "XenBot#7688", "extra": {"before_status": "online", "after_status": "online", "activities": ["Playing: Configure with /setup"]}}
---
[2025-11-18T00:07:23.398634] [INFO] [PRESENCE] [PresenceUpdate] User XenBot#7688 status changed: same | Activities: Playing: Powered by CryptX!
METADATA: {"timestamp": "2025-11-18T00:07:23.398588", "bot_version": "2.4.0", "guild_id": 1436118893130158090, "user_id": 1436125663378673875, "username": "XenBot#7688", "extra": {"before_status": "online", "after_status": "online", "activities": ["Playing: Powered by CryptX!"]}}
---
[2025-11-18T00:07:25.134720] [INFO] [PRESENCE] [PresenceUpdate] User mqp6 status changed: same | Activities: Custom: "Cast all your anxieties on him, because he cares for you." | 1 Peter 1:7
METADATA: {"timestamp": "2025-11-18T00:07:25.134681", "bot_version": "2.4.0", "guild_id": 1436118893130158090, "user_id": 1373556059184042045, "username": "mqp6", "extra": {"before_status": "dnd", "after_status": "dnd", "activities": ["Custom: \"Cast all your anxieties on him, because he cares for you.\" | 1 Peter 1:7"]}}
---
[2025-11-18T00:07:43.668738] [INFO] [PRESENCE] [PresenceUpdate] User XenBot#7688 status changed: same | Activities: Playing: Use /help for commands!
METADATA: {"timestamp": "2025-11-18T00:07:43.668689", "bot_version": "2.4.0", "guild_id": 1436118893130158090, "user_id": 1436125663378673875, "username": "XenBot#7688", "extra": {"before_status": "online", "after_status": "online", "activities": ["Playing: Use /help for commands!"]}}
---
[2025-11-18T00:07:53.733244] [INFO] [PRESENCE] [PresenceUpdate] User XenBot#7688 status changed: same | Activities: Playing: Powered by CryptX!
METADATA: {"timestamp": "2025-11-18T00:07:53.733200", "bot_version": "2.4.0", "guild_id": 1436118893130158090, "user_id": 1436125663378673875, "username": "XenBot#7688", "extra": {"before_status": "online", "after_status": "online", "activities": ["Playing: Powered by CryptX!"]}}
---
[2025-11-18T00:08:03.945251] [INFO] [PRESENCE] [PresenceUpdate] User XenBot#7688 status changed: same | Activities: Playing: Tracking 2 servers
METADATA: {"timestamp": "2025-11-18T00:08:03.945216", "bot_version": "2.4.0", "guild_id": 1436118893130158090, "user_id": 1436125663378673875, "username": "XenBot#7688", "extra": {"before_status": "online", "after_status": "online", "activities": ["Playing: Tracking 2 servers"]}}
---
[2025-11-18T00:08:11.010237] [INFO] [PRESENCE] [PresenceUpdate] User mqp6 status changed: same | Activities: Custom: "Cast all your anxieties on him, because he cares for you." | 1 Peter 1:7
METADATA: {"timestamp": "2025-11-18T00:08:11.010191", "bot_version": "2.4.0", "guild_id": 1436118893130158090, "user_id": 1373556059184042045, "username": "mqp6", "extra": {"before_status": "dnd", "after_status": "dnd", "activities": ["Custom: \"Cast all your anxieties on him, because he cares for you.\" | 1 Peter 1:7"]}}
---
[2025-11-18T00:08:13.468376] [INFO] [PRESENCE] [PresenceUpdate] User XenBot#7688 status changed: same | Activities: Playing: Powered by CryptX!
METADATA: {"timestamp": "2025-11-18T00:08:13.468341", "bot_version": "2.4.0", "guild_id": 1436118893130158090, "user_id": 1436125663378673875, "username": "XenBot#7688", "extra": {"before_status": "online", "after_status": "online", "activities": ["Playing: Powered by CryptX!"]}}
---
[2025-11-18T00:08:15.913165] [INFO] [PRESENCE] [PresenceUpdate] User mqp6 status changed: same | Activities: Custom: "Cast all your anxieties on him, because he cares for you." | 1 Peter 1:7
METADATA: {"timestamp": "2025-11-18T00:08:15.913129", "bot_version": "2.4.0", "guild_id": 1436118893130158090, "user_id": 1373556059184042045, "username": "mqp6", "extra": {"before_status": "dnd", "after_status": "dnd", "activities": ["Custom: \"Cast all your anxieties on him, because he cares for you.\" | 1 Peter 1:7"]}}
---
[2025-11-18T00:08:23.431010] [INFO] [PRESENCE] [PresenceUpdate] User XenBot#7688 status changed: same | Activities: Playing: Tracking 2 servers
METADATA: {"timestamp": "2025-11-18T00:08:23.430952", "bot_version": "2.4.0", "guild_id": 1436118893130158090, "user_id": 1436125663378673875, "username": "XenBot#7688", "extra": {"before_status": "online", "after_status": "online", "activities": ["Playing: Tracking 2 servers"]}}
---
[2025-11-18T00:08:33.990443] [INFO] [PRESENCE] [PresenceUpdate] User XenBot#7688 status changed: same | Activities: Playing: Use /help for commands!
METADATA: {"timestamp": "2025-11-18T00:08:33.990401", "bot_version": "2.4.0", "guild_id": 1436118893130158090, "user_id": 1436125663378673875, "username": "XenBot#7688", "extra": {"before_status": "online", "after_status": "online", "activities": ["Playing: Use /help for commands!"]}}
---
[2025-11-18T00:08:43.472582] [INFO] [PRESENCE] [PresenceUpdate] User XenBot#7688 status changed: same | Activities: Playing: Tracking 2 servers
METADATA: {"timestamp": "2025-11-18T00:08:43.472537", "bot_version": "2.4.0", "guild_id": 1436118893130158090, "user_id": 1436125663378673875, "username": "XenBot#7688", "extra": {"before_status": "online", "after_status": "online", "activities": ["Playing: Tracking 2 servers"]}}
---
[2025-11-18T00:08:53.713081] [INFO] [PRESENCE] [PresenceUpdate] User XenBot#7688 status changed: same | Activities: Playing: Powered by CryptX!
METADATA: {"timestamp": "2025-11-18T00:08:53.713032", "bot_version": "2.4.0", "guild_id": 1436118893130158090, "user_id": 1436125663378673875, "username": "XenBot#7688", "extra": {"before_status": "online", "after_status": "online", "activities": ["Playing: Powered by CryptX!"]}}
---
[2025-11-18T00:09:03.446878] [INFO] [PRESENCE] [PresenceUpdate] User XenBot#7688 status changed: same | Activities: Playing: Use /help for commands!
METADATA: {"timestamp": "2025-11-18T00:09:03.446834", "bot_version": "2.4.0", "guild_id": 1436118893130158090, "user_id": 1436125663378673875, "username": "XenBot#7688", "extra": {"before_status": "online", "after_status": "online", "activities": ["Playing: Use /help for commands!"]}}
---
[2025-11-18T00:09:13.465348] [INFO] [PRESENCE] [PresenceUpdate] User XenBot#7688 status changed: same | Activities: Playing: Powered by CryptX!
METADATA: {"timestamp": "2025-11-18T00:09:13.465315", "bot_version": "2.4.0", "guild_id": 1436118893130158090, "user_id": 1436125663378673875, "username": "XenBot#7688", "extra": {"before_status": "online", "after_status": "online", "activities": ["Playing: Powered by CryptX!"]}}
---
[2025-11-18T00:09:33.805130] [INFO] [PRESENCE] [PresenceUpdate] User XenBot#7688 status changed: same | Activities: Playing: Use /help for commands!
METADATA: {"timestamp": "2025-11-18T00:09:33.805088", "bot_version": "2.4.0", "guild_id": 1436118893130158090, "user_id": 1436125663378673875, "username": "XenBot#7688", "extra": {"before_status": "online", "after_status": "online", "activities": ["Playing: Use /help for commands!"]}}
---
[2025-11-18T00:09:43.490680] [INFO] [PRESENCE] [PresenceUpdate] User XenBot#7688 status changed: same | Activities: Playing: Configure with /setup
METADATA: {"timestamp": "2025-11-18T00:09:43.490646", "bot_version": "2.4.0", "guild_id": 1436118893130158090, "user_id": 1436125663378673875, "username": "XenBot#7688", "extra": {"before_status": "online", "after_status": "online", "activities": ["Playing: Configure with /setup"]}}
---
[2025-11-18T00:09:53.863686] [INFO] [PRESENCE] [PresenceUpdate] User XenBot#7688 status changed: same | Activities: Playing: Powered by CryptX!
METADATA: {"timestamp": "2025-11-18T00:09:53.863645", "bot_version": "2.4.0", "guild_id": 1436118893130158090, "user_id": 1436125663378673875, "username": "XenBot#7688", "extra": {"before_status": "online", "after_status": "online", "activities": ["Playing: Powered by CryptX!"]}}
---
[2025-11-18T00:10:03.543790] [INFO] [PRESENCE] [PresenceUpdate] User XenBot#7688 status changed: same | Activities: Playing: Use /help for commands!
METADATA: {"timestamp": "2025-11-18T00:10:03.543760", "bot_version": "2.4.0", "guild_id": 1436118893130158090, "user_id": 1436125663378673875, "username": "XenBot#7688", "extra": {"before_status": "online", "after_status": "online", "activities": ["Playing: Use /help for commands!"]}}
---
[2025-11-18T00:10:13.588266] [INFO] [PRESENCE] [PresenceUpdate] User XenBot#7688 status changed: same | Activities: Playing: Powered by CryptX!
METADATA: {"timestamp": "2025-11-18T00:10:13.588233", "bot_version": "2.4.0", "guild_id": 1436118893130158090, "user_id": 1436125663378673875, "username": "XenBot#7688", "extra": {"before_status": "online", "after_status": "online", "activities": ["Playing: Powered by CryptX!"]}}
---
[2025-11-18T00:10:16.046144] [INFO] [PRESENCE] [PresenceUpdate] User mqp6 status changed: same | Activities: Custom: "Cast all your anxieties on him, because he cares for you." | 1 Peter 1:7
METADATA: {"timestamp": "2025-11-18T00:10:16.046101", "bot_version": "2.4.0", "guild_id": 1436118893130158090, "user_id": 1373556059184042045, "username": "mqp6", "extra": {"before_status": "dnd", "after_status": "dnd", "activities": ["Custom: \"Cast all your anxieties on him, because he cares for you.\" | 1 Peter 1:7"]}}
---
[2025-11-18T00:10:23.453255] [INFO] [PRESENCE] [PresenceUpdate] User mqp6 status changed: same | Activities: Custom: "Cast all your anxieties on him, because he cares for you." | 1 Peter 1:7
METADATA: {"timestamp": "2025-11-18T00:10:23.453211", "bot_version": "2.4.0", "guild_id": 1436118893130158090, "user_id": 1373556059184042045, "username": "mqp6", "extra": {"before_status": "dnd", "after_status": "dnd", "activities": ["Custom: \"Cast all your anxieties on him, because he cares for you.\" | 1 Peter 1:7"]}}
---
[2025-11-18T00:10:33.523133] [INFO] [PRESENCE] [PresenceUpdate] User XenBot#7688 status changed: same | Activities: Playing: Use /help for commands!
METADATA: {"timestamp": "2025-11-18T00:10:33.523088", "bot_version": "2.4.0", "guild_id": 1436118893130158090, "user_id": 1436125663378673875, "username": "XenBot#7688", "extra": {"before_status": "online", "after_status": "online", "activities": ["Playing: Use /help for commands!"]}}
---
[2025-11-18T00:10:43.564854] [INFO] [PRESENCE] [PresenceUpdate] User XenBot#7688 status changed: same | Activities: Playing: Configure with /setup
METADATA: {"timestamp": "2025-11-18T00:10:43.564807", "bot_version": "2.4.0", "guild_id": 1436118893130158090, "user_id": 1436125663378673875, "username": "XenBot#7688", "extra": {"before_status": "online", "after_status": "online", "activities": ["Playing: Configure with /setup"]}}
---
[2025-11-18T00:10:53.635988] [INFO] [PRESENCE] [PresenceUpdate] User XenBot#7688 status changed: same | Activities: Playing: Use /help for commands!
METADATA: {"timestamp": "2025-11-18T00:10:53.635941", "bot_version": "2.4.0", "guild_id": 1436118893130158090, "user_id": 1436125663378673875, "username": "XenBot#7688", "extra": {"before_status": "online", "after_status": "online", "activities": ["Playing: Use /help for commands!"]}}
---
[2025-11-18T00:11:13.539183] [INFO] [PRESENCE] [PresenceUpdate] User XenBot#7688 status changed: same | Activities: Playing: Powered by CryptX!
METADATA: {"timestamp": "2025-11-18T00:11:13.539135", "bot_version": "2.4.0", "guild_id": 1436118893130158090, "user_id": 1436125663378673875, "username": "XenBot#7688", "extra": {"before_status": "online", "after_status": "online", "activities": ["Playing: Powered by CryptX!"]}}
---
[2025-11-18T00:11:23.539096] [INFO] [PRESENCE] [PresenceUpdate] User XenBot#7688 status changed: same | Activities: Playing: Tracking 2 servers
METADATA: {"timestamp": "2025-11-18T00:11:23.539050", "bot_version": "2.4.0", "guild_id": 1436118893130158090, "user_id": 1436125663378673875, "username": "XenBot#7688", "extra": {"before_status": "online", "after_status": "online", "activities": ["Playing: Tracking 2 servers"]}}
---
[2025-11-18T00:11:33.567771] [INFO] [PRESENCE] [PresenceUpdate] User XenBot#7688 status changed: same | Activities: Playing: Configure with /setup
METADATA: {"timestamp": "2025-11-18T00:11:33.567730", "bot_version": "2.4.0", "guild_id": 1436118893130158090, "user_id": 1436125663378673875, "username": "XenBot#7688", "extra": {"before_status": "online", "after_status": "online", "activities": ["Playing: Configure with /setup"]}}
---
[2025-11-18T00:11:43.683468] [INFO] [PRESENCE] [PresenceUpdate] User XenBot#7688 status changed: same | Activities: Playing: Powered by CryptX!
METADATA: {"timestamp": "2025-11-18T00:11:43.683410", "bot_version": "2.4.0", "guild_id": 1436118893130158090, "user_id": 1436125663378673875, "username": "XenBot#7688", "extra": {"before_status": "online", "after_status": "online", "activities": ["Playing: Powered by CryptX!"]}}
---
[2025-11-18T00:11:53.577976] [INFO] [PRESENCE] [PresenceUpdate] User XenBot#7688 status changed: same | Activities: Playing: Tracking 2 servers
METADATA: {"timestamp": "2025-11-18T00:11:53.577929", "bot_version": "2.4.0", "guild_id": 1436118893130158090, "user_id": 1436125663378673875, "username": "XenBot#7688", "extra": {"before_status": "online", "after_status": "online", "activities": ["Playing: Tracking 2 servers"]}}
---
[2025-11-18T00:12:03.876612] [INFO] [PRESENCE] [PresenceUpdate] User XenBot#7688 status changed: same | Activities: Playing: Configure with /setup
METADATA: {"timestamp": "2025-11-18T00:12:03.876562", "bot_version": "2.4.0", "guild_id": 1436118893130158090, "user_id": 1436125663378673875, "username": "XenBot#7688", "extra": {"before_status": "online", "after_status": "online", "activities": ["Playing: Configure with /setup"]}}
---
[2025-11-18T00:12:13.571518] [INFO] [PRESENCE] [PresenceUpdate] User XenBot#7688 status changed: same | Activities: Playing: Use /help for commands!
METADATA: {"timestamp": "2025-11-18T00:12:13.571484", "bot_version": "2.4.0", "guild_id": 1436118893130158090, "user_id": 1436125663378673875, "username": "XenBot#7688", "extra": {"before_status": "online", "after_status": "online", "activities": ["Playing: Use /help for commands!"]}}
---
[2025-11-18T00:12:24.152729] [INFO] [PRESENCE] [PresenceUpdate] User XenBot#7688 status changed: same | Activities: Playing: Powered by CryptX!
METADATA: {"timestamp": "2025-11-18T00:12:24.152696", "bot_version": "2.4.0", "guild_id": 1436118893130158090, "user_id": 1436125663378673875, "username": "XenBot#7688", "extra": {"before_status": "online", "after_status": "online", "activities": ["Playing: Powered by CryptX!"]}}
---
[2025-11-18T00:12:33.675959] [INFO] [PRESENCE] [PresenceUpdate] User XenBot#7688 status changed: same | Activities: Playing: Use /help for commands!
METADATA: {"timestamp": "2025-11-18T00:12:33.675925", "bot_version": "2.4.0", "guild_id": 1436118893130158090, "user_id": 1436125663378673875, "username": "XenBot#7688", "extra": {"before_status": "online", "after_status": "online", "activities": ["Playing: Use /help for commands!"]}}
---
[2025-11-18T00:12:43.598612] [INFO] [PRESENCE] [PresenceUpdate] User XenBot#7688 status changed: same | Activities: Playing: Powered by CryptX!
METADATA: {"timestamp": "2025-11-18T00:12:43.598565", "bot_version": "2.4.0", "guild_id": 1436118893130158090, "user_id": 1436125663378673875, "username": "XenBot#7688", "extra": {"before_status": "online", "after_status": "online", "activities": ["Playing: Powered by CryptX!"]}}
---
[2025-11-18T00:12:53.645053] [INFO] [PRESENCE] [PresenceUpdate] User XenBot#7688 status changed: same | Activities: Playing: Use /help for commands!
METADATA: {"timestamp": "2025-11-18T00:12:53.645020", "bot_version": "2.4.0", "guild_id": 1436118893130158090, "user_id": 1436125663378673875, "username": "XenBot#7688", "extra": {"before_status": "online", "after_status": "online", "activities": ["Playing: Use /help for commands!"]}}
---
[2025-11-18T00:13:08.698160] [INFO] [PRESENCE] [PresenceUpdate] User mqp6 status changed: same | Activities: Custom: "Cast all your anxieties on him, because he cares for you." | 1 Peter 1:7
METADATA: {"timestamp": "2025-11-18T00:13:08.698115", "bot_version": "2.4.0", "guild_id": 1436118893130158090, "user_id": 1373556059184042045, "username": "mqp6", "extra": {"before_status": "dnd", "after_status": "dnd", "activities": ["Custom: \"Cast all your anxieties on him, because he cares for you.\" | 1 Peter 1:7"]}}
---
[2025-11-18T00:13:23.751361] [INFO] [PRESENCE] [PresenceUpdate] User XenBot#7688 status changed: same | Activities: Playing: Configure with /setup
METADATA: {"timestamp": "2025-11-18T00:13:23.751312", "bot_version": "2.4.0", "guild_id": 1436118893130158090, "user_id": 1436125663378673875, "username": "XenBot#7688", "extra": {"before_status": "online", "after_status": "online", "activities": ["Playing: Configure with /setup"]}}
---
[2025-11-18T00:13:33.787331] [INFO] [PRESENCE] [PresenceUpdate] User XenBot#7688 status changed: same | Activities: Playing: Tracking 2 servers
METADATA: {"timestamp": "2025-11-18T00:13:33.787291", "bot_version": "2.4.0", "guild_id": 1436118893130158090, "user_id": 1436125663378673875, "username": "XenBot#7688", "extra": {"before_status": "online", "after_status": "online", "activities": ["Playing: Tracking 2 servers"]}}
---
[2025-11-18T00:13:43.658276] [INFO] [PRESENCE] [PresenceUpdate] User XenBot#7688 status changed: same | Activities: Playing: Use /help for commands!
METADATA: {"timestamp": "2025-11-18T00:13:43.658237", "bot_version": "2.4.0", "guild_id": 1436118893130158090, "user_id": 1436125663378673875, "username": "XenBot#7688", "extra": {"before_status": "online", "after_status": "online", "activities": ["Playing: Use /help for commands!"]}}
---
[2025-11-18T00:13:53.924270] [INFO] [PRESENCE] [PresenceUpdate] User XenBot#7688 status changed: same | Activities: Playing: Configure with /setup
METADATA: {"timestamp": "2025-11-18T00:13:53.924229", "bot_version": "2.4.0", "guild_id": 1436118893130158090, "user_id": 1436125663378673875, "username": "XenBot#7688", "extra": {"before_status": "online", "after_status": "online", "activities": ["Playing: Configure with /setup"]}}
---
[2025-11-18T00:14:03.682195] [INFO] [PRESENCE] [PresenceUpdate] User XenBot#7688 status changed: same | Activities: Playing: Powered by CryptX!
METADATA: {"timestamp": "2025-11-18T00:14:03.682159", "bot_version": "2.4.0", "guild_id": 1436118893130158090, "user_id": 1436125663378673875, "username": "XenBot#7688", "extra": {"before_status": "online", "after_status": "online", "activities": ["Playing: Powered by CryptX!"]}}
---
[2025-11-18T00:14:13.717279] [INFO] [PRESENCE] [PresenceUpdate] User XenBot#7688 status changed: same | Activities: Playing: Configure with /setup
METADATA: {"timestamp": "2025-11-18T00:14:13.717243", "bot_version": "2.4.0", "guild_id": 1436118893130158090, "user_id": 1436125663378673875, "username": "XenBot#7688", "extra": {"before_status": "online", "after_status": "online", "activities": ["Playing: Configure with /setup"]}}
---
[2025-11-18T00:14:23.668220] [INFO] [PRESENCE] [PresenceUpdate] User XenBot#7688 status changed: same | Activities: Playing: Powered by CryptX!
METADATA: {"timestamp": "2025-11-18T00:14:23.668185", "bot_version": "2.4.0", "guild_id": 1436118893130158090, "user_id": 1436125663378673875, "username": "XenBot#7688", "extra": {"before_status": "online", "after_status": "online", "activities": ["Playing: Powered by CryptX!"]}}
---
[2025-11-18T00:14:33.727631] [INFO] [PRESENCE] [PresenceUpdate] User XenBot#7688 status changed: same | Activities: Playing: Tracking 2 servers
METADATA: {"timestamp": "2025-11-18T00:14:33.727582", "bot_version": "2.4.0", "guild_id": 1436118893130158090, "user_id": 1436125663378673875, "username": "XenBot#7688", "extra": {"before_status": "online", "after_status": "online", "activities": ["Playing: Tracking 2 servers"]}}
---
[2025-11-18T00:14:43.702862] [INFO] [PRESENCE] [PresenceUpdate] User XenBot#7688 status changed: same | Activities: Playing: Powered by CryptX!
METADATA: {"timestamp": "2025-11-18T00:14:43.702829", "bot_version": "2.4.0", "guild_id": 1436118893130158090, "user_id": 1436125663378673875, "username": "XenBot#7688", "extra": {"before_status": "online", "after_status": "online", "activities": ["Playing: Powered by CryptX!"]}}
---
[2025-11-18T00:14:53.687450] [INFO] [PRESENCE] [PresenceUpdate] User XenBot#7688 status changed: same | Activities: Playing: Tracking 2 servers
METADATA: {"timestamp": "2025-11-18T00:14:53.687411", "bot_version": "2.4.0", "guild_id": 1436118893130158090, "user_id": 1436125663378673875, "username": "XenBot#7688", "extra": {"before_status": "online", "after_status": "online", "activities": ["Playing: Tracking 2 servers"]}}
---
[2025-11-18T00:15:00.827838] [INFO] [PRESENCE] [PresenceUpdate] User mqp6 status changed: same | Activities: Custom: "Cast all your anxieties on him, because he cares for you." | 1 Peter 1:7
METADATA: {"timestamp": "2025-11-18T00:15:00.827802", "bot_version": "2.4.0", "guild_id": 1436118893130158090, "user_id": 1373556059184042045, "username": "mqp6", "extra": {"before_status": "dnd", "after_status": "dnd", "activities": ["Custom: \"Cast all your anxieties on him, because he cares for you.\" | 1 Peter 1:7"]}}
---
[2025-11-18T00:15:03.880843] [INFO] [PRESENCE] [PresenceUpdate] User XenBot#7688 status changed: same | Activities: Playing: Powered by CryptX!
METADATA: {"timestamp": "2025-11-18T00:15:03.880808", "bot_version": "2.4.0", "guild_id": 1436118893130158090, "user_id": 1436125663378673875, "username": "XenBot#7688", "extra": {"before_status": "online", "after_status": "online", "activities": ["Playing: Powered by CryptX!"]}}
---
[2025-11-18T00:15:13.771663] [INFO] [PRESENCE] [PresenceUpdate] User XenBot#7688 status changed: same | Activities: Playing: Tracking 2 servers
METADATA: {"timestamp": "2025-11-18T00:15:13.771627", "bot_version": "2.4.0", "guild_id": 1436118893130158090, "user_id": 1436125663378673875, "username": "XenBot#7688", "extra": {"before_status": "online", "after_status": "online", "activities": ["Playing: Tracking 2 servers"]}}
---
[2025-11-18T00:15:16.224774] [INFO] [PRESENCE] [PresenceUpdate] User mqp6 status changed: same | Activities: Custom: "Cast all your anxieties on him, because he cares for you." | 1 Peter 1:7
METADATA: {"timestamp": "2025-11-18T00:15:16.224744", "bot_version": "2.4.0", "guild_id": 1436118893130158090, "user_id": 1373556059184042045, "username": "mqp6", "extra": {"before_status": "dnd", "after_status": "dnd", "activities": ["Custom: \"Cast all your anxieties on him, because he cares for you.\" | 1 Peter 1:7"]}}
---
[2025-11-18T00:15:43.766013] [INFO] [PRESENCE] [PresenceUpdate] User XenBot#7688 status changed: same | Activities: Playing: Use /help for commands!
METADATA: {"timestamp": "2025-11-18T00:15:43.765965", "bot_version": "2.4.0", "guild_id": 1436118893130158090, "user_id": 1436125663378673875, "username": "XenBot#7688", "extra": {"before_status": "online", "after_status": "online", "activities": ["Playing: Use /help for commands!"]}}
---
[2025-11-18T00:15:53.744147] [INFO] [PRESENCE] [PresenceUpdate] User XenBot#7688 status changed: same | Activities: Playing: Powered by CryptX!
METADATA: {"timestamp": "2025-11-18T00:15:53.744117", "bot_version": "2.4.0", "guild_id": 1436118893130158090, "user_id": 1436125663378673875, "username": "XenBot#7688", "extra": {"before_status": "online", "after_status": "online", "activities": ["Playing: Powered by CryptX!"]}}
---
[2025-11-18T00:16:03.774971] [INFO] [PRESENCE] [PresenceUpdate] User XenBot#7688 status changed: same | Activities: Playing: Tracking 2 servers
METADATA: {"timestamp": "2025-11-18T00:16:03.774922", "bot_version": "2.4.0", "guild_id": 1436118893130158090, "user_id": 1436125663378673875, "username": "XenBot#7688", "extra": {"before_status": "online", "after_status": "online", "activities": ["Playing: Tracking 2 servers"]}}
---
[2025-11-18T00:16:14.078286] [INFO] [PRESENCE] [PresenceUpdate] User XenBot#7688 status changed: same | Activities: Playing: Configure with /setup
METADATA: {"timestamp": "2025-11-18T00:16:14.078237", "bot_version": "2.4.0", "guild_id": 1436118893130158090, "user_id": 1436125663378673875, "username": "XenBot#7688", "extra": {"before_status": "online", "after_status": "online", "activities": ["Playing: Configure with /setup"]}}
---
[2025-11-18T00:16:24.047810] [INFO] [PRESENCE] [PresenceUpdate] User XenBot#7688 status changed: same | Activities: Playing: Powered by CryptX!
METADATA: {"timestamp": "2025-11-18T00:16:24.047762", "bot_version": "2.4.0", "guild_id": 1436118893130158090, "user_id": 1436125663378673875, "username": "XenBot#7688", "extra": {"before_status": "online", "after_status": "online", "activities": ["Playing: Powered by CryptX!"]}}
---
[2025-11-18T00:16:43.780920] [INFO] [PRESENCE] [PresenceUpdate] User XenBot#7688 status changed: same | Activities: Playing: Tracking 2 servers
METADATA: {"timestamp": "2025-11-18T00:16:43.780876", "bot_version": "2.4.0", "guild_id": 1436118893130158090, "user_id": 1436125663378673875, "username": "XenBot#7688", "extra": {"before_status": "online", "after_status": "online", "activities": ["Playing: Tracking 2 servers"]}}
---
[2025-11-18T00:17:13.775790] [INFO] [PRESENCE] [PresenceUpdate] User XenBot#7688 status changed: same | Activities: Playing: Use /help for commands!
METADATA: {"timestamp": "2025-11-18T00:17:13.775743", "bot_version": "2.4.0", "guild_id": 1436118893130158090, "user_id": 1436125663378673875, "username": "XenBot#7688", "extra": {"before_status": "online", "after_status": "online", "activities": ["Playing: Use /help for commands!"]}}
---
[2025-11-18T00:17:23.880041] [INFO] [PRESENCE] [PresenceUpdate] User XenBot#7688 status changed: same | Activities: Playing: Powered by CryptX!
METADATA: {"timestamp": "2025-11-18T00:17:23.879993", "bot_version": "2.4.0", "guild_id": 1436118893130158090, "user_id": 1436125663378673875, "username": "XenBot#7688", "extra": {"before_status": "online", "after_status": "online", "activities": ["Playing: Powered by CryptX!"]}}
---
[2025-11-18T00:17:26.002975] [INFO] [PRESENCE] [PresenceUpdate] User mqp6 status changed: same | Activities: Custom: "Cast all your anxieties on him, because he cares for you." | 1 Peter 1:7
METADATA: {"timestamp": "2025-11-18T00:17:26.002933", "bot_version": "2.4.0", "guild_id": 1436118893130158090, "user_id": 1373556059184042045, "username": "mqp6", "extra": {"before_status": "dnd", "after_status": "dnd", "activities": ["Custom: \"Cast all your anxieties on him, because he cares for you.\" | 1 Peter 1:7"]}}
---
[2025-11-18T00:17:33.923734] [INFO] [PRESENCE] [PresenceUpdate] User XenBot#7688 status changed: same | Activities: Playing: Configure with /setup
METADATA: {"timestamp": "2025-11-18T00:17:33.923699", "bot_version": "2.4.0", "guild_id": 1436118893130158090, "user_id": 1436125663378673875, "username": "XenBot#7688", "extra": {"before_status": "online", "after_status": "online", "activities": ["Playing: Configure with /setup"]}}
---
[2025-11-18T00:17:43.817964] [INFO] [PRESENCE] [PresenceUpdate] User XenBot#7688 status changed: same | Activities: Playing: Tracking 2 servers
METADATA: {"timestamp": "2025-11-18T00:17:43.817932", "bot_version": "2.4.0", "guild_id": 1436118893130158090, "user_id": 1436125663378673875, "username": "XenBot#7688", "extra": {"before_status": "online", "after_status": "online", "activities": ["Playing: Tracking 2 servers"]}}
---
[2025-11-18T00:17:54.035679] [INFO] [PRESENCE] [PresenceUpdate] User XenBot#7688 status changed: same | Activities: Playing: Configure with /setup
METADATA: {"timestamp": "2025-11-18T00:17:54.035644", "bot_version": "2.4.0", "guild_id": 1436118893130158090, "user_id": 1436125663378673875, "username": "XenBot#7688", "extra": {"before_status": "online", "after_status": "online", "activities": ["Playing: Configure with /setup"]}}
---
[2025-11-18T00:18:23.930182] [INFO] [PRESENCE] [PresenceUpdate] User XenBot#7688 status changed: same | Activities: Playing: Tracking 2 servers
METADATA: {"timestamp": "2025-11-18T00:18:23.930153", "bot_version": "2.4.0", "guild_id": 1436118893130158090, "user_id": 1436125663378673875, "username": "XenBot#7688", "extra": {"before_status": "online", "after_status": "online", "activities": ["Playing: Tracking 2 servers"]}}
---
[2025-11-18T00:18:27.014905] [INFO] [PRESENCE] [PresenceUpdate] User animelover33462 status changed: offline -> online | Activities: None
METADATA: {"timestamp": "2025-11-18T00:18:27.014859", "bot_version": "2.4.0", "guild_id": 1436118893130158090, "user_id": 1431935630157549568, "username": "animelover33462", "extra": {"before_status": "offline", "after_status": "online", "activities": []}}
---
[2025-11-18T00:18:33.826604] [INFO] [PRESENCE] [PresenceUpdate] User XenBot#7688 status changed: same | Activities: Playing: Use /help for commands!
METADATA: {"timestamp": "2025-11-18T00:18:33.826571", "bot_version": "2.4.0", "guild_id": 1436118893130158090, "user_id": 1436125663378673875, "username": "XenBot#7688", "extra": {"before_status": "online", "after_status": "online", "activities": ["Playing: Use /help for commands!"]}}
---
[2025-11-18T00:18:43.977210] [INFO] [PRESENCE] [PresenceUpdate] User XenBot#7688 status changed: same | Activities: Playing: Configure with /setup
METADATA: {"timestamp": "2025-11-18T00:18:43.977181", "bot_version": "2.4.0", "guild_id": 1436118893130158090, "user_id": 1436125663378673875, "username": "XenBot#7688", "extra": {"before_status": "online", "after_status": "online", "activities": ["Playing: Configure with /setup"]}}
---
[2025-11-18T00:18:53.934917] [INFO] [PRESENCE] [PresenceUpdate] User XenBot#7688 status changed: same | Activities: Playing: Tracking 2 servers
METADATA: {"timestamp": "2025-11-18T00:18:53.934874", "bot_version": "2.4.0", "guild_id": 1436118893130158090, "user_id": 1436125663378673875, "username": "XenBot#7688", "extra": {"before_status": "online", "after_status": "online", "activities": ["Playing: Tracking 2 servers"]}}
---
[2025-11-18T00:19:03.987840] [INFO] [PRESENCE] [PresenceUpdate] User XenBot#7688 status changed: same | Activities: Playing: Use /help for commands!
METADATA: {"timestamp": "2025-11-18T00:19:03.987805", "bot_version": "2.4.0", "guild_id": 1436118893130158090, "user_id": 1436125663378673875, "username": "XenBot#7688", "extra": {"before_status": "online", "after_status": "online", "activities": ["Playing: Use /help for commands!"]}}
---
