[2026-01-08T11:17:39.937109] [INFO] [PRESENCE] [PresenceUpdate] User chewbaccalt status changed: idle -> online | Activities: Custom: Custom Status
METADATA: {"timestamp": "2026-01-08T11:17:39.937030", "bot_version": "2.6.4", "guild_id": 1419349908850475031, "user_id": 1001525917279064095, "username": "chewbaccalt", "extra": {"before_status": "idle", "after_status": "online", "activities": ["Custom: Custom Status"]}}
---
[2026-01-08T11:17:50.423457] [INFO] [PRESENCE] [PresenceUpdate] User konfig0547 status changed: offline -> dnd | Activities: None
METADATA: {"timestamp": "2026-01-08T11:17:50.423374", "bot_version": "2.6.4", "guild_id": 1419349908850475031, "user_id": 1410416213216985108, "username": "konfig0547", "extra": {"before_status": "offline", "after_status": "dnd", "activities": []}}
---
[2026-01-08T11:17:53.180737] [INFO] [PRESENCE] [PresenceUpdate] User konfig0547 status changed: same | Activities: Custom: If you are in trouble remember that God is merciful.
METADATA: {"timestamp": "2026-01-08T11:17:53.180592", "bot_version": "2.6.4", "guild_id": 1419349908850475031, "user_id": 1410416213216985108, "username": "konfig0547", "extra": {"before_status": "dnd", "after_status": "dnd", "activities": ["Custom: If you are in trouble remember that God is merciful."]}}
---
[2026-01-08T11:18:33.040554] [INFO] [PRESENCE] [PresenceUpdate] User xxzgyxzxzyxyxzxfzx status changed: offline -> online | Activities: None
METADATA: {"timestamp": "2026-01-08T11:18:33.040427", "bot_version": "2.6.4", "guild_id": 1419349908850475031, "user_id": 1241439123198316661, "username": "xxzgyxzxzyxyxzxfzx", "extra": {"before_status": "offline", "after_status": "online", "activities": []}}
---
[2026-01-08T11:18:36.859702] [INFO] [PRESENCE] [PresenceUpdate] User xxzgyxzxzyxyxzxfzx status changed: online -> idle | Activities: None
METADATA: {"timestamp": "2026-01-08T11:18:36.859586", "bot_version": "2.6.4", "guild_id": 1419349908850475031, "user_id": 1241439123198316661, "username": "xxzgyxzxzyxyxzxfzx", "extra": {"before_status": "online", "after_status": "idle", "activities": []}}
---
[2026-01-08T11:18:37.845376] [INFO] [PRESENCE] [PresenceUpdate] User chewbaccalt status changed: online -> idle | Activities: Custom: Custom Status
METADATA: {"timestamp": "2026-01-08T11:18:37.845303", "bot_version": "2.6.4", "guild_id": 1419349908850475031, "user_id": 1001525917279064095, "username": "chewbaccalt", "extra": {"before_status": "online", "after_status": "idle", "activities": ["Custom: Custom Status"]}}
---
[2026-01-08T11:19:14.081331] [INFO] [PRESENCE] [PresenceUpdate] User plsmod_myacc status changed: offline -> dnd | Activities: None
METADATA: {"timestamp": "2026-01-08T11:19:14.081249", "bot_version": "2.6.4", "guild_id": 1419349908850475031, "user_id": 1405450716176322743, "username": "plsmod_myacc", "extra": {"before_status": "offline", "after_status": "dnd", "activities": []}}
---
[2026-01-08T11:19:16.540459] [INFO] [PRESENCE] [PresenceUpdate] User plsmod_myacc status changed: same | Activities: Custom: kira you made this?
METADATA: {"timestamp": "2026-01-08T11:19:16.540376", "bot_version": "2.6.4", "guild_id": 1419349908850475031, "user_id": 1405450716176322743, "username": "plsmod_myacc", "extra": {"before_status": "dnd", "after_status": "dnd", "activities": ["Custom: kira you made this?"]}}
---
[2026-01-08T11:19:19.102087] [INFO] [PRESENCE] [PresenceUpdate] User konfig0547 status changed: dnd -> offline | Activities: None
METADATA: {"timestamp": "2026-01-08T11:19:19.101972", "bot_version": "2.6.4", "guild_id": 1419349908850475031, "user_id": 1410416213216985108, "username": "konfig0547", "extra": {"before_status": "dnd", "after_status": "offline", "activities": []}}
---
[2026-01-08T11:19:34.760775] [INFO] [PRESENCE] [PresenceUpdate] User 2clickdeath status changed: offline -> online | Activities: None
METADATA: {"timestamp": "2026-01-08T11:19:34.760693", "bot_version": "2.6.4", "guild_id": 1419349908850475031, "user_id": 1019698414839156817, "username": "2clickdeath", "extra": {"before_status": "offline", "after_status": "online", "activities": []}}
---
[2026-01-08T11:20:05.850689] [INFO] [PRESENCE] [PresenceUpdate] User xxzgyxzxzyxyxzxfzx status changed: idle -> online | Activities: None
METADATA: {"timestamp": "2026-01-08T11:20:05.850582", "bot_version": "2.6.4", "guild_id": 1419349908850475031, "user_id": 1241439123198316661, "username": "xxzgyxzxzyxyxzxfzx", "extra": {"before_status": "idle", "after_status": "online", "activities": []}}
---
[2026-01-08T11:20:42.506463] [INFO] [PRESENCE] [PresenceUpdate] User xxzgyxzxzyxyxzxfzx status changed: online -> idle | Activities: None
METADATA: {"timestamp": "2026-01-08T11:20:42.506368", "bot_version": "2.6.4", "guild_id": 1419349908850475031, "user_id": 1241439123198316661, "username": "xxzgyxzxzyxyxzxfzx", "extra": {"before_status": "online", "after_status": "idle", "activities": []}}
---
[2026-01-08T11:20:52.687194] [INFO] [PRESENCE] [PresenceUpdate] User pygf status changed: dnd -> offline | Activities: None
METADATA: {"timestamp": "2026-01-08T11:20:52.686998", "bot_version": "2.6.4", "guild_id": 1419349908850475031, "user_id": 761666193042964500, "username": "pygf", "extra": {"before_status": "dnd", "after_status": "offline", "activities": []}}
---
[2026-01-08T11:20:55.966936] [INFO] [PRESENCE] [PresenceUpdate] User xxzgyxzxzyxyxzxfzx status changed: idle -> online | Activities: None
METADATA: {"timestamp": "2026-01-08T11:20:55.966856", "bot_version": "2.6.4", "guild_id": 1419349908850475031, "user_id": 1241439123198316661, "username": "xxzgyxzxzyxyxzxfzx", "extra": {"before_status": "idle", "after_status": "online", "activities": []}}
---
[2026-01-08T11:21:07.904305] [INFO] [PRESENCE] [PresenceUpdate] User kotkangooner status changed: offline -> dnd | Activities: None
METADATA: {"timestamp": "2026-01-08T11:21:07.904227", "bot_version": "2.6.4", "guild_id": 1419349908850475031, "user_id": 1169315037219917874, "username": "kotkangooner", "extra": {"before_status": "offline", "after_status": "dnd", "activities": []}}
---
[2026-01-08T11:21:09.953464] [INFO] [PRESENCE] [PresenceUpdate] User xxzgyxzxzyxyxzxfzx status changed: online -> idle | Activities: None
METADATA: {"timestamp": "2026-01-08T11:21:09.953396", "bot_version": "2.6.4", "guild_id": 1419349908850475031, "user_id": 1241439123198316661, "username": "xxzgyxzxzyxyxzxfzx", "extra": {"before_status": "online", "after_status": "idle", "activities": []}}
---
[2026-01-08T11:21:25.004575] [INFO] [PRESENCE] [PresenceUpdate] User xxzgyxzxzyxyxzxfzx status changed: idle -> online | Activities: None
METADATA: {"timestamp": "2026-01-08T11:21:25.004489", "bot_version": "2.6.4", "guild_id": 1419349908850475031, "user_id": 1241439123198316661, "username": "xxzgyxzxzyxyxzxfzx", "extra": {"before_status": "idle", "after_status": "online", "activities": []}}
---
[2026-01-08T11:21:26.848212] [INFO] [PRESENCE] [PresenceUpdate] User xxzgyxzxzyxyxzxfzx status changed: online -> idle | Activities: None
METADATA: {"timestamp": "2026-01-08T11:21:26.848144", "bot_version": "2.6.4", "guild_id": 1419349908850475031, "user_id": 1241439123198316661, "username": "xxzgyxzxzyxyxzxfzx", "extra": {"before_status": "online", "after_status": "idle", "activities": []}}
---
[2026-01-08T11:21:30.531642] [INFO] [PRESENCE] [PresenceUpdate] User xxzgyxzxzyxyxzxfzx status changed: idle -> online | Activities: None
METADATA: {"timestamp": "2026-01-08T11:21:30.531526", "bot_version": "2.6.4", "guild_id": 1419349908850475031, "user_id": 1241439123198316661, "username": "xxzgyxzxzyxyxzxfzx", "extra": {"before_status": "idle", "after_status": "online", "activities": []}}
---
[2026-01-08T11:21:35.136894] [INFO] [PRESENCE] [PresenceUpdate] User 2clickdeath status changed: online -> offline | Activities: None
METADATA: {"timestamp": "2026-01-08T11:21:35.136810", "bot_version": "2.6.4", "guild_id": 1419349908850475031, "user_id": 1019698414839156817, "username": "2clickdeath", "extra": {"before_status": "online", "after_status": "offline", "activities": []}}
---
[2026-01-08T11:21:47.666901] [INFO] [PRESENCE] [PresenceUpdate] User xxzgyxzxzyxyxzxfzx status changed: online -> idle | Activities: None
METADATA: {"timestamp": "2026-01-08T11:21:47.666779", "bot_version": "2.6.4", "guild_id": 1419349908850475031, "user_id": 1241439123198316661, "username": "xxzgyxzxzyxyxzxfzx", "extra": {"before_status": "online", "after_status": "idle", "activities": []}}
---
[2026-01-08T11:22:00.830494] [INFO] [PRESENCE] [PresenceUpdate] User xxzgyxzxzyxyxzxfzx status changed: idle -> online | Activities: None
METADATA: {"timestamp": "2026-01-08T11:22:00.830412", "bot_version": "2.6.4", "guild_id": 1419349908850475031, "user_id": 1241439123198316661, "username": "xxzgyxzxzyxyxzxfzx", "extra": {"before_status": "idle", "after_status": "online", "activities": []}}
---
[2026-01-08T11:22:54.292100] [INFO] [PRESENCE] [PresenceUpdate] User xxzgyxzxzyxyxzxfzx status changed: online -> idle | Activities: None
METADATA: {"timestamp": "2026-01-08T11:22:54.291997", "bot_version": "2.6.4", "guild_id": 1419349908850475031, "user_id": 1241439123198316661, "username": "xxzgyxzxzyxyxzxfzx", "extra": {"before_status": "online", "after_status": "idle", "activities": []}}
---
[2026-01-08T11:23:10.529499] [INFO] [PRESENCE] [PresenceUpdate] User xxzgyxzxzyxyxzxfzx status changed: idle -> online | Activities: None
METADATA: {"timestamp": "2026-01-08T11:23:10.529398", "bot_version": "2.6.4", "guild_id": 1419349908850475031, "user_id": 1241439123198316661, "username": "xxzgyxzxzyxyxzxfzx", "extra": {"before_status": "idle", "after_status": "online", "activities": []}}
---
[2026-01-08T11:23:11.589582] [INFO] [PRESENCE] [PresenceUpdate] User xxzgyxzxzyxyxzxfzx status changed: online -> idle | Activities: None
METADATA: {"timestamp": "2026-01-08T11:23:11.589493", "bot_version": "2.6.4", "guild_id": 1419349908850475031, "user_id": 1241439123198316661, "username": "xxzgyxzxzyxyxzxfzx", "extra": {"before_status": "online", "after_status": "idle", "activities": []}}
---
[2026-01-08T11:23:34.624647] [INFO] [PRESENCE] [PresenceUpdate] User kotkangooner status changed: dnd -> offline | Activities: None
METADATA: {"timestamp": "2026-01-08T11:23:34.624474", "bot_version": "2.6.4", "guild_id": 1419349908850475031, "user_id": 1169315037219917874, "username": "kotkangooner", "extra": {"before_status": "dnd", "after_status": "offline", "activities": []}}
---
[2026-01-08T11:24:09.741502] [INFO] [PRESENCE] [PresenceUpdate] User alvezxc1 status changed: same | Activities: Custom: ð“ð“´ ð“•ð“»ð“®ð“®ð“¼ð“½ð”‚ð“µð“®
METADATA: {"timestamp": "2026-01-08T11:24:09.741418", "bot_version": "2.6.4", "guild_id": 1419349908850475031, "user_id": 1260007754014265457, "username": "alvezxc1", "extra": {"before_status": "idle", "after_status": "idle", "activities": ["Custom: \ud835\udcdd\ud835\udcf4 \ud835\udcd5\ud835\udcfb\ud835\udcee\ud835\udcee\ud835\udcfc\ud835\udcfd\ud835\udd02\ud835\udcf5\ud835\udcee"]}}
---
[2026-01-08T11:24:24.781041] [INFO] [PRESENCE] [PresenceUpdate] User alvezxc1 status changed: same | Activities: Custom: ð“ð“´ ð“•ð“»ð“®ð“®ð“¼ð“½ð”‚ð“µð“®
METADATA: {"timestamp": "2026-01-08T11:24:24.780923", "bot_version": "2.6.4", "guild_id": 1419349908850475031, "user_id": 1260007754014265457, "username": "alvezxc1", "extra": {"before_status": "idle", "after_status": "idle", "activities": ["Custom: \ud835\udcdd\ud835\udcf4 \ud835\udcd5\ud835\udcfb\ud835\udcee\ud835\udcee\ud835\udcfc\ud835\udcfd\ud835\udd02\ud835\udcf5\ud835\udcee"]}}
---
[2026-01-08T11:25:14.425525] [INFO] [PRESENCE] [PresenceUpdate] User xxzgyxzxzyxyxzxfzx status changed: idle -> offline | Activities: None
METADATA: {"timestamp": "2026-01-08T11:25:14.425427", "bot_version": "2.6.4", "guild_id": 1419349908850475031, "user_id": 1241439123198316661, "username": "xxzgyxzxzyxyxzxfzx", "extra": {"before_status": "idle", "after_status": "offline", "activities": []}}
---
[2026-01-08T11:25:50.063390] [INFO] [PRESENCE] [PresenceUpdate] User alvezxc1 status changed: idle -> dnd | Activities: Custom: ð“ð“´ ð“•ð“»ð“®ð“®ð“¼ð“½ð”‚ð“µð“®
METADATA: {"timestamp": "2026-01-08T11:25:50.063267", "bot_version": "2.6.4", "guild_id": 1419349908850475031, "user_id": 1260007754014265457, "username": "alvezxc1", "extra": {"before_status": "idle", "after_status": "dnd", "activities": ["Custom: \ud835\udcdd\ud835\udcf4 \ud835\udcd5\ud835\udcfb\ud835\udcee\ud835\udcee\ud835\udcfc\ud835\udcfd\ud835\udd02\ud835\udcf5\ud835\udcee"]}}
---
[2026-01-08T11:27:10.954562] [INFO] [PRESENCE] [PresenceUpdate] User r85f status changed: offline -> dnd | Activities: None
METADATA: {"timestamp": "2026-01-08T11:27:10.903956", "bot_version": "2.6.4", "guild_id": 1419349908850475031, "user_id": 1291647601510187048, "username": "r85f", "extra": {"before_status": "offline", "after_status": "dnd", "activities": []}}
---
[2026-01-08T11:27:43.667208] [INFO] [PRESENCE] [PresenceUpdate] User xxzgyxzxzyxyxzxfzx status changed: offline -> idle | Activities: None
METADATA: {"timestamp": "2026-01-08T11:27:43.667107", "bot_version": "2.6.4", "guild_id": 1419349908850475031, "user_id": 1241439123198316661, "username": "xxzgyxzxzyxyxzxfzx", "extra": {"before_status": "offline", "after_status": "idle", "activities": []}}
---
[2026-01-08T11:28:17.022783] [INFO] [PRESENCE] [PresenceUpdate] User soulscarrd status changed: same | Activities: None
METADATA: {"timestamp": "2026-01-08T11:28:17.022665", "bot_version": "2.6.4", "guild_id": 1419349908850475031, "user_id": 1133090393509089361, "username": "soulscarrd", "extra": {"before_status": "online", "after_status": "online", "activities": []}}
---
