[2026-01-03T01:11:43.612735] [INFO] [REACTIONS] [ReactionAdded] User ShadowT3ch AI#6744 added 🤔 to message by donthurtpain in 💬》chat-with-ai
METADATA: {"timestamp": "2026-01-03T01:11:43.612735", "bot_version": "2.4.0", "guild_id": 1419349908850475031, "channel_id": 1456473934974418955, "user_id": 1456820286761734264, "message_id": 1456892766435934330, "extra": {}}
---
[2026-01-03T01:11:50.195671] [INFO] [REACTIONS] [ReactionRemoved] User ShadowT3ch AI#6744 removed 🤔 from message by donthurtpain in 💬》chat-with-ai
METADATA: {"timestamp": "2026-01-03T01:11:50.195671", "bot_version": "2.4.0", "guild_id": 1419349908850475031, "channel_id": 1456473934974418955, "user_id": 1456820286761734264, "message_id": 1456892766435934330, "extra": {}}
---
[2026-01-03T01:12:02.701988] [INFO] [REACTIONS] [ReactionAdded] User ShadowT3ch AI#6744 added ✅ to message by donthurtpain in 💬》chat-with-ai
METADATA: {"timestamp": "2026-01-03T01:12:02.701988", "bot_version": "2.4.0", "guild_id": 1419349908850475031, "channel_id": 1456473934974418955, "user_id": 1456820286761734264, "message_id": 1456892766435934330, "extra": {}}
---
[2026-01-03T01:12:08.824369] [INFO] [REACTIONS] [ReactionAdded] User ShadowT3ch AI#6744 added 🤔 to message by donthurtpain in 💬》chat-with-ai
METADATA: {"timestamp": "2026-01-03T01:12:08.824369", "bot_version": "2.4.0", "guild_id": 1419349908850475031, "channel_id": 1456473934974418955, "user_id": 1456820286761734264, "message_id": 1456892847918678100, "extra": {}}
---
[2026-01-03T01:12:42.489480] [INFO] [REACTIONS] [ReactionAdded] User ShadowT3ch AI#6744 added 🤔 to message by 2clickdeath in 💬》chat-with-ai
METADATA: {"timestamp": "2026-01-03T01:12:42.489480", "bot_version": "2.4.0", "guild_id": 1419349908850475031, "channel_id": 1456473934974418955, "user_id": 1456820286761734264, "message_id": 1456892875005624392, "extra": {}}
---
[2026-01-03T01:12:44.938676] [INFO] [REACTIONS] [ReactionAdded] User ShadowT3ch AI#6744 added 🤔 to message by donthurtpain in 💬》chat-with-ai
METADATA: {"timestamp": "2026-01-03T01:12:44.938676", "bot_version": "2.4.0", "guild_id": 1419349908850475031, "channel_id": 1456473934974418955, "user_id": 1456820286761734264, "message_id": 1456892911617704091, "extra": {}}
---
[2026-01-03T01:12:50.901318] [INFO] [REACTIONS] [ReactionAdded] User ShadowT3ch AI#6744 added 🤔 to message by 2clickdeath in 💬》chat-with-ai
METADATA: {"timestamp": "2026-01-03T01:12:50.901318", "bot_version": "2.4.0", "guild_id": 1419349908850475031, "channel_id": 1456473934974418955, "user_id": 1456820286761734264, "message_id": 1456892963006189589, "extra": {}}
---
[2026-01-03T01:12:55.537376] [INFO] [REACTIONS] [ReactionRemoved] User ShadowT3ch AI#6744 removed 🤔 from message by donthurtpain in 💬》chat-with-ai
METADATA: {"timestamp": "2026-01-03T01:12:55.537376", "bot_version": "2.4.0", "guild_id": 1419349908850475031, "channel_id": 1456473934974418955, "user_id": 1456820286761734264, "message_id": 1456892847918678100, "extra": {}}
---
[2026-01-03T01:13:00.134762] [INFO] [REACTIONS] [ReactionAdded] User ShadowT3ch AI#6744 added ✅ to message by donthurtpain in 💬》chat-with-ai
METADATA: {"timestamp": "2026-01-03T01:13:00.134762", "bot_version": "2.4.0", "guild_id": 1419349908850475031, "channel_id": 1456473934974418955, "user_id": 1456820286761734264, "message_id": 1456892847918678100, "extra": {}}
---
[2026-01-03T01:13:01.602034] [INFO] [REACTIONS] [ReactionRemoved] User ShadowT3ch AI#6744 removed 🤔 from message by donthurtpain in 💬》chat-with-ai
METADATA: {"timestamp": "2026-01-03T01:13:01.601063", "bot_version": "2.4.0", "guild_id": 1419349908850475031, "channel_id": 1456473934974418955, "user_id": 1456820286761734264, "message_id": 1456892911617704091, "extra": {}}
---
[2026-01-03T01:13:04.624746] [INFO] [REACTIONS] [ReactionAdded] User ShadowT3ch AI#6744 added ✅ to message by donthurtpain in 💬》chat-with-ai
METADATA: {"timestamp": "2026-01-03T01:13:04.624746", "bot_version": "2.4.0", "guild_id": 1419349908850475031, "channel_id": 1456473934974418955, "user_id": 1456820286761734264, "message_id": 1456892911617704091, "extra": {}}
---
[2026-01-03T01:13:06.195273] [INFO] [REACTIONS] [ReactionRemoved] User ShadowT3ch AI#6744 removed 🤔 from message by 2clickdeath in 💬》chat-with-ai
METADATA: {"timestamp": "2026-01-03T01:13:06.195273", "bot_version": "2.4.0", "guild_id": 1419349908850475031, "channel_id": 1456473934974418955, "user_id": 1456820286761734264, "message_id": 1456892963006189589, "extra": {}}
---
[2026-01-03T01:13:07.715709] [INFO] [REACTIONS] [ReactionAdded] User ShadowT3ch AI#6744 added ✅ to message by 2clickdeath in 💬》chat-with-ai
METADATA: {"timestamp": "2026-01-03T01:13:07.715709", "bot_version": "2.4.0", "guild_id": 1419349908850475031, "channel_id": 1456473934974418955, "user_id": 1456820286761734264, "message_id": 1456892963006189589, "extra": {}}
---
