[2025-11-20T07:18:52.441780] [INFO] [REACTIONS] [ReactionAdded] User ShadowT3ch AI#7770 added 🤔 to message by 2clickdeath in 💬》chat-with-ai
METADATA: {"timestamp": "2025-11-20T07:18:52.441748", "bot_version": "2.4.0", "guild_id": 1436118893130158090, "channel_id": 1441055118534508654, "user_id": 1436123916753047573, "message_id": 1441055186045898867, "extra": {}}
---
[2025-11-20T07:18:59.046614] [INFO] [REACTIONS] [ReactionRemoved] User ShadowT3ch AI#7770 removed 🤔 from message by 2clickdeath in 💬》chat-with-ai
METADATA: {"timestamp": "2025-11-20T07:18:59.046584", "bot_version": "2.4.0", "guild_id": 1436118893130158090, "channel_id": 1441055118534508654, "user_id": 1436123916753047573, "message_id": 1441055186045898867, "extra": {}}
---
[2025-11-20T07:19:00.469789] [INFO] [REACTIONS] [ReactionAdded] User ShadowT3ch AI#7770 added ✅ to message by 2clickdeath in 💬》chat-with-ai
METADATA: {"timestamp": "2025-11-20T07:19:00.469761", "bot_version": "2.4.0", "guild_id": 1436118893130158090, "channel_id": 1441055118534508654, "user_id": 1436123916753047573, "message_id": 1441055186045898867, "extra": {}}
---
[2025-11-20T07:24:37.592931] [INFO] [REACTIONS] [ReactionAdded] User ShadowT3ch AI#7770 added 🤔 to message by 2clickdeath in 💬》chat-with-ai
METADATA: {"timestamp": "2025-11-20T07:24:37.592897", "bot_version": "2.4.0", "guild_id": 1436118893130158090, "channel_id": 1441055118534508654, "user_id": 1436123916753047573, "message_id": 1441056633697341591, "extra": {}}
---
[2025-11-20T07:24:42.348374] [INFO] [REACTIONS] [ReactionRemoved] User ShadowT3ch AI#7770 removed 🤔 from message by 2clickdeath in 💬》chat-with-ai
METADATA: {"timestamp": "2025-11-20T07:24:42.348349", "bot_version": "2.4.0", "guild_id": 1436118893130158090, "channel_id": 1441055118534508654, "user_id": 1436123916753047573, "message_id": 1441056633697341591, "extra": {}}
---
[2025-11-20T07:24:43.739870] [INFO] [REACTIONS] [ReactionAdded] User ShadowT3ch AI#7770 added ✅ to message by 2clickdeath in 💬》chat-with-ai
METADATA: {"timestamp": "2025-11-20T07:24:43.739835", "bot_version": "2.4.0", "guild_id": 1436118893130158090, "channel_id": 1441055118534508654, "user_id": 1436123916753047573, "message_id": 1441056633697341591, "extra": {}}
---
[2025-11-20T08:48:03.627682] [INFO] [REACTIONS] [ReactionAdded] User ShadowT3ch AI#7770 added 🤔 to message by 2clickdeath in 💬》chat-with-ai
METADATA: {"timestamp": "2025-11-20T08:48:03.627625", "bot_version": "2.4.0", "guild_id": 1436118893130158090, "channel_id": 1441055118534508654, "user_id": 1436123916753047573, "message_id": 1441077630093889639, "extra": {}}
---
[2025-11-20T08:48:45.677141] [INFO] [REACTIONS] [ReactionRemoved] User ShadowT3ch AI#7770 removed 🤔 from message by 2clickdeath in 💬》chat-with-ai
METADATA: {"timestamp": "2025-11-20T08:48:45.677114", "bot_version": "2.4.0", "guild_id": 1436118893130158090, "channel_id": 1441055118534508654, "user_id": 1436123916753047573, "message_id": 1441077630093889639, "extra": {}}
---
[2025-11-20T08:48:47.066274] [INFO] [REACTIONS] [ReactionAdded] User ShadowT3ch AI#7770 added ✅ to message by 2clickdeath in 💬》chat-with-ai
METADATA: {"timestamp": "2025-11-20T08:48:47.066249", "bot_version": "2.4.0", "guild_id": 1436118893130158090, "channel_id": 1441055118534508654, "user_id": 1436123916753047573, "message_id": 1441077630093889639, "extra": {}}
---
[2025-11-20T08:50:52.999457] [INFO] [REACTIONS] [ReactionAdded] User ShadowT3ch AI#7770 added 🤔 to message by 2clickdeath in 💬》chat-with-ai
METADATA: {"timestamp": "2025-11-20T08:50:52.999416", "bot_version": "2.4.0", "guild_id": 1436118893130158090, "channel_id": 1441055118534508654, "user_id": 1436123916753047573, "message_id": 1441078347613601802, "extra": {}}
---
[2025-11-20T08:50:58.736216] [INFO] [REACTIONS] [ReactionRemoved] User ShadowT3ch AI#7770 removed 🤔 from message by 2clickdeath in 💬》chat-with-ai
METADATA: {"timestamp": "2025-11-20T08:50:58.736171", "bot_version": "2.4.0", "guild_id": 1436118893130158090, "channel_id": 1441055118534508654, "user_id": 1436123916753047573, "message_id": 1441078347613601802, "extra": {}}
---
[2025-11-20T08:51:01.024996] [INFO] [REACTIONS] [ReactionAdded] User ShadowT3ch AI#7770 added ✅ to message by 2clickdeath in 💬》chat-with-ai
METADATA: {"timestamp": "2025-11-20T08:51:01.024959", "bot_version": "2.4.0", "guild_id": 1436118893130158090, "channel_id": 1441055118534508654, "user_id": 1436123916753047573, "message_id": 1441078347613601802, "extra": {}}
---
[2025-11-20T08:51:05.630258] [INFO] [REACTIONS] [ReactionAdded] User ShadowT3ch AI#7770 added 🤔 to message by 2clickdeath in 💬》chat-with-ai
METADATA: {"timestamp": "2025-11-20T08:51:05.630232", "bot_version": "2.4.0", "guild_id": 1436118893130158090, "channel_id": 1441055118534508654, "user_id": 1436123916753047573, "message_id": 1441078400046338098, "extra": {}}
---
[2025-11-20T08:51:07.033349] [INFO] [REACTIONS] [ReactionRemoved] User ShadowT3ch AI#7770 removed 🤔 from message by 2clickdeath in 💬》chat-with-ai
METADATA: {"timestamp": "2025-11-20T08:51:07.033324", "bot_version": "2.4.0", "guild_id": 1436118893130158090, "channel_id": 1441055118534508654, "user_id": 1436123916753047573, "message_id": 1441078400046338098, "extra": {}}
---
[2025-11-20T08:51:09.900859] [INFO] [REACTIONS] [ReactionAdded] User ShadowT3ch AI#7770 added ✅ to message by 2clickdeath in 💬》chat-with-ai
METADATA: {"timestamp": "2025-11-20T08:51:09.900823", "bot_version": "2.4.0", "guild_id": 1436118893130158090, "channel_id": 1441055118534508654, "user_id": 1436123916753047573, "message_id": 1441078400046338098, "extra": {}}
---
[2025-11-20T11:32:32.477535] [INFO] [REACTIONS] [ReactionAdded] User ShadowT3ch AI#7770 added 🤔 to message by 2clickdeath in 💬》chat-with-ai
METADATA: {"timestamp": "2025-11-20T11:32:32.477507", "bot_version": "2.4.0", "guild_id": 1436118893130158090, "channel_id": 1441055118534508654, "user_id": 1436123916753047573, "message_id": 1441119026142253197, "extra": {}}
---
[2025-11-20T11:32:40.513313] [INFO] [REACTIONS] [ReactionRemoved] User ShadowT3ch AI#7770 removed 🤔 from message by 2clickdeath in 💬》chat-with-ai
METADATA: {"timestamp": "2025-11-20T11:32:40.513271", "bot_version": "2.4.0", "guild_id": 1436118893130158090, "channel_id": 1441055118534508654, "user_id": 1436123916753047573, "message_id": 1441119026142253197, "extra": {}}
---
[2025-11-20T11:32:41.418490] [INFO] [REACTIONS] [ReactionAdded] User ShadowT3ch AI#7770 added ✅ to message by 2clickdeath in 💬》chat-with-ai
METADATA: {"timestamp": "2025-11-20T11:32:41.418466", "bot_version": "2.4.0", "guild_id": 1436118893130158090, "channel_id": 1441055118534508654, "user_id": 1436123916753047573, "message_id": 1441119026142253197, "extra": {}}
---
[2025-11-20T16:43:34.405268] [INFO] [REACTIONS] [ReactionAdded] User echo058622 added 🔥 to message by 2clickdeath in 💬》general
METADATA: {"timestamp": "2025-11-20T16:43:34.405222", "bot_version": "2.4.0", "guild_id": 1436118893130158090, "channel_id": 1436118894661206152, "user_id": 1309337550296449024, "message_id": 1441130147561341049, "extra": {}}
---
[2025-11-20T16:44:20.126304] [INFO] [REACTIONS] [ReactionAdded] User ShadowT3ch AI#7770 added 🤔 to message by echo058622 in 💬》chat-with-ai
METADATA: {"timestamp": "2025-11-20T16:44:20.126267", "bot_version": "2.4.0", "guild_id": 1436118893130158090, "channel_id": 1441055118534508654, "user_id": 1436123916753047573, "message_id": 1441197494435582214, "extra": {}}
---
[2025-11-20T16:44:27.681729] [INFO] [REACTIONS] [ReactionRemoved] User ShadowT3ch AI#7770 removed 🤔 from message by echo058622 in 💬》chat-with-ai
METADATA: {"timestamp": "2025-11-20T16:44:27.681683", "bot_version": "2.4.0", "guild_id": 1436118893130158090, "channel_id": 1441055118534508654, "user_id": 1436123916753047573, "message_id": 1441197494435582214, "extra": {}}
---
[2025-11-20T16:44:28.579885] [INFO] [REACTIONS] [ReactionAdded] User ShadowT3ch AI#7770 added ✅ to message by echo058622 in 💬》chat-with-ai
METADATA: {"timestamp": "2025-11-20T16:44:28.579861", "bot_version": "2.4.0", "guild_id": 1436118893130158090, "channel_id": 1441055118534508654, "user_id": 1436123916753047573, "message_id": 1441197494435582214, "extra": {}}
---
[2025-11-20T16:44:49.031783] [INFO] [REACTIONS] [ReactionAdded] User ShadowT3ch AI#7770 added 🤔 to message by echo058622 in 💬》chat-with-ai
METADATA: {"timestamp": "2025-11-20T16:44:49.031755", "bot_version": "2.4.0", "guild_id": 1436118893130158090, "channel_id": 1441055118534508654, "user_id": 1436123916753047573, "message_id": 1441197612890849340, "extra": {}}
---
[2025-11-20T16:44:55.284244] [INFO] [REACTIONS] [ReactionRemoved] User ShadowT3ch AI#7770 removed 🤔 from message by echo058622 in 💬》chat-with-ai
METADATA: {"timestamp": "2025-11-20T16:44:55.284197", "bot_version": "2.4.0", "guild_id": 1436118893130158090, "channel_id": 1441055118534508654, "user_id": 1436123916753047573, "message_id": 1441197612890849340, "extra": {}}
---
[2025-11-20T16:44:56.343394] [INFO] [REACTIONS] [ReactionAdded] User ShadowT3ch AI#7770 added ✅ to message by echo058622 in 💬》chat-with-ai
METADATA: {"timestamp": "2025-11-20T16:44:56.343369", "bot_version": "2.4.0", "guild_id": 1436118893130158090, "channel_id": 1441055118534508654, "user_id": 1436123916753047573, "message_id": 1441197612890849340, "extra": {}}
---
[2025-11-20T16:45:14.180190] [INFO] [REACTIONS] [ReactionAdded] User ShadowT3ch AI#7770 added 🤔 to message by echo058622 in 💬》chat-with-ai
METADATA: {"timestamp": "2025-11-20T16:45:14.180162", "bot_version": "2.4.0", "guild_id": 1436118893130158090, "channel_id": 1441055118534508654, "user_id": 1436123916753047573, "message_id": 1441197721200627724, "extra": {}}
---
[2025-11-20T16:45:20.067480] [INFO] [REACTIONS] [ReactionRemoved] User ShadowT3ch AI#7770 removed 🤔 from message by echo058622 in 💬》chat-with-ai
METADATA: {"timestamp": "2025-11-20T16:45:20.067441", "bot_version": "2.4.0", "guild_id": 1436118893130158090, "channel_id": 1441055118534508654, "user_id": 1436123916753047573, "message_id": 1441197721200627724, "extra": {}}
---
[2025-11-20T16:45:21.065940] [INFO] [REACTIONS] [ReactionAdded] User ShadowT3ch AI#7770 added ✅ to message by echo058622 in 💬》chat-with-ai
METADATA: {"timestamp": "2025-11-20T16:45:21.065906", "bot_version": "2.4.0", "guild_id": 1436118893130158090, "channel_id": 1441055118534508654, "user_id": 1436123916753047573, "message_id": 1441197721200627724, "extra": {}}
---
[2025-11-20T16:47:23.882768] [INFO] [REACTIONS] [ReactionAdded] User ShadowT3ch AI#7770 added 🤔 to message by 2clickdeath in 💬》chat-with-ai
METADATA: {"timestamp": "2025-11-20T16:47:23.882745", "bot_version": "2.4.0", "guild_id": 1436118893130158090, "channel_id": 1441055118534508654, "user_id": 1436123916753047573, "message_id": 1441198259128504370, "extra": {}}
---
