[2026-01-02T20:32:24.256984] [INFO] [REACTIONS] [ReactionAdded] User ShadowT3ch AI#6744 added 🤔 to message by 2clickdeath in 💬》chat-with-ai
METADATA: {"timestamp": "2026-01-02T20:32:24.256984", "bot_version": "2.4.0", "guild_id": 1419349908850475031, "channel_id": 1456473934974418955, "user_id": 1456820286761734264, "message_id": 1456822473231175907, "extra": {}}
---
[2026-01-02T20:32:29.741542] [INFO] [REACTIONS] [ReactionRemoved] User ShadowT3ch AI#6744 removed 🤔 from message by 2clickdeath in 💬》chat-with-ai
METADATA: {"timestamp": "2026-01-02T20:32:29.741542", "bot_version": "2.4.0", "guild_id": 1419349908850475031, "channel_id": 1456473934974418955, "user_id": 1456820286761734264, "message_id": 1456822473231175907, "extra": {}}
---
[2026-01-02T20:32:32.099236] [INFO] [REACTIONS] [ReactionAdded] User ShadowT3ch AI#6744 added ✅ to message by 2clickdeath in 💬》chat-with-ai
METADATA: {"timestamp": "2026-01-02T20:32:32.099236", "bot_version": "2.4.0", "guild_id": 1419349908850475031, "channel_id": 1456473934974418955, "user_id": 1456820286761734264, "message_id": 1456822473231175907, "extra": {}}
---
[2026-01-02T20:34:07.814604] [INFO] [REACTIONS] [ReactionAdded] User ShadowT3ch AI#6744 added 🤔 to message by 2clickdeath in 💬》chat-with-ai
METADATA: {"timestamp": "2026-01-02T20:34:07.814604", "bot_version": "2.4.0", "guild_id": 1419349908850475031, "channel_id": 1456473934974418955, "user_id": 1456820286761734264, "message_id": 1456822901964538039, "extra": {}}
---
[2026-01-02T20:34:09.336986] [INFO] [REACTIONS] [ReactionRemoved] User ShadowT3ch AI#6744 removed 🤔 from message by 2clickdeath in 💬》chat-with-ai
METADATA: {"timestamp": "2026-01-02T20:34:09.336986", "bot_version": "2.4.0", "guild_id": 1419349908850475031, "channel_id": 1456473934974418955, "user_id": 1456820286761734264, "message_id": 1456822901964538039, "extra": {}}
---
[2026-01-02T20:34:12.324126] [INFO] [REACTIONS] [ReactionAdded] User ShadowT3ch AI#6744 added ✅ to message by 2clickdeath in 💬》chat-with-ai
METADATA: {"timestamp": "2026-01-02T20:34:12.324126", "bot_version": "2.4.0", "guild_id": 1419349908850475031, "channel_id": 1456473934974418955, "user_id": 1456820286761734264, "message_id": 1456822901964538039, "extra": {}}
---
[2026-01-02T20:34:22.855309] [INFO] [REACTIONS] [ReactionAdded] User ShadowT3ch AI#6744 added 🤔 to message by 2clickdeath in 💬》chat-with-ai
METADATA: {"timestamp": "2026-01-02T20:34:22.854257", "bot_version": "2.4.0", "guild_id": 1419349908850475031, "channel_id": 1456473934974418955, "user_id": 1456820286761734264, "message_id": 1456822971178942464, "extra": {}}
---
[2026-01-02T20:35:08.219881] [INFO] [REACTIONS] [ReactionRemoved] User ShadowT3ch AI#6744 removed 🤔 from message by 2clickdeath in 💬》chat-with-ai
METADATA: {"timestamp": "2026-01-02T20:35:08.219881", "bot_version": "2.4.0", "guild_id": 1419349908850475031, "channel_id": 1456473934974418955, "user_id": 1456820286761734264, "message_id": 1456822971178942464, "extra": {}}
---
[2026-01-02T20:35:09.735999] [INFO] [REACTIONS] [ReactionAdded] User ShadowT3ch AI#6744 added ✅ to message by 2clickdeath in 💬》chat-with-ai
METADATA: {"timestamp": "2026-01-02T20:35:09.735999", "bot_version": "2.4.0", "guild_id": 1419349908850475031, "channel_id": 1456473934974418955, "user_id": 1456820286761734264, "message_id": 1456822971178942464, "extra": {}}
---
[2026-01-02T20:49:45.426446] [INFO] [REACTIONS] [ReactionAdded] User ShadowT3ch AI#6744 added 🤔 to message by donthurtpain in 💬》chat-with-ai
METADATA: {"timestamp": "2026-01-02T20:49:45.426446", "bot_version": "2.4.0", "guild_id": 1419349908850475031, "channel_id": 1456473934974418955, "user_id": 1456820286761734264, "message_id": 1456826840416129221, "extra": {}}
---
[2026-01-02T20:49:50.461957] [INFO] [REACTIONS] [ReactionRemoved] User ShadowT3ch AI#6744 removed 🤔 from message by donthurtpain in 💬》chat-with-ai
METADATA: {"timestamp": "2026-01-02T20:49:50.461957", "bot_version": "2.4.0", "guild_id": 1419349908850475031, "channel_id": 1456473934974418955, "user_id": 1456820286761734264, "message_id": 1456826840416129221, "extra": {}}
---
[2026-01-02T20:49:51.957076] [INFO] [REACTIONS] [ReactionAdded] User ShadowT3ch AI#6744 added ✅ to message by donthurtpain in 💬》chat-with-ai
METADATA: {"timestamp": "2026-01-02T20:49:51.957076", "bot_version": "2.4.0", "guild_id": 1419349908850475031, "channel_id": 1456473934974418955, "user_id": 1456820286761734264, "message_id": 1456826840416129221, "extra": {}}
---
[2026-01-02T20:49:57.338306] [INFO] [REACTIONS] [ReactionAdded] User ShadowT3ch AI#6744 added 🤔 to message by donthurtpain in 💬》chat-with-ai
METADATA: {"timestamp": "2026-01-02T20:49:57.338306", "bot_version": "2.4.0", "guild_id": 1419349908850475031, "channel_id": 1456473934974418955, "user_id": 1456820286761734264, "message_id": 1456826890072363216, "extra": {}}
---
[2026-01-02T20:50:03.077130] [INFO] [REACTIONS] [ReactionRemoved] User ShadowT3ch AI#6744 removed 🤔 from message by donthurtpain in 💬》chat-with-ai
METADATA: {"timestamp": "2026-01-02T20:50:03.077130", "bot_version": "2.4.0", "guild_id": 1419349908850475031, "channel_id": 1456473934974418955, "user_id": 1456820286761734264, "message_id": 1456826890072363216, "extra": {}}
---
[2026-01-02T20:50:03.965534] [INFO] [REACTIONS] [ReactionAdded] User ShadowT3ch AI#6744 added ✅ to message by donthurtpain in 💬》chat-with-ai
METADATA: {"timestamp": "2026-01-02T20:50:03.965534", "bot_version": "2.4.0", "guild_id": 1419349908850475031, "channel_id": 1456473934974418955, "user_id": 1456820286761734264, "message_id": 1456826890072363216, "extra": {}}
---
[2026-01-02T20:50:25.225245] [INFO] [REACTIONS] [ReactionAdded] User ShadowT3ch AI#6744 added 🤔 to message by donthurtpain in 💬》chat-with-ai
METADATA: {"timestamp": "2026-01-02T20:50:25.225245", "bot_version": "2.4.0", "guild_id": 1419349908850475031, "channel_id": 1456473934974418955, "user_id": 1456820286761734264, "message_id": 1456827006619488328, "extra": {}}
---
[2026-01-02T20:50:31.057915] [INFO] [REACTIONS] [ReactionRemoved] User ShadowT3ch AI#6744 removed 🤔 from message by donthurtpain in 💬》chat-with-ai
METADATA: {"timestamp": "2026-01-02T20:50:31.057915", "bot_version": "2.4.0", "guild_id": 1419349908850475031, "channel_id": 1456473934974418955, "user_id": 1456820286761734264, "message_id": 1456827006619488328, "extra": {}}
---
[2026-01-02T20:50:31.900147] [INFO] [REACTIONS] [ReactionAdded] User ShadowT3ch AI#6744 added ✅ to message by donthurtpain in 💬》chat-with-ai
METADATA: {"timestamp": "2026-01-02T20:50:31.900147", "bot_version": "2.4.0", "guild_id": 1419349908850475031, "channel_id": 1456473934974418955, "user_id": 1456820286761734264, "message_id": 1456827006619488328, "extra": {}}
---
[2026-01-02T20:50:44.406778] [INFO] [REACTIONS] [ReactionAdded] User ShadowT3ch AI#6744 added 🤔 to message by donthurtpain in 💬》chat-with-ai
METADATA: {"timestamp": "2026-01-02T20:50:44.406778", "bot_version": "2.4.0", "guild_id": 1419349908850475031, "channel_id": 1456473934974418955, "user_id": 1456820286761734264, "message_id": 1456827087292727482, "extra": {}}
---
[2026-01-02T20:51:10.401341] [INFO] [REACTIONS] [ReactionRemoved] User ShadowT3ch AI#6744 removed 🤔 from message by donthurtpain in 💬》chat-with-ai
METADATA: {"timestamp": "2026-01-02T20:51:10.401341", "bot_version": "2.4.0", "guild_id": 1419349908850475031, "channel_id": 1456473934974418955, "user_id": 1456820286761734264, "message_id": 1456827087292727482, "extra": {}}
---
[2026-01-02T20:51:12.868889] [INFO] [REACTIONS] [ReactionAdded] User ShadowT3ch AI#6744 added ✅ to message by donthurtpain in 💬》chat-with-ai
METADATA: {"timestamp": "2026-01-02T20:51:12.868889", "bot_version": "2.4.0", "guild_id": 1419349908850475031, "channel_id": 1456473934974418955, "user_id": 1456820286761734264, "message_id": 1456827087292727482, "extra": {}}
---
[2026-01-02T20:51:37.559805] [INFO] [REACTIONS] [ReactionAdded] User ShadowT3ch AI#6744 added 🤔 to message by donthurtpain in 💬》chat-with-ai
METADATA: {"timestamp": "2026-01-02T20:51:37.559805", "bot_version": "2.4.0", "guild_id": 1419349908850475031, "channel_id": 1456473934974418955, "user_id": 1456820286761734264, "message_id": 1456827310396149850, "extra": {}}
---
[2026-01-02T20:52:08.178663] [INFO] [REACTIONS] [ReactionRemoved] User ShadowT3ch AI#6744 removed 🤔 from message by donthurtpain in 💬》chat-with-ai
METADATA: {"timestamp": "2026-01-02T20:52:08.178663", "bot_version": "2.4.0", "guild_id": 1419349908850475031, "channel_id": 1456473934974418955, "user_id": 1456820286761734264, "message_id": 1456827310396149850, "extra": {}}
---
[2026-01-02T20:52:09.621718] [INFO] [REACTIONS] [ReactionAdded] User ShadowT3ch AI#6744 added ✅ to message by donthurtpain in 💬》chat-with-ai
METADATA: {"timestamp": "2026-01-02T20:52:09.621718", "bot_version": "2.4.0", "guild_id": 1419349908850475031, "channel_id": 1456473934974418955, "user_id": 1456820286761734264, "message_id": 1456827310396149850, "extra": {}}
---
[2026-01-02T20:52:50.353919] [INFO] [REACTIONS] [ReactionAdded] User ShadowT3ch AI#6744 added 🤔 to message by donthurtpain in 💬》chat-with-ai
METADATA: {"timestamp": "2026-01-02T20:52:50.353919", "bot_version": "2.4.0", "guild_id": 1419349908850475031, "channel_id": 1456473934974418955, "user_id": 1456820286761734264, "message_id": 1456827609110544637, "extra": {}}
---
[2026-01-02T20:53:11.458092] [INFO] [REACTIONS] [ReactionRemoved] User ShadowT3ch AI#6744 removed 🤔 from message by donthurtpain in 💬》chat-with-ai
METADATA: {"timestamp": "2026-01-02T20:53:11.458092", "bot_version": "2.4.0", "guild_id": 1419349908850475031, "channel_id": 1456473934974418955, "user_id": 1456820286761734264, "message_id": 1456827609110544637, "extra": {}}
---
[2026-01-02T20:53:12.964999] [INFO] [REACTIONS] [ReactionAdded] User ShadowT3ch AI#6744 added ✅ to message by donthurtpain in 💬》chat-with-ai
METADATA: {"timestamp": "2026-01-02T20:53:12.964999", "bot_version": "2.4.0", "guild_id": 1419349908850475031, "channel_id": 1456473934974418955, "user_id": 1456820286761734264, "message_id": 1456827609110544637, "extra": {}}
---
[2026-01-02T20:53:52.231033] [INFO] [REACTIONS] [ReactionAdded] User ShadowT3ch AI#6744 added 🤔 to message by donthurtpain in 💬》chat-with-ai
METADATA: {"timestamp": "2026-01-02T20:53:52.231033", "bot_version": "2.4.0", "guild_id": 1419349908850475031, "channel_id": 1456473934974418955, "user_id": 1456820286761734264, "message_id": 1456827863507407011, "extra": {}}
---
[2026-01-02T20:54:07.918679] [INFO] [REACTIONS] [ReactionRemoved] User ShadowT3ch AI#6744 removed 🤔 from message by donthurtpain in 💬》chat-with-ai
METADATA: {"timestamp": "2026-01-02T20:54:07.918679", "bot_version": "2.4.0", "guild_id": 1419349908850475031, "channel_id": 1456473934974418955, "user_id": 1456820286761734264, "message_id": 1456827863507407011, "extra": {}}
---
[2026-01-02T20:54:11.872183] [INFO] [REACTIONS] [ReactionAdded] User ShadowT3ch AI#6744 added ✅ to message by donthurtpain in 💬》chat-with-ai
METADATA: {"timestamp": "2026-01-02T20:54:11.872183", "bot_version": "2.4.0", "guild_id": 1419349908850475031, "channel_id": 1456473934974418955, "user_id": 1456820286761734264, "message_id": 1456827863507407011, "extra": {}}
---
[2026-01-02T20:54:16.287262] [INFO] [REACTIONS] [ReactionAdded] User ShadowT3ch AI#6744 added 🤔 to message by donthurtpain in 💬》chat-with-ai
METADATA: {"timestamp": "2026-01-02T20:54:16.287262", "bot_version": "2.4.0", "guild_id": 1419349908850475031, "channel_id": 1456473934974418955, "user_id": 1456820286761734264, "message_id": 1456827961817698354, "extra": {}}
---
[2026-01-02T20:54:19.300096] [INFO] [REACTIONS] [ReactionRemoved] User ShadowT3ch AI#6744 removed 🤔 from message by donthurtpain in 💬》chat-with-ai
METADATA: {"timestamp": "2026-01-02T20:54:19.300096", "bot_version": "2.4.0", "guild_id": 1419349908850475031, "channel_id": 1456473934974418955, "user_id": 1456820286761734264, "message_id": 1456827961817698354, "extra": {}}
---
[2026-01-02T20:54:23.956304] [INFO] [REACTIONS] [ReactionAdded] User ShadowT3ch AI#6744 added ✅ to message by donthurtpain in 💬》chat-with-ai
METADATA: {"timestamp": "2026-01-02T20:54:23.956304", "bot_version": "2.4.0", "guild_id": 1419349908850475031, "channel_id": 1456473934974418955, "user_id": 1456820286761734264, "message_id": 1456827961817698354, "extra": {}}
---
[2026-01-02T20:56:15.436499] [INFO] [REACTIONS] [ReactionAdded] User ShadowT3ch AI#6744 added 🤔 to message by 2clickdeath in 💬》chat-with-ai
METADATA: {"timestamp": "2026-01-02T20:56:15.436499", "bot_version": "2.4.0", "guild_id": 1419349908850475031, "channel_id": 1456473934974418955, "user_id": 1456820286761734264, "message_id": 1456828475834110156, "extra": {}}
---
[2026-01-02T20:56:21.835129] [INFO] [REACTIONS] [ReactionRemoved] User ShadowT3ch AI#6744 removed 🤔 from message by 2clickdeath in 💬》chat-with-ai
METADATA: {"timestamp": "2026-01-02T20:56:21.835129", "bot_version": "2.4.0", "guild_id": 1419349908850475031, "channel_id": 1456473934974418955, "user_id": 1456820286761734264, "message_id": 1456828475834110156, "extra": {}}
---
[2026-01-02T20:56:25.100885] [INFO] [REACTIONS] [ReactionAdded] User ShadowT3ch AI#6744 added ✅ to message by 2clickdeath in 💬》chat-with-ai
METADATA: {"timestamp": "2026-01-02T20:56:25.100885", "bot_version": "2.4.0", "guild_id": 1419349908850475031, "channel_id": 1456473934974418955, "user_id": 1456820286761734264, "message_id": 1456828475834110156, "extra": {}}
---
[2026-01-02T20:59:51.740255] [INFO] [REACTIONS] [ReactionAdded] User ShadowT3ch AI#6744 added 🤔 to message by 2clickdeath in 💬》chat-with-ai
METADATA: {"timestamp": "2026-01-02T20:59:51.740255", "bot_version": "2.4.0", "guild_id": 1419349908850475031, "channel_id": 1456473934974418955, "user_id": 1456820286761734264, "message_id": 1456829383246614692, "extra": {}}
---
[2026-01-02T20:59:57.552743] [INFO] [REACTIONS] [ReactionRemoved] User ShadowT3ch AI#6744 removed 🤔 from message by 2clickdeath in 💬》chat-with-ai
METADATA: {"timestamp": "2026-01-02T20:59:57.552743", "bot_version": "2.4.0", "guild_id": 1419349908850475031, "channel_id": 1456473934974418955, "user_id": 1456820286761734264, "message_id": 1456829383246614692, "extra": {}}
---
[2026-01-02T20:59:59.097240] [INFO] [REACTIONS] [ReactionAdded] User ShadowT3ch AI#6744 added ✅ to message by 2clickdeath in 💬》chat-with-ai
METADATA: {"timestamp": "2026-01-02T20:59:59.097240", "bot_version": "2.4.0", "guild_id": 1419349908850475031, "channel_id": 1456473934974418955, "user_id": 1456820286761734264, "message_id": 1456829383246614692, "extra": {}}
---
[2026-01-02T21:02:07.619790] [INFO] [REACTIONS] [ReactionAdded] User ShadowT3ch AI#6744 added 🤔 to message by 2clickdeath in 💬》chat-with-ai
METADATA: {"timestamp": "2026-01-02T21:02:07.619790", "bot_version": "2.4.0", "guild_id": 1419349908850475031, "channel_id": 1456473934974418955, "user_id": 1456820286761734264, "message_id": 1456829952929435745, "extra": {}}
---
[2026-01-02T21:02:42.793848] [INFO] [REACTIONS] [ReactionRemoved] User ShadowT3ch AI#6744 removed 🤔 from message by 2clickdeath in 💬》chat-with-ai
METADATA: {"timestamp": "2026-01-02T21:02:42.793848", "bot_version": "2.4.0", "guild_id": 1419349908850475031, "channel_id": 1456473934974418955, "user_id": 1456820286761734264, "message_id": 1456829952929435745, "extra": {}}
---
[2026-01-02T21:02:45.277740] [INFO] [REACTIONS] [ReactionAdded] User ShadowT3ch AI#6744 added ✅ to message by 2clickdeath in 💬》chat-with-ai
METADATA: {"timestamp": "2026-01-02T21:02:45.277740", "bot_version": "2.4.0", "guild_id": 1419349908850475031, "channel_id": 1456473934974418955, "user_id": 1456820286761734264, "message_id": 1456829952929435745, "extra": {}}
---
[2026-01-02T21:03:20.817418] [INFO] [REACTIONS] [ReactionAdded] User ShadowT3ch AI#6744 added 🤔 to message by 2clickdeath in 💬》chat-with-ai
METADATA: {"timestamp": "2026-01-02T21:03:20.817418", "bot_version": "2.4.0", "guild_id": 1419349908850475031, "channel_id": 1456473934974418955, "user_id": 1456820286761734264, "message_id": 1456830258899583245, "extra": {}}
---
[2026-01-02T21:03:53.897614] [INFO] [REACTIONS] [ReactionRemoved] User ShadowT3ch AI#6744 removed 🤔 from message by 2clickdeath in 💬》chat-with-ai
METADATA: {"timestamp": "2026-01-02T21:03:53.897614", "bot_version": "2.4.0", "guild_id": 1419349908850475031, "channel_id": 1456473934974418955, "user_id": 1456820286761734264, "message_id": 1456830258899583245, "extra": {}}
---
[2026-01-02T21:03:56.449866] [INFO] [REACTIONS] [ReactionAdded] User ShadowT3ch AI#6744 added ✅ to message by 2clickdeath in 💬》chat-with-ai
METADATA: {"timestamp": "2026-01-02T21:03:56.448809", "bot_version": "2.4.0", "guild_id": 1419349908850475031, "channel_id": 1456473934974418955, "user_id": 1456820286761734264, "message_id": 1456830258899583245, "extra": {}}
---
[2026-01-02T21:04:32.315449] [INFO] [REACTIONS] [ReactionAdded] User ShadowT3ch AI#6744 added 🤔 to message by 2clickdeath in 💬》chat-with-ai
METADATA: {"timestamp": "2026-01-02T21:04:32.315449", "bot_version": "2.4.0", "guild_id": 1419349908850475031, "channel_id": 1456473934974418955, "user_id": 1456820286761734264, "message_id": 1456830553645912205, "extra": {}}
---
[2026-01-02T21:05:19.953982] [INFO] [REACTIONS] [ReactionRemoved] User ShadowT3ch AI#6744 removed 🤔 from message by 2clickdeath in 💬》chat-with-ai
METADATA: {"timestamp": "2026-01-02T21:05:19.953982", "bot_version": "2.4.0", "guild_id": 1419349908850475031, "channel_id": 1456473934974418955, "user_id": 1456820286761734264, "message_id": 1456830553645912205, "extra": {}}
---
[2026-01-02T21:05:22.344801] [INFO] [REACTIONS] [ReactionAdded] User ShadowT3ch AI#6744 added ✅ to message by 2clickdeath in 💬》chat-with-ai
METADATA: {"timestamp": "2026-01-02T21:05:22.344801", "bot_version": "2.4.0", "guild_id": 1419349908850475031, "channel_id": 1456473934974418955, "user_id": 1456820286761734264, "message_id": 1456830553645912205, "extra": {}}
---
