[2025-10-30T23:34:07.766862] [INFO] [REACTIONS] [ReactionAdded] User XenBot#6444 added ✅ to message by XenBot#6444 in 🎓・staff-chat
METADATA: {"timestamp": "2025-10-30T23:34:07.766822", "bot_version": "2.4.0", "guild_id": 1425539343480655886, "channel_id": 1425539345695375437, "user_id": 1424075159576514771, "message_id": 1433599884505645180, "extra": {}}
---
[2025-10-30T23:40:55.462428] [INFO] [REACTIONS] [ReactionAdded] User XenBot#6444 added ✔️ to message by XenBot#6444 in 🧑・self-roles
METADATA: {"timestamp": "2025-10-30T23:40:55.462387", "bot_version": "2.4.0", "guild_id": 1425539343480655886, "channel_id": 1433601174703181985, "user_id": 1424075159576514771, "message_id": 1433601593705758851, "extra": {}}
---
[2025-10-30T23:41:30.138996] [INFO] [REACTIONS] [ReactionAdded] User 2_clickdeath added ✔️ to message by XenBot#6444 in 🧑・self-roles
METADATA: {"timestamp": "2025-10-30T23:41:30.138952", "bot_version": "2.4.0", "guild_id": 1425539343480655886, "channel_id": 1433601174703181985, "user_id": 1019698414839156817, "message_id": 1433601593705758851, "extra": {}}
---
[2025-10-30T23:41:32.956367] [INFO] [REACTIONS] [ReactionRemoved] User 2_clickdeath removed ✔️ from message by XenBot#6444 in 🧑・self-roles
METADATA: {"timestamp": "2025-10-30T23:41:32.956325", "bot_version": "2.4.0", "guild_id": 1425539343480655886, "channel_id": 1433601174703181985, "user_id": 1019698414839156817, "message_id": 1433601593705758851, "extra": {}}
---
[2025-10-30T23:41:39.709732] [INFO] [REACTIONS] [ReactionAdded] User 2_clickdeath added ✔️ to message by XenBot#6444 in 🧑・self-roles
METADATA: {"timestamp": "2025-10-30T23:41:39.709680", "bot_version": "2.4.0", "guild_id": 1425539343480655886, "channel_id": 1433601174703181985, "user_id": 1019698414839156817, "message_id": 1433601593705758851, "extra": {}}
---
[2025-10-30T23:42:09.283338] [INFO] [REACTIONS] [ReactionAdded] User snowexploits added ✔️ to message by XenBot#6444 in 🧑・self-roles
METADATA: {"timestamp": "2025-10-30T23:42:09.283276", "bot_version": "2.4.0", "guild_id": 1425539343480655886, "channel_id": 1433601174703181985, "user_id": 1376217565952479425, "message_id": 1433601593705758851, "extra": {}}
---
[2025-10-30T23:42:38.368600] [INFO] [REACTIONS] [ReactionAdded] User zenn434 added ✔️ to message by XenBot#6444 in 🧑・self-roles
METADATA: {"timestamp": "2025-10-30T23:42:38.368559", "bot_version": "2.4.0", "guild_id": 1425539343480655886, "channel_id": 1433601174703181985, "user_id": 1428531905791262828, "message_id": 1433601593705758851, "extra": {}}
---
