[2026-01-05T00:49:50.292032] [INFO] [ROLES] [RoleUpdate] Role 'Bot Owner' updated in ShadowT3ch Development Group: position: 3 -> 2
METADATA: {"timestamp": "2026-01-05T00:49:50.291214", "bot_version": "2.6.4", "guild_id": 1419349908850475031, "guild_name": "ShadowT3ch Development Group", "role_id": 1456866056667926559, "role_name": "Bot Owner", "extra": {"position_change": {"before": 3, "after": 2}}}
---
[2026-01-05T00:49:52.119121] [INFO] [ROLES] [RoleUpdate] Role 'Free Stuff' updated in ShadowT3ch Development Group: position: 4 -> 3
METADATA: {"timestamp": "2026-01-05T00:49:52.119084", "bot_version": "2.6.4", "guild_id": 1419349908850475031, "guild_name": "ShadowT3ch Development Group", "role_id": 1456606489442652171, "role_name": "Free Stuff", "extra": {"position_change": {"before": 4, "after": 3}}}
---
[2026-01-05T00:49:53.452872] [INFO] [ROLES] [RoleUpdate] Role 'Server Booster' updated in ShadowT3ch Development Group: position: 5 -> 4
METADATA: {"timestamp": "2026-01-05T00:49:53.452804", "bot_version": "2.6.4", "guild_id": 1419349908850475031, "guild_name": "ShadowT3ch Development Group", "role_id": 1419388613145395313, "role_name": "Server Booster", "extra": {"position_change": {"before": 5, "after": 4}}}
---
[2026-01-05T00:49:54.778081] [INFO] [ROLES] [RoleUpdate] Role 'Support Team' updated in ShadowT3ch Development Group: position: 6 -> 5
METADATA: {"timestamp": "2026-01-05T00:49:54.777988", "bot_version": "2.6.4", "guild_id": 1419349908850475031, "guild_name": "ShadowT3ch Development Group", "role_id": 1456556060822470668, "role_name": "Support Team", "extra": {"position_change": {"before": 6, "after": 5}}}
---
[2026-01-05T00:49:56.175570] [INFO] [ROLES] [RoleUpdate] Role 'Staff Team' updated in ShadowT3ch Development Group: position: 7 -> 6
METADATA: {"timestamp": "2026-01-05T00:49:56.175489", "bot_version": "2.6.4", "guild_id": 1419349908850475031, "guild_name": "ShadowT3ch Development Group", "role_id": 1456556059329298590, "role_name": "Staff Team", "extra": {"position_change": {"before": 7, "after": 6}}}
---
[2026-01-05T00:49:57.801514] [INFO] [ROLES] [RoleUpdate] Role 'ðŸ”¥| Member' updated in ShadowT3ch Development Group: position: 8 -> 7
METADATA: {"timestamp": "2026-01-05T00:49:57.801471", "bot_version": "2.6.4", "guild_id": 1419349908850475031, "guild_name": "ShadowT3ch Development Group", "role_id": 1456556058305757246, "role_name": "\ud83d\udd25| Member", "extra": {"position_change": {"before": 8, "after": 7}}}
---
[2026-01-05T00:49:59.253047] [INFO] [ROLES] [RoleUpdate] Role 'ðŸ˜± | Basic' updated in ShadowT3ch Development Group: position: 9 -> 8
METADATA: {"timestamp": "2026-01-05T00:49:59.253005", "bot_version": "2.6.4", "guild_id": 1419349908850475031, "guild_name": "ShadowT3ch Development Group", "role_id": 1456556057152454877, "role_name": "\ud83d\ude31 | Basic", "extra": {"position_change": {"before": 9, "after": 8}}}
---
[2026-01-05T00:50:00.595298] [INFO] [ROLES] [RoleUpdate] Role 'ðŸ“± | Bots' updated in ShadowT3ch Development Group: position: 10 -> 9
METADATA: {"timestamp": "2026-01-05T00:50:00.595223", "bot_version": "2.6.4", "guild_id": 1419349908850475031, "guild_name": "ShadowT3ch Development Group", "role_id": 1456556049694720137, "role_name": "\ud83d\udcf1 | Bots", "extra": {"position_change": {"before": 10, "after": 9}}}
---
[2026-01-05T00:50:01.930890] [INFO] [ROLES] [RoleUpdate] Role 'ðŸ˜Ž | Legend' updated in ShadowT3ch Development Group: position: 11 -> 10
METADATA: {"timestamp": "2026-01-05T00:50:01.930818", "bot_version": "2.6.4", "guild_id": 1419349908850475031, "guild_name": "ShadowT3ch Development Group", "role_id": 1456556048155545735, "role_name": "\ud83d\ude0e | Legend", "extra": {"position_change": {"before": 11, "after": 10}}}
---
[2026-01-05T00:50:03.305117] [INFO] [ROLES] [RoleUpdate] Role 'ðŸŽ¥ | Jr Youtuber' updated in ShadowT3ch Development Group: position: 12 -> 11
METADATA: {"timestamp": "2026-01-05T00:50:03.305050", "bot_version": "2.6.4", "guild_id": 1419349908850475031, "guild_name": "ShadowT3ch Development Group", "role_id": 1456556046700118077, "role_name": "\ud83c\udfa5 | Jr Youtuber", "extra": {"position_change": {"before": 12, "after": 11}}}
---
[2026-01-05T00:50:04.600437] [INFO] [ROLES] [RoleUpdate] Role 'ðŸŽ¥ | Youtuber' updated in ShadowT3ch Development Group: position: 13 -> 12
METADATA: {"timestamp": "2026-01-05T00:50:04.600346", "bot_version": "2.6.4", "guild_id": 1419349908850475031, "guild_name": "ShadowT3ch Development Group", "role_id": 1456556044816879686, "role_name": "\ud83c\udfa5 | Youtuber", "extra": {"position_change": {"before": 13, "after": 12}}}
---
[2026-01-05T00:50:06.109816] [INFO] [ROLES] [RoleUpdate] Role 'ðŸŽ“| Helper' updated in ShadowT3ch Development Group: position: 14 -> 13
METADATA: {"timestamp": "2026-01-05T00:50:06.109756", "bot_version": "2.6.4", "guild_id": 1419349908850475031, "guild_name": "ShadowT3ch Development Group", "role_id": 1456556043663577264, "role_name": "\ud83c\udf93| Helper", "extra": {"position_change": {"before": 14, "after": 13}}}
---
[2026-01-05T00:50:07.814125] [INFO] [ROLES] [RoleUpdate] Role 'âœ| Designer' updated in ShadowT3ch Development Group: position: 15 -> 14
METADATA: {"timestamp": "2026-01-05T00:50:07.814088", "bot_version": "2.6.4", "guild_id": 1419349908850475031, "guild_name": "ShadowT3ch Development Group", "role_id": 1456556041398521879, "role_name": "\u270f| Designer", "extra": {"position_change": {"before": 15, "after": 14}}}
---
[2026-01-05T00:50:09.197847] [INFO] [ROLES] [RoleUpdate] Role 'ðŸ‘·| Builder' updated in ShadowT3ch Development Group: position: 16 -> 15
METADATA: {"timestamp": "2026-01-05T00:50:09.197760", "bot_version": "2.6.4", "guild_id": 1419349908850475031, "guild_name": "ShadowT3ch Development Group", "role_id": 1456556040161202359, "role_name": "\ud83d\udc77| Builder", "extra": {"position_change": {"before": 16, "after": 15}}}
---
[2026-01-05T00:50:10.573925] [INFO] [ROLES] [RoleUpdate] Role 'ðŸ“² | Project Manager' updated in ShadowT3ch Development Group: position: 17 -> 16
METADATA: {"timestamp": "2026-01-05T00:50:10.573860", "bot_version": "2.6.4", "guild_id": 1419349908850475031, "guild_name": "ShadowT3ch Development Group", "role_id": 1456556038714036234, "role_name": "\ud83d\udcf2 | Project Manager", "extra": {"position_change": {"before": 17, "after": 16}}}
---
[2026-01-05T00:50:12.104255] [INFO] [ROLES] [RoleUpdate] Role 'ðŸ“„| Partner' updated in ShadowT3ch Development Group: position: 18 -> 17
METADATA: {"timestamp": "2026-01-05T00:50:12.104146", "bot_version": "2.6.4", "guild_id": 1419349908850475031, "guild_name": "ShadowT3ch Development Group", "role_id": 1456556037380374692, "role_name": "\ud83d\udcc4| Partner", "extra": {"position_change": {"before": 18, "after": 17}}}
---
[2026-01-05T00:50:13.457608] [INFO] [ROLES] [RoleUpdate] Role 'ðŸ”’| Moderator' updated in ShadowT3ch Development Group: position: 19 -> 18
METADATA: {"timestamp": "2026-01-05T00:50:13.457543", "bot_version": "2.6.4", "guild_id": 1419349908850475031, "guild_name": "ShadowT3ch Development Group", "role_id": 1456556036495380585, "role_name": "\ud83d\udd12| Moderator", "extra": {"position_change": {"before": 19, "after": 18}}}
---
[2026-01-05T00:50:14.889916] [INFO] [ROLES] [RoleUpdate] Role 'ðŸ˜› | Friends' updated in ShadowT3ch Development Group: position: 20 -> 19
METADATA: {"timestamp": "2026-01-05T00:50:14.889829", "bot_version": "2.6.4", "guild_id": 1419349908850475031, "guild_name": "ShadowT3ch Development Group", "role_id": 1456556035442475131, "role_name": "\ud83d\ude1b | Friends", "extra": {"position_change": {"before": 20, "after": 19}}}
---
[2026-01-05T00:50:16.362256] [INFO] [ROLES] [RoleUpdate] Role 'ðŸ–¥| Developer' updated in ShadowT3ch Development Group: position: 21 -> 20
METADATA: {"timestamp": "2026-01-05T00:50:16.362166", "bot_version": "2.6.4", "guild_id": 1419349908850475031, "guild_name": "ShadowT3ch Development Group", "role_id": 1456556033789923329, "role_name": "\ud83d\udda5| Developer", "extra": {"position_change": {"before": 21, "after": 20}}}
---
[2026-01-05T00:50:17.697957] [INFO] [ROLES] [RoleUpdate] Role 'ðŸŽ“| Admin' updated in ShadowT3ch Development Group: position: 22 -> 21
METADATA: {"timestamp": "2026-01-05T00:50:17.697885", "bot_version": "2.6.4", "guild_id": 1419349908850475031, "guild_name": "ShadowT3ch Development Group", "role_id": 1456556032842141707, "role_name": "\ud83c\udf93| Admin", "extra": {"position_change": {"before": 22, "after": 21}}}
---
[2026-01-05T00:50:19.351679] [INFO] [ROLES] [RoleUpdate] Role 'ðŸ“ž| Hosting' updated in ShadowT3ch Development Group: position: 23 -> 22
METADATA: {"timestamp": "2026-01-05T00:50:19.351611", "bot_version": "2.6.4", "guild_id": 1419349908850475031, "guild_name": "ShadowT3ch Development Group", "role_id": 1456556031906938995, "role_name": "\ud83d\udcde| Hosting", "extra": {"position_change": {"before": 23, "after": 22}}}
---
[2026-01-05T00:50:20.830209] [INFO] [ROLES] [RoleUpdate] Role 'ðŸ’¼| Manager' updated in ShadowT3ch Development Group: position: 24 -> 23
METADATA: {"timestamp": "2026-01-05T00:50:20.830153", "bot_version": "2.6.4", "guild_id": 1419349908850475031, "guild_name": "ShadowT3ch Development Group", "role_id": 1456556029780426815, "role_name": "\ud83d\udcbc| Manager", "extra": {"position_change": {"before": 24, "after": 23}}}
---
[2026-01-05T00:50:22.236759] [INFO] [ROLES] [RoleUpdate] Role 'ðŸ‘‘| Co-Owner' updated in ShadowT3ch Development Group: position: 25 -> 24
METADATA: {"timestamp": "2026-01-05T00:50:22.236684", "bot_version": "2.6.4", "guild_id": 1419349908850475031, "guild_name": "ShadowT3ch Development Group", "role_id": 1456556028526071903, "role_name": "\ud83d\udc51| Co-Owner", "extra": {"position_change": {"before": 25, "after": 24}}}
---
