[2025-11-02T17:19:00.516921] [INFO] [ROLES] [RoleCreated] Role 'Charge 2.0' created in ByteHub
METADATA: {"timestamp": "2025-11-02T17:19:00.516873", "bot_version": "2.4.0", "guild_id": 1425539343480655886, "extra": {"role_position": 1, "role_color": "#000000"}}
---
[2025-11-02T17:19:34.196661] [INFO] [ROLES] [RoleCreated] Role 'Charge 2.0' created in ByteHub
METADATA: {"timestamp": "2025-11-02T17:19:34.196601", "bot_version": "2.4.0", "guild_id": 1425539343480655886, "extra": {"role_position": 1, "role_color": "#000000"}}
---
[2025-11-02T17:19:50.553522] [INFO] [ROLES] [RoleCreated] Role 'XenBot' created in ByteHub
METADATA: {"timestamp": "2025-11-02T17:19:50.553475", "bot_version": "2.4.0", "guild_id": 1425539343480655886, "extra": {"role_position": 1, "role_color": "#000000"}}
---
[2025-11-02T21:05:23.063914] [INFO] [ROLES] [RoleCreated] Role 'Charge Members' created in CryptX [OFFICIAL]
METADATA: {"timestamp": "2025-11-02T21:05:23.063874", "bot_version": "2.4.0", "guild_id": 1414819449474908192, "extra": {"role_position": 1, "role_color": "#000000"}}
---
[2025-11-02T21:06:01.676969] [INFO] [ROLES] [RoleCreated] Role 'Charge Members' created in CryptX [OFFICIAL]
METADATA: {"timestamp": "2025-11-02T21:06:01.676926", "bot_version": "2.4.0", "guild_id": 1414819449474908192, "extra": {"role_position": 1, "role_color": "#000000"}}
---
[2025-11-02T21:06:20.591931] [INFO] [ROLES] [RoleCreated] Role 'XenBot' created in CryptX [OFFICIAL]
METADATA: {"timestamp": "2025-11-02T21:06:20.591401", "bot_version": "2.4.0", "guild_id": 1414819449474908192, "extra": {"role_position": 1, "role_color": "#000000"}}
---
[2025-11-02T21:26:57.963524] [INFO] [ROLES] [RoleCreated] Role 'Charge Members' created in CryptX [OFFICIAL]
METADATA: {"timestamp": "2025-11-02T21:26:57.963481", "bot_version": "2.4.0", "guild_id": 1414819449474908192, "extra": {"role_position": 1, "role_color": "#000000"}}
---
[2025-11-02T21:28:28.409105] [INFO] [ROLES] [RoleCreated] Role 'Charge Members' created in CryptX [OFFICIAL]
METADATA: {"timestamp": "2025-11-02T21:28:28.409060", "bot_version": "2.4.0", "guild_id": 1414819449474908192, "extra": {"role_position": 1, "role_color": "#000000"}}
---
[2025-11-02T21:30:20.024570] [INFO] [ROLES] [RoleCreated] Role 'XenBot' created in CryptX [OFFICIAL]
METADATA: {"timestamp": "2025-11-02T21:30:20.024516", "bot_version": "2.4.0", "guild_id": 1414819449474908192, "extra": {"role_position": 1, "role_color": "#000000"}}
---
[2025-11-02T21:48:02.952060] [INFO] [ROLES] [RoleCreated] Role 'Charge Members' created in CryptX [OFFICIAL]
METADATA: {"timestamp": "2025-11-02T21:48:02.952019", "bot_version": "2.4.0", "guild_id": 1414819449474908192, "extra": {"role_position": 1, "role_color": "#000000"}}
---
[2025-11-02T21:49:15.456583] [INFO] [ROLES] [RoleCreated] Role 'Charge Members' created in CryptX [OFFICIAL]
METADATA: {"timestamp": "2025-11-02T21:49:15.456532", "bot_version": "2.4.0", "guild_id": 1414819449474908192, "extra": {"role_position": 1, "role_color": "#000000"}}
---
[2025-11-02T21:49:36.067609] [INFO] [ROLES] [RoleCreated] Role 'XenBot' created in CryptX [OFFICIAL]
METADATA: {"timestamp": "2025-11-02T21:49:36.067550", "bot_version": "2.4.0", "guild_id": 1414819449474908192, "extra": {"role_position": 1, "role_color": "#000000"}}
---
