[2025-11-19T10:57:46.634035] [INFO] [ROLES] [RoleCreated] Role 'Violet 🍇' created in ShadowT3ch
METADATA: {"timestamp": "2025-11-19T10:57:46.633994", "bot_version": "2.4.0", "guild_id": 1436118893130158090, "extra": {"role_position": 1, "role_color": "#000000"}}
---
[2025-11-19T10:57:49.505784] [INFO] [ROLES] [RoleUpdate] Role 'Violet 🍇' updated in ShadowT3ch: permissions changed
METADATA: {"timestamp": "2025-11-19T10:57:49.505744", "bot_version": "2.4.0", "guild_id": 1436118893130158090, "guild_name": "ShadowT3ch", "role_id": 1440747897502044232, "role_name": "Violet \ud83c\udf47", "extra": {"permission_changes": {"added": "0x61dfdfffffff7", "removed": "0x0"}}}
---
[2025-11-19T10:58:04.552386] [INFO] [ROLES] [RoleUpdate] Role 'Violet 🍇' updated in ShadowT3ch: position: 1 -> 23
METADATA: {"timestamp": "2025-11-19T10:58:04.552345", "bot_version": "2.4.0", "guild_id": 1436118893130158090, "guild_name": "ShadowT3ch", "role_id": 1440747897502044232, "role_name": "Violet \ud83c\udf47", "extra": {"position_change": {"before": 1, "after": 23}}}
---
[2025-11-19T10:58:05.553526] [INFO] [ROLES] [RoleUpdate] Role '👑|  Owner' updated in ShadowT3ch: position: 23 -> 24
METADATA: {"timestamp": "2025-11-19T10:58:05.553491", "bot_version": "2.4.0", "guild_id": 1436118893130158090, "guild_name": "ShadowT3ch", "role_id": 1436118893205786748, "role_name": "\ud83d\udc51|  Owner", "extra": {"position_change": {"before": 23, "after": 24}}}
---
[2025-11-19T10:58:06.982859] [INFO] [ROLES] [RoleUpdate] Role 'Muted' updated in ShadowT3ch: position: 24 -> 25
METADATA: {"timestamp": "2025-11-19T10:58:06.982834", "bot_version": "2.4.0", "guild_id": 1436118893130158090, "guild_name": "ShadowT3ch", "role_id": 1436118893205786750, "role_name": "Muted", "extra": {"position_change": {"before": 24, "after": 25}}}
---
[2025-11-19T10:58:08.447810] [INFO] [ROLES] [RoleUpdate] Role '*' updated in ShadowT3ch: position: 25 -> 26
METADATA: {"timestamp": "2025-11-19T10:58:08.447774", "bot_version": "2.4.0", "guild_id": 1436118893130158090, "guild_name": "ShadowT3ch", "role_id": 1436118893205786751, "role_name": "*", "extra": {"position_change": {"before": 25, "after": 26}}}
---
[2025-11-19T10:58:09.855543] [INFO] [ROLES] [RoleUpdate] Role 'ShadowT3ch Logs' updated in ShadowT3ch: position: 26 -> 27
METADATA: {"timestamp": "2025-11-19T10:58:09.855511", "bot_version": "2.4.0", "guild_id": 1436118893130158090, "guild_name": "ShadowT3ch", "role_id": 1436128102077042783, "role_name": "ShadowT3ch Logs", "extra": {"position_change": {"before": 26, "after": 27}}}
---
[2025-11-19T10:58:11.390614] [INFO] [ROLES] [RoleUpdate] Role 'XenBot' updated in ShadowT3ch: position: 27 -> 28
METADATA: {"timestamp": "2025-11-19T10:58:11.390583", "bot_version": "2.4.0", "guild_id": 1436118893130158090, "guild_name": "ShadowT3ch", "role_id": 1436372945009246232, "role_name": "XenBot", "extra": {"position_change": {"before": 27, "after": 28}}}
---
[2025-11-19T10:58:12.777200] [INFO] [ROLES] [RoleUpdate] Role 'ShadowT3ch Security Pro' updated in ShadowT3ch: position: 28 -> 29
METADATA: {"timestamp": "2025-11-19T10:58:12.777169", "bot_version": "2.4.0", "guild_id": 1436118893130158090, "guild_name": "ShadowT3ch", "role_id": 1436123520274006102, "role_name": "ShadowT3ch Security Pro", "extra": {"position_change": {"before": 28, "after": 29}}}
---
[2025-11-19T10:58:24.293336] [INFO] [ROLES] [RoleUpdate] Role 'Violet 🍇' updated in ShadowT3ch: permissions changed
METADATA: {"timestamp": "2025-11-19T10:58:24.293286", "bot_version": "2.4.0", "guild_id": 1436118893130158090, "guild_name": "ShadowT3ch", "role_id": 1440747897502044232, "role_name": "Violet \ud83c\udf47", "extra": {"permission_changes": {"added": "0x8", "removed": "0x0"}}}
---
[2025-11-19T10:58:27.384351] [INFO] [ROLES] [RoleUpdate] Role 'Violet 🍇' updated in ShadowT3ch: permissions changed
METADATA: {"timestamp": "2025-11-19T10:58:27.384311", "bot_version": "2.4.0", "guild_id": 1436118893130158090, "guild_name": "ShadowT3ch", "role_id": 1440747897502044232, "role_name": "Violet \ud83c\udf47", "extra": {"permission_changes": {"added": "0x0", "removed": "0x8"}}}
---
[2025-11-19T10:59:03.638577] [INFO] [ROLES] [RoleUpdate] Role 'Violet 🍇' updated in ShadowT3ch: color: #000000 -> #71368a
METADATA: {"timestamp": "2025-11-19T10:59:03.638550", "bot_version": "2.4.0", "guild_id": 1436118893130158090, "guild_name": "ShadowT3ch", "role_id": 1440747897502044232, "role_name": "Violet \ud83c\udf47", "extra": {"color_change": {"before": "#000000", "after": "#71368a"}}}
---
[2025-11-19T15:09:32.001812] [INFO] [ROLES] [RoleUpdate] Role '👑|  Owner' updated in ShadowT3ch: position: 24 -> 22
METADATA: {"timestamp": "2025-11-19T15:09:32.001396", "bot_version": "2.4.0", "guild_id": 1436118893130158090, "guild_name": "ShadowT3ch", "role_id": 1436118893205786748, "role_name": "\ud83d\udc51|  Owner", "extra": {"position_change": {"before": 24, "after": 22}}}
---
[2025-11-19T15:09:33.003500] [INFO] [ROLES] [RoleUpdate] Role '❄️| SnowFall' updated in ShadowT3ch: position: 22 -> 23
METADATA: {"timestamp": "2025-11-19T15:09:33.003467", "bot_version": "2.4.0", "guild_id": 1436118893130158090, "guild_name": "ShadowT3ch", "role_id": 1440484859515764786, "role_name": "\u2744\ufe0f| SnowFall", "extra": {"position_change": {"before": 22, "after": 23}}}
---
[2025-11-19T15:09:34.372793] [INFO] [ROLES] [RoleUpdate] Role 'Muted' updated in ShadowT3ch: position: 25 -> 24
METADATA: {"timestamp": "2025-11-19T15:09:34.372771", "bot_version": "2.4.0", "guild_id": 1436118893130158090, "guild_name": "ShadowT3ch", "role_id": 1436118893205786750, "role_name": "Muted", "extra": {"position_change": {"before": 25, "after": 24}}}
---
[2025-11-19T15:09:35.785705] [INFO] [ROLES] [RoleUpdate] Role '*' updated in ShadowT3ch: position: 26 -> 25
METADATA: {"timestamp": "2025-11-19T15:09:35.785671", "bot_version": "2.4.0", "guild_id": 1436118893130158090, "guild_name": "ShadowT3ch", "role_id": 1436118893205786751, "role_name": "*", "extra": {"position_change": {"before": 26, "after": 25}}}
---
[2025-11-19T15:09:37.168207] [INFO] [ROLES] [RoleUpdate] Role 'ShadowT3ch Logs' updated in ShadowT3ch: position: 27 -> 26
METADATA: {"timestamp": "2025-11-19T15:09:37.168175", "bot_version": "2.4.0", "guild_id": 1436118893130158090, "guild_name": "ShadowT3ch", "role_id": 1436128102077042783, "role_name": "ShadowT3ch Logs", "extra": {"position_change": {"before": 27, "after": 26}}}
---
[2025-11-19T15:09:38.583035] [INFO] [ROLES] [RoleUpdate] Role 'XenBot' updated in ShadowT3ch: position: 28 -> 27
METADATA: {"timestamp": "2025-11-19T15:09:38.582991", "bot_version": "2.4.0", "guild_id": 1436118893130158090, "guild_name": "ShadowT3ch", "role_id": 1436372945009246232, "role_name": "XenBot", "extra": {"position_change": {"before": 28, "after": 27}}}
---
[2025-11-19T15:09:40.081628] [INFO] [ROLES] [RoleUpdate] Role 'ShadowT3ch Security Pro' updated in ShadowT3ch: position: 29 -> 28
METADATA: {"timestamp": "2025-11-19T15:09:40.081597", "bot_version": "2.4.0", "guild_id": 1436118893130158090, "guild_name": "ShadowT3ch", "role_id": 1436123520274006102, "role_name": "ShadowT3ch Security Pro", "extra": {"position_change": {"before": 29, "after": 28}}}
---
[2025-11-19T15:10:51.819966] [INFO] [ROLES] [RoleUpdate] Role '❄️| SnowFall' updated in ShadowT3ch: permissions changed
METADATA: {"timestamp": "2025-11-19T15:10:51.819923", "bot_version": "2.4.0", "guild_id": 1436118893130158090, "guild_name": "ShadowT3ch", "role_id": 1440484859515764786, "role_name": "\u2744\ufe0f| SnowFall", "extra": {"permission_changes": {"added": "0xf7dffdffffff7", "removed": "0x0"}}}
---
