[2025-11-18T17:32:33.917890] [INFO] [ROLES] [RoleCreated] Role 'new role' created in ShadowT3ch
METADATA: {"timestamp": "2025-11-18T17:32:33.917835", "bot_version": "2.4.0", "guild_id": 1436118893130158090, "extra": {"role_position": 1, "role_color": "#000000"}}
---
[2025-11-18T17:32:40.447585] [INFO] [ROLES] [RoleUpdate] Role 'Free Stuff' updated in ShadowT3ch: position: 1 -> 2
METADATA: {"timestamp": "2025-11-18T17:32:40.447522", "bot_version": "2.4.0", "guild_id": 1436118893130158090, "guild_name": "ShadowT3ch", "role_id": 1438645057992392798, "role_name": "Free Stuff", "extra": {"position_change": {"before": 1, "after": 2}}}
---
[2025-11-18T17:32:41.204581] [INFO] [ROLES] [RoleUpdate] Role 'Support Team' updated in ShadowT3ch: position: 1 -> 3
METADATA: {"timestamp": "2025-11-18T17:32:41.204545", "bot_version": "2.4.0", "guild_id": 1436118893130158090, "guild_name": "ShadowT3ch", "role_id": 1436118893130158091, "role_name": "Support Team", "extra": {"position_change": {"before": 1, "after": 3}}}
---
[2025-11-18T17:32:42.543236] [INFO] [ROLES] [RoleUpdate] Role 'Staff Team' updated in ShadowT3ch: position: 2 -> 4
METADATA: {"timestamp": "2025-11-18T17:32:42.543200", "bot_version": "2.4.0", "guild_id": 1436118893130158090, "guild_name": "ShadowT3ch", "role_id": 1436118893130158092, "role_name": "Staff Team", "extra": {"position_change": {"before": 2, "after": 4}}}
---
[2025-11-18T17:32:43.882517] [INFO] [ROLES] [RoleUpdate] Role 'ðŸ”¥| Member' updated in ShadowT3ch: position: 3 -> 5
METADATA: {"timestamp": "2025-11-18T17:32:43.882492", "bot_version": "2.4.0", "guild_id": 1436118893130158090, "guild_name": "ShadowT3ch", "role_id": 1436118893130158093, "role_name": "\ud83d\udd25| Member", "extra": {"position_change": {"before": 3, "after": 5}}}
---
[2025-11-18T17:32:45.257826] [INFO] [ROLES] [RoleUpdate] Role 'ðŸ˜± | Basic' updated in ShadowT3ch: position: 4 -> 6
METADATA: {"timestamp": "2025-11-18T17:32:45.257803", "bot_version": "2.4.0", "guild_id": 1436118893130158090, "guild_name": "ShadowT3ch", "role_id": 1436118893130158094, "role_name": "\ud83d\ude31 | Basic", "extra": {"position_change": {"before": 4, "after": 6}}}
---
[2025-11-18T17:32:46.636293] [INFO] [ROLES] [RoleUpdate] Role 'ðŸ“± | Bots' updated in ShadowT3ch: position: 5 -> 7
METADATA: {"timestamp": "2025-11-18T17:32:46.636257", "bot_version": "2.4.0", "guild_id": 1436118893130158090, "guild_name": "ShadowT3ch", "role_id": 1436118893130158095, "role_name": "\ud83d\udcf1 | Bots", "extra": {"position_change": {"before": 5, "after": 7}}}
---
[2025-11-18T17:32:48.033603] [INFO] [ROLES] [RoleUpdate] Role 'ðŸ˜Ž | Legend' updated in ShadowT3ch: position: 6 -> 8
METADATA: {"timestamp": "2025-11-18T17:32:48.033571", "bot_version": "2.4.0", "guild_id": 1436118893130158090, "guild_name": "ShadowT3ch", "role_id": 1436118893130158096, "role_name": "\ud83d\ude0e | Legend", "extra": {"position_change": {"before": 6, "after": 8}}}
---
[2025-11-18T17:32:49.364451] [INFO] [ROLES] [RoleUpdate] Role 'ðŸŽ¥ | Jr Youtuber' updated in ShadowT3ch: position: 7 -> 9
METADATA: {"timestamp": "2025-11-18T17:32:49.364424", "bot_version": "2.4.0", "guild_id": 1436118893130158090, "guild_name": "ShadowT3ch", "role_id": 1436118893130158097, "role_name": "\ud83c\udfa5 | Jr Youtuber", "extra": {"position_change": {"before": 7, "after": 9}}}
---
[2025-11-18T17:32:50.709827] [INFO] [ROLES] [RoleUpdate] Role 'ðŸŽ¥ | Youtuber' updated in ShadowT3ch: position: 8 -> 10
METADATA: {"timestamp": "2025-11-18T17:32:50.709805", "bot_version": "2.4.0", "guild_id": 1436118893130158090, "guild_name": "ShadowT3ch", "role_id": 1436118893130158098, "role_name": "\ud83c\udfa5 | Youtuber", "extra": {"position_change": {"before": 8, "after": 10}}}
---
[2025-11-18T17:32:52.109665] [INFO] [ROLES] [RoleUpdate] Role 'ðŸŽ“| Helper' updated in ShadowT3ch: position: 9 -> 11
METADATA: {"timestamp": "2025-11-18T17:32:52.109640", "bot_version": "2.4.0", "guild_id": 1436118893130158090, "guild_name": "ShadowT3ch", "role_id": 1436118893130158099, "role_name": "\ud83c\udf93| Helper", "extra": {"position_change": {"before": 9, "after": 11}}}
---
[2025-11-18T17:32:53.455588] [INFO] [ROLES] [RoleUpdate] Role 'âœ| Designer' updated in ShadowT3ch: position: 10 -> 12
METADATA: {"timestamp": "2025-11-18T17:32:53.455564", "bot_version": "2.4.0", "guild_id": 1436118893130158090, "guild_name": "ShadowT3ch", "role_id": 1436118893193330718, "role_name": "\u270f| Designer", "extra": {"position_change": {"before": 10, "after": 12}}}
---
[2025-11-18T17:32:54.849621] [INFO] [ROLES] [RoleUpdate] Role 'ðŸ‘·| Builder' updated in ShadowT3ch: position: 11 -> 13
METADATA: {"timestamp": "2025-11-18T17:32:54.849583", "bot_version": "2.4.0", "guild_id": 1436118893130158090, "guild_name": "ShadowT3ch", "role_id": 1436118893193330719, "role_name": "\ud83d\udc77| Builder", "extra": {"position_change": {"before": 11, "after": 13}}}
---
[2025-11-18T17:32:56.201385] [INFO] [ROLES] [RoleUpdate] Role 'ðŸ“² | Project Manager' updated in ShadowT3ch: position: 12 -> 14
METADATA: {"timestamp": "2025-11-18T17:32:56.201353", "bot_version": "2.4.0", "guild_id": 1436118893130158090, "guild_name": "ShadowT3ch", "role_id": 1436118893193330720, "role_name": "\ud83d\udcf2 | Project Manager", "extra": {"position_change": {"before": 12, "after": 14}}}
---
