[2025-11-20T07:17:41.271411] [INFO] [ROLES] [RoleCreated] Role 'ShadowT3ch AI' created in ShadowT3ch
METADATA: {"timestamp": "2025-11-20T07:17:41.271359", "bot_version": "2.4.0", "guild_id": 1436118893130158090, "extra": {"role_position": 1, "role_color": "#000000"}}
---
[2025-11-20T07:34:50.748946] [INFO] [ROLES] [RoleUpdate] Role 'Free Stuff' updated in ShadowT3ch: position: 1 -> 2
METADATA: {"timestamp": "2025-11-20T07:34:50.748900", "bot_version": "2.4.0", "guild_id": 1436118893130158090, "guild_name": "ShadowT3ch", "role_id": 1438645057992392798, "role_name": "Free Stuff", "extra": {"position_change": {"before": 1, "after": 2}}}
---
[2025-11-20T07:34:51.487290] [INFO] [ROLES] [RoleUpdate] Role 'Support Team' updated in ShadowT3ch: position: 2 -> 3
METADATA: {"timestamp": "2025-11-20T07:34:51.487259", "bot_version": "2.4.0", "guild_id": 1436118893130158090, "guild_name": "ShadowT3ch", "role_id": 1436118893130158091, "role_name": "Support Team", "extra": {"position_change": {"before": 2, "after": 3}}}
---
[2025-11-20T07:34:52.953537] [INFO] [ROLES] [RoleUpdate] Role 'Staff Team' updated in ShadowT3ch: position: 3 -> 4
METADATA: {"timestamp": "2025-11-20T07:34:52.953515", "bot_version": "2.4.0", "guild_id": 1436118893130158090, "guild_name": "ShadowT3ch", "role_id": 1436118893130158092, "role_name": "Staff Team", "extra": {"position_change": {"before": 3, "after": 4}}}
---
[2025-11-20T07:34:54.394017] [INFO] [ROLES] [RoleUpdate] Role '🔥| Member' updated in ShadowT3ch: position: 4 -> 5
METADATA: {"timestamp": "2025-11-20T07:34:54.393995", "bot_version": "2.4.0", "guild_id": 1436118893130158090, "guild_name": "ShadowT3ch", "role_id": 1436118893130158093, "role_name": "\ud83d\udd25| Member", "extra": {"position_change": {"before": 4, "after": 5}}}
---
[2025-11-20T07:34:55.817437] [INFO] [ROLES] [RoleUpdate] Role '😱 | Basic' updated in ShadowT3ch: position: 5 -> 6
METADATA: {"timestamp": "2025-11-20T07:34:55.817404", "bot_version": "2.4.0", "guild_id": 1436118893130158090, "guild_name": "ShadowT3ch", "role_id": 1436118893130158094, "role_name": "\ud83d\ude31 | Basic", "extra": {"position_change": {"before": 5, "after": 6}}}
---
[2025-11-20T07:34:57.194574] [INFO] [ROLES] [RoleUpdate] Role '📱 | Bots' updated in ShadowT3ch: position: 6 -> 7
METADATA: {"timestamp": "2025-11-20T07:34:57.194552", "bot_version": "2.4.0", "guild_id": 1436118893130158090, "guild_name": "ShadowT3ch", "role_id": 1436118893130158095, "role_name": "\ud83d\udcf1 | Bots", "extra": {"position_change": {"before": 6, "after": 7}}}
---
