[2026-01-03T01:01:13.329588] [INFO] [ROLES] [RoleUpdate] Role 'XenBot' updated in ShadowT3ch Development Group: permissions changed
METADATA: {"timestamp": "2026-01-03T01:01:13.329588", "bot_version": "2.4.0", "guild_id": 1419349908850475031, "guild_name": "ShadowT3ch Development Group", "role_id": 1456813984077316139, "role_name": "XenBot", "extra": {"permission_changes": {"added": "0x0", "removed": "0x8"}}}
---
[2026-01-03T01:01:25.836673] [INFO] [ROLES] [RoleCreated] Role 'ShadowT3ch Key System' created in ShadowT3ch Development Group
METADATA: {"timestamp": "2026-01-03T01:01:25.836673", "bot_version": "2.4.0", "guild_id": 1419349908850475031, "extra": {"role_position": 1, "role_color": "#000000"}}
---
[2026-01-03T01:01:29.187426] [INFO] [ROLES] [RoleUpdate] Role 'ShadowT3ch Key System' updated in ShadowT3ch Development Group: permissions changed
METADATA: {"timestamp": "2026-01-03T01:01:29.187426", "bot_version": "2.4.0", "guild_id": 1419349908850475031, "guild_name": "ShadowT3ch Development Group", "role_id": 1456890174570237986, "role_name": "ShadowT3ch Key System", "extra": {"permission_changes": {"added": "0x0", "removed": "0x8"}}}
---
[2026-01-03T01:02:00.792154] [INFO] [ROLES] [RoleUpdate] Role 'Bot Owner' updated in ShadowT3ch Development Group: position: 1 -> 2
METADATA: {"timestamp": "2026-01-03T01:02:00.792154", "bot_version": "2.4.0", "guild_id": 1419349908850475031, "guild_name": "ShadowT3ch Development Group", "role_id": 1456866056667926559, "role_name": "Bot Owner", "extra": {"position_change": {"before": 1, "after": 2}}}
---
[2026-01-03T01:02:01.655297] [INFO] [ROLES] [RoleUpdate] Role 'Free Stuff' updated in ShadowT3ch Development Group: position: 2 -> 3
METADATA: {"timestamp": "2026-01-03T01:02:01.655297", "bot_version": "2.4.0", "guild_id": 1419349908850475031, "guild_name": "ShadowT3ch Development Group", "role_id": 1456606489442652171, "role_name": "Free Stuff", "extra": {"position_change": {"before": 2, "after": 3}}}
---
[2026-01-03T01:02:03.177713] [INFO] [ROLES] [RoleUpdate] Role 'Server Booster' updated in ShadowT3ch Development Group: position: 3 -> 4
METADATA: {"timestamp": "2026-01-03T01:02:03.176631", "bot_version": "2.4.0", "guild_id": 1419349908850475031, "guild_name": "ShadowT3ch Development Group", "role_id": 1419388613145395313, "role_name": "Server Booster", "extra": {"position_change": {"before": 3, "after": 4}}}
---
[2026-01-03T01:02:04.642957] [INFO] [ROLES] [RoleUpdate] Role 'Support Team' updated in ShadowT3ch Development Group: position: 4 -> 5
METADATA: {"timestamp": "2026-01-03T01:02:04.642957", "bot_version": "2.4.0", "guild_id": 1419349908850475031, "guild_name": "ShadowT3ch Development Group", "role_id": 1456556060822470668, "role_name": "Support Team", "extra": {"position_change": {"before": 4, "after": 5}}}
---
[2026-01-03T01:02:06.313224] [INFO] [ROLES] [RoleUpdate] Role 'Staff Team' updated in ShadowT3ch Development Group: position: 5 -> 6
METADATA: {"timestamp": "2026-01-03T01:02:06.313224", "bot_version": "2.4.0", "guild_id": 1419349908850475031, "guild_name": "ShadowT3ch Development Group", "role_id": 1456556059329298590, "role_name": "Staff Team", "extra": {"position_change": {"before": 5, "after": 6}}}
---
[2026-01-03T01:02:07.933345] [INFO] [ROLES] [RoleUpdate] Role 'ðŸ”¥| Member' updated in ShadowT3ch Development Group: position: 6 -> 7
METADATA: {"timestamp": "2026-01-03T01:02:07.933345", "bot_version": "2.4.0", "guild_id": 1419349908850475031, "guild_name": "ShadowT3ch Development Group", "role_id": 1456556058305757246, "role_name": "\ud83d\udd25| Member", "extra": {"position_change": {"before": 6, "after": 7}}}
---
[2026-01-03T01:02:09.512125] [INFO] [ROLES] [RoleUpdate] Role 'ðŸ˜± | Basic' updated in ShadowT3ch Development Group: position: 7 -> 8
METADATA: {"timestamp": "2026-01-03T01:02:09.512125", "bot_version": "2.4.0", "guild_id": 1419349908850475031, "guild_name": "ShadowT3ch Development Group", "role_id": 1456556057152454877, "role_name": "\ud83d\ude31 | Basic", "extra": {"position_change": {"before": 7, "after": 8}}}
---
[2026-01-03T01:02:11.045034] [INFO] [ROLES] [RoleUpdate] Role 'ðŸ“± | Bots' updated in ShadowT3ch Development Group: position: 8 -> 9
METADATA: {"timestamp": "2026-01-03T01:02:11.043958", "bot_version": "2.4.0", "guild_id": 1419349908850475031, "guild_name": "ShadowT3ch Development Group", "role_id": 1456556049694720137, "role_name": "\ud83d\udcf1 | Bots", "extra": {"position_change": {"before": 8, "after": 9}}}
---
[2026-01-03T01:02:12.560634] [INFO] [ROLES] [RoleUpdate] Role 'ðŸ˜Ž | Legend' updated in ShadowT3ch Development Group: position: 9 -> 10
METADATA: {"timestamp": "2026-01-03T01:02:12.560634", "bot_version": "2.4.0", "guild_id": 1419349908850475031, "guild_name": "ShadowT3ch Development Group", "role_id": 1456556048155545735, "role_name": "\ud83d\ude0e | Legend", "extra": {"position_change": {"before": 9, "after": 10}}}
---
[2026-01-03T01:02:14.034251] [INFO] [ROLES] [RoleUpdate] Role 'ðŸŽ¥ | Jr Youtuber' updated in ShadowT3ch Development Group: position: 10 -> 11
METADATA: {"timestamp": "2026-01-03T01:02:14.034251", "bot_version": "2.4.0", "guild_id": 1419349908850475031, "guild_name": "ShadowT3ch Development Group", "role_id": 1456556046700118077, "role_name": "\ud83c\udfa5 | Jr Youtuber", "extra": {"position_change": {"before": 10, "after": 11}}}
---
[2026-01-03T01:02:15.657395] [INFO] [ROLES] [RoleUpdate] Role 'ðŸŽ¥ | Youtuber' updated in ShadowT3ch Development Group: position: 11 -> 12
METADATA: {"timestamp": "2026-01-03T01:02:15.654983", "bot_version": "2.4.0", "guild_id": 1419349908850475031, "guild_name": "ShadowT3ch Development Group", "role_id": 1456556044816879686, "role_name": "\ud83c\udfa5 | Youtuber", "extra": {"position_change": {"before": 11, "after": 12}}}
---
[2026-01-03T01:02:17.224466] [INFO] [ROLES] [RoleUpdate] Role 'ðŸŽ“| Helper' updated in ShadowT3ch Development Group: position: 12 -> 13
METADATA: {"timestamp": "2026-01-03T01:02:17.224466", "bot_version": "2.4.0", "guild_id": 1419349908850475031, "guild_name": "ShadowT3ch Development Group", "role_id": 1456556043663577264, "role_name": "\ud83c\udf93| Helper", "extra": {"position_change": {"before": 12, "after": 13}}}
---
[2026-01-03T01:02:19.048724] [INFO] [ROLES] [RoleUpdate] Role 'âœ| Designer' updated in ShadowT3ch Development Group: position: 13 -> 14
METADATA: {"timestamp": "2026-01-03T01:02:19.047327", "bot_version": "2.4.0", "guild_id": 1419349908850475031, "guild_name": "ShadowT3ch Development Group", "role_id": 1456556041398521879, "role_name": "\u270f| Designer", "extra": {"position_change": {"before": 13, "after": 14}}}
---
[2026-01-03T01:02:20.514822] [INFO] [ROLES] [RoleUpdate] Role 'ðŸ‘·| Builder' updated in ShadowT3ch Development Group: position: 14 -> 15
METADATA: {"timestamp": "2026-01-03T01:02:20.514822", "bot_version": "2.4.0", "guild_id": 1419349908850475031, "guild_name": "ShadowT3ch Development Group", "role_id": 1456556040161202359, "role_name": "\ud83d\udc77| Builder", "extra": {"position_change": {"before": 14, "after": 15}}}
---
