[2026-01-02T20:06:20.072128] [INFO] [ROLES] [RoleUpdate] Role 'ShadowT3ch Logs' updated in ShadowT3ch Development Group: permissions changed
METADATA: {"timestamp": "2026-01-02T20:06:20.072128", "bot_version": "2.4.0", "guild_id": 1419349908850475031, "guild_name": "ShadowT3ch Development Group", "role_id": 1456815911184109715, "role_name": "ShadowT3ch Logs", "extra": {"permission_changes": {"added": "0x0", "removed": "0x8"}}}
---
[2026-01-02T20:07:43.637071] [INFO] [ROLES] [RoleUpdate] Role 'ShadowT3ch Logs' updated in ShadowT3ch Development Group: permissions changed
METADATA: {"timestamp": "2026-01-02T20:07:43.637071", "bot_version": "2.4.0", "guild_id": 1419349908850475031, "guild_name": "ShadowT3ch Development Group", "role_id": 1456816262058479671, "role_name": "ShadowT3ch Logs", "extra": {"permission_changes": {"added": "0x0", "removed": "0x8"}}}
---
[2026-01-02T20:10:20.324976] [INFO] [ROLES] [RoleUpdate] Role 'ShadowT3ch Logs' updated in ShadowT3ch Development Group: position: 1 -> 27
METADATA: {"timestamp": "2026-01-02T20:10:20.324976", "bot_version": "2.4.0", "guild_id": 1419349908850475031, "guild_name": "ShadowT3ch Development Group", "role_id": 1456816262058479671, "role_name": "ShadowT3ch Logs", "extra": {"position_change": {"before": 1, "after": 27}}}
---
[2026-01-02T20:10:21.815932] [INFO] [ROLES] [RoleUpdate] Role 'XenBot' updated in ShadowT3ch Development Group: position: 27 -> 28
METADATA: {"timestamp": "2026-01-02T20:10:21.815932", "bot_version": "2.4.0", "guild_id": 1419349908850475031, "guild_name": "ShadowT3ch Development Group", "role_id": 1456813984077316139, "role_name": "XenBot", "extra": {"position_change": {"before": 27, "after": 28}}}
---
[2026-01-02T20:10:23.347413] [INFO] [ROLES] [RoleUpdate] Role 'ShadowT3ch Security Pro' updated in ShadowT3ch Development Group: position: 28 -> 29
METADATA: {"timestamp": "2026-01-02T20:10:23.347413", "bot_version": "2.4.0", "guild_id": 1419349908850475031, "guild_name": "ShadowT3ch Development Group", "role_id": 1456561521868935232, "role_name": "ShadowT3ch Security Pro", "extra": {"position_change": {"before": 28, "after": 29}}}
---
[2026-01-02T20:11:36.072887] [INFO] [ROLES] [RoleUpdate] Role 'ShadowT3ch Logs' updated in ShadowT3ch Development Group: permissions changed
METADATA: {"timestamp": "2026-01-02T20:11:36.072887", "bot_version": "2.4.0", "guild_id": 1419349908850475031, "guild_name": "ShadowT3ch Development Group", "role_id": 1456816262058479671, "role_name": "ShadowT3ch Logs", "extra": {"permission_changes": {"added": "0x8", "removed": "0x0"}}}
---
[2026-01-02T20:13:19.255327] [INFO] [ROLES] [RoleUpdate] Role 'XenBot' updated in ShadowT3ch Development Group: permissions changed
METADATA: {"timestamp": "2026-01-02T20:13:19.255327", "bot_version": "2.4.0", "guild_id": 1419349908850475031, "guild_name": "ShadowT3ch Development Group", "role_id": 1456813984077316139, "role_name": "XenBot", "extra": {"permission_changes": {"added": "0x8", "removed": "0x0"}}}
---
[2026-01-02T20:26:21.855235] [INFO] [ROLES] [RoleUpdate] Role 'XenBot' updated in ShadowT3ch Development Group: permissions changed
METADATA: {"timestamp": "2026-01-02T20:26:21.855235", "bot_version": "2.4.0", "guild_id": 1419349908850475031, "guild_name": "ShadowT3ch Development Group", "role_id": 1456813984077316139, "role_name": "XenBot", "extra": {"permission_changes": {"added": "0x0", "removed": "0x8"}}}
---
[2026-01-02T20:26:35.895972] [INFO] [ROLES] [RoleCreated] Role 'ShadowT3ch AI' created in ShadowT3ch Development Group
METADATA: {"timestamp": "2026-01-02T20:26:35.895972", "bot_version": "2.4.0", "guild_id": 1419349908850475031, "extra": {"role_position": 1, "role_color": "#000000"}}
---
