[2025-11-20T05:52:49.030674] [INFO] [TYPING] [TypingStart] User shinakomei started typing in 💬》general
METADATA: {"timestamp": "2025-11-20T05:52:49.030628", "bot_version": "2.4.0", "guild_id": 1436118893130158090, "channel_id": 1436118894661206152, "channel_name": "\ud83d\udcac\u300bgeneral", "user_id": 1251643888297312309, "username": "shinakomei", "extra": {}}
---
[2025-11-20T07:12:13.731829] [INFO] [TYPING] [TypingStart] User mqp6 started typing in 💬》general
METADATA: {"timestamp": "2025-11-20T07:12:13.731794", "bot_version": "2.4.0", "guild_id": 1436118893130158090, "channel_id": 1436118894661206152, "channel_name": "\ud83d\udcac\u300bgeneral", "user_id": 1373556059184042045, "username": "mqp6", "extra": {}}
---
[2025-11-20T07:12:20.692864] [INFO] [TYPING] [TypingStart] User 2clickdeath started typing in 💬》general
METADATA: {"timestamp": "2025-11-20T07:12:20.692833", "bot_version": "2.4.0", "guild_id": 1436118893130158090, "channel_id": 1436118894661206152, "channel_name": "\ud83d\udcac\u300bgeneral", "user_id": 1019698414839156817, "username": "2clickdeath", "extra": {}}
---
[2025-11-20T07:12:53.334978] [INFO] [TYPING] [TypingStart] User mqp6 started typing in 💬》general
METADATA: {"timestamp": "2025-11-20T07:12:53.334945", "bot_version": "2.4.0", "guild_id": 1436118893130158090, "channel_id": 1436118894661206152, "channel_name": "\ud83d\udcac\u300bgeneral", "user_id": 1373556059184042045, "username": "mqp6", "extra": {}}
---
[2025-11-20T07:15:48.508228] [INFO] [TYPING] [TypingStart] User mqp6 started typing in 💬》general
METADATA: {"timestamp": "2025-11-20T07:15:48.508186", "bot_version": "2.4.0", "guild_id": 1436118893130158090, "channel_id": 1436118894661206152, "channel_name": "\ud83d\udcac\u300bgeneral", "user_id": 1373556059184042045, "username": "mqp6", "extra": {}}
---
[2025-11-20T07:15:56.631643] [INFO] [TYPING] [TypingStart] User mqp6 started typing in 💬》general
METADATA: {"timestamp": "2025-11-20T07:15:56.631608", "bot_version": "2.4.0", "guild_id": 1436118893130158090, "channel_id": 1436118894661206152, "channel_name": "\ud83d\udcac\u300bgeneral", "user_id": 1373556059184042045, "username": "mqp6", "extra": {}}
---
[2025-11-20T07:16:15.742261] [INFO] [TYPING] [TypingStart] User 2clickdeath started typing in 💬》general
METADATA: {"timestamp": "2025-11-20T07:16:15.742212", "bot_version": "2.4.0", "guild_id": 1436118893130158090, "channel_id": 1436118894661206152, "channel_name": "\ud83d\udcac\u300bgeneral", "user_id": 1019698414839156817, "username": "2clickdeath", "extra": {}}
---
[2025-11-20T07:16:27.454479] [INFO] [TYPING] [TypingStart] User mqp6 started typing in 💬》general
METADATA: {"timestamp": "2025-11-20T07:16:27.454439", "bot_version": "2.4.0", "guild_id": 1436118893130158090, "channel_id": 1436118894661206152, "channel_name": "\ud83d\udcac\u300bgeneral", "user_id": 1373556059184042045, "username": "mqp6", "extra": {}}
---
[2025-11-20T07:16:41.113190] [INFO] [TYPING] [TypingStart] User mqp6 started typing in 💬》general
METADATA: {"timestamp": "2025-11-20T07:16:41.113157", "bot_version": "2.4.0", "guild_id": 1436118893130158090, "channel_id": 1436118894661206152, "channel_name": "\ud83d\udcac\u300bgeneral", "user_id": 1373556059184042045, "username": "mqp6", "extra": {}}
---
[2025-11-20T07:16:47.289021] [INFO] [TYPING] [TypingStart] User mqp6 started typing in 💬》general
METADATA: {"timestamp": "2025-11-20T07:16:47.288980", "bot_version": "2.4.0", "guild_id": 1436118893130158090, "channel_id": 1436118894661206152, "channel_name": "\ud83d\udcac\u300bgeneral", "user_id": 1373556059184042045, "username": "mqp6", "extra": {}}
---
[2025-11-20T07:16:50.858880] [INFO] [TYPING] [TypingStart] User 2clickdeath started typing in 💬》general
METADATA: {"timestamp": "2025-11-20T07:16:50.858856", "bot_version": "2.4.0", "guild_id": 1436118893130158090, "channel_id": 1436118894661206152, "channel_name": "\ud83d\udcac\u300bgeneral", "user_id": 1019698414839156817, "username": "2clickdeath", "extra": {}}
---
[2025-11-20T07:16:52.227762] [INFO] [TYPING] [TypingStart] User mqp6 started typing in 💬》general
METADATA: {"timestamp": "2025-11-20T07:16:52.227737", "bot_version": "2.4.0", "guild_id": 1436118893130158090, "channel_id": 1436118894661206152, "channel_name": "\ud83d\udcac\u300bgeneral", "user_id": 1373556059184042045, "username": "mqp6", "extra": {}}
---
[2025-11-20T07:16:55.198850] [INFO] [TYPING] [TypingStart] User mqp6 started typing in 💬》general
METADATA: {"timestamp": "2025-11-20T07:16:55.198818", "bot_version": "2.4.0", "guild_id": 1436118893130158090, "channel_id": 1436118894661206152, "channel_name": "\ud83d\udcac\u300bgeneral", "user_id": 1373556059184042045, "username": "mqp6", "extra": {}}
---
[2025-11-20T07:17:01.102132] [INFO] [TYPING] [TypingStart] User 2clickdeath started typing in 💬》general
METADATA: {"timestamp": "2025-11-20T07:17:01.102106", "bot_version": "2.4.0", "guild_id": 1436118893130158090, "channel_id": 1436118894661206152, "channel_name": "\ud83d\udcac\u300bgeneral", "user_id": 1019698414839156817, "username": "2clickdeath", "extra": {}}
---
[2025-11-20T07:17:04.281471] [INFO] [TYPING] [TypingStart] User mqp6 started typing in 💬》general
METADATA: {"timestamp": "2025-11-20T07:17:04.281445", "bot_version": "2.4.0", "guild_id": 1436118893130158090, "channel_id": 1436118894661206152, "channel_name": "\ud83d\udcac\u300bgeneral", "user_id": 1373556059184042045, "username": "mqp6", "extra": {}}
---
[2025-11-20T07:17:15.644848] [INFO] [TYPING] [TypingStart] User mqp6 started typing in 💬》general
METADATA: {"timestamp": "2025-11-20T07:17:15.644807", "bot_version": "2.4.0", "guild_id": 1436118893130158090, "channel_id": 1436118894661206152, "channel_name": "\ud83d\udcac\u300bgeneral", "user_id": 1373556059184042045, "username": "mqp6", "extra": {}}
---
[2025-11-20T07:17:24.224405] [INFO] [TYPING] [TypingStart] User mqp6 started typing in 💬》general
METADATA: {"timestamp": "2025-11-20T07:17:24.224371", "bot_version": "2.4.0", "guild_id": 1436118893130158090, "channel_id": 1436118894661206152, "channel_name": "\ud83d\udcac\u300bgeneral", "user_id": 1373556059184042045, "username": "mqp6", "extra": {}}
---
[2025-11-20T07:17:32.367434] [INFO] [TYPING] [TypingStart] User mqp6 started typing in 💬》general
METADATA: {"timestamp": "2025-11-20T07:17:32.367393", "bot_version": "2.4.0", "guild_id": 1436118893130158090, "channel_id": 1436118894661206152, "channel_name": "\ud83d\udcac\u300bgeneral", "user_id": 1373556059184042045, "username": "mqp6", "extra": {}}
---
[2025-11-20T07:17:49.022498] [INFO] [TYPING] [TypingStart] User mqp6 started typing in 💬》general
METADATA: {"timestamp": "2025-11-20T07:17:49.022475", "bot_version": "2.4.0", "guild_id": 1436118893130158090, "channel_id": 1436118894661206152, "channel_name": "\ud83d\udcac\u300bgeneral", "user_id": 1373556059184042045, "username": "mqp6", "extra": {}}
---
[2025-11-20T07:17:54.816111] [INFO] [TYPING] [TypingStart] User mqp6 started typing in 💬》general
METADATA: {"timestamp": "2025-11-20T07:17:54.816086", "bot_version": "2.4.0", "guild_id": 1436118893130158090, "channel_id": 1436118894661206152, "channel_name": "\ud83d\udcac\u300bgeneral", "user_id": 1373556059184042045, "username": "mqp6", "extra": {}}
---
[2025-11-20T07:18:09.823899] [INFO] [TYPING] [TypingStart] User mqp6 started typing in 💬》general
METADATA: {"timestamp": "2025-11-20T07:18:09.823878", "bot_version": "2.4.0", "guild_id": 1436118893130158090, "channel_id": 1436118894661206152, "channel_name": "\ud83d\udcac\u300bgeneral", "user_id": 1373556059184042045, "username": "mqp6", "extra": {}}
---
[2025-11-20T07:18:16.011951] [INFO] [TYPING] [TypingStart] User mqp6 started typing in 💬》general
METADATA: {"timestamp": "2025-11-20T07:18:16.011919", "bot_version": "2.4.0", "guild_id": 1436118893130158090, "channel_id": 1436118894661206152, "channel_name": "\ud83d\udcac\u300bgeneral", "user_id": 1373556059184042045, "username": "mqp6", "extra": {}}
---
