[2026-01-03T01:11:40.393354] [INFO] [TYPING] [TypingStart] User donthurtpain started typing in 💬》chat-with-ai
METADATA: {"timestamp": "2026-01-03T01:11:40.393354", "bot_version": "2.4.0", "guild_id": 1419349908850475031, "channel_id": 1456473934974418955, "channel_name": "\ud83d\udcac\u300bchat-with-ai", "user_id": 1283957288314343486, "username": "donthurtpain", "extra": {}}
---
[2026-01-03T01:11:45.142400] [INFO] [TYPING] [TypingStart] User ShadowT3ch AI#6744 started typing in 💬》chat-with-ai
METADATA: {"timestamp": "2026-01-03T01:11:45.141548", "bot_version": "2.4.0", "guild_id": 1419349908850475031, "channel_id": 1456473934974418955, "channel_name": "\ud83d\udcac\u300bchat-with-ai", "user_id": 1456820286761734264, "username": "ShadowT3ch AI#6744", "extra": {}}
---
[2026-01-03T01:11:47.698873] [INFO] [TYPING] [TypingStart] User donthurtpain started typing in 💬》chat-with-ai
METADATA: {"timestamp": "2026-01-03T01:11:47.698873", "bot_version": "2.4.0", "guild_id": 1419349908850475031, "channel_id": 1456473934974418955, "channel_name": "\ud83d\udcac\u300bchat-with-ai", "user_id": 1283957288314343486, "username": "donthurtpain", "extra": {}}
---
[2026-01-03T01:12:05.767447] [INFO] [TYPING] [TypingStart] User donthurtpain started typing in 💬》chat-with-ai
METADATA: {"timestamp": "2026-01-03T01:12:05.767447", "bot_version": "2.4.0", "guild_id": 1419349908850475031, "channel_id": 1456473934974418955, "channel_name": "\ud83d\udcac\u300bchat-with-ai", "user_id": 1283957288314343486, "username": "donthurtpain", "extra": {}}
---
[2026-01-03T01:12:10.458446] [INFO] [TYPING] [TypingStart] User ShadowT3ch AI#6744 started typing in 💬》chat-with-ai
METADATA: {"timestamp": "2026-01-03T01:12:10.458446", "bot_version": "2.4.0", "guild_id": 1419349908850475031, "channel_id": 1456473934974418955, "channel_name": "\ud83d\udcac\u300bchat-with-ai", "user_id": 1456820286761734264, "username": "ShadowT3ch AI#6744", "extra": {}}
---
[2026-01-03T01:12:13.683956] [INFO] [TYPING] [TypingStart] User donthurtpain started typing in 💬》chat-with-ai
METADATA: {"timestamp": "2026-01-03T01:12:13.683956", "bot_version": "2.4.0", "guild_id": 1419349908850475031, "channel_id": 1456473934974418955, "channel_name": "\ud83d\udcac\u300bchat-with-ai", "user_id": 1283957288314343486, "username": "donthurtpain", "extra": {}}
---
[2026-01-03T01:12:43.410677] [INFO] [TYPING] [TypingStart] User ShadowT3ch AI#6744 started typing in 💬》chat-with-ai
METADATA: {"timestamp": "2026-01-03T01:12:43.410677", "bot_version": "2.4.0", "guild_id": 1419349908850475031, "channel_id": 1456473934974418955, "channel_name": "\ud83d\udcac\u300bchat-with-ai", "user_id": 1456820286761734264, "username": "ShadowT3ch AI#6744", "extra": {}}
---
[2026-01-03T01:12:47.893976] [INFO] [TYPING] [TypingStart] User ShadowT3ch AI#6744 started typing in 💬》chat-with-ai
METADATA: {"timestamp": "2026-01-03T01:12:47.893976", "bot_version": "2.4.0", "guild_id": 1419349908850475031, "channel_id": 1456473934974418955, "channel_name": "\ud83d\udcac\u300bchat-with-ai", "user_id": 1456820286761734264, "username": "ShadowT3ch AI#6744", "extra": {}}
---
[2026-01-03T01:12:53.957497] [INFO] [TYPING] [TypingStart] User ShadowT3ch AI#6744 started typing in 💬》chat-with-ai
METADATA: {"timestamp": "2026-01-03T01:12:53.957497", "bot_version": "2.4.0", "guild_id": 1419349908850475031, "channel_id": 1456473934974418955, "channel_name": "\ud83d\udcac\u300bchat-with-ai", "user_id": 1456820286761734264, "username": "ShadowT3ch AI#6744", "extra": {}}
---
[2026-01-03T01:35:06.423146] [INFO] [TYPING] [TypingStart] User reaper_hunter69 started typing in 💬》general
METADATA: {"timestamp": "2026-01-03T01:35:06.423146", "bot_version": "2.4.0", "guild_id": 1419349908850475031, "channel_id": 1456473336375677011, "channel_name": "\ud83d\udcac\u300bgeneral", "user_id": 1407401119994613801, "username": "reaper_hunter69", "extra": {}}
---
[2026-01-03T01:49:21.032821] [INFO] [TYPING] [TypingStart] User 2clickdeath started typing in ⛔》server-logs
METADATA: {"timestamp": "2026-01-03T01:49:21.032821", "bot_version": "2.4.0", "guild_id": 1419349908850475031, "channel_id": 1456477520818868337, "channel_name": "\u26d4\u300bserver-logs", "user_id": 1019698414839156817, "username": "2clickdeath", "extra": {}}
---
[2026-01-03T02:20:01.362500] [INFO] [TYPING] [TypingStart] User donthurtpain started typing in 💬》general
METADATA: {"timestamp": "2026-01-03T02:20:01.362500", "bot_version": "2.4.0", "guild_id": 1419349908850475031, "channel_id": 1456473336375677011, "channel_name": "\ud83d\udcac\u300bgeneral", "user_id": 1283957288314343486, "username": "donthurtpain", "extra": {}}
---
