[2026-01-06T19:33:02.020205] [INFO] [TYPING] [TypingStart] User iriss.01 started typing in ⛔》leader-chat
METADATA: {"timestamp": "2026-01-06T19:33:02.020107", "bot_version": "2.6.4", "guild_id": 1419349908850475031, "channel_id": 1456477988387291177, "channel_name": "\u26d4\u300bleader-chat", "user_id": 1079826643922722848, "username": "iriss.01", "extra": {}}
---
[2026-01-06T19:33:06.797906] [INFO] [TYPING] [TypingStart] User iriss.01 started typing in ⛔》leader-chat
METADATA: {"timestamp": "2026-01-06T19:33:06.797822", "bot_version": "2.6.4", "guild_id": 1419349908850475031, "channel_id": 1456477988387291177, "channel_name": "\u26d4\u300bleader-chat", "user_id": 1079826643922722848, "username": "iriss.01", "extra": {}}
---
[2026-01-06T19:33:15.083633] [INFO] [TYPING] [TypingStart] User iriss.01 started typing in ⛔》leader-chat
METADATA: {"timestamp": "2026-01-06T19:33:15.083550", "bot_version": "2.6.4", "guild_id": 1419349908850475031, "channel_id": 1456477988387291177, "channel_name": "\u26d4\u300bleader-chat", "user_id": 1079826643922722848, "username": "iriss.01", "extra": {}}
---
[2026-01-06T19:33:25.597341] [INFO] [TYPING] [TypingStart] User iriss.01 started typing in ⛔》leader-chat
METADATA: {"timestamp": "2026-01-06T19:33:25.597263", "bot_version": "2.6.4", "guild_id": 1419349908850475031, "channel_id": 1456477988387291177, "channel_name": "\u26d4\u300bleader-chat", "user_id": 1079826643922722848, "username": "iriss.01", "extra": {}}
---
[2026-01-06T19:33:44.375582] [INFO] [TYPING] [TypingStart] User iriss.01 started typing in 💬》general
METADATA: {"timestamp": "2026-01-06T19:33:44.375500", "bot_version": "2.6.4", "guild_id": 1419349908850475031, "channel_id": 1456473336375677011, "channel_name": "\ud83d\udcac\u300bgeneral", "user_id": 1079826643922722848, "username": "iriss.01", "extra": {}}
---
[2026-01-06T19:34:04.357189] [INFO] [TYPING] [TypingStart] User 2clickdeath started typing in ⛔》leader-chat
METADATA: {"timestamp": "2026-01-06T19:34:04.357086", "bot_version": "2.6.4", "guild_id": 1419349908850475031, "channel_id": 1456477988387291177, "channel_name": "\u26d4\u300bleader-chat", "user_id": 1019698414839156817, "username": "2clickdeath", "extra": {}}
---
[2026-01-06T19:34:12.521782] [INFO] [TYPING] [TypingStart] User 2clickdeath started typing in ⛔》leader-chat
METADATA: {"timestamp": "2026-01-06T19:34:12.521701", "bot_version": "2.6.4", "guild_id": 1419349908850475031, "channel_id": 1456477988387291177, "channel_name": "\u26d4\u300bleader-chat", "user_id": 1019698414839156817, "username": "2clickdeath", "extra": {}}
---
[2026-01-06T19:34:18.746347] [INFO] [TYPING] [TypingStart] User 2clickdeath started typing in ⛔》leader-chat
METADATA: {"timestamp": "2026-01-06T19:34:18.746274", "bot_version": "2.6.4", "guild_id": 1419349908850475031, "channel_id": 1456477988387291177, "channel_name": "\u26d4\u300bleader-chat", "user_id": 1019698414839156817, "username": "2clickdeath", "extra": {}}
---
[2026-01-06T19:34:21.650377] [INFO] [TYPING] [TypingStart] User iriss.01 started typing in ⛔》leader-chat
METADATA: {"timestamp": "2026-01-06T19:34:21.650269", "bot_version": "2.6.4", "guild_id": 1419349908850475031, "channel_id": 1456477988387291177, "channel_name": "\u26d4\u300bleader-chat", "user_id": 1079826643922722848, "username": "iriss.01", "extra": {}}
---
[2026-01-06T19:34:39.870230] [INFO] [TYPING] [TypingStart] User 2clickdeath started typing in ⛔》leader-chat
METADATA: {"timestamp": "2026-01-06T19:34:39.870160", "bot_version": "2.6.4", "guild_id": 1419349908850475031, "channel_id": 1456477988387291177, "channel_name": "\u26d4\u300bleader-chat", "user_id": 1019698414839156817, "username": "2clickdeath", "extra": {}}
---
[2026-01-06T19:34:48.068166] [INFO] [TYPING] [TypingStart] User 2clickdeath started typing in ⛔》leader-chat
METADATA: {"timestamp": "2026-01-06T19:34:48.068121", "bot_version": "2.6.4", "guild_id": 1419349908850475031, "channel_id": 1456477988387291177, "channel_name": "\u26d4\u300bleader-chat", "user_id": 1019698414839156817, "username": "2clickdeath", "extra": {}}
---
[2026-01-06T19:35:08.344243] [INFO] [TYPING] [TypingStart] User iriss.01 started typing in 💬》general
METADATA: {"timestamp": "2026-01-06T19:35:08.344172", "bot_version": "2.6.4", "guild_id": 1419349908850475031, "channel_id": 1456473336375677011, "channel_name": "\ud83d\udcac\u300bgeneral", "user_id": 1079826643922722848, "username": "iriss.01", "extra": {}}
---
[2026-01-06T19:35:26.683258] [INFO] [TYPING] [TypingStart] User _darknullbyte started typing in 💬》general
METADATA: {"timestamp": "2026-01-06T19:35:26.683177", "bot_version": "2.6.4", "guild_id": 1419349908850475031, "channel_id": 1456473336375677011, "channel_name": "\ud83d\udcac\u300bgeneral", "user_id": 1141232275447631932, "username": "_darknullbyte", "extra": {}}
---
[2026-01-06T19:35:47.298995] [INFO] [TYPING] [TypingStart] User iriss.01 started typing in 💬》general
METADATA: {"timestamp": "2026-01-06T19:35:47.298910", "bot_version": "2.6.4", "guild_id": 1419349908850475031, "channel_id": 1456473336375677011, "channel_name": "\ud83d\udcac\u300bgeneral", "user_id": 1079826643922722848, "username": "iriss.01", "extra": {}}
---
[2026-01-06T19:35:51.910640] [INFO] [TYPING] [TypingStart] User 2clickdeath started typing in 💬》general
METADATA: {"timestamp": "2026-01-06T19:35:51.910556", "bot_version": "2.6.4", "guild_id": 1419349908850475031, "channel_id": 1456473336375677011, "channel_name": "\ud83d\udcac\u300bgeneral", "user_id": 1019698414839156817, "username": "2clickdeath", "extra": {}}
---
[2026-01-06T19:35:56.754450] [INFO] [TYPING] [TypingStart] User iriss.01 started typing in 💬》general
METADATA: {"timestamp": "2026-01-06T19:35:56.754389", "bot_version": "2.6.4", "guild_id": 1419349908850475031, "channel_id": 1456473336375677011, "channel_name": "\ud83d\udcac\u300bgeneral", "user_id": 1079826643922722848, "username": "iriss.01", "extra": {}}
---
[2026-01-06T19:36:04.466694] [INFO] [TYPING] [TypingStart] User iriss.01 started typing in 💬》general
METADATA: {"timestamp": "2026-01-06T19:36:04.466586", "bot_version": "2.6.4", "guild_id": 1419349908850475031, "channel_id": 1456473336375677011, "channel_name": "\ud83d\udcac\u300bgeneral", "user_id": 1079826643922722848, "username": "iriss.01", "extra": {}}
---
[2026-01-06T19:36:17.694735] [INFO] [TYPING] [TypingStart] User _darknullbyte started typing in 💬》general
METADATA: {"timestamp": "2026-01-06T19:36:17.694654", "bot_version": "2.6.4", "guild_id": 1419349908850475031, "channel_id": 1456473336375677011, "channel_name": "\ud83d\udcac\u300bgeneral", "user_id": 1141232275447631932, "username": "_darknullbyte", "extra": {}}
---
[2026-01-06T19:36:25.819362] [INFO] [TYPING] [TypingStart] User _darknullbyte started typing in 💬》general
METADATA: {"timestamp": "2026-01-06T19:36:25.819271", "bot_version": "2.6.4", "guild_id": 1419349908850475031, "channel_id": 1456473336375677011, "channel_name": "\ud83d\udcac\u300bgeneral", "user_id": 1141232275447631932, "username": "_darknullbyte", "extra": {}}
---
[2026-01-06T19:36:39.687439] [INFO] [TYPING] [TypingStart] User iriss.01 started typing in 💬》general
METADATA: {"timestamp": "2026-01-06T19:36:39.687360", "bot_version": "2.6.4", "guild_id": 1419349908850475031, "channel_id": 1456473336375677011, "channel_name": "\ud83d\udcac\u300bgeneral", "user_id": 1079826643922722848, "username": "iriss.01", "extra": {}}
---
[2026-01-06T19:36:48.458868] [INFO] [TYPING] [TypingStart] User iriss.01 started typing in 💬》general
METADATA: {"timestamp": "2026-01-06T19:36:48.458780", "bot_version": "2.6.4", "guild_id": 1419349908850475031, "channel_id": 1456473336375677011, "channel_name": "\ud83d\udcac\u300bgeneral", "user_id": 1079826643922722848, "username": "iriss.01", "extra": {}}
---
[2026-01-06T19:36:56.767149] [INFO] [TYPING] [TypingStart] User iriss.01 started typing in 💬》general
METADATA: {"timestamp": "2026-01-06T19:36:56.767060", "bot_version": "2.6.4", "guild_id": 1419349908850475031, "channel_id": 1456473336375677011, "channel_name": "\ud83d\udcac\u300bgeneral", "user_id": 1079826643922722848, "username": "iriss.01", "extra": {}}
---
[2026-01-06T19:37:23.059210] [INFO] [TYPING] [TypingStart] User iriss.01 started typing in 💬》general
METADATA: {"timestamp": "2026-01-06T19:37:23.059136", "bot_version": "2.6.4", "guild_id": 1419349908850475031, "channel_id": 1456473336375677011, "channel_name": "\ud83d\udcac\u300bgeneral", "user_id": 1079826643922722848, "username": "iriss.01", "extra": {}}
---
[2026-01-06T19:37:32.119649] [INFO] [TYPING] [TypingStart] User iriss.01 started typing in 💬》general
METADATA: {"timestamp": "2026-01-06T19:37:32.119581", "bot_version": "2.6.4", "guild_id": 1419349908850475031, "channel_id": 1456473336375677011, "channel_name": "\ud83d\udcac\u300bgeneral", "user_id": 1079826643922722848, "username": "iriss.01", "extra": {}}
---
[2026-01-06T19:37:43.300303] [INFO] [TYPING] [TypingStart] User iriss.01 started typing in 💬》general
METADATA: {"timestamp": "2026-01-06T19:37:43.300132", "bot_version": "2.6.4", "guild_id": 1419349908850475031, "channel_id": 1456473336375677011, "channel_name": "\ud83d\udcac\u300bgeneral", "user_id": 1079826643922722848, "username": "iriss.01", "extra": {}}
---
[2026-01-06T19:37:51.875888] [INFO] [TYPING] [TypingStart] User iriss.01 started typing in 💬》general
METADATA: {"timestamp": "2026-01-06T19:37:51.875803", "bot_version": "2.6.4", "guild_id": 1419349908850475031, "channel_id": 1456473336375677011, "channel_name": "\ud83d\udcac\u300bgeneral", "user_id": 1079826643922722848, "username": "iriss.01", "extra": {}}
---
[2026-01-06T19:37:55.679692] [INFO] [TYPING] [TypingStart] User iriss.01 started typing in 💬》general
METADATA: {"timestamp": "2026-01-06T19:37:55.679611", "bot_version": "2.6.4", "guild_id": 1419349908850475031, "channel_id": 1456473336375677011, "channel_name": "\ud83d\udcac\u300bgeneral", "user_id": 1079826643922722848, "username": "iriss.01", "extra": {}}
---
[2026-01-06T19:38:03.791925] [INFO] [TYPING] [TypingStart] User iriss.01 started typing in 💬》general
METADATA: {"timestamp": "2026-01-06T19:38:03.791834", "bot_version": "2.6.4", "guild_id": 1419349908850475031, "channel_id": 1456473336375677011, "channel_name": "\ud83d\udcac\u300bgeneral", "user_id": 1079826643922722848, "username": "iriss.01", "extra": {}}
---
