[2025-11-18T00:22:22.736845] [INFO] [TYPING] [TypingStart] User animelover33462 started typing in 💬》general
METADATA: {"timestamp": "2025-11-18T00:22:22.736809", "bot_version": "2.4.0", "guild_id": 1436118893130158090, "channel_id": 1436118894661206152, "channel_name": "\ud83d\udcac\u300bgeneral", "user_id": 1431935630157549568, "username": "animelover33462", "extra": {}}
---
[2025-11-18T07:23:03.948949] [INFO] [TYPING] [TypingStart] User 2_click_death started typing in 📌》notices
METADATA: {"timestamp": "2025-11-18T07:23:03.948914", "bot_version": "2.4.0", "guild_id": 1436118893130158090, "channel_id": 1436118894203899998, "channel_name": "\ud83d\udccc\u300bnotices", "user_id": 1019698414839156817, "username": "2_click_death", "extra": {}}
---
[2025-11-18T07:23:10.383534] [INFO] [TYPING] [TypingStart] User 2_click_death started typing in 📌》notices
METADATA: {"timestamp": "2025-11-18T07:23:10.383490", "bot_version": "2.4.0", "guild_id": 1436118893130158090, "channel_id": 1436118894203899998, "channel_name": "\ud83d\udccc\u300bnotices", "user_id": 1019698414839156817, "username": "2_click_death", "extra": {}}
---
[2025-11-18T07:23:18.710995] [INFO] [TYPING] [TypingStart] User 2_click_death started typing in 📌》notices
METADATA: {"timestamp": "2025-11-18T07:23:18.710950", "bot_version": "2.4.0", "guild_id": 1436118893130158090, "channel_id": 1436118894203899998, "channel_name": "\ud83d\udccc\u300bnotices", "user_id": 1019698414839156817, "username": "2_click_death", "extra": {}}
---
[2025-11-18T10:12:43.137813] [INFO] [TYPING] [TypingStart] User animelover33462 started typing in 💬》general
METADATA: {"timestamp": "2025-11-18T10:12:43.137760", "bot_version": "2.4.0", "guild_id": 1436118893130158090, "channel_id": 1436118894661206152, "channel_name": "\ud83d\udcac\u300bgeneral", "user_id": 1431935630157549568, "username": "animelover33462", "extra": {}}
---
[2025-11-18T10:32:01.561986] [INFO] [TYPING] [TypingStart] User animelover33462 started typing in 💬》general
METADATA: {"timestamp": "2025-11-18T10:32:01.561948", "bot_version": "2.4.0", "guild_id": 1436118893130158090, "channel_id": 1436118894661206152, "channel_name": "\ud83d\udcac\u300bgeneral", "user_id": 1431935630157549568, "username": "animelover33462", "extra": {}}
---
[2025-11-18T10:32:32.487311] [INFO] [TYPING] [TypingStart] User animelover33462 started typing in 💬》general
METADATA: {"timestamp": "2025-11-18T10:32:32.487265", "bot_version": "2.4.0", "guild_id": 1436118893130158090, "channel_id": 1436118894661206152, "channel_name": "\ud83d\udcac\u300bgeneral", "user_id": 1431935630157549568, "username": "animelover33462", "extra": {}}
---
[2025-11-18T10:32:36.090370] [INFO] [TYPING] [TypingStart] User animelover33462 started typing in 💬》general
METADATA: {"timestamp": "2025-11-18T10:32:36.090324", "bot_version": "2.4.0", "guild_id": 1436118893130158090, "channel_id": 1436118894661206152, "channel_name": "\ud83d\udcac\u300bgeneral", "user_id": 1431935630157549568, "username": "animelover33462", "extra": {}}
---
[2025-11-18T10:33:35.722868] [INFO] [TYPING] [TypingStart] User 2_click_death started typing in 💬》general
METADATA: {"timestamp": "2025-11-18T10:33:35.722825", "bot_version": "2.4.0", "guild_id": 1436118893130158090, "channel_id": 1436118894661206152, "channel_name": "\ud83d\udcac\u300bgeneral", "user_id": 1019698414839156817, "username": "2_click_death", "extra": {}}
---
[2025-11-18T10:33:48.672029] [INFO] [TYPING] [TypingStart] User animelover33462 started typing in 💬》general
METADATA: {"timestamp": "2025-11-18T10:33:48.671981", "bot_version": "2.4.0", "guild_id": 1436118893130158090, "channel_id": 1436118894661206152, "channel_name": "\ud83d\udcac\u300bgeneral", "user_id": 1431935630157549568, "username": "animelover33462", "extra": {}}
---
[2025-11-18T10:33:53.030328] [INFO] [TYPING] [TypingStart] User animelover33462 started typing in 💬》general
METADATA: {"timestamp": "2025-11-18T10:33:53.030290", "bot_version": "2.4.0", "guild_id": 1436118893130158090, "channel_id": 1436118894661206152, "channel_name": "\ud83d\udcac\u300bgeneral", "user_id": 1431935630157549568, "username": "animelover33462", "extra": {}}
---
[2025-11-18T10:34:02.183650] [INFO] [TYPING] [TypingStart] User 2_click_death started typing in 💬》general
METADATA: {"timestamp": "2025-11-18T10:34:02.183612", "bot_version": "2.4.0", "guild_id": 1436118893130158090, "channel_id": 1436118894661206152, "channel_name": "\ud83d\udcac\u300bgeneral", "user_id": 1019698414839156817, "username": "2_click_death", "extra": {}}
---
[2025-11-18T10:45:52.213567] [INFO] [TYPING] [TypingStart] User animelover33462 started typing in 💬》general
METADATA: {"timestamp": "2025-11-18T10:45:52.213522", "bot_version": "2.4.0", "guild_id": 1436118893130158090, "channel_id": 1436118894661206152, "channel_name": "\ud83d\udcac\u300bgeneral", "user_id": 1431935630157549568, "username": "animelover33462", "extra": {}}
---
[2025-11-18T10:46:01.194777] [INFO] [TYPING] [TypingStart] User 2_click_death started typing in 💬》general
METADATA: {"timestamp": "2025-11-18T10:46:01.194734", "bot_version": "2.4.0", "guild_id": 1436118893130158090, "channel_id": 1436118894661206152, "channel_name": "\ud83d\udcac\u300bgeneral", "user_id": 1019698414839156817, "username": "2_click_death", "extra": {}}
---
[2025-11-18T10:46:10.002567] [INFO] [TYPING] [TypingStart] User animelover33462 started typing in 💬》general
METADATA: {"timestamp": "2025-11-18T10:46:10.002524", "bot_version": "2.4.0", "guild_id": 1436118893130158090, "channel_id": 1436118894661206152, "channel_name": "\ud83d\udcac\u300bgeneral", "user_id": 1431935630157549568, "username": "animelover33462", "extra": {}}
---
[2025-11-18T10:46:22.498848] [INFO] [TYPING] [TypingStart] User animelover33462 started typing in 💬》general
METADATA: {"timestamp": "2025-11-18T10:46:22.498818", "bot_version": "2.4.0", "guild_id": 1436118893130158090, "channel_id": 1436118894661206152, "channel_name": "\ud83d\udcac\u300bgeneral", "user_id": 1431935630157549568, "username": "animelover33462", "extra": {}}
---
[2025-11-18T10:58:59.956372] [INFO] [TYPING] [TypingStart] User 2_click_death started typing in 📌》notices
METADATA: {"timestamp": "2025-11-18T10:58:59.956341", "bot_version": "2.4.0", "guild_id": 1436118893130158090, "channel_id": 1436118894203899998, "channel_name": "\ud83d\udccc\u300bnotices", "user_id": 1019698414839156817, "username": "2_click_death", "extra": {}}
---
[2025-11-18T10:59:31.897519] [INFO] [TYPING] [TypingStart] User 2_click_death started typing in 📌》notices
METADATA: {"timestamp": "2025-11-18T10:59:31.897472", "bot_version": "2.4.0", "guild_id": 1436118893130158090, "channel_id": 1436118894203899998, "channel_name": "\ud83d\udccc\u300bnotices", "user_id": 1019698414839156817, "username": "2_click_death", "extra": {}}
---
