[2025-11-19T01:00:56.800509] [INFO] [TYPING] [TypingStart] User animelover33462 started typing in ticket-application-kqzd
METADATA: {"timestamp": "2025-11-19T01:00:56.800458", "bot_version": "2.4.0", "guild_id": 1436118893130158090, "channel_id": 1440484567847932067, "channel_name": "ticket-application-kqzd", "user_id": 1431935630157549568, "username": "animelover33462", "extra": {}}
---
[2025-11-19T01:01:04.879904] [INFO] [TYPING] [TypingStart] User animelover33462 started typing in ticket-application-kqzd
METADATA: {"timestamp": "2025-11-19T01:01:04.879859", "bot_version": "2.4.0", "guild_id": 1436118893130158090, "channel_id": 1440484567847932067, "channel_name": "ticket-application-kqzd", "user_id": 1431935630157549568, "username": "animelover33462", "extra": {}}
---
[2025-11-19T01:06:28.341951] [INFO] [TYPING] [TypingStart] User animelover33462 started typing in ticket-application-kqzd
METADATA: {"timestamp": "2025-11-19T01:06:28.341907", "bot_version": "2.4.0", "guild_id": 1436118893130158090, "channel_id": 1440484567847932067, "channel_name": "ticket-application-kqzd", "user_id": 1431935630157549568, "username": "animelover33462", "extra": {}}
---
[2025-11-19T08:48:14.546109] [INFO] [TYPING] [TypingStart] User 2_click_death started typing in 📌》notices
METADATA: {"timestamp": "2025-11-19T08:48:14.546079", "bot_version": "2.4.0", "guild_id": 1436118893130158090, "channel_id": 1436118894203899998, "channel_name": "\ud83d\udccc\u300bnotices", "user_id": 1019698414839156817, "username": "2_click_death", "extra": {}}
---
[2025-11-19T08:48:22.958820] [INFO] [TYPING] [TypingStart] User 2_click_death started typing in 📌》notices
METADATA: {"timestamp": "2025-11-19T08:48:22.958769", "bot_version": "2.4.0", "guild_id": 1436118893130158090, "channel_id": 1436118894203899998, "channel_name": "\ud83d\udccc\u300bnotices", "user_id": 1019698414839156817, "username": "2_click_death", "extra": {}}
---
[2025-11-19T08:48:31.473531] [INFO] [TYPING] [TypingStart] User 2_click_death started typing in 📌》notices
METADATA: {"timestamp": "2025-11-19T08:48:31.473498", "bot_version": "2.4.0", "guild_id": 1436118893130158090, "channel_id": 1436118894203899998, "channel_name": "\ud83d\udccc\u300bnotices", "user_id": 1019698414839156817, "username": "2_click_death", "extra": {}}
---
[2025-11-19T08:48:40.027567] [INFO] [TYPING] [TypingStart] User 2_click_death started typing in 📌》notices
METADATA: {"timestamp": "2025-11-19T08:48:40.027538", "bot_version": "2.4.0", "guild_id": 1436118893130158090, "channel_id": 1436118894203899998, "channel_name": "\ud83d\udccc\u300bnotices", "user_id": 1019698414839156817, "username": "2_click_death", "extra": {}}
---
[2025-11-19T08:48:48.516774] [INFO] [TYPING] [TypingStart] User 2_click_death started typing in 📌》notices
METADATA: {"timestamp": "2025-11-19T08:48:48.516738", "bot_version": "2.4.0", "guild_id": 1436118893130158090, "channel_id": 1436118894203899998, "channel_name": "\ud83d\udccc\u300bnotices", "user_id": 1019698414839156817, "username": "2_click_death", "extra": {}}
---
[2025-11-19T09:48:06.347682] [INFO] [TYPING] [TypingStart] User animelover33462 started typing in 💬》general
METADATA: {"timestamp": "2025-11-19T09:48:06.347646", "bot_version": "2.4.0", "guild_id": 1436118893130158090, "channel_id": 1436118894661206152, "channel_name": "\ud83d\udcac\u300bgeneral", "user_id": 1431935630157549568, "username": "animelover33462", "extra": {}}
---
[2025-11-19T09:48:14.582392] [INFO] [TYPING] [TypingStart] User animelover33462 started typing in 💬》general
METADATA: {"timestamp": "2025-11-19T09:48:14.582343", "bot_version": "2.4.0", "guild_id": 1436118893130158090, "channel_id": 1436118894661206152, "channel_name": "\ud83d\udcac\u300bgeneral", "user_id": 1431935630157549568, "username": "animelover33462", "extra": {}}
---
[2025-11-19T11:07:26.752217] [INFO] [TYPING] [TypingStart] User shinakomei started typing in 💬》general
METADATA: {"timestamp": "2025-11-19T11:07:26.752178", "bot_version": "2.4.0", "guild_id": 1436118893130158090, "channel_id": 1436118894661206152, "channel_name": "\ud83d\udcac\u300bgeneral", "user_id": 1251643888297312309, "username": "shinakomei", "extra": {}}
---
