[2026-01-05T00:25:26.874107] [INFO] [TYPING] [TypingStart] User 2clickdeath started typing in ⛔》leader-chat
METADATA: {"timestamp": "2026-01-05T00:25:26.873981", "bot_version": "2.6.4", "guild_id": 1419349908850475031, "channel_id": 1456477988387291177, "channel_name": "\u26d4\u300bleader-chat", "user_id": 1019698414839156817, "username": "2clickdeath", "extra": {}}
---
[2026-01-05T00:25:35.252531] [INFO] [TYPING] [TypingStart] User 2clickdeath started typing in ⛔》leader-chat
METADATA: {"timestamp": "2026-01-05T00:25:35.252430", "bot_version": "2.6.4", "guild_id": 1419349908850475031, "channel_id": 1456477988387291177, "channel_name": "\u26d4\u300bleader-chat", "user_id": 1019698414839156817, "username": "2clickdeath", "extra": {}}
---
[2026-01-05T00:26:35.769878] [INFO] [TYPING] [TypingStart] User donthurtpain started typing in ⛔》leader-chat
METADATA: {"timestamp": "2026-01-05T00:26:35.769783", "bot_version": "2.6.4", "guild_id": 1419349908850475031, "channel_id": 1456477988387291177, "channel_name": "\u26d4\u300bleader-chat", "user_id": 1283957288314343486, "username": "donthurtpain", "extra": {}}
---
[2026-01-05T00:26:38.724016] [INFO] [TYPING] [TypingStart] User donthurtpain started typing in ⛔》leader-chat
METADATA: {"timestamp": "2026-01-05T00:26:38.723949", "bot_version": "2.6.4", "guild_id": 1419349908850475031, "channel_id": 1456477988387291177, "channel_name": "\u26d4\u300bleader-chat", "user_id": 1283957288314343486, "username": "donthurtpain", "extra": {}}
---
[2026-01-05T00:32:12.685249] [INFO] [TYPING] [TypingStart] User 2clickdeath started typing in ⛔》leader-chat
METADATA: {"timestamp": "2026-01-05T00:32:12.683804", "bot_version": "2.6.4", "guild_id": 1419349908850475031, "channel_id": 1456477988387291177, "channel_name": "\u26d4\u300bleader-chat", "user_id": 1019698414839156817, "username": "2clickdeath", "extra": {}}
---
[2026-01-05T00:32:20.516481] [INFO] [TYPING] [TypingStart] User 2clickdeath started typing in ⛔》leader-chat
METADATA: {"timestamp": "2026-01-05T00:32:20.516405", "bot_version": "2.6.4", "guild_id": 1419349908850475031, "channel_id": 1456477988387291177, "channel_name": "\u26d4\u300bleader-chat", "user_id": 1019698414839156817, "username": "2clickdeath", "extra": {}}
---
[2026-01-05T00:37:13.296988] [INFO] [TYPING] [TypingStart] User 2clickdeath started typing in ⛔》leader-chat
METADATA: {"timestamp": "2026-01-05T00:37:13.296765", "bot_version": "2.6.4", "guild_id": 1419349908850475031, "channel_id": 1456477988387291177, "channel_name": "\u26d4\u300bleader-chat", "user_id": 1019698414839156817, "username": "2clickdeath", "extra": {}}
---
[2026-01-05T00:49:15.032215] [INFO] [TYPING] [TypingStart] User 2clickdeath started typing in ⛔》leader-chat
METADATA: {"timestamp": "2026-01-05T00:49:15.032091", "bot_version": "2.6.4", "guild_id": 1419349908850475031, "channel_id": 1456477988387291177, "channel_name": "\u26d4\u300bleader-chat", "user_id": 1019698414839156817, "username": "2clickdeath", "extra": {}}
---
[2026-01-05T01:45:35.609167] [INFO] [TYPING] [TypingStart] User iriss.01 started typing in ⛔》leader-chat
METADATA: {"timestamp": "2026-01-05T01:45:35.609125", "bot_version": "2.6.4", "guild_id": 1419349908850475031, "channel_id": 1456477988387291177, "channel_name": "\u26d4\u300bleader-chat", "user_id": 1079826643922722848, "username": "iriss.01", "extra": {}}
---
