[2026-01-02T20:32:25.847809] [INFO] [TYPING] [TypingStart] User ShadowT3ch AI#6744 started typing in 💬》chat-with-ai
METADATA: {"timestamp": "2026-01-02T20:32:25.847809", "bot_version": "2.4.0", "guild_id": 1419349908850475031, "channel_id": 1456473934974418955, "channel_name": "\ud83d\udcac\u300bchat-with-ai", "user_id": 1456820286761734264, "username": "ShadowT3ch AI#6744", "extra": {}}
---
[2026-01-02T20:34:05.419250] [INFO] [TYPING] [TypingStart] User 2clickdeath started typing in 💬》chat-with-ai
METADATA: {"timestamp": "2026-01-02T20:34:05.419250", "bot_version": "2.4.0", "guild_id": 1419349908850475031, "channel_id": 1456473934974418955, "channel_name": "\ud83d\udcac\u300bchat-with-ai", "user_id": 1019698414839156817, "username": "2clickdeath", "extra": {}}
---
[2026-01-02T20:34:16.741106] [INFO] [TYPING] [TypingStart] User 2clickdeath started typing in 💬》chat-with-ai
METADATA: {"timestamp": "2026-01-02T20:34:16.741106", "bot_version": "2.4.0", "guild_id": 1419349908850475031, "channel_id": 1456473934974418955, "channel_name": "\ud83d\udcac\u300bchat-with-ai", "user_id": 1019698414839156817, "username": "2clickdeath", "extra": {}}
---
[2026-01-02T20:34:24.397341] [INFO] [TYPING] [TypingStart] User ShadowT3ch AI#6744 started typing in 💬》chat-with-ai
METADATA: {"timestamp": "2026-01-02T20:34:24.397341", "bot_version": "2.4.0", "guild_id": 1419349908850475031, "channel_id": 1456473934974418955, "channel_name": "\ud83d\udcac\u300bchat-with-ai", "user_id": 1456820286761734264, "username": "ShadowT3ch AI#6744", "extra": {}}
---
[2026-01-02T20:39:27.135266] [INFO] [TYPING] [TypingStart] User 2clickdeath started typing in 📌》notices
METADATA: {"timestamp": "2026-01-02T20:39:27.135266", "bot_version": "2.4.0", "guild_id": 1419349908850475031, "channel_id": 1456470471234293861, "channel_name": "\ud83d\udccc\u300bnotices", "user_id": 1019698414839156817, "username": "2clickdeath", "extra": {}}
---
[2026-01-02T20:39:35.255446] [INFO] [TYPING] [TypingStart] User 2clickdeath started typing in 📌》notices
METADATA: {"timestamp": "2026-01-02T20:39:35.255446", "bot_version": "2.4.0", "guild_id": 1419349908850475031, "channel_id": 1456470471234293861, "channel_name": "\ud83d\udccc\u300bnotices", "user_id": 1019698414839156817, "username": "2clickdeath", "extra": {}}
---
[2026-01-02T20:39:44.508925] [INFO] [TYPING] [TypingStart] User 2clickdeath started typing in 📌》notices
METADATA: {"timestamp": "2026-01-02T20:39:44.508925", "bot_version": "2.4.0", "guild_id": 1419349908850475031, "channel_id": 1456470471234293861, "channel_name": "\ud83d\udccc\u300bnotices", "user_id": 1019698414839156817, "username": "2clickdeath", "extra": {}}
---
[2026-01-02T20:39:53.626354] [INFO] [TYPING] [TypingStart] User 2clickdeath started typing in 📌》notices
METADATA: {"timestamp": "2026-01-02T20:39:53.626354", "bot_version": "2.4.0", "guild_id": 1419349908850475031, "channel_id": 1456470471234293861, "channel_name": "\ud83d\udccc\u300bnotices", "user_id": 1019698414839156817, "username": "2clickdeath", "extra": {}}
---
[2026-01-02T20:49:47.315305] [INFO] [TYPING] [TypingStart] User ShadowT3ch AI#6744 started typing in 💬》chat-with-ai
METADATA: {"timestamp": "2026-01-02T20:49:47.315305", "bot_version": "2.4.0", "guild_id": 1419349908850475031, "channel_id": 1456473934974418955, "channel_name": "\ud83d\udcac\u300bchat-with-ai", "user_id": 1456820286761734264, "username": "ShadowT3ch AI#6744", "extra": {}}
---
[2026-01-02T20:49:54.784849] [INFO] [TYPING] [TypingStart] User donthurtpain started typing in 💬》chat-with-ai
METADATA: {"timestamp": "2026-01-02T20:49:54.784849", "bot_version": "2.4.0", "guild_id": 1419349908850475031, "channel_id": 1456473934974418955, "channel_name": "\ud83d\udcac\u300bchat-with-ai", "user_id": 1283957288314343486, "username": "donthurtpain", "extra": {}}
---
[2026-01-02T20:49:58.862416] [INFO] [TYPING] [TypingStart] User ShadowT3ch AI#6744 started typing in 💬》chat-with-ai
METADATA: {"timestamp": "2026-01-02T20:49:58.862416", "bot_version": "2.4.0", "guild_id": 1419349908850475031, "channel_id": 1456473934974418955, "channel_name": "\ud83d\udcac\u300bchat-with-ai", "user_id": 1456820286761734264, "username": "ShadowT3ch AI#6744", "extra": {}}
---
[2026-01-02T20:50:13.852829] [INFO] [TYPING] [TypingStart] User donthurtpain started typing in 💬》chat-with-ai
METADATA: {"timestamp": "2026-01-02T20:50:13.852829", "bot_version": "2.4.0", "guild_id": 1419349908850475031, "channel_id": 1456473934974418955, "channel_name": "\ud83d\udcac\u300bchat-with-ai", "user_id": 1283957288314343486, "username": "donthurtpain", "extra": {}}
---
[2026-01-02T20:50:22.298955] [INFO] [TYPING] [TypingStart] User donthurtpain started typing in 💬》chat-with-ai
METADATA: {"timestamp": "2026-01-02T20:50:22.298955", "bot_version": "2.4.0", "guild_id": 1419349908850475031, "channel_id": 1456473934974418955, "channel_name": "\ud83d\udcac\u300bchat-with-ai", "user_id": 1283957288314343486, "username": "donthurtpain", "extra": {}}
---
[2026-01-02T20:50:26.987565] [INFO] [TYPING] [TypingStart] User ShadowT3ch AI#6744 started typing in 💬》chat-with-ai
METADATA: {"timestamp": "2026-01-02T20:50:26.987565", "bot_version": "2.4.0", "guild_id": 1419349908850475031, "channel_id": 1456473934974418955, "channel_name": "\ud83d\udcac\u300bchat-with-ai", "user_id": 1456820286761734264, "username": "ShadowT3ch AI#6744", "extra": {}}
---
