[2025-11-17T09:03:38.070748] [INFO] [TYPING] [TypingStart] User 2_click_death started typing in 💬》general
METADATA: {"timestamp": "2025-11-17T09:03:38.070698", "bot_version": "2.4.0", "guild_id": 1436118893130158090, "channel_id": 1436118894661206152, "channel_name": "\ud83d\udcac\u300bgeneral", "user_id": 1019698414839156817, "username": "2_click_death", "extra": {}}
---
[2025-11-17T09:06:09.032929] [INFO] [TYPING] [TypingStart] User mqp6 started typing in 💬》general
METADATA: {"timestamp": "2025-11-17T09:06:09.032903", "bot_version": "2.4.0", "guild_id": 1436118893130158090, "channel_id": 1436118894661206152, "channel_name": "\ud83d\udcac\u300bgeneral", "user_id": 1373556059184042045, "username": "mqp6", "extra": {}}
---
[2025-11-17T09:06:14.040602] [INFO] [TYPING] [TypingStart] User 2_click_death started typing in 💬》general
METADATA: {"timestamp": "2025-11-17T09:06:14.040563", "bot_version": "2.4.0", "guild_id": 1436118893130158090, "channel_id": 1436118894661206152, "channel_name": "\ud83d\udcac\u300bgeneral", "user_id": 1019698414839156817, "username": "2_click_death", "extra": {}}
---
[2025-11-17T09:06:16.858707] [INFO] [TYPING] [TypingStart] User mqp6 started typing in 💬》general
METADATA: {"timestamp": "2025-11-17T09:06:16.858677", "bot_version": "2.4.0", "guild_id": 1436118893130158090, "channel_id": 1436118894661206152, "channel_name": "\ud83d\udcac\u300bgeneral", "user_id": 1373556059184042045, "username": "mqp6", "extra": {}}
---
[2025-11-17T09:06:40.901611] [INFO] [TYPING] [TypingStart] User mqp6 started typing in 💬》general
METADATA: {"timestamp": "2025-11-17T09:06:40.901569", "bot_version": "2.4.0", "guild_id": 1436118893130158090, "channel_id": 1436118894661206152, "channel_name": "\ud83d\udcac\u300bgeneral", "user_id": 1373556059184042045, "username": "mqp6", "extra": {}}
---
[2025-11-17T09:06:52.136967] [INFO] [TYPING] [TypingStart] User mqp6 started typing in 💬》general
METADATA: {"timestamp": "2025-11-17T09:06:52.136843", "bot_version": "2.4.0", "guild_id": 1436118893130158090, "channel_id": 1436118894661206152, "channel_name": "\ud83d\udcac\u300bgeneral", "user_id": 1373556059184042045, "username": "mqp6", "extra": {}}
---
[2025-11-17T09:07:03.810199] [INFO] [TYPING] [TypingStart] User mqp6 started typing in 💬》general
METADATA: {"timestamp": "2025-11-17T09:07:03.810110", "bot_version": "2.4.0", "guild_id": 1436118893130158090, "channel_id": 1436118894661206152, "channel_name": "\ud83d\udcac\u300bgeneral", "user_id": 1373556059184042045, "username": "mqp6", "extra": {}}
---
[2025-11-17T09:07:43.014857] [INFO] [TYPING] [TypingStart] User mqp6 started typing in 💬》general
METADATA: {"timestamp": "2025-11-17T09:07:43.014671", "bot_version": "2.4.0", "guild_id": 1436118893130158090, "channel_id": 1436118894661206152, "channel_name": "\ud83d\udcac\u300bgeneral", "user_id": 1373556059184042045, "username": "mqp6", "extra": {}}
---
[2025-11-17T09:07:59.800718] [INFO] [TYPING] [TypingStart] User 2_click_death started typing in 💬》general
METADATA: {"timestamp": "2025-11-17T09:07:59.800674", "bot_version": "2.4.0", "guild_id": 1436118893130158090, "channel_id": 1436118894661206152, "channel_name": "\ud83d\udcac\u300bgeneral", "user_id": 1019698414839156817, "username": "2_click_death", "extra": {}}
---
[2025-11-17T09:08:00.992644] [INFO] [TYPING] [TypingStart] User mqp6 started typing in 💬》general
METADATA: {"timestamp": "2025-11-17T09:08:00.992597", "bot_version": "2.4.0", "guild_id": 1436118893130158090, "channel_id": 1436118894661206152, "channel_name": "\ud83d\udcac\u300bgeneral", "user_id": 1373556059184042045, "username": "mqp6", "extra": {}}
---
[2025-11-17T09:08:09.140249] [INFO] [TYPING] [TypingStart] User 2_click_death started typing in 💬》general
METADATA: {"timestamp": "2025-11-17T09:08:09.140213", "bot_version": "2.4.0", "guild_id": 1436118893130158090, "channel_id": 1436118894661206152, "channel_name": "\ud83d\udcac\u300bgeneral", "user_id": 1019698414839156817, "username": "2_click_death", "extra": {}}
---
[2025-11-17T09:08:11.014807] [INFO] [TYPING] [TypingStart] User mqp6 started typing in 💬》general
METADATA: {"timestamp": "2025-11-17T09:08:11.014776", "bot_version": "2.4.0", "guild_id": 1436118893130158090, "channel_id": 1436118894661206152, "channel_name": "\ud83d\udcac\u300bgeneral", "user_id": 1373556059184042045, "username": "mqp6", "extra": {}}
---
[2025-11-17T09:08:20.913872] [INFO] [TYPING] [TypingStart] User mqp6 started typing in 💬》general
METADATA: {"timestamp": "2025-11-17T09:08:20.913825", "bot_version": "2.4.0", "guild_id": 1436118893130158090, "channel_id": 1436118894661206152, "channel_name": "\ud83d\udcac\u300bgeneral", "user_id": 1373556059184042045, "username": "mqp6", "extra": {}}
---
[2025-11-17T09:08:23.986528] [INFO] [TYPING] [TypingStart] User 2_click_death started typing in 💬》general
METADATA: {"timestamp": "2025-11-17T09:08:23.986502", "bot_version": "2.4.0", "guild_id": 1436118893130158090, "channel_id": 1436118894661206152, "channel_name": "\ud83d\udcac\u300bgeneral", "user_id": 1019698414839156817, "username": "2_click_death", "extra": {}}
---
[2025-11-17T09:08:30.400615] [INFO] [TYPING] [TypingStart] User 2_click_death started typing in 💬》general
METADATA: {"timestamp": "2025-11-17T09:08:30.400571", "bot_version": "2.4.0", "guild_id": 1436118893130158090, "channel_id": 1436118894661206152, "channel_name": "\ud83d\udcac\u300bgeneral", "user_id": 1019698414839156817, "username": "2_click_death", "extra": {}}
---
[2025-11-17T09:08:38.662802] [INFO] [TYPING] [TypingStart] User mqp6 started typing in 💬》general
METADATA: {"timestamp": "2025-11-17T09:08:38.662764", "bot_version": "2.4.0", "guild_id": 1436118893130158090, "channel_id": 1436118894661206152, "channel_name": "\ud83d\udcac\u300bgeneral", "user_id": 1373556059184042045, "username": "mqp6", "extra": {}}
---
[2025-11-17T09:08:45.182656] [INFO] [TYPING] [TypingStart] User mqp6 started typing in 💬》general
METADATA: {"timestamp": "2025-11-17T09:08:45.182633", "bot_version": "2.4.0", "guild_id": 1436118893130158090, "channel_id": 1436118894661206152, "channel_name": "\ud83d\udcac\u300bgeneral", "user_id": 1373556059184042045, "username": "mqp6", "extra": {}}
---
[2025-11-17T09:08:48.562299] [INFO] [TYPING] [TypingStart] User mqp6 started typing in 💬》general
METADATA: {"timestamp": "2025-11-17T09:08:48.562264", "bot_version": "2.4.0", "guild_id": 1436118893130158090, "channel_id": 1436118894661206152, "channel_name": "\ud83d\udcac\u300bgeneral", "user_id": 1373556059184042045, "username": "mqp6", "extra": {}}
---
[2025-11-17T09:08:55.049338] [INFO] [TYPING] [TypingStart] User 2_click_death started typing in 💬》general
METADATA: {"timestamp": "2025-11-17T09:08:55.049299", "bot_version": "2.4.0", "guild_id": 1436118893130158090, "channel_id": 1436118894661206152, "channel_name": "\ud83d\udcac\u300bgeneral", "user_id": 1019698414839156817, "username": "2_click_death", "extra": {}}
---
[2025-11-17T09:09:16.911642] [INFO] [TYPING] [TypingStart] User mqp6 started typing in 💬》general
METADATA: {"timestamp": "2025-11-17T09:09:16.911588", "bot_version": "2.4.0", "guild_id": 1436118893130158090, "channel_id": 1436118894661206152, "channel_name": "\ud83d\udcac\u300bgeneral", "user_id": 1373556059184042045, "username": "mqp6", "extra": {}}
---
[2025-11-17T09:09:29.034330] [INFO] [TYPING] [TypingStart] User 2_click_death started typing in 💬》general
METADATA: {"timestamp": "2025-11-17T09:09:29.033931", "bot_version": "2.4.0", "guild_id": 1436118893130158090, "channel_id": 1436118894661206152, "channel_name": "\ud83d\udcac\u300bgeneral", "user_id": 1019698414839156817, "username": "2_click_death", "extra": {}}
---
[2025-11-17T09:09:34.421000] [INFO] [TYPING] [TypingStart] User iriss.01 started typing in 💬》general
METADATA: {"timestamp": "2025-11-17T09:09:34.420961", "bot_version": "2.4.0", "guild_id": 1436118893130158090, "channel_id": 1436118894661206152, "channel_name": "\ud83d\udcac\u300bgeneral", "user_id": 1079826643922722848, "username": "iriss.01", "extra": {}}
---
[2025-11-17T09:09:40.925323] [INFO] [TYPING] [TypingStart] User mqp6 started typing in 💬》general
METADATA: {"timestamp": "2025-11-17T09:09:40.925293", "bot_version": "2.4.0", "guild_id": 1436118893130158090, "channel_id": 1436118894661206152, "channel_name": "\ud83d\udcac\u300bgeneral", "user_id": 1373556059184042045, "username": "mqp6", "extra": {}}
---
[2025-11-17T09:09:41.794775] [INFO] [TYPING] [TypingStart] User iriss.01 started typing in 💬》general
METADATA: {"timestamp": "2025-11-17T09:09:41.794617", "bot_version": "2.4.0", "guild_id": 1436118893130158090, "channel_id": 1436118894661206152, "channel_name": "\ud83d\udcac\u300bgeneral", "user_id": 1079826643922722848, "username": "iriss.01", "extra": {}}
---
[2025-11-17T09:09:45.033652] [INFO] [TYPING] [TypingStart] User mqp6 started typing in 💬》general
METADATA: {"timestamp": "2025-11-17T09:09:45.033571", "bot_version": "2.4.0", "guild_id": 1436118893130158090, "channel_id": 1436118894661206152, "channel_name": "\ud83d\udcac\u300bgeneral", "user_id": 1373556059184042045, "username": "mqp6", "extra": {}}
---
[2025-11-17T09:09:53.993985] [INFO] [TYPING] [TypingStart] User mqp6 started typing in 💬》general
METADATA: {"timestamp": "2025-11-17T09:09:53.993954", "bot_version": "2.4.0", "guild_id": 1436118893130158090, "channel_id": 1436118894661206152, "channel_name": "\ud83d\udcac\u300bgeneral", "user_id": 1373556059184042045, "username": "mqp6", "extra": {}}
---
[2025-11-17T09:10:03.824775] [INFO] [TYPING] [TypingStart] User iriss.01 started typing in 💬》general
METADATA: {"timestamp": "2025-11-17T09:10:03.824746", "bot_version": "2.4.0", "guild_id": 1436118893130158090, "channel_id": 1436118894661206152, "channel_name": "\ud83d\udcac\u300bgeneral", "user_id": 1079826643922722848, "username": "iriss.01", "extra": {}}
---
[2025-11-17T09:10:13.097913] [INFO] [TYPING] [TypingStart] User iriss.01 started typing in 💬》general
METADATA: {"timestamp": "2025-11-17T09:10:13.097861", "bot_version": "2.4.0", "guild_id": 1436118893130158090, "channel_id": 1436118894661206152, "channel_name": "\ud83d\udcac\u300bgeneral", "user_id": 1079826643922722848, "username": "iriss.01", "extra": {}}
---
[2025-11-17T09:10:22.361324] [INFO] [TYPING] [TypingStart] User iriss.01 started typing in 💬》general
METADATA: {"timestamp": "2025-11-17T09:10:22.361266", "bot_version": "2.4.0", "guild_id": 1436118893130158090, "channel_id": 1436118894661206152, "channel_name": "\ud83d\udcac\u300bgeneral", "user_id": 1079826643922722848, "username": "iriss.01", "extra": {}}
---
[2025-11-17T09:10:24.163621] [INFO] [TYPING] [TypingStart] User mqp6 started typing in 💬》general
METADATA: {"timestamp": "2025-11-17T09:10:24.163584", "bot_version": "2.4.0", "guild_id": 1436118893130158090, "channel_id": 1436118894661206152, "channel_name": "\ud83d\udcac\u300bgeneral", "user_id": 1373556059184042045, "username": "mqp6", "extra": {}}
---
[2025-11-17T09:10:33.690309] [INFO] [TYPING] [TypingStart] User mqp6 started typing in 💬》general
METADATA: {"timestamp": "2025-11-17T09:10:33.690266", "bot_version": "2.4.0", "guild_id": 1436118893130158090, "channel_id": 1436118894661206152, "channel_name": "\ud83d\udcac\u300bgeneral", "user_id": 1373556059184042045, "username": "mqp6", "extra": {}}
---
[2025-11-17T09:10:34.750193] [INFO] [TYPING] [TypingStart] User iriss.01 started typing in 💬》general
METADATA: {"timestamp": "2025-11-17T09:10:34.750149", "bot_version": "2.4.0", "guild_id": 1436118893130158090, "channel_id": 1436118894661206152, "channel_name": "\ud83d\udcac\u300bgeneral", "user_id": 1079826643922722848, "username": "iriss.01", "extra": {}}
---
[2025-11-17T09:10:38.539145] [INFO] [TYPING] [TypingStart] User iriss.01 started typing in 💬》general
METADATA: {"timestamp": "2025-11-17T09:10:38.539108", "bot_version": "2.4.0", "guild_id": 1436118893130158090, "channel_id": 1436118894661206152, "channel_name": "\ud83d\udcac\u300bgeneral", "user_id": 1079826643922722848, "username": "iriss.01", "extra": {}}
---
[2025-11-17T09:10:42.531527] [INFO] [TYPING] [TypingStart] User mqp6 started typing in 💬》general
METADATA: {"timestamp": "2025-11-17T09:10:42.531483", "bot_version": "2.4.0", "guild_id": 1436118893130158090, "channel_id": 1436118894661206152, "channel_name": "\ud83d\udcac\u300bgeneral", "user_id": 1373556059184042045, "username": "mqp6", "extra": {}}
---
[2025-11-17T09:10:46.493323] [INFO] [TYPING] [TypingStart] User iriss.01 started typing in 💬》general
METADATA: {"timestamp": "2025-11-17T09:10:46.493292", "bot_version": "2.4.0", "guild_id": 1436118893130158090, "channel_id": 1436118894661206152, "channel_name": "\ud83d\udcac\u300bgeneral", "user_id": 1079826643922722848, "username": "iriss.01", "extra": {}}
---
[2025-11-17T09:10:49.719490] [INFO] [TYPING] [TypingStart] User mqp6 started typing in 💬》general
METADATA: {"timestamp": "2025-11-17T09:10:49.719224", "bot_version": "2.4.0", "guild_id": 1436118893130158090, "channel_id": 1436118894661206152, "channel_name": "\ud83d\udcac\u300bgeneral", "user_id": 1373556059184042045, "username": "mqp6", "extra": {}}
---
[2025-11-17T09:10:56.003660] [INFO] [TYPING] [TypingStart] User iriss.01 started typing in 💬》general
METADATA: {"timestamp": "2025-11-17T09:10:56.003604", "bot_version": "2.4.0", "guild_id": 1436118893130158090, "channel_id": 1436118894661206152, "channel_name": "\ud83d\udcac\u300bgeneral", "user_id": 1079826643922722848, "username": "iriss.01", "extra": {}}
---
[2025-11-17T09:11:05.376382] [INFO] [TYPING] [TypingStart] User iriss.01 started typing in 💬》general
METADATA: {"timestamp": "2025-11-17T09:11:05.376348", "bot_version": "2.4.0", "guild_id": 1436118893130158090, "channel_id": 1436118894661206152, "channel_name": "\ud83d\udcac\u300bgeneral", "user_id": 1079826643922722848, "username": "iriss.01", "extra": {}}
---
[2025-11-17T09:11:12.331300] [INFO] [TYPING] [TypingStart] User iriss.01 started typing in 💬》general
METADATA: {"timestamp": "2025-11-17T09:11:12.331203", "bot_version": "2.4.0", "guild_id": 1436118893130158090, "channel_id": 1436118894661206152, "channel_name": "\ud83d\udcac\u300bgeneral", "user_id": 1079826643922722848, "username": "iriss.01", "extra": {}}
---
[2025-11-17T09:11:20.631179] [INFO] [TYPING] [TypingStart] User iriss.01 started typing in 💬》general
METADATA: {"timestamp": "2025-11-17T09:11:20.631130", "bot_version": "2.4.0", "guild_id": 1436118893130158090, "channel_id": 1436118894661206152, "channel_name": "\ud83d\udcac\u300bgeneral", "user_id": 1079826643922722848, "username": "iriss.01", "extra": {}}
---
[2025-11-17T09:11:28.257004] [INFO] [TYPING] [TypingStart] User 2_click_death started typing in 💬》general
METADATA: {"timestamp": "2025-11-17T09:11:28.256954", "bot_version": "2.4.0", "guild_id": 1436118893130158090, "channel_id": 1436118894661206152, "channel_name": "\ud83d\udcac\u300bgeneral", "user_id": 1019698414839156817, "username": "2_click_death", "extra": {}}
---
[2025-11-17T09:11:30.029800] [INFO] [TYPING] [TypingStart] User iriss.01 started typing in 💬》general
METADATA: {"timestamp": "2025-11-17T09:11:30.029762", "bot_version": "2.4.0", "guild_id": 1436118893130158090, "channel_id": 1436118894661206152, "channel_name": "\ud83d\udcac\u300bgeneral", "user_id": 1079826643922722848, "username": "iriss.01", "extra": {}}
---
[2025-11-17T09:11:34.117664] [INFO] [TYPING] [TypingStart] User mqp6 started typing in 💬》general
METADATA: {"timestamp": "2025-11-17T09:11:34.117629", "bot_version": "2.4.0", "guild_id": 1436118893130158090, "channel_id": 1436118894661206152, "channel_name": "\ud83d\udcac\u300bgeneral", "user_id": 1373556059184042045, "username": "mqp6", "extra": {}}
---
[2025-11-17T09:11:37.325372] [INFO] [TYPING] [TypingStart] User mqp6 started typing in 💬》general
METADATA: {"timestamp": "2025-11-17T09:11:37.325347", "bot_version": "2.4.0", "guild_id": 1436118893130158090, "channel_id": 1436118894661206152, "channel_name": "\ud83d\udcac\u300bgeneral", "user_id": 1373556059184042045, "username": "mqp6", "extra": {}}
---
[2025-11-17T09:11:38.828642] [INFO] [TYPING] [TypingStart] User iriss.01 started typing in 💬》general
METADATA: {"timestamp": "2025-11-17T09:11:38.828609", "bot_version": "2.4.0", "guild_id": 1436118893130158090, "channel_id": 1436118894661206152, "channel_name": "\ud83d\udcac\u300bgeneral", "user_id": 1079826643922722848, "username": "iriss.01", "extra": {}}
---
[2025-11-17T09:11:53.030837] [INFO] [TYPING] [TypingStart] User mqp6 started typing in 💬》general
METADATA: {"timestamp": "2025-11-17T09:11:53.030806", "bot_version": "2.4.0", "guild_id": 1436118893130158090, "channel_id": 1436118894661206152, "channel_name": "\ud83d\udcac\u300bgeneral", "user_id": 1373556059184042045, "username": "mqp6", "extra": {}}
---
[2025-11-17T09:12:00.376150] [INFO] [TYPING] [TypingStart] User mqp6 started typing in 💬》general
METADATA: {"timestamp": "2025-11-17T09:12:00.376109", "bot_version": "2.4.0", "guild_id": 1436118893130158090, "channel_id": 1436118894661206152, "channel_name": "\ud83d\udcac\u300bgeneral", "user_id": 1373556059184042045, "username": "mqp6", "extra": {}}
---
[2025-11-17T09:12:04.552402] [INFO] [TYPING] [TypingStart] User mqp6 started typing in 💬》general
METADATA: {"timestamp": "2025-11-17T09:12:04.552368", "bot_version": "2.4.0", "guild_id": 1436118893130158090, "channel_id": 1436118894661206152, "channel_name": "\ud83d\udcac\u300bgeneral", "user_id": 1373556059184042045, "username": "mqp6", "extra": {}}
---
[2025-11-17T09:12:13.510306] [INFO] [TYPING] [TypingStart] User iriss.01 started typing in 💬》general
METADATA: {"timestamp": "2025-11-17T09:12:13.510271", "bot_version": "2.4.0", "guild_id": 1436118893130158090, "channel_id": 1436118894661206152, "channel_name": "\ud83d\udcac\u300bgeneral", "user_id": 1079826643922722848, "username": "iriss.01", "extra": {}}
---
[2025-11-17T09:12:14.951988] [INFO] [TYPING] [TypingStart] User mqp6 started typing in 💬》general
METADATA: {"timestamp": "2025-11-17T09:12:14.951954", "bot_version": "2.4.0", "guild_id": 1436118893130158090, "channel_id": 1436118894661206152, "channel_name": "\ud83d\udcac\u300bgeneral", "user_id": 1373556059184042045, "username": "mqp6", "extra": {}}
---
[2025-11-17T09:12:20.772834] [INFO] [TYPING] [TypingStart] User iriss.01 started typing in 💬》general
METADATA: {"timestamp": "2025-11-17T09:12:20.772785", "bot_version": "2.4.0", "guild_id": 1436118893130158090, "channel_id": 1436118894661206152, "channel_name": "\ud83d\udcac\u300bgeneral", "user_id": 1079826643922722848, "username": "iriss.01", "extra": {}}
---
[2025-11-17T09:12:22.130798] [INFO] [TYPING] [TypingStart] User mqp6 started typing in 💬》general
METADATA: {"timestamp": "2025-11-17T09:12:22.130749", "bot_version": "2.4.0", "guild_id": 1436118893130158090, "channel_id": 1436118894661206152, "channel_name": "\ud83d\udcac\u300bgeneral", "user_id": 1373556059184042045, "username": "mqp6", "extra": {}}
---
[2025-11-17T09:12:38.006833] [INFO] [TYPING] [TypingStart] User iriss.01 started typing in 💬》general
METADATA: {"timestamp": "2025-11-17T09:12:38.006790", "bot_version": "2.4.0", "guild_id": 1436118893130158090, "channel_id": 1436118894661206152, "channel_name": "\ud83d\udcac\u300bgeneral", "user_id": 1079826643922722848, "username": "iriss.01", "extra": {}}
---
[2025-11-17T09:12:46.023557] [INFO] [TYPING] [TypingStart] User iriss.01 started typing in 💬》general
METADATA: {"timestamp": "2025-11-17T09:12:46.023512", "bot_version": "2.4.0", "guild_id": 1436118893130158090, "channel_id": 1436118894661206152, "channel_name": "\ud83d\udcac\u300bgeneral", "user_id": 1079826643922722848, "username": "iriss.01", "extra": {}}
---
[2025-11-17T09:12:54.401484] [INFO] [TYPING] [TypingStart] User iriss.01 started typing in 💬》general
METADATA: {"timestamp": "2025-11-17T09:12:54.401442", "bot_version": "2.4.0", "guild_id": 1436118893130158090, "channel_id": 1436118894661206152, "channel_name": "\ud83d\udcac\u300bgeneral", "user_id": 1079826643922722848, "username": "iriss.01", "extra": {}}
---
[2025-11-17T09:13:03.047075] [INFO] [TYPING] [TypingStart] User mqp6 started typing in 💬》general
METADATA: {"timestamp": "2025-11-17T09:13:03.047034", "bot_version": "2.4.0", "guild_id": 1436118893130158090, "channel_id": 1436118894661206152, "channel_name": "\ud83d\udcac\u300bgeneral", "user_id": 1373556059184042045, "username": "mqp6", "extra": {}}
---
[2025-11-17T09:21:36.209660] [INFO] [TYPING] [TypingStart] User iriss.01 started typing in 💬》general
METADATA: {"timestamp": "2025-11-17T09:21:36.209616", "bot_version": "2.4.0", "guild_id": 1436118893130158090, "channel_id": 1436118894661206152, "channel_name": "\ud83d\udcac\u300bgeneral", "user_id": 1079826643922722848, "username": "iriss.01", "extra": {}}
---
[2025-11-17T10:02:29.831188] [INFO] [TYPING] [TypingStart] User 2_click_death started typing in 💬》general
METADATA: {"timestamp": "2025-11-17T10:02:29.831146", "bot_version": "2.4.0", "guild_id": 1436118893130158090, "channel_id": 1436118894661206152, "channel_name": "\ud83d\udcac\u300bgeneral", "user_id": 1019698414839156817, "username": "2_click_death", "extra": {}}
---
[2025-11-17T10:02:38.007070] [INFO] [TYPING] [TypingStart] User 2_click_death started typing in 💬》general
METADATA: {"timestamp": "2025-11-17T10:02:38.006904", "bot_version": "2.4.0", "guild_id": 1436118893130158090, "channel_id": 1436118894661206152, "channel_name": "\ud83d\udcac\u300bgeneral", "user_id": 1019698414839156817, "username": "2_click_death", "extra": {}}
---
[2025-11-17T10:09:39.761655] [INFO] [TYPING] [TypingStart] User mqp6 started typing in 💬》general
METADATA: {"timestamp": "2025-11-17T10:09:39.761581", "bot_version": "2.4.0", "guild_id": 1436118893130158090, "channel_id": 1436118894661206152, "channel_name": "\ud83d\udcac\u300bgeneral", "user_id": 1373556059184042045, "username": "mqp6", "extra": {}}
---
[2025-11-17T10:09:55.938836] [INFO] [TYPING] [TypingStart] User 2_click_death started typing in 💬》general
METADATA: {"timestamp": "2025-11-17T10:09:55.938785", "bot_version": "2.4.0", "guild_id": 1436118893130158090, "channel_id": 1436118894661206152, "channel_name": "\ud83d\udcac\u300bgeneral", "user_id": 1019698414839156817, "username": "2_click_death", "extra": {}}
---
[2025-11-17T10:10:54.720128] [INFO] [TYPING] [TypingStart] User mqp6 started typing in 💬》general
METADATA: {"timestamp": "2025-11-17T10:10:54.720093", "bot_version": "2.4.0", "guild_id": 1436118893130158090, "channel_id": 1436118894661206152, "channel_name": "\ud83d\udcac\u300bgeneral", "user_id": 1373556059184042045, "username": "mqp6", "extra": {}}
---
[2025-11-17T10:11:03.278373] [INFO] [TYPING] [TypingStart] User mqp6 started typing in 💬》general
METADATA: {"timestamp": "2025-11-17T10:11:03.278243", "bot_version": "2.4.0", "guild_id": 1436118893130158090, "channel_id": 1436118894661206152, "channel_name": "\ud83d\udcac\u300bgeneral", "user_id": 1373556059184042045, "username": "mqp6", "extra": {}}
---
[2025-11-17T10:11:10.424574] [INFO] [TYPING] [TypingStart] User mqp6 started typing in 💬》general
METADATA: {"timestamp": "2025-11-17T10:11:10.424540", "bot_version": "2.4.0", "guild_id": 1436118893130158090, "channel_id": 1436118894661206152, "channel_name": "\ud83d\udcac\u300bgeneral", "user_id": 1373556059184042045, "username": "mqp6", "extra": {}}
---
[2025-11-17T10:11:13.696410] [INFO] [TYPING] [TypingStart] User mqp6 started typing in 💬》general
METADATA: {"timestamp": "2025-11-17T10:11:13.696366", "bot_version": "2.4.0", "guild_id": 1436118893130158090, "channel_id": 1436118894661206152, "channel_name": "\ud83d\udcac\u300bgeneral", "user_id": 1373556059184042045, "username": "mqp6", "extra": {}}
---
[2025-11-17T10:11:17.405010] [INFO] [TYPING] [TypingStart] User mqp6 started typing in 💬》general
METADATA: {"timestamp": "2025-11-17T10:11:17.404971", "bot_version": "2.4.0", "guild_id": 1436118893130158090, "channel_id": 1436118894661206152, "channel_name": "\ud83d\udcac\u300bgeneral", "user_id": 1373556059184042045, "username": "mqp6", "extra": {}}
---
[2025-11-17T10:11:24.999163] [INFO] [TYPING] [TypingStart] User mqp6 started typing in 💬》general
METADATA: {"timestamp": "2025-11-17T10:11:24.999112", "bot_version": "2.4.0", "guild_id": 1436118893130158090, "channel_id": 1436118894661206152, "channel_name": "\ud83d\udcac\u300bgeneral", "user_id": 1373556059184042045, "username": "mqp6", "extra": {}}
---
[2025-11-17T10:11:26.607382] [INFO] [TYPING] [TypingStart] User 2_click_death started typing in 💬》general
METADATA: {"timestamp": "2025-11-17T10:11:26.607333", "bot_version": "2.4.0", "guild_id": 1436118893130158090, "channel_id": 1436118894661206152, "channel_name": "\ud83d\udcac\u300bgeneral", "user_id": 1019698414839156817, "username": "2_click_death", "extra": {}}
---
[2025-11-17T10:11:35.005401] [INFO] [TYPING] [TypingStart] User 2_click_death started typing in 💬》general
METADATA: {"timestamp": "2025-11-17T10:11:35.005370", "bot_version": "2.4.0", "guild_id": 1436118893130158090, "channel_id": 1436118894661206152, "channel_name": "\ud83d\udcac\u300bgeneral", "user_id": 1019698414839156817, "username": "2_click_death", "extra": {}}
---
[2025-11-17T10:11:43.513587] [INFO] [TYPING] [TypingStart] User 2_click_death started typing in 💬》general
METADATA: {"timestamp": "2025-11-17T10:11:43.513556", "bot_version": "2.4.0", "guild_id": 1436118893130158090, "channel_id": 1436118894661206152, "channel_name": "\ud83d\udcac\u300bgeneral", "user_id": 1019698414839156817, "username": "2_click_death", "extra": {}}
---
[2025-11-17T10:11:56.467622] [INFO] [TYPING] [TypingStart] User 2_click_death started typing in 💬》general
METADATA: {"timestamp": "2025-11-17T10:11:56.467581", "bot_version": "2.4.0", "guild_id": 1436118893130158090, "channel_id": 1436118894661206152, "channel_name": "\ud83d\udcac\u300bgeneral", "user_id": 1019698414839156817, "username": "2_click_death", "extra": {}}
---
[2025-11-17T10:12:04.848802] [INFO] [TYPING] [TypingStart] User 2_click_death started typing in 💬》general
METADATA: {"timestamp": "2025-11-17T10:12:04.848610", "bot_version": "2.4.0", "guild_id": 1436118893130158090, "channel_id": 1436118894661206152, "channel_name": "\ud83d\udcac\u300bgeneral", "user_id": 1019698414839156817, "username": "2_click_death", "extra": {}}
---
[2025-11-17T10:12:13.662920] [INFO] [TYPING] [TypingStart] User mqp6 started typing in 💬》general
METADATA: {"timestamp": "2025-11-17T10:12:13.662895", "bot_version": "2.4.0", "guild_id": 1436118893130158090, "channel_id": 1436118894661206152, "channel_name": "\ud83d\udcac\u300bgeneral", "user_id": 1373556059184042045, "username": "mqp6", "extra": {}}
---
[2025-11-17T10:12:21.574518] [INFO] [TYPING] [TypingStart] User mqp6 started typing in 💬》general
METADATA: {"timestamp": "2025-11-17T10:12:21.574477", "bot_version": "2.4.0", "guild_id": 1436118893130158090, "channel_id": 1436118894661206152, "channel_name": "\ud83d\udcac\u300bgeneral", "user_id": 1373556059184042045, "username": "mqp6", "extra": {}}
---
[2025-11-17T10:12:53.511597] [INFO] [TYPING] [TypingStart] User 2_click_death started typing in 💬》general
METADATA: {"timestamp": "2025-11-17T10:12:53.511564", "bot_version": "2.4.0", "guild_id": 1436118893130158090, "channel_id": 1436118894661206152, "channel_name": "\ud83d\udcac\u300bgeneral", "user_id": 1019698414839156817, "username": "2_click_death", "extra": {}}
---
[2025-11-17T10:13:19.414758] [INFO] [TYPING] [TypingStart] User 2_click_death started typing in 💬》general
METADATA: {"timestamp": "2025-11-17T10:13:19.414712", "bot_version": "2.4.0", "guild_id": 1436118893130158090, "channel_id": 1436118894661206152, "channel_name": "\ud83d\udcac\u300bgeneral", "user_id": 1019698414839156817, "username": "2_click_death", "extra": {}}
---
[2025-11-17T10:13:28.207817] [INFO] [TYPING] [TypingStart] User 2_click_death started typing in 💬》general
METADATA: {"timestamp": "2025-11-17T10:13:28.207786", "bot_version": "2.4.0", "guild_id": 1436118893130158090, "channel_id": 1436118894661206152, "channel_name": "\ud83d\udcac\u300bgeneral", "user_id": 1019698414839156817, "username": "2_click_death", "extra": {}}
---
[2025-11-17T10:14:00.889563] [INFO] [TYPING] [TypingStart] User mqp6 started typing in 💬》general
METADATA: {"timestamp": "2025-11-17T10:14:00.889511", "bot_version": "2.4.0", "guild_id": 1436118893130158090, "channel_id": 1436118894661206152, "channel_name": "\ud83d\udcac\u300bgeneral", "user_id": 1373556059184042045, "username": "mqp6", "extra": {}}
---
[2025-11-17T10:14:04.694654] [INFO] [TYPING] [TypingStart] User mqp6 started typing in 💬》general
METADATA: {"timestamp": "2025-11-17T10:14:04.694622", "bot_version": "2.4.0", "guild_id": 1436118893130158090, "channel_id": 1436118894661206152, "channel_name": "\ud83d\udcac\u300bgeneral", "user_id": 1373556059184042045, "username": "mqp6", "extra": {}}
---
[2025-11-17T10:14:14.405152] [INFO] [TYPING] [TypingStart] User darknullbyte_ started typing in 💬》general
METADATA: {"timestamp": "2025-11-17T10:14:14.405097", "bot_version": "2.4.0", "guild_id": 1436118893130158090, "channel_id": 1436118894661206152, "channel_name": "\ud83d\udcac\u300bgeneral", "user_id": 1141232275447631932, "username": "darknullbyte_", "extra": {}}
---
[2025-11-17T10:14:18.160628] [INFO] [TYPING] [TypingStart] User 2_click_death started typing in 💬》general
METADATA: {"timestamp": "2025-11-17T10:14:18.160584", "bot_version": "2.4.0", "guild_id": 1436118893130158090, "channel_id": 1436118894661206152, "channel_name": "\ud83d\udcac\u300bgeneral", "user_id": 1019698414839156817, "username": "2_click_death", "extra": {}}
---
[2025-11-17T10:14:39.502275] [INFO] [TYPING] [TypingStart] User 2_click_death started typing in 💬》general
METADATA: {"timestamp": "2025-11-17T10:14:39.502246", "bot_version": "2.4.0", "guild_id": 1436118893130158090, "channel_id": 1436118894661206152, "channel_name": "\ud83d\udcac\u300bgeneral", "user_id": 1019698414839156817, "username": "2_click_death", "extra": {}}
---
[2025-11-17T10:14:53.000923] [INFO] [TYPING] [TypingStart] User darknullbyte_ started typing in 💬》general
METADATA: {"timestamp": "2025-11-17T10:14:53.000713", "bot_version": "2.4.0", "guild_id": 1436118893130158090, "channel_id": 1436118894661206152, "channel_name": "\ud83d\udcac\u300bgeneral", "user_id": 1141232275447631932, "username": "darknullbyte_", "extra": {}}
---
[2025-11-17T10:14:58.674542] [INFO] [TYPING] [TypingStart] User snowexploits started typing in 💬》general
METADATA: {"timestamp": "2025-11-17T10:14:58.674510", "bot_version": "2.4.0", "guild_id": 1436118893130158090, "channel_id": 1436118894661206152, "channel_name": "\ud83d\udcac\u300bgeneral", "user_id": 1376217565952479425, "username": "snowexploits", "extra": {}}
---
[2025-11-17T10:15:00.236021] [INFO] [TYPING] [TypingStart] User darknullbyte_ started typing in 💬》general
METADATA: {"timestamp": "2025-11-17T10:15:00.235990", "bot_version": "2.4.0", "guild_id": 1436118893130158090, "channel_id": 1436118894661206152, "channel_name": "\ud83d\udcac\u300bgeneral", "user_id": 1141232275447631932, "username": "darknullbyte_", "extra": {}}
---
[2025-11-17T10:15:08.283126] [INFO] [TYPING] [TypingStart] User 2_click_death started typing in 💬》general
METADATA: {"timestamp": "2025-11-17T10:15:08.283070", "bot_version": "2.4.0", "guild_id": 1436118893130158090, "channel_id": 1436118894661206152, "channel_name": "\ud83d\udcac\u300bgeneral", "user_id": 1019698414839156817, "username": "2_click_death", "extra": {}}
---
[2025-11-17T10:15:10.355377] [INFO] [TYPING] [TypingStart] User darknullbyte_ started typing in 💬》general
METADATA: {"timestamp": "2025-11-17T10:15:10.355338", "bot_version": "2.4.0", "guild_id": 1436118893130158090, "channel_id": 1436118894661206152, "channel_name": "\ud83d\udcac\u300bgeneral", "user_id": 1141232275447631932, "username": "darknullbyte_", "extra": {}}
---
[2025-11-17T10:15:16.335299] [INFO] [TYPING] [TypingStart] User 2_click_death started typing in 💬》general
METADATA: {"timestamp": "2025-11-17T10:15:16.335266", "bot_version": "2.4.0", "guild_id": 1436118893130158090, "channel_id": 1436118894661206152, "channel_name": "\ud83d\udcac\u300bgeneral", "user_id": 1019698414839156817, "username": "2_click_death", "extra": {}}
---
[2025-11-17T10:15:22.645022] [INFO] [TYPING] [TypingStart] User snowexploits started typing in 💬》general
METADATA: {"timestamp": "2025-11-17T10:15:22.644994", "bot_version": "2.4.0", "guild_id": 1436118893130158090, "channel_id": 1436118894661206152, "channel_name": "\ud83d\udcac\u300bgeneral", "user_id": 1376217565952479425, "username": "snowexploits", "extra": {}}
---
[2025-11-17T10:15:25.985624] [INFO] [TYPING] [TypingStart] User mqp6 started typing in 💬》general
METADATA: {"timestamp": "2025-11-17T10:15:25.985417", "bot_version": "2.4.0", "guild_id": 1436118893130158090, "channel_id": 1436118894661206152, "channel_name": "\ud83d\udcac\u300bgeneral", "user_id": 1373556059184042045, "username": "mqp6", "extra": {}}
---
[2025-11-17T10:15:30.567818] [INFO] [TYPING] [TypingStart] User darknullbyte_ started typing in 💬》general
METADATA: {"timestamp": "2025-11-17T10:15:30.567794", "bot_version": "2.4.0", "guild_id": 1436118893130158090, "channel_id": 1436118894661206152, "channel_name": "\ud83d\udcac\u300bgeneral", "user_id": 1141232275447631932, "username": "darknullbyte_", "extra": {}}
---
[2025-11-17T10:15:33.878755] [INFO] [TYPING] [TypingStart] User snowexploits started typing in 💬》general
METADATA: {"timestamp": "2025-11-17T10:15:33.878695", "bot_version": "2.4.0", "guild_id": 1436118893130158090, "channel_id": 1436118894661206152, "channel_name": "\ud83d\udcac\u300bgeneral", "user_id": 1376217565952479425, "username": "snowexploits", "extra": {}}
---
[2025-11-17T10:15:38.542140] [INFO] [TYPING] [TypingStart] User 2_click_death started typing in 💬》general
METADATA: {"timestamp": "2025-11-17T10:15:38.542113", "bot_version": "2.4.0", "guild_id": 1436118893130158090, "channel_id": 1436118894661206152, "channel_name": "\ud83d\udcac\u300bgeneral", "user_id": 1019698414839156817, "username": "2_click_death", "extra": {}}
---
[2025-11-17T10:15:41.927797] [INFO] [TYPING] [TypingStart] User darknullbyte_ started typing in 💬》general
METADATA: {"timestamp": "2025-11-17T10:15:41.927758", "bot_version": "2.4.0", "guild_id": 1436118893130158090, "channel_id": 1436118894661206152, "channel_name": "\ud83d\udcac\u300bgeneral", "user_id": 1141232275447631932, "username": "darknullbyte_", "extra": {}}
---
[2025-11-17T10:15:46.767984] [INFO] [TYPING] [TypingStart] User 2_click_death started typing in 💬》general
METADATA: {"timestamp": "2025-11-17T10:15:46.767884", "bot_version": "2.4.0", "guild_id": 1436118893130158090, "channel_id": 1436118894661206152, "channel_name": "\ud83d\udcac\u300bgeneral", "user_id": 1019698414839156817, "username": "2_click_death", "extra": {}}
---
[2025-11-17T10:15:54.911884] [INFO] [TYPING] [TypingStart] User mqp6 started typing in 💬》general
METADATA: {"timestamp": "2025-11-17T10:15:54.911843", "bot_version": "2.4.0", "guild_id": 1436118893130158090, "channel_id": 1436118894661206152, "channel_name": "\ud83d\udcac\u300bgeneral", "user_id": 1373556059184042045, "username": "mqp6", "extra": {}}
---
[2025-11-17T10:16:20.051439] [INFO] [TYPING] [TypingStart] User darknullbyte_ started typing in 💬》general
METADATA: {"timestamp": "2025-11-17T10:16:20.051324", "bot_version": "2.4.0", "guild_id": 1436118893130158090, "channel_id": 1436118894661206152, "channel_name": "\ud83d\udcac\u300bgeneral", "user_id": 1141232275447631932, "username": "darknullbyte_", "extra": {}}
---
[2025-11-17T10:16:37.310382] [INFO] [TYPING] [TypingStart] User snowexploits started typing in 💬》general
METADATA: {"timestamp": "2025-11-17T10:16:37.310348", "bot_version": "2.4.0", "guild_id": 1436118893130158090, "channel_id": 1436118894661206152, "channel_name": "\ud83d\udcac\u300bgeneral", "user_id": 1376217565952479425, "username": "snowexploits", "extra": {}}
---
[2025-11-17T10:16:46.944258] [INFO] [TYPING] [TypingStart] User darknullbyte_ started typing in 💬》general
METADATA: {"timestamp": "2025-11-17T10:16:46.944212", "bot_version": "2.4.0", "guild_id": 1436118893130158090, "channel_id": 1436118894661206152, "channel_name": "\ud83d\udcac\u300bgeneral", "user_id": 1141232275447631932, "username": "darknullbyte_", "extra": {}}
---
[2025-11-17T10:16:51.988937] [INFO] [TYPING] [TypingStart] User snowexploits started typing in 💬》general
METADATA: {"timestamp": "2025-11-17T10:16:51.988902", "bot_version": "2.4.0", "guild_id": 1436118893130158090, "channel_id": 1436118894661206152, "channel_name": "\ud83d\udcac\u300bgeneral", "user_id": 1376217565952479425, "username": "snowexploits", "extra": {}}
---
[2025-11-17T10:16:53.552489] [INFO] [TYPING] [TypingStart] User darknullbyte_ started typing in 💬》general
METADATA: {"timestamp": "2025-11-17T10:16:53.552454", "bot_version": "2.4.0", "guild_id": 1436118893130158090, "channel_id": 1436118894661206152, "channel_name": "\ud83d\udcac\u300bgeneral", "user_id": 1141232275447631932, "username": "darknullbyte_", "extra": {}}
---
[2025-11-17T10:16:59.015098] [INFO] [TYPING] [TypingStart] User snowexploits started typing in 💬》general
METADATA: {"timestamp": "2025-11-17T10:16:59.015056", "bot_version": "2.4.0", "guild_id": 1436118893130158090, "channel_id": 1436118894661206152, "channel_name": "\ud83d\udcac\u300bgeneral", "user_id": 1376217565952479425, "username": "snowexploits", "extra": {}}
---
[2025-11-17T10:17:00.377193] [INFO] [TYPING] [TypingStart] User darknullbyte_ started typing in 💬》general
METADATA: {"timestamp": "2025-11-17T10:17:00.377127", "bot_version": "2.4.0", "guild_id": 1436118893130158090, "channel_id": 1436118894661206152, "channel_name": "\ud83d\udcac\u300bgeneral", "user_id": 1141232275447631932, "username": "darknullbyte_", "extra": {}}
---
[2025-11-17T10:17:15.180273] [INFO] [TYPING] [TypingStart] User darknullbyte_ started typing in 💬》general
METADATA: {"timestamp": "2025-11-17T10:17:15.180215", "bot_version": "2.4.0", "guild_id": 1436118893130158090, "channel_id": 1436118894661206152, "channel_name": "\ud83d\udcac\u300bgeneral", "user_id": 1141232275447631932, "username": "darknullbyte_", "extra": {}}
---
[2025-11-17T10:17:29.157757] [INFO] [TYPING] [TypingStart] User mqp6 started typing in 💬》general
METADATA: {"timestamp": "2025-11-17T10:17:29.157708", "bot_version": "2.4.0", "guild_id": 1436118893130158090, "channel_id": 1436118894661206152, "channel_name": "\ud83d\udcac\u300bgeneral", "user_id": 1373556059184042045, "username": "mqp6", "extra": {}}
---
[2025-11-17T10:17:35.111623] [INFO] [TYPING] [TypingStart] User 2_click_death started typing in 💬》general
METADATA: {"timestamp": "2025-11-17T10:17:35.111593", "bot_version": "2.4.0", "guild_id": 1436118893130158090, "channel_id": 1436118894661206152, "channel_name": "\ud83d\udcac\u300bgeneral", "user_id": 1019698414839156817, "username": "2_click_death", "extra": {}}
---
[2025-11-17T10:17:38.949668] [INFO] [TYPING] [TypingStart] User darknullbyte_ started typing in 💬》general
METADATA: {"timestamp": "2025-11-17T10:17:38.949624", "bot_version": "2.4.0", "guild_id": 1436118893130158090, "channel_id": 1436118894661206152, "channel_name": "\ud83d\udcac\u300bgeneral", "user_id": 1141232275447631932, "username": "darknullbyte_", "extra": {}}
---
[2025-11-17T10:18:10.028932] [INFO] [TYPING] [TypingStart] User darknullbyte_ started typing in 💬》general
METADATA: {"timestamp": "2025-11-17T10:18:10.028881", "bot_version": "2.4.0", "guild_id": 1436118893130158090, "channel_id": 1436118894661206152, "channel_name": "\ud83d\udcac\u300bgeneral", "user_id": 1141232275447631932, "username": "darknullbyte_", "extra": {}}
---
[2025-11-17T10:18:20.888398] [INFO] [TYPING] [TypingStart] User mqp6 started typing in 💬》general
METADATA: {"timestamp": "2025-11-17T10:18:20.888350", "bot_version": "2.4.0", "guild_id": 1436118893130158090, "channel_id": 1436118894661206152, "channel_name": "\ud83d\udcac\u300bgeneral", "user_id": 1373556059184042045, "username": "mqp6", "extra": {}}
---
[2025-11-17T10:18:30.044368] [INFO] [TYPING] [TypingStart] User darknullbyte_ started typing in 💬》general
METADATA: {"timestamp": "2025-11-17T10:18:30.044334", "bot_version": "2.4.0", "guild_id": 1436118893130158090, "channel_id": 1436118894661206152, "channel_name": "\ud83d\udcac\u300bgeneral", "user_id": 1141232275447631932, "username": "darknullbyte_", "extra": {}}
---
[2025-11-17T10:18:33.507240] [INFO] [TYPING] [TypingStart] User mqp6 started typing in 💬》general
METADATA: {"timestamp": "2025-11-17T10:18:33.507201", "bot_version": "2.4.0", "guild_id": 1436118893130158090, "channel_id": 1436118894661206152, "channel_name": "\ud83d\udcac\u300bgeneral", "user_id": 1373556059184042045, "username": "mqp6", "extra": {}}
---
[2025-11-17T10:18:34.652486] [INFO] [TYPING] [TypingStart] User darknullbyte_ started typing in 💬》general
METADATA: {"timestamp": "2025-11-17T10:18:34.652391", "bot_version": "2.4.0", "guild_id": 1436118893130158090, "channel_id": 1436118894661206152, "channel_name": "\ud83d\udcac\u300bgeneral", "user_id": 1141232275447631932, "username": "darknullbyte_", "extra": {}}
---
[2025-11-17T10:18:40.047151] [INFO] [TYPING] [TypingStart] User 2_click_death started typing in 💬》general
METADATA: {"timestamp": "2025-11-17T10:18:40.047120", "bot_version": "2.4.0", "guild_id": 1436118893130158090, "channel_id": 1436118894661206152, "channel_name": "\ud83d\udcac\u300bgeneral", "user_id": 1019698414839156817, "username": "2_click_death", "extra": {}}
---
[2025-11-17T10:18:42.862398] [INFO] [TYPING] [TypingStart] User mqp6 started typing in 💬》general
METADATA: {"timestamp": "2025-11-17T10:18:42.862363", "bot_version": "2.4.0", "guild_id": 1436118893130158090, "channel_id": 1436118894661206152, "channel_name": "\ud83d\udcac\u300bgeneral", "user_id": 1373556059184042045, "username": "mqp6", "extra": {}}
---
[2025-11-17T10:18:48.545226] [INFO] [TYPING] [TypingStart] User darknullbyte_ started typing in 💬》general
METADATA: {"timestamp": "2025-11-17T10:18:48.545184", "bot_version": "2.4.0", "guild_id": 1436118893130158090, "channel_id": 1436118894661206152, "channel_name": "\ud83d\udcac\u300bgeneral", "user_id": 1141232275447631932, "username": "darknullbyte_", "extra": {}}
---
[2025-11-17T10:18:49.800118] [INFO] [TYPING] [TypingStart] User 2_click_death started typing in 💬》general
METADATA: {"timestamp": "2025-11-17T10:18:49.800025", "bot_version": "2.4.0", "guild_id": 1436118893130158090, "channel_id": 1436118894661206152, "channel_name": "\ud83d\udcac\u300bgeneral", "user_id": 1019698414839156817, "username": "2_click_death", "extra": {}}
---
[2025-11-17T10:18:58.153306] [INFO] [TYPING] [TypingStart] User darknullbyte_ started typing in 💬》general
METADATA: {"timestamp": "2025-11-17T10:18:58.153264", "bot_version": "2.4.0", "guild_id": 1436118893130158090, "channel_id": 1436118894661206152, "channel_name": "\ud83d\udcac\u300bgeneral", "user_id": 1141232275447631932, "username": "darknullbyte_", "extra": {}}
---
[2025-11-17T10:19:01.513829] [INFO] [TYPING] [TypingStart] User mqp6 started typing in 💬》general
METADATA: {"timestamp": "2025-11-17T10:19:01.513793", "bot_version": "2.4.0", "guild_id": 1436118893130158090, "channel_id": 1436118894661206152, "channel_name": "\ud83d\udcac\u300bgeneral", "user_id": 1373556059184042045, "username": "mqp6", "extra": {}}
---
[2025-11-17T10:19:06.089665] [INFO] [TYPING] [TypingStart] User darknullbyte_ started typing in 💬》general
METADATA: {"timestamp": "2025-11-17T10:19:06.089631", "bot_version": "2.4.0", "guild_id": 1436118893130158090, "channel_id": 1436118894661206152, "channel_name": "\ud83d\udcac\u300bgeneral", "user_id": 1141232275447631932, "username": "darknullbyte_", "extra": {}}
---
[2025-11-17T10:19:13.167747] [INFO] [TYPING] [TypingStart] User darknullbyte_ started typing in 💬》general
METADATA: {"timestamp": "2025-11-17T10:19:13.167716", "bot_version": "2.4.0", "guild_id": 1436118893130158090, "channel_id": 1436118894661206152, "channel_name": "\ud83d\udcac\u300bgeneral", "user_id": 1141232275447631932, "username": "darknullbyte_", "extra": {}}
---
[2025-11-17T10:19:31.320523] [INFO] [TYPING] [TypingStart] User darknullbyte_ started typing in 💬》general
METADATA: {"timestamp": "2025-11-17T10:19:31.320482", "bot_version": "2.4.0", "guild_id": 1436118893130158090, "channel_id": 1436118894661206152, "channel_name": "\ud83d\udcac\u300bgeneral", "user_id": 1141232275447631932, "username": "darknullbyte_", "extra": {}}
---
[2025-11-17T10:19:56.237846] [INFO] [TYPING] [TypingStart] User darknullbyte_ started typing in 💬》general
METADATA: {"timestamp": "2025-11-17T10:19:56.237804", "bot_version": "2.4.0", "guild_id": 1436118893130158090, "channel_id": 1436118894661206152, "channel_name": "\ud83d\udcac\u300bgeneral", "user_id": 1141232275447631932, "username": "darknullbyte_", "extra": {}}
---
[2025-11-17T10:20:24.743099] [INFO] [TYPING] [TypingStart] User 2_click_death started typing in 💬》general
METADATA: {"timestamp": "2025-11-17T10:20:24.743036", "bot_version": "2.4.0", "guild_id": 1436118893130158090, "channel_id": 1436118894661206152, "channel_name": "\ud83d\udcac\u300bgeneral", "user_id": 1019698414839156817, "username": "2_click_death", "extra": {}}
---
[2025-11-17T10:20:26.102590] [INFO] [TYPING] [TypingStart] User darknullbyte_ started typing in 💬》general
METADATA: {"timestamp": "2025-11-17T10:20:26.102547", "bot_version": "2.4.0", "guild_id": 1436118893130158090, "channel_id": 1436118894661206152, "channel_name": "\ud83d\udcac\u300bgeneral", "user_id": 1141232275447631932, "username": "darknullbyte_", "extra": {}}
---
[2025-11-17T10:20:32.501863] [INFO] [TYPING] [TypingStart] User 2_click_death started typing in 💬》general
METADATA: {"timestamp": "2025-11-17T10:20:32.501821", "bot_version": "2.4.0", "guild_id": 1436118893130158090, "channel_id": 1436118894661206152, "channel_name": "\ud83d\udcac\u300bgeneral", "user_id": 1019698414839156817, "username": "2_click_death", "extra": {}}
---
[2025-11-17T10:20:44.245530] [INFO] [TYPING] [TypingStart] User mqp6 started typing in 💬》general
METADATA: {"timestamp": "2025-11-17T10:20:44.245496", "bot_version": "2.4.0", "guild_id": 1436118893130158090, "channel_id": 1436118894661206152, "channel_name": "\ud83d\udcac\u300bgeneral", "user_id": 1373556059184042045, "username": "mqp6", "extra": {}}
---
[2025-11-17T10:20:49.911727] [INFO] [TYPING] [TypingStart] User mqp6 started typing in 💬》general
METADATA: {"timestamp": "2025-11-17T10:20:49.911686", "bot_version": "2.4.0", "guild_id": 1436118893130158090, "channel_id": 1436118894661206152, "channel_name": "\ud83d\udcac\u300bgeneral", "user_id": 1373556059184042045, "username": "mqp6", "extra": {}}
---
[2025-11-17T10:20:56.272976] [INFO] [TYPING] [TypingStart] User darknullbyte_ started typing in 💬》general
METADATA: {"timestamp": "2025-11-17T10:20:56.272946", "bot_version": "2.4.0", "guild_id": 1436118893130158090, "channel_id": 1436118894661206152, "channel_name": "\ud83d\udcac\u300bgeneral", "user_id": 1141232275447631932, "username": "darknullbyte_", "extra": {}}
---
[2025-11-17T10:20:58.634790] [INFO] [TYPING] [TypingStart] User mqp6 started typing in 💬》general
METADATA: {"timestamp": "2025-11-17T10:20:58.634742", "bot_version": "2.4.0", "guild_id": 1436118893130158090, "channel_id": 1436118894661206152, "channel_name": "\ud83d\udcac\u300bgeneral", "user_id": 1373556059184042045, "username": "mqp6", "extra": {}}
---
[2025-11-17T10:21:14.662304] [INFO] [TYPING] [TypingStart] User mqp6 started typing in 💬》general
METADATA: {"timestamp": "2025-11-17T10:21:14.662271", "bot_version": "2.4.0", "guild_id": 1436118893130158090, "channel_id": 1436118894661206152, "channel_name": "\ud83d\udcac\u300bgeneral", "user_id": 1373556059184042045, "username": "mqp6", "extra": {}}
---
[2025-11-17T10:21:15.941895] [INFO] [TYPING] [TypingStart] User darknullbyte_ started typing in 💬》general
METADATA: {"timestamp": "2025-11-17T10:21:15.941778", "bot_version": "2.4.0", "guild_id": 1436118893130158090, "channel_id": 1436118894661206152, "channel_name": "\ud83d\udcac\u300bgeneral", "user_id": 1141232275447631932, "username": "darknullbyte_", "extra": {}}
---
[2025-11-17T10:21:20.891506] [INFO] [TYPING] [TypingStart] User darknullbyte_ started typing in 💬》general
METADATA: {"timestamp": "2025-11-17T10:21:20.891478", "bot_version": "2.4.0", "guild_id": 1436118893130158090, "channel_id": 1436118894661206152, "channel_name": "\ud83d\udcac\u300bgeneral", "user_id": 1141232275447631932, "username": "darknullbyte_", "extra": {}}
---
[2025-11-17T10:21:23.228142] [INFO] [TYPING] [TypingStart] User mqp6 started typing in 💬》general
METADATA: {"timestamp": "2025-11-17T10:21:23.228106", "bot_version": "2.4.0", "guild_id": 1436118893130158090, "channel_id": 1436118894661206152, "channel_name": "\ud83d\udcac\u300bgeneral", "user_id": 1373556059184042045, "username": "mqp6", "extra": {}}
---
[2025-11-17T10:21:36.705273] [INFO] [TYPING] [TypingStart] User darknullbyte_ started typing in 💬》general
METADATA: {"timestamp": "2025-11-17T10:21:36.705208", "bot_version": "2.4.0", "guild_id": 1436118893130158090, "channel_id": 1436118894661206152, "channel_name": "\ud83d\udcac\u300bgeneral", "user_id": 1141232275447631932, "username": "darknullbyte_", "extra": {}}
---
[2025-11-17T10:33:10.476776] [INFO] [TYPING] [TypingStart] User iriss.01 started typing in ⛔》server-logs
METADATA: {"timestamp": "2025-11-17T10:33:10.476732", "bot_version": "2.4.0", "guild_id": 1436118893130158090, "channel_id": 1436129350243188969, "channel_name": "\u26d4\u300bserver-logs", "user_id": 1079826643922722848, "username": "iriss.01", "extra": {}}
---
[2025-11-17T10:33:17.138756] [INFO] [TYPING] [TypingStart] User iriss.01 started typing in 💬》general
METADATA: {"timestamp": "2025-11-17T10:33:17.138719", "bot_version": "2.4.0", "guild_id": 1436118893130158090, "channel_id": 1436118894661206152, "channel_name": "\ud83d\udcac\u300bgeneral", "user_id": 1079826643922722848, "username": "iriss.01", "extra": {}}
---
[2025-11-17T12:42:17.147805] [INFO] [TYPING] [TypingStart] User animelover33462 started typing in 💬》general
METADATA: {"timestamp": "2025-11-17T12:42:17.147776", "bot_version": "2.4.0", "guild_id": 1436118893130158090, "channel_id": 1436118894661206152, "channel_name": "\ud83d\udcac\u300bgeneral", "user_id": 1431935630157549568, "username": "animelover33462", "extra": {}}
---
[2025-11-17T12:42:44.782810] [INFO] [TYPING] [TypingStart] User animelover33462 started typing in 💬》general
METADATA: {"timestamp": "2025-11-17T12:42:44.782765", "bot_version": "2.4.0", "guild_id": 1436118893130158090, "channel_id": 1436118894661206152, "channel_name": "\ud83d\udcac\u300bgeneral", "user_id": 1431935630157549568, "username": "animelover33462", "extra": {}}
---
