[2026-01-07T04:23:11.691300] [INFO] [TYPING] [TypingStart] User 2clickdeath started typing in 💬》general
METADATA: {"timestamp": "2026-01-07T04:23:11.691216", "bot_version": "2.6.4", "guild_id": 1419349908850475031, "channel_id": 1456473336375677011, "channel_name": "\ud83d\udcac\u300bgeneral", "user_id": 1019698414839156817, "username": "2clickdeath", "extra": {}}
---
[2026-01-07T08:51:13.469124] [INFO] [TYPING] [TypingStart] User 2clickdeath started typing in 💬》general
METADATA: {"timestamp": "2026-01-07T08:51:13.469034", "bot_version": "2.6.4", "guild_id": 1419349908850475031, "channel_id": 1456473336375677011, "channel_name": "\ud83d\udcac\u300bgeneral", "user_id": 1019698414839156817, "username": "2clickdeath", "extra": {}}
---
[2026-01-07T08:51:21.465038] [INFO] [TYPING] [TypingStart] User 2clickdeath started typing in 💬》general
METADATA: {"timestamp": "2026-01-07T08:51:21.464910", "bot_version": "2.6.4", "guild_id": 1419349908850475031, "channel_id": 1456473336375677011, "channel_name": "\ud83d\udcac\u300bgeneral", "user_id": 1019698414839156817, "username": "2clickdeath", "extra": {}}
---
[2026-01-07T08:51:31.381072] [INFO] [TYPING] [TypingStart] User iriss.01 started typing in 💬》general
METADATA: {"timestamp": "2026-01-07T08:51:31.380999", "bot_version": "2.6.4", "guild_id": 1419349908850475031, "channel_id": 1456473336375677011, "channel_name": "\ud83d\udcac\u300bgeneral", "user_id": 1079826643922722848, "username": "iriss.01", "extra": {}}
---
[2026-01-07T08:51:36.763788] [INFO] [TYPING] [TypingStart] User 2clickdeath started typing in 💬》general
METADATA: {"timestamp": "2026-01-07T08:51:36.763685", "bot_version": "2.6.4", "guild_id": 1419349908850475031, "channel_id": 1456473336375677011, "channel_name": "\ud83d\udcac\u300bgeneral", "user_id": 1019698414839156817, "username": "2clickdeath", "extra": {}}
---
[2026-01-07T08:51:42.338865] [INFO] [TYPING] [TypingStart] User iriss.01 started typing in 💬》general
METADATA: {"timestamp": "2026-01-07T08:51:42.338751", "bot_version": "2.6.4", "guild_id": 1419349908850475031, "channel_id": 1456473336375677011, "channel_name": "\ud83d\udcac\u300bgeneral", "user_id": 1079826643922722848, "username": "iriss.01", "extra": {}}
---
[2026-01-07T08:51:54.832017] [INFO] [TYPING] [TypingStart] User iriss.01 started typing in 💬》general
METADATA: {"timestamp": "2026-01-07T08:51:54.831949", "bot_version": "2.6.4", "guild_id": 1419349908850475031, "channel_id": 1456473336375677011, "channel_name": "\ud83d\udcac\u300bgeneral", "user_id": 1079826643922722848, "username": "iriss.01", "extra": {}}
---
[2026-01-07T08:52:02.099856] [INFO] [TYPING] [TypingStart] User iriss.01 started typing in 💬》general
METADATA: {"timestamp": "2026-01-07T08:52:02.099755", "bot_version": "2.6.4", "guild_id": 1419349908850475031, "channel_id": 1456473336375677011, "channel_name": "\ud83d\udcac\u300bgeneral", "user_id": 1079826643922722848, "username": "iriss.01", "extra": {}}
---
[2026-01-07T08:52:15.408765] [INFO] [TYPING] [TypingStart] User 2clickdeath started typing in 💬》general
METADATA: {"timestamp": "2026-01-07T08:52:15.408676", "bot_version": "2.6.4", "guild_id": 1419349908850475031, "channel_id": 1456473336375677011, "channel_name": "\ud83d\udcac\u300bgeneral", "user_id": 1019698414839156817, "username": "2clickdeath", "extra": {}}
---
