[2025-10-30T23:46:27.819873] [INFO] [VOICE] [VoiceChannelJoin] snowexploits joined voice channel '🔊・General' in ByteHub
METADATA: {"timestamp": "2025-10-30T23:46:27.819833", "bot_version": "2.4.0", "guild_id": 1425539343480655886, "channel_id": 1425539345695375431, "user_id": 1376217565952479425, "extra": {}}
---
[2025-10-30T23:55:03.983098] [INFO] [VOICE] [VoiceChannelJoin] 2_clickdeath joined voice channel '🔊・General' in ByteHub
METADATA: {"timestamp": "2025-10-30T23:55:03.983053", "bot_version": "2.4.0", "guild_id": 1425539343480655886, "channel_id": 1425539345695375431, "user_id": 1019698414839156817, "extra": {}}
---
[2025-10-30T23:55:15.780118] [INFO] [VOICE] [VoiceStatusChange] 2_clickdeath self-unmuted in ByteHub
METADATA: {"timestamp": "2025-10-30T23:55:15.780073", "bot_version": "2.4.0", "guild_id": 1425539343480655886, "user_id": 1019698414839156817, "extra": {}}
---
[2025-10-30T23:55:21.394325] [INFO] [VOICE] [VoiceStatusChange] 2_clickdeath self-muted in ByteHub
METADATA: {"timestamp": "2025-10-30T23:55:21.394284", "bot_version": "2.4.0", "guild_id": 1425539343480655886, "user_id": 1019698414839156817, "extra": {}}
---
[2025-10-30T23:55:27.777390] [INFO] [VOICE] [VoiceStatusChange] snowexploits self-unmuted in ByteHub
METADATA: {"timestamp": "2025-10-30T23:55:27.777348", "bot_version": "2.4.0", "guild_id": 1425539343480655886, "user_id": 1376217565952479425, "extra": {}}
---
[2025-10-30T23:55:33.183370] [INFO] [VOICE] [VoiceStatusChange] 2_clickdeath self-unmuted in ByteHub
METADATA: {"timestamp": "2025-10-30T23:55:33.183321", "bot_version": "2.4.0", "guild_id": 1425539343480655886, "user_id": 1019698414839156817, "extra": {}}
---
[2025-10-30T23:55:40.442811] [INFO] [VOICE] [VoiceStatusChange] 2_clickdeath self-muted in ByteHub
METADATA: {"timestamp": "2025-10-30T23:55:40.442771", "bot_version": "2.4.0", "guild_id": 1425539343480655886, "user_id": 1019698414839156817, "extra": {}}
---
[2025-10-30T23:55:44.594328] [INFO] [VOICE] [VoiceStatusChange] 2_clickdeath self-unmuted in ByteHub
METADATA: {"timestamp": "2025-10-30T23:55:44.594276", "bot_version": "2.4.0", "guild_id": 1425539343480655886, "user_id": 1019698414839156817, "extra": {}}
---
[2025-10-30T23:55:47.218570] [INFO] [VOICE] [VoiceStatusChange] 2_clickdeath self-muted in ByteHub
METADATA: {"timestamp": "2025-10-30T23:55:47.218530", "bot_version": "2.4.0", "guild_id": 1425539343480655886, "user_id": 1019698414839156817, "extra": {}}
---
[2025-10-30T23:55:52.308438] [INFO] [VOICE] [VoiceStatusChange] 2_clickdeath self-unmuted in ByteHub
METADATA: {"timestamp": "2025-10-30T23:55:52.308394", "bot_version": "2.4.0", "guild_id": 1425539343480655886, "user_id": 1019698414839156817, "extra": {}}
---
[2025-10-30T23:56:13.623581] [INFO] [VOICE] [VoiceStatusChange] 2_clickdeath self-muted in ByteHub
METADATA: {"timestamp": "2025-10-30T23:56:13.623537", "bot_version": "2.4.0", "guild_id": 1425539343480655886, "user_id": 1019698414839156817, "extra": {}}
---
[2025-10-30T23:56:18.534117] [INFO] [VOICE] [VoiceStatusChange] 2_clickdeath self-unmuted in ByteHub
METADATA: {"timestamp": "2025-10-30T23:56:18.534073", "bot_version": "2.4.0", "guild_id": 1425539343480655886, "user_id": 1019698414839156817, "extra": {}}
---
[2025-10-30T23:56:32.192483] [INFO] [VOICE] [VoiceStatusChange] 2_clickdeath self-muted in ByteHub
METADATA: {"timestamp": "2025-10-30T23:56:32.192437", "bot_version": "2.4.0", "guild_id": 1425539343480655886, "user_id": 1019698414839156817, "extra": {}}
---
[2025-10-30T23:56:35.282826] [INFO] [VOICE] [VoiceStatusChange] snowexploits self-muted in ByteHub
METADATA: {"timestamp": "2025-10-30T23:56:35.282783", "bot_version": "2.4.0", "guild_id": 1425539343480655886, "user_id": 1376217565952479425, "extra": {}}
---
[2025-10-30T23:59:43.929566] [INFO] [VOICE] [VoiceChannelLeave] 2_clickdeath left voice channel '🔊・General' in ByteHub
METADATA: {"timestamp": "2025-10-30T23:59:43.929525", "bot_version": "2.4.0", "guild_id": 1425539343480655886, "channel_id": 1425539345695375431, "user_id": 1019698414839156817, "extra": {}}
---
