[2025-10-31T00:00:08.534866] [INFO] [VOICE] [VoiceChannelLeave] snowexploits left voice channel '🔊・General' in ByteHub
METADATA: {"timestamp": "2025-10-31T00:00:08.534823", "bot_version": "2.4.0", "guild_id": 1425539343480655886, "channel_id": 1425539345695375431, "user_id": 1376217565952479425, "extra": {}}
---
[2025-10-31T00:04:47.854771] [INFO] [VOICE] [VoiceChannelJoin] darknullbyte_ joined voice channel '🔊・General' in ByteHub
METADATA: {"timestamp": "2025-10-31T00:04:47.854718", "bot_version": "2.4.0", "guild_id": 1425539343480655886, "channel_id": 1425539345695375431, "user_id": 1141232275447631932, "extra": {}}
---
[2025-10-31T00:04:48.655572] [INFO] [VOICE] [VoiceStatusChange] darknullbyte_ self-unmuted in ByteHub
METADATA: {"timestamp": "2025-10-31T00:04:48.655536", "bot_version": "2.4.0", "guild_id": 1425539343480655886, "user_id": 1141232275447631932, "extra": {}}
---
[2025-10-31T00:04:50.716551] [INFO] [VOICE] [VoiceStatusChange] darknullbyte_ self-muted in ByteHub
METADATA: {"timestamp": "2025-10-31T00:04:50.716506", "bot_version": "2.4.0", "guild_id": 1425539343480655886, "user_id": 1141232275447631932, "extra": {}}
---
[2025-10-31T00:05:18.225010] [INFO] [VOICE] [VoiceChannelLeave] darknullbyte_ left voice channel '🔊・General' in ByteHub
METADATA: {"timestamp": "2025-10-31T00:05:18.224972", "bot_version": "2.4.0", "guild_id": 1425539343480655886, "channel_id": 1425539345695375431, "user_id": 1141232275447631932, "extra": {}}
---
[2025-10-31T01:04:31.834668] [INFO] [VOICE] [VoiceChannelJoin] snowexploits joined voice channel '🔊・General' in ByteHub
METADATA: {"timestamp": "2025-10-31T01:04:31.834621", "bot_version": "2.4.0", "guild_id": 1425539343480655886, "channel_id": 1425539345695375431, "user_id": 1376217565952479425, "extra": {}}
---
[2025-10-31T01:04:38.270846] [INFO] [VOICE] [VoiceChannelJoin] darknullbyte_ joined voice channel '🔊・General' in ByteHub
METADATA: {"timestamp": "2025-10-31T01:04:38.270796", "bot_version": "2.4.0", "guild_id": 1425539343480655886, "channel_id": 1425539345695375431, "user_id": 1141232275447631932, "extra": {}}
---
[2025-10-31T01:06:23.617270] [INFO] [VOICE] [VoiceChannelLeave] darknullbyte_ left voice channel '🔊・General' in ByteHub
METADATA: {"timestamp": "2025-10-31T01:06:23.617224", "bot_version": "2.4.0", "guild_id": 1425539343480655886, "channel_id": 1425539345695375431, "user_id": 1141232275447631932, "extra": {}}
---
[2025-10-31T01:06:30.553853] [INFO] [VOICE] [VoiceChannelLeave] snowexploits left voice channel '🔊・General' in ByteHub
METADATA: {"timestamp": "2025-10-31T01:06:30.553801", "bot_version": "2.4.0", "guild_id": 1425539343480655886, "channel_id": 1425539345695375431, "user_id": 1376217565952479425, "extra": {}}
---
