[2025-11-02T17:19:01.789877] [ERROR] [ERRORS] [DiscordError_on_member_join] Error in event 'on_member_join': (<Member id=1434015339523604651 name='Charger 2.0' global_name=None bot=True nick=None guild=<Guild id=1425539343480655886 name='ByteHub' shard_id=0 chunked=True member_count=24>>,) {}
METADATA: {"timestamp": "2025-11-02T17:19:01.789824", "bot_version": "2.4.0", "extra": {"args": "(<Member id=1434015339523604651 name='Charger 2.0' global_name=None bot=True nick=None guild=<Guild id=1425539343480655886 name='ByteHub' shard_id=0 chunked=True member_count=24>>,)", "kwargs": "{}"}}
---
[2025-11-02T17:19:35.035566] [ERROR] [ERRORS] [DiscordError_on_member_join] Error in event 'on_member_join': (<Member id=1434015339523604651 name='Charger 2.0' global_name=None bot=True nick=None guild=<Guild id=1425539343480655886 name='ByteHub' shard_id=0 chunked=True member_count=24>>,) {}
METADATA: {"timestamp": "2025-11-02T17:19:35.035526", "bot_version": "2.4.0", "extra": {"args": "(<Member id=1434015339523604651 name='Charger 2.0' global_name=None bot=True nick=None guild=<Guild id=1425539343480655886 name='ByteHub' shard_id=0 chunked=True member_count=24>>,)", "kwargs": "{}"}}
---
[2025-11-02T17:19:51.535403] [ERROR] [ERRORS] [DiscordError_on_member_join] Error in event 'on_member_join': (<Member id=1424075159576514771 name='XenBot' global_name=None bot=True nick=None guild=<Guild id=1425539343480655886 name='ByteHub' shard_id=0 chunked=True member_count=25>>,) {}
METADATA: {"timestamp": "2025-11-02T17:19:51.535358", "bot_version": "2.4.0", "extra": {"args": "(<Member id=1424075159576514771 name='XenBot' global_name=None bot=True nick=None guild=<Guild id=1425539343480655886 name='ByteHub' shard_id=0 chunked=True member_count=25>>,)", "kwargs": "{}"}}
---
[2025-11-02T19:08:31.171058] [ERROR] [ERRORS] [DiscordError_on_member_join] Error in event 'on_member_join': (<Member id=403251716591583232 name='devoucus' global_name='devoucus' bot=False nick=None guild=<Guild id=1414819449474908192 name='CryptX [OFFICIAL]' shard_id=0 chunked=True member_count=41>>,) {}
METADATA: {"timestamp": "2025-11-02T19:08:31.171020", "bot_version": "2.4.0", "extra": {"args": "(<Member id=403251716591583232 name='devoucus' global_name='devoucus' bot=False nick=None guild=<Guild id=1414819449474908192 name='CryptX [OFFICIAL]' shard_id=0 chunked=True member_count=41>>,)", "kwargs": "{}"}}
---
[2025-11-02T21:05:24.012486] [ERROR] [ERRORS] [DiscordError_on_member_join] Error in event 'on_member_join': (<Member id=1434608227227664546 name='Charge Members' global_name=None bot=True nick=None guild=<Guild id=1414819449474908192 name='CryptX [OFFICIAL]' shard_id=0 chunked=True member_count=40>>,) {}
METADATA: {"timestamp": "2025-11-02T21:05:24.012442", "bot_version": "2.4.0", "extra": {"args": "(<Member id=1434608227227664546 name='Charge Members' global_name=None bot=True nick=None guild=<Guild id=1414819449474908192 name='CryptX [OFFICIAL]' shard_id=0 chunked=True member_count=40>>,)", "kwargs": "{}"}}
---
[2025-11-02T21:06:02.428967] [ERROR] [ERRORS] [DiscordError_on_member_join] Error in event 'on_member_join': (<Member id=1434608227227664546 name='Charge Members' global_name=None bot=True nick=None guild=<Guild id=1414819449474908192 name='CryptX [OFFICIAL]' shard_id=0 chunked=True member_count=40>>,) {}
METADATA: {"timestamp": "2025-11-02T21:06:02.428933", "bot_version": "2.4.0", "extra": {"args": "(<Member id=1434608227227664546 name='Charge Members' global_name=None bot=True nick=None guild=<Guild id=1414819449474908192 name='CryptX [OFFICIAL]' shard_id=0 chunked=True member_count=40>>,)", "kwargs": "{}"}}
---
[2025-11-02T21:06:21.399922] [ERROR] [ERRORS] [DiscordError_on_member_join] Error in event 'on_member_join': (<Member id=1424075159576514771 name='XenBot' global_name=None bot=True nick=None guild=<Guild id=1414819449474908192 name='CryptX [OFFICIAL]' shard_id=0 chunked=True member_count=41>>,) {}
METADATA: {"timestamp": "2025-11-02T21:06:21.399893", "bot_version": "2.4.0", "extra": {"args": "(<Member id=1424075159576514771 name='XenBot' global_name=None bot=True nick=None guild=<Guild id=1414819449474908192 name='CryptX [OFFICIAL]' shard_id=0 chunked=True member_count=41>>,)", "kwargs": "{}"}}
---
[2025-11-02T21:26:58.922866] [ERROR] [ERRORS] [DiscordError_on_member_join] Error in event 'on_member_join': (<Member id=1434608227227664546 name='Charge Members' global_name=None bot=True nick=None guild=<Guild id=1414819449474908192 name='CryptX [OFFICIAL]' shard_id=0 chunked=True member_count=40>>,) {}
METADATA: {"timestamp": "2025-11-02T21:26:58.922833", "bot_version": "2.4.0", "extra": {"args": "(<Member id=1434608227227664546 name='Charge Members' global_name=None bot=True nick=None guild=<Guild id=1414819449474908192 name='CryptX [OFFICIAL]' shard_id=0 chunked=True member_count=40>>,)", "kwargs": "{}"}}
---
[2025-11-02T21:28:29.213639] [ERROR] [ERRORS] [DiscordError_on_member_join] Error in event 'on_member_join': (<Member id=1434608227227664546 name='Charge Members' global_name=None bot=True nick=None guild=<Guild id=1414819449474908192 name='CryptX [OFFICIAL]' shard_id=0 chunked=True member_count=40>>,) {}
METADATA: {"timestamp": "2025-11-02T21:28:29.213599", "bot_version": "2.4.0", "extra": {"args": "(<Member id=1434608227227664546 name='Charge Members' global_name=None bot=True nick=None guild=<Guild id=1414819449474908192 name='CryptX [OFFICIAL]' shard_id=0 chunked=True member_count=40>>,)", "kwargs": "{}"}}
---
