[2026-01-19T05:16:45.466259] [ERROR] [ERRORS] [command_error] Command error: Command "embed" is not found
METADATA: {"timestamp": "2026-01-19T05:16:45.466204", "bot_version": "2.6.4", "guild_id": 1439062109894869096, "guild_name": "ShadowT3ch Project Development", "channel_id": 1456376122035142706, "channel_name": "\ud83d\udccb\u300brules", "user_id": 1019698414839156817, "username": "2clickdeath", "extra": {"command": null, "error_type": "CommandNotFound"}}
---
[2026-01-19T19:56:31.392573] [ERROR] [ERRORS] [command_error] Command error: Command raised an exception: HTTPException: 429 Too Many Requests (error code: 0): <!DOCTYPE html>
<!--[if lt IE 7]> <html class="no-js ie6 oldie" lang="en-US"> <![endif]-->
<!--[if IE 7]>    <html class="no-js ie7 oldie" lang="en-US"> <![endif]-->
<!--[if IE 8]>    <html class="no-js ie8 oldie" lang="en-US"> <![endif]-->
<!--[if gt IE 8]><!--> <html class="no-js" lang="en-US"> <!--<![endif]-->
<head>
<title>Access denied | discord.com used Cloudflare to restrict access</title>
<meta charset="UTF-8" />
<meta http-equiv="Content-Type" content="text/html; charset=UTF-8" />
<meta http-equiv="X-UA-Compatible" content="IE=Edge" />
<meta name="robots" content="noindex, nofollow" />
<meta name="viewport" content="width=device-width,initial-scale=1" />
<link rel="stylesheet" id="cf_styles-css" href="/cdn-cgi/styles/main.css" />


<script>
(function(){if(document.addEventListener&&window.XMLHttpRequest&&JSON&&JSON.stringify){var e=function(a){var c=document.getElementById("error-feedback-survey"),d=document.getElementById("error-feedback-success"),b=new XMLHttpRequest;a={event:"feedback clicked",properties:{errorCode:1015,helpful:a,version:1}};b.open("POST","https://sparrow.cloudflare.com/api/v1/event");b.setRequestHeader("Content-Type","application/json");b.setRequestHeader("Sparrow-Source-Key","c771f0e4b54944bebf4261d44bd79a1e");
b.send(JSON.stringify(a));c.classList.add("feedback-hidden");d.classList.remove("feedback-hidden")};document.addEventListener("DOMContentLoaded",function(){var a=document.getElementById("error-feedback"),c=document.getElementById("feedback-button-yes"),d=document.getElementById("feedback-button-no");"classList"in a&&(a.classList.remove("feedback-hidden"),c.addEventListener("click",function(){e(!0)}),d.addEventListener("click",function(){e(!1)}))})}})();
</script>

<script defer src="https://performance.radar.cloudflare.com/beacon.js"></script>
</head>
<body>
  <div id="cf-wrapper">
    <div class="cf-alert cf-alert-error cf-cookie-e
[TRUNCATED - Original length: 6736 chars]
METADATA: {"timestamp": "2026-01-19T19:56:31.392510", "bot_version": "2.6.4", "guild_id": 1439062109894869096, "guild_name": "ShadowT3ch Project Development", "channel_id": 1454369424675967080, "channel_name": "\ud83d\udc51\u300bstaff-chat", "user_id": 1019698414839156817, "username": "2clickdeath", "extra": {"command": "help", "error_type": "CommandInvokeError"}}
---
[2026-01-19T19:56:54.310128] [ERROR] [ERRORS] [command_error] Command error: Command "setup" is not found
METADATA: {"timestamp": "2026-01-19T19:56:54.310077", "bot_version": "2.6.4", "guild_id": 1439062109894869096, "guild_name": "ShadowT3ch Project Development", "channel_id": 1454369424675967080, "channel_name": "\ud83d\udc51\u300bstaff-chat", "user_id": 1019698414839156817, "username": "2clickdeath", "extra": {"command": null, "error_type": "CommandNotFound"}}
---
[2026-01-19T19:56:54.377811] [ERROR] [ERRORS] [command_error] Command error: log_channel is a required argument that is missing.
METADATA: {"timestamp": "2026-01-19T19:56:54.377764", "bot_version": "2.6.4", "guild_id": 1439062109894869096, "guild_name": "ShadowT3ch Project Development", "channel_id": 1454369424675967080, "channel_name": "\ud83d\udc51\u300bstaff-chat", "user_id": 1019698414839156817, "username": "2clickdeath", "extra": {"command": "setup", "error_type": "MissingRequiredArgument"}}
---
[2026-01-19T20:04:57.900250] [ERROR] [ERRORS] [command_error] Command error: Command "security_help" is not found
METADATA: {"timestamp": "2026-01-19T20:04:57.900206", "bot_version": "2.6.4", "guild_id": 1439062109894869096, "guild_name": "ShadowT3ch Project Development", "channel_id": 1454369424675967080, "channel_name": "\ud83d\udc51\u300bstaff-chat", "user_id": 1019698414839156817, "username": "2clickdeath", "extra": {"command": null, "error_type": "CommandNotFound"}}
---
[2026-01-19T20:08:30.388201] [ERROR] [ERRORS] [command_error] Command error: Command "anti-link" is not found
METADATA: {"timestamp": "2026-01-19T20:08:30.388155", "bot_version": "2.6.4", "guild_id": 1439062109894869096, "guild_name": "ShadowT3ch Project Development", "channel_id": 1454369424675967080, "channel_name": "\ud83d\udc51\u300bstaff-chat", "user_id": 1019698414839156817, "username": "2clickdeath", "extra": {"command": null, "error_type": "CommandNotFound"}}
---
