[2025-11-06T16:32:55.193385] [ERROR] [ERRORS] [DiscordError_on_member_join] Error in event 'on_member_join': (<Member id=1419082446279938158 name='CryptX Securities Pro' global_name=None bot=True nick=None guild=<Guild id=1436118893130158090 name='ShadowT3ch' shard_id=0 chunked=True member_count=4>>,) {}
METADATA: {"timestamp": "2025-11-06T16:32:55.193339", "bot_version": "2.4.0", "extra": {"args": "(<Member id=1419082446279938158 name='CryptX Securities Pro' global_name=None bot=True nick=None guild=<Guild id=1436118893130158090 name='ShadowT3ch' shard_id=0 chunked=True member_count=4>>,)", "kwargs": "{}"}}
---
[2025-11-06T16:41:51.836271] [ERROR] [ERRORS] [DiscordError_on_member_join] Error in event 'on_member_join': (<Member id=1436123214668501134 name='ShadowT3ch Security Pro' global_name=None bot=True nick=None guild=<Guild id=1436118893130158090 name='ShadowT3ch' shard_id=0 chunked=True member_count=3>>,) {}
METADATA: {"timestamp": "2025-11-06T16:41:51.836214", "bot_version": "2.4.0", "extra": {"args": "(<Member id=1436123214668501134 name='ShadowT3ch Security Pro' global_name=None bot=True nick=None guild=<Guild id=1436118893130158090 name='ShadowT3ch' shard_id=0 chunked=True member_count=3>>,)", "kwargs": "{}"}}
---
[2025-11-06T16:42:11.668294] [ERROR] [ERRORS] [DiscordError_on_member_join] Error in event 'on_member_join': (<Member id=1436123214668501134 name='ShadowT3ch Security Pro' global_name=None bot=True nick=None guild=<Guild id=1436118893130158090 name='ShadowT3ch' shard_id=0 chunked=True member_count=3>>,) {}
METADATA: {"timestamp": "2025-11-06T16:42:11.668267", "bot_version": "2.4.0", "extra": {"args": "(<Member id=1436123214668501134 name='ShadowT3ch Security Pro' global_name=None bot=True nick=None guild=<Guild id=1436118893130158090 name='ShadowT3ch' shard_id=0 chunked=True member_count=3>>,)", "kwargs": "{}"}}
---
[2025-11-06T16:42:17.509775] [ERROR] [ERRORS] [DiscordError_on_member_join] Error in event 'on_member_join': (<Member id=1424075159576514771 name='XenBot' global_name=None bot=True nick=None guild=<Guild id=1436118893130158090 name='ShadowT3ch' shard_id=0 chunked=True member_count=4>>,) {}
METADATA: {"timestamp": "2025-11-06T16:42:17.509737", "bot_version": "2.4.0", "extra": {"args": "(<Member id=1424075159576514771 name='XenBot' global_name=None bot=True nick=None guild=<Guild id=1436118893130158090 name='ShadowT3ch' shard_id=0 chunked=True member_count=4>>,)", "kwargs": "{}"}}
---
[2025-11-06T16:45:13.455432] [ERROR] [ERRORS] [DiscordError_on_member_join] Error in event 'on_member_join': (<Member id=1436123916753047573 name='ShadowT3ch AI' global_name=None bot=True nick=None guild=<Guild id=1436118893130158090 name='ShadowT3ch' shard_id=0 chunked=True member_count=4>>,) {}
METADATA: {"timestamp": "2025-11-06T16:45:13.455393", "bot_version": "2.4.0", "extra": {"args": "(<Member id=1436123916753047573 name='ShadowT3ch AI' global_name=None bot=True nick=None guild=<Guild id=1436118893130158090 name='ShadowT3ch' shard_id=0 chunked=True member_count=4>>,)", "kwargs": "{}"}}
---
[2025-11-06T16:47:55.680414] [ERROR] [ERRORS] [DiscordError_on_member_join] Error in event 'on_member_join': (<Member id=1424075159576514771 name='XenBot' global_name=None bot=True nick=None guild=<Guild id=1436118893130158090 name='ShadowT3ch' shard_id=0 chunked=True member_count=5>>,) {}
METADATA: {"timestamp": "2025-11-06T16:47:55.680384", "bot_version": "2.4.0", "extra": {"args": "(<Member id=1424075159576514771 name='XenBot' global_name=None bot=True nick=None guild=<Guild id=1436118893130158090 name='ShadowT3ch' shard_id=0 chunked=True member_count=5>>,)", "kwargs": "{}"}}
---
[2025-11-06T16:51:49.172948] [ERROR] [ERRORS] [DiscordError_on_member_join] Error in event 'on_member_join': (<Member id=1436125663378673875 name='XenBot' global_name=None bot=True nick=None guild=<Guild id=1436118893130158090 name='ShadowT3ch' shard_id=0 chunked=True member_count=5>>,) {}
METADATA: {"timestamp": "2025-11-06T16:51:49.172618", "bot_version": "2.4.0", "extra": {"args": "(<Member id=1436125663378673875 name='XenBot' global_name=None bot=True nick=None guild=<Guild id=1436118893130158090 name='ShadowT3ch' shard_id=0 chunked=True member_count=5>>,)", "kwargs": "{}"}}
---
[2025-11-06T17:00:30.607768] [ERROR] [ERRORS] [DiscordError_on_member_join] Error in event 'on_member_join': (<Member id=1436125663378673875 name='XenBot' global_name=None bot=True nick=None guild=<Guild id=1436118893130158090 name='ShadowT3ch' shard_id=0 chunked=True member_count=5>>,) {}
METADATA: {"timestamp": "2025-11-06T17:00:30.607733", "bot_version": "2.4.0", "extra": {"args": "(<Member id=1436125663378673875 name='XenBot' global_name=None bot=True nick=None guild=<Guild id=1436118893130158090 name='ShadowT3ch' shard_id=0 chunked=True member_count=5>>,)", "kwargs": "{}"}}
---
[2025-11-06T17:31:56.536195] [ERROR] [ERRORS] [DiscordError_on_member_join] Error in event 'on_member_join': (<Member id=1079826643922722848 name='iriss.01' global_name='Iris' bot=False nick=None guild=<Guild id=1436118893130158090 name='ShadowT3ch' shard_id=0 chunked=True member_count=6>>,) {}
METADATA: {"timestamp": "2025-11-06T17:31:56.536142", "bot_version": "2.4.0", "extra": {"args": "(<Member id=1079826643922722848 name='iriss.01' global_name='Iris' bot=False nick=None guild=<Guild id=1436118893130158090 name='ShadowT3ch' shard_id=0 chunked=True member_count=6>>,)", "kwargs": "{}"}}
---
[2025-11-06T18:11:50.296943] [ERROR] [ERRORS] [DiscordError_on_member_join] Error in event 'on_member_join': (<Member id=1376217565952479425 name='snowexploits' global_name='ðš‚ð™½0ðš†Îžðš‡ð™¿ð™»0ð™¸ðšƒðš‚' bot=False nick=None guild=<Guild id=1436118893130158090 name='ShadowT3ch' shard_id=0 chunked=True member_count=7>>,) {}
METADATA: {"timestamp": "2025-11-06T18:11:50.296877", "bot_version": "2.4.0", "extra": {"args": "(<Member id=1376217565952479425 name='snowexploits' global_name='\ud835\ude82\ud835\ude7d0\ud835\ude86\u039e\ud835\ude87\ud835\ude7f\ud835\ude7b0\ud835\ude78\ud835\ude83\ud835\ude82' bot=False nick=None guild=<Guild id=1436118893130158090 name='ShadowT3ch' shard_id=0 chunked=True member_count=7>>,)", "kwargs": "{}"}}
---
