[2026-01-05T00:25:39.065639] [USER_ACTION] [MESSAGES] [MessageSent] User 2clickdeath (1019698414839156817) sent message in ⛔》leader-chat (ShadowT3ch Development Group): ik, I found a method to get invis text on discord | Attachments: 0 (None) | Embeds: 0 | Mentions: 1 users, 0 roles | Reactions: 0 | Pinned: False
METADATA: {"timestamp": "2026-01-05T00:25:39.065342", "bot_version": "2.6.4", "guild_id": 1419349908850475031, "guild_name": "ShadowT3ch Development Group", "channel_id": 1456477988387291177, "channel_name": "\u26d4\u300bleader-chat", "user_id": 1019698414839156817, "username": "2clickdeath", "message_id": 1457605947009798196, "extra": {"content_length": 49, "attachment_count": 0, "embed_count": 0, "mention_count": 1, "role_mention_count": 0, "reaction_count": 0, "is_pinned": false, "has_attachments": false, "has_embeds": false, "attachment_details": [], "embed_types": []}}
---
[2026-01-05T00:26:02.286824] [USER_ACTION] [MESSAGES] [MessageSent] User iriss.01 (1079826643922722848) sent message in ⛔》leader-chat (ShadowT3ch Development Group): Oh nice | Attachments: 0 (None) | Embeds: 0 | Mentions: 0 users, 0 roles | Reactions: 0 | Pinned: False
METADATA: {"timestamp": "2026-01-05T00:26:02.286698", "bot_version": "2.6.4", "guild_id": 1419349908850475031, "guild_name": "ShadowT3ch Development Group", "channel_id": 1456477988387291177, "channel_name": "\u26d4\u300bleader-chat", "user_id": 1079826643922722848, "username": "iriss.01", "message_id": 1457606044774568099, "extra": {"content_length": 7, "attachment_count": 0, "embed_count": 0, "mention_count": 0, "role_mention_count": 0, "reaction_count": 0, "is_pinned": false, "has_attachments": false, "has_embeds": false, "attachment_details": [], "embed_types": []}}
---
[2026-01-05T00:26:36.641737] [USER_ACTION] [MESSAGES] [MessageSent] User donthurtpain (1283957288314343486) sent message in ⛔》leader-chat (ShadowT3ch Development Group): <@1019698414839156817> | Attachments: 0 (None) | Embeds: 0 | Mentions: 1 users, 0 roles | Reactions: 0 | Pinned: False
METADATA: {"timestamp": "2026-01-05T00:26:36.641507", "bot_version": "2.6.4", "guild_id": 1419349908850475031, "guild_name": "ShadowT3ch Development Group", "channel_id": 1456477988387291177, "channel_name": "\u26d4\u300bleader-chat", "user_id": 1283957288314343486, "username": "donthurtpain", "message_id": 1457606185518764113, "extra": {"content_length": 22, "attachment_count": 0, "embed_count": 0, "mention_count": 1, "role_mention_count": 0, "reaction_count": 0, "is_pinned": false, "has_attachments": false, "has_embeds": false, "attachment_details": [], "embed_types": []}}
---
[2026-01-05T00:26:40.600762] [USER_ACTION] [MESSAGES] [MessageSent] User donthurtpain (1283957288314343486) sent message in ⛔》leader-chat (ShadowT3ch Development Group): got domain? | Attachments: 0 (None) | Embeds: 0 | Mentions: 0 users, 0 roles | Reactions: 0 | Pinned: False
METADATA: {"timestamp": "2026-01-05T00:26:40.600671", "bot_version": "2.6.4", "guild_id": 1419349908850475031, "guild_name": "ShadowT3ch Development Group", "channel_id": 1456477988387291177, "channel_name": "\u26d4\u300bleader-chat", "user_id": 1283957288314343486, "username": "donthurtpain", "message_id": 1457606205848686766, "extra": {"content_length": 11, "attachment_count": 0, "embed_count": 0, "mention_count": 0, "role_mention_count": 0, "reaction_count": 0, "is_pinned": false, "has_attachments": false, "has_embeds": false, "attachment_details": [], "embed_types": []}}
---
[2026-01-05T00:32:24.502364] [USER_ACTION] [MESSAGES] [MessageSent] User 2clickdeath (1019698414839156817) sent message in ⛔》leader-chat (ShadowT3ch Development Group): they deleted my account lmao | Attachments: 0 (None) | Embeds: 0 | Mentions: 1 users, 0 roles | Reactions: 0 | Pinned: False
METADATA: {"timestamp": "2026-01-05T00:32:24.502202", "bot_version": "2.6.4", "guild_id": 1419349908850475031, "guild_name": "ShadowT3ch Development Group", "channel_id": 1456477988387291177, "channel_name": "\u26d4\u300bleader-chat", "user_id": 1019698414839156817, "username": "2clickdeath", "message_id": 1457607648491995238, "extra": {"content_length": 28, "attachment_count": 0, "embed_count": 0, "mention_count": 1, "role_mention_count": 0, "reaction_count": 0, "is_pinned": false, "has_attachments": false, "has_embeds": false, "attachment_details": [], "embed_types": []}}
---
[2026-01-05T00:37:19.932980] [USER_ACTION] [MESSAGES] [MessageSent] User 2clickdeath (1019698414839156817) sent message in ⛔》leader-chat (ShadowT3ch Development Group): give me one more day, just bought it again | Attachments: 0 (None) | Embeds: 0 | Mentions: 1 users, 0 roles | Reactions: 0 | Pinned: False
METADATA: {"timestamp": "2026-01-05T00:37:19.932851", "bot_version": "2.6.4", "guild_id": 1419349908850475031, "guild_name": "ShadowT3ch Development Group", "channel_id": 1456477988387291177, "channel_name": "\u26d4\u300bleader-chat", "user_id": 1019698414839156817, "username": "2clickdeath", "message_id": 1457608886918975621, "extra": {"content_length": 42, "attachment_count": 0, "embed_count": 0, "mention_count": 1, "role_mention_count": 0, "reaction_count": 0, "is_pinned": false, "has_attachments": false, "has_embeds": false, "attachment_details": [], "embed_types": []}}
---
[2026-01-05T01:45:43.190944] [USER_ACTION] [MESSAGES] [MessageSent] User iriss.01 (1079826643922722848) sent message in ⛔》leader-chat (ShadowT3ch Development Group): Oh yeah the Old one now saids deleted | Attachments: 0 (None) | Embeds: 0 | Mentions: 1 users, 0 roles | Reactions: 0 | Pinned: False
METADATA: {"timestamp": "2026-01-05T01:45:43.190864", "bot_version": "2.6.4", "guild_id": 1419349908850475031, "guild_name": "ShadowT3ch Development Group", "channel_id": 1456477988387291177, "channel_name": "\u26d4\u300bleader-chat", "user_id": 1079826643922722848, "username": "iriss.01", "message_id": 1457626098023268394, "extra": {"content_length": 37, "attachment_count": 0, "embed_count": 0, "mention_count": 1, "role_mention_count": 0, "reaction_count": 0, "is_pinned": false, "has_attachments": false, "has_embeds": false, "attachment_details": [], "embed_types": []}}
---
