[2025-11-02T14:41:43.651283] [USER_ACTION] [MESSAGES] [MessageSent] User 2_clickdeath sent message in message-templates: ```/setup log_channel: #📛・bot-logs ticket_category: 1425540679798489148 welcome_channel: #👋・joins-leaves guild_join_channel: #📥・guild-join guild_leave_channel: #📤・guild-leave unverified_role: @Members... | Attachments: 0 | Embeds: 0
METADATA: {"timestamp": "2025-11-02T14:41:43.651240", "bot_version": "2.4.0", "guild_id": 1425539343480655886, "channel_id": 1428363411192021003, "user_id": 1019698414839156817, "message_id": 1434553065759051786, "extra": {}}
---
[2025-11-02T15:18:39.789152] [USER_ACTION] [MESSAGES] [MessageSent] User 2_clickdeath sent message in 📡・bot-status: @everyone <@1424075159576514771> is undergoing a major server fail. | Attachments: 0 | Embeds: 0
METADATA: {"timestamp": "2025-11-02T15:18:39.789104", "bot_version": "2.4.0", "guild_id": 1425539343480655886, "channel_id": 1425539345431003271, "user_id": 1019698414839156817, "message_id": 1434562360730714133, "extra": {}}
---
[2025-11-02T15:35:14.381095] [USER_ACTION] [MESSAGES] [MessageSent] User 2_clickdeath sent message in message-templates:  | Attachments: 1 | Embeds: 0
METADATA: {"timestamp": "2025-11-02T15:35:14.381047", "bot_version": "2.4.0", "guild_id": 1425539343480655886, "channel_id": 1428363411192021003, "user_id": 1019698414839156817, "message_id": 1434566532322558043, "extra": {}}
---
[2025-11-02T15:39:40.502258] [USER_ACTION] [MESSAGES] [MessageSent] User 2_clickdeath sent message in message-templates:  | Attachments: 1 | Embeds: 0
METADATA: {"timestamp": "2025-11-02T15:39:40.502207", "bot_version": "2.4.0", "guild_id": 1425539343480655886, "channel_id": 1428363411192021003, "user_id": 1019698414839156817, "message_id": 1434567648770920478, "extra": {}}
---
[2025-11-02T16:54:00.701105] [USER_ACTION] [MESSAGES] [MessageSent] User 2_clickdeath sent message in 📡・bot-status: @everyone <@1424075159576514771> Is back online. Still fixing <@1419077819518025799> | Attachments: 0 | Embeds: 0
METADATA: {"timestamp": "2025-11-02T16:54:00.701058", "bot_version": "2.4.0", "guild_id": 1425539343480655886, "channel_id": 1425539345431003271, "user_id": 1019698414839156817, "message_id": 1434586355643584563, "extra": {}}
---
[2025-11-02T17:26:56.029764] [USER_ACTION] [MESSAGES] [MessageSent] User 2_clickdeath sent message in 🔔・announcements: @everyone Please verify below! | Attachments: 0 | Embeds: 0
METADATA: {"timestamp": "2025-11-02T17:26:56.029715", "bot_version": "2.4.0", "guild_id": 1425539343480655886, "channel_id": 1431443997431300096, "user_id": 1019698414839156817, "message_id": 1434594641289674905, "extra": {}}
---
[2025-11-02T17:26:57.877209] [USER_ACTION] [MESSAGES] [MessageSent] User 2_clickdeath sent message in 🔔・announcements: .send | Attachments: 0 | Embeds: 0
METADATA: {"timestamp": "2025-11-02T17:26:57.877146", "bot_version": "2.4.0", "guild_id": 1425539343480655886, "channel_id": 1431443997431300096, "user_id": 1019698414839156817, "message_id": 1434594649053331466, "extra": {}}
---
[2025-11-02T17:27:26.913016] [USER_ACTION] [MESSAGES] [MessageSent] User 2_clickdeath sent message in 🔔・announcements: It is buggy so it will keep refreshing. But after you authorize once it makes you verified | Attachments: 0 | Embeds: 0
METADATA: {"timestamp": "2025-11-02T17:27:26.912917", "bot_version": "2.4.0", "guild_id": 1425539343480655886, "channel_id": 1431443997431300096, "user_id": 1019698414839156817, "message_id": 1434594770491019357, "extra": {}}
---
[2025-11-02T17:42:50.874019] [USER_ACTION] [MESSAGES] [MessageSent] User 2_clickdeath sent message in 🔔・announcements: .stock | Attachments: 0 | Embeds: 0
METADATA: {"timestamp": "2025-11-02T17:42:50.873934", "bot_version": "2.4.0", "guild_id": 1425539343480655886, "channel_id": 1431443997431300096, "user_id": 1019698414839156817, "message_id": 1434598645784772688, "extra": {}}
---
[2025-11-02T19:41:28.664338] [USER_ACTION] [MESSAGES] [MessageSent] User 2_clickdeath sent message in 🎉⫸・welcome: <@1424075159576514771> | Attachments: 0 | Embeds: 0
METADATA: {"timestamp": "2025-11-02T19:41:28.664300", "bot_version": "2.4.0", "guild_id": 1414819449474908192, "channel_id": 1414819450875678776, "user_id": 1019698414839156817, "message_id": 1434628500379140128, "extra": {}}
---
[2025-11-02T21:06:13.203028] [USER_ACTION] [MESSAGES] [MessageSent] User 2_clickdeath sent message in 🎉⫸・welcome: <@1434608227227664546> | Attachments: 0 | Embeds: 0
METADATA: {"timestamp": "2025-11-02T21:06:13.202951", "bot_version": "2.4.0", "guild_id": 1414819449474908192, "channel_id": 1414819450875678776, "user_id": 1019698414839156817, "message_id": 1434649826498183228, "extra": {}}
---
[2025-11-02T21:06:36.351691] [USER_ACTION] [MESSAGES] [MessageSent] User 2_clickdeath sent message in ⫸・staff-commands: /setup log_channel:<#1414819451286720533> ticket_category:1414964899032993882 welcome_channel:<#1414819450875678776> unverified_role:<@&1414819449474908194> support_roles:Staff | Moderator, Staff | Ad... | Attachments: 0 | Embeds: 0
METADATA: {"timestamp": "2025-11-02T21:06:36.351651", "bot_version": "2.4.0", "guild_id": 1414819449474908192, "channel_id": 1414819451131400290, "user_id": 1019698414839156817, "message_id": 1434649923579809904, "extra": {}}
---
