[2025-11-08T15:09:59.762751] [USER_ACTION] [MESSAGES] [MessageSent] User 2_click_death sent message in ⛔》server-logs: djrgffb9 | Attachments: 0 | Embeds: 0
METADATA: {"timestamp": "2025-11-08T15:09:59.754164", "bot_version": "2.4.0", "guild_id": 1436118893130158090, "channel_id": 1436129350243188969, "user_id": 1019698414839156817, "message_id": 1436825103936520365, "extra": {}}
---
[2025-11-08T15:10:02.628019] [USER_ACTION] [MESSAGES] [MessageSent] User 2_click_death sent message in ⛔》server-logs: djrgffb9 | Attachments: 0 | Embeds: 0
METADATA: {"timestamp": "2025-11-08T15:10:02.627898", "bot_version": "2.4.0", "guild_id": 1436118893130158090, "channel_id": 1436129350243188969, "user_id": 1019698414839156817, "message_id": 1436825106709086319, "extra": {}}
---
[2025-11-08T15:10:03.903079] [USER_ACTION] [MESSAGES] [MessageSent] User 2_click_death sent message in ⛔》server-logs: djrgffb9 | Attachments: 0 | Embeds: 0
METADATA: {"timestamp": "2025-11-08T15:10:03.902825", "bot_version": "2.4.0", "guild_id": 1436118893130158090, "channel_id": 1436129350243188969, "user_id": 1019698414839156817, "message_id": 1436825113524965476, "extra": {}}
---
[2025-11-08T15:10:05.250302] [USER_ACTION] [MESSAGES] [MessageSent] User 2_click_death sent message in ⛔》server-logs: djrgffb9 | Attachments: 0 | Embeds: 0
METADATA: {"timestamp": "2025-11-08T15:10:05.250271", "bot_version": "2.4.0", "guild_id": 1436118893130158090, "channel_id": 1436129350243188969, "user_id": 1019698414839156817, "message_id": 1436825120667598899, "extra": {}}
---
[2025-11-08T15:10:06.537396] [USER_ACTION] [MESSAGES] [MessageSent] User 2_click_death sent message in ⛔》server-logs: djrgffb9 | Attachments: 0 | Embeds: 0
METADATA: {"timestamp": "2025-11-08T15:10:06.537066", "bot_version": "2.4.0", "guild_id": 1436118893130158090, "channel_id": 1436129350243188969, "user_id": 1019698414839156817, "message_id": 1436825128439644242, "extra": {}}
---
[2025-11-08T15:10:08.094957] [USER_ACTION] [MESSAGES] [MessageSent] User 2_click_death sent message in ⛔》server-logs: djrgffb9 | Attachments: 0 | Embeds: 0
METADATA: {"timestamp": "2025-11-08T15:10:08.094911", "bot_version": "2.4.0", "guild_id": 1436118893130158090, "channel_id": 1436129350243188969, "user_id": 1019698414839156817, "message_id": 1436825135943516191, "extra": {}}
---
[2025-11-08T15:10:09.479473] [USER_ACTION] [MESSAGES] [MessageSent] User 2_click_death sent message in ⛔》server-logs: djrgffb9 | Attachments: 0 | Embeds: 0
METADATA: {"timestamp": "2025-11-08T15:10:09.479443", "bot_version": "2.4.0", "guild_id": 1436118893130158090, "channel_id": 1436129350243188969, "user_id": 1019698414839156817, "message_id": 1436825143581216938, "extra": {}}
---
[2025-11-08T15:10:10.977637] [USER_ACTION] [MESSAGES] [MessageSent] User 2_click_death sent message in ⛔》server-logs: djrgffb9 | Attachments: 0 | Embeds: 0
METADATA: {"timestamp": "2025-11-08T15:10:10.977586", "bot_version": "2.4.0", "guild_id": 1436118893130158090, "channel_id": 1436129350243188969, "user_id": 1019698414839156817, "message_id": 1436825151139352776, "extra": {}}
---
[2025-11-08T15:10:12.788853] [USER_ACTION] [MESSAGES] [MessageSent] User 2_click_death sent message in ⛔》server-logs: djrgffb9 | Attachments: 0 | Embeds: 0
METADATA: {"timestamp": "2025-11-08T15:10:12.788674", "bot_version": "2.4.0", "guild_id": 1436118893130158090, "channel_id": 1436129350243188969, "user_id": 1019698414839156817, "message_id": 1436825158731170006, "extra": {}}
---
[2025-11-08T15:10:14.655212] [USER_ACTION] [MESSAGES] [MessageSent] User 2_click_death sent message in ⛔》server-logs: djrgffb9 | Attachments: 0 | Embeds: 0
METADATA: {"timestamp": "2025-11-08T15:10:14.655022", "bot_version": "2.4.0", "guild_id": 1436118893130158090, "channel_id": 1436129350243188969, "user_id": 1019698414839156817, "message_id": 1436825166549221506, "extra": {}}
---
[2025-11-08T15:10:40.466172] [USER_ACTION] [MESSAGES] [MessageSent] User 2_click_death sent message in ⛔》server-logs: djrgffb9 | Attachments: 0 | Embeds: 0
METADATA: {"timestamp": "2025-11-08T15:10:40.466104", "bot_version": "2.4.0", "guild_id": 1436118893130158090, "channel_id": 1436129350243188969, "user_id": 1019698414839156817, "message_id": 1436825274682441973, "extra": {}}
---
[2025-11-08T15:10:41.297784] [USER_ACTION] [MESSAGES] [MessageSent] User 2_click_death sent message in ⛔》server-logs: djrgffb9 | Attachments: 0 | Embeds: 0
METADATA: {"timestamp": "2025-11-08T15:10:41.297533", "bot_version": "2.4.0", "guild_id": 1436118893130158090, "channel_id": 1436129350243188969, "user_id": 1019698414839156817, "message_id": 1436825278058860715, "extra": {}}
---
[2025-11-08T15:10:42.463423] [USER_ACTION] [MESSAGES] [MessageSent] User 2_click_death sent message in ⛔》server-logs: djrgffb9 | Attachments: 0 | Embeds: 0
METADATA: {"timestamp": "2025-11-08T15:10:42.463380", "bot_version": "2.4.0", "guild_id": 1436118893130158090, "channel_id": 1436129350243188969, "user_id": 1019698414839156817, "message_id": 1436825281963757639, "extra": {}}
---
[2025-11-08T15:10:43.799447] [USER_ACTION] [MESSAGES] [MessageSent] User 2_click_death sent message in ⛔》server-logs: djrgffb9 | Attachments: 0 | Embeds: 0
METADATA: {"timestamp": "2025-11-08T15:10:43.799417", "bot_version": "2.4.0", "guild_id": 1436118893130158090, "channel_id": 1436129350243188969, "user_id": 1019698414839156817, "message_id": 1436825284652437648, "extra": {}}
---
[2025-11-08T15:10:45.162245] [USER_ACTION] [MESSAGES] [MessageSent] User 2_click_death sent message in ⛔》server-logs: djrgffb9 | Attachments: 0 | Embeds: 0
METADATA: {"timestamp": "2025-11-08T15:10:45.162212", "bot_version": "2.4.0", "guild_id": 1436118893130158090, "channel_id": 1436129350243188969, "user_id": 1019698414839156817, "message_id": 1436825288188362834, "extra": {}}
---
[2025-11-08T15:10:46.508853] [USER_ACTION] [MESSAGES] [MessageSent] User 2_click_death sent message in ⛔》server-logs: djrgffb9 | Attachments: 0 | Embeds: 0
METADATA: {"timestamp": "2025-11-08T15:10:46.508504", "bot_version": "2.4.0", "guild_id": 1436118893130158090, "channel_id": 1436129350243188969, "user_id": 1019698414839156817, "message_id": 1436825291602526398, "extra": {}}
---
[2025-11-08T15:10:47.823299] [USER_ACTION] [MESSAGES] [MessageSent] User 2_click_death sent message in ⛔》server-logs: djrgffb9 | Attachments: 0 | Embeds: 0
METADATA: {"timestamp": "2025-11-08T15:10:47.823258", "bot_version": "2.4.0", "guild_id": 1436118893130158090, "channel_id": 1436129350243188969, "user_id": 1019698414839156817, "message_id": 1436825295050244301, "extra": {}}
---
[2025-11-08T15:10:49.188781] [USER_ACTION] [MESSAGES] [MessageSent] User 2_click_death sent message in ⛔》server-logs: djrgffb9 | Attachments: 0 | Embeds: 0
METADATA: {"timestamp": "2025-11-08T15:10:49.188735", "bot_version": "2.4.0", "guild_id": 1436118893130158090, "channel_id": 1436129350243188969, "user_id": 1019698414839156817, "message_id": 1436825297906307093, "extra": {}}
---
[2025-11-08T15:10:50.515748] [USER_ACTION] [MESSAGES] [MessageSent] User 2_click_death sent message in ⛔》server-logs: djrgffb9 | Attachments: 0 | Embeds: 0
METADATA: {"timestamp": "2025-11-08T15:10:50.515709", "bot_version": "2.4.0", "guild_id": 1436118893130158090, "channel_id": 1436129350243188969, "user_id": 1019698414839156817, "message_id": 1436825302071382139, "extra": {}}
---
[2025-11-08T15:10:51.840842] [USER_ACTION] [MESSAGES] [MessageSent] User 2_click_death sent message in ⛔》server-logs: djrgffb9 | Attachments: 0 | Embeds: 0
METADATA: {"timestamp": "2025-11-08T15:10:51.840804", "bot_version": "2.4.0", "guild_id": 1436118893130158090, "channel_id": 1436129350243188969, "user_id": 1019698414839156817, "message_id": 1436825305229692978, "extra": {}}
---
[2025-11-08T15:10:53.251068] [USER_ACTION] [MESSAGES] [MessageSent] User 2_click_death sent message in ⛔》server-logs: djrgffb9 | Attachments: 0 | Embeds: 0
METADATA: {"timestamp": "2025-11-08T15:10:53.251026", "bot_version": "2.4.0", "guild_id": 1436118893130158090, "channel_id": 1436129350243188969, "user_id": 1019698414839156817, "message_id": 1436825308606238891, "extra": {}}
---
[2025-11-08T15:10:54.675723] [USER_ACTION] [MESSAGES] [MessageSent] User 2_click_death sent message in ⛔》server-logs: djrgffb9 | Attachments: 0 | Embeds: 0
METADATA: {"timestamp": "2025-11-08T15:10:54.675694", "bot_version": "2.4.0", "guild_id": 1436118893130158090, "channel_id": 1436129350243188969, "user_id": 1019698414839156817, "message_id": 1436825311915409520, "extra": {}}
---
[2025-11-08T15:10:55.977106] [USER_ACTION] [MESSAGES] [MessageSent] User 2_click_death sent message in ⛔》server-logs: djrgffb9 | Attachments: 0 | Embeds: 0
METADATA: {"timestamp": "2025-11-08T15:10:55.976845", "bot_version": "2.4.0", "guild_id": 1436118893130158090, "channel_id": 1436129350243188969, "user_id": 1019698414839156817, "message_id": 1436825315090632846, "extra": {}}
---
[2025-11-08T15:10:57.380737] [USER_ACTION] [MESSAGES] [MessageSent] User 2_click_death sent message in ⛔》server-logs: djrgffb9 | Attachments: 0 | Embeds: 0
METADATA: {"timestamp": "2025-11-08T15:10:57.380684", "bot_version": "2.4.0", "guild_id": 1436118893130158090, "channel_id": 1436129350243188969, "user_id": 1019698414839156817, "message_id": 1436825318563250187, "extra": {}}
---
[2025-11-08T15:10:58.868319] [USER_ACTION] [MESSAGES] [MessageSent] User 2_click_death sent message in ⛔》server-logs: djrgffb9 | Attachments: 0 | Embeds: 0
METADATA: {"timestamp": "2025-11-08T15:10:58.868278", "bot_version": "2.4.0", "guild_id": 1436118893130158090, "channel_id": 1436129350243188969, "user_id": 1019698414839156817, "message_id": 1436825322581524651, "extra": {}}
---
[2025-11-08T15:11:00.245504] [USER_ACTION] [MESSAGES] [MessageSent] User 2_click_death sent message in ⛔》server-logs: djrgffb9 | Attachments: 0 | Embeds: 0
METADATA: {"timestamp": "2025-11-08T15:11:00.245471", "bot_version": "2.4.0", "guild_id": 1436118893130158090, "channel_id": 1436129350243188969, "user_id": 1019698414839156817, "message_id": 1436825325391708250, "extra": {}}
---
[2025-11-08T15:11:01.608284] [USER_ACTION] [MESSAGES] [MessageSent] User 2_click_death sent message in ⛔》server-logs: djrgffb9 | Attachments: 0 | Embeds: 0
METADATA: {"timestamp": "2025-11-08T15:11:01.608255", "bot_version": "2.4.0", "guild_id": 1436118893130158090, "channel_id": 1436129350243188969, "user_id": 1019698414839156817, "message_id": 1436825328717795519, "extra": {}}
---
[2025-11-08T15:11:02.942465] [USER_ACTION] [MESSAGES] [MessageSent] User 2_click_death sent message in ⛔》server-logs: djrgffb9 | Attachments: 0 | Embeds: 0
METADATA: {"timestamp": "2025-11-08T15:11:02.942433", "bot_version": "2.4.0", "guild_id": 1436118893130158090, "channel_id": 1436129350243188969, "user_id": 1019698414839156817, "message_id": 1436825332207452290, "extra": {}}
---
[2025-11-08T15:11:04.414868] [USER_ACTION] [MESSAGES] [MessageSent] User 2_click_death sent message in ⛔》server-logs: djrgffb9 | Attachments: 0 | Embeds: 0
METADATA: {"timestamp": "2025-11-08T15:11:04.414634", "bot_version": "2.4.0", "guild_id": 1436118893130158090, "channel_id": 1436129350243188969, "user_id": 1019698414839156817, "message_id": 1436825341883842805, "extra": {}}
---
[2025-11-08T15:11:05.781062] [USER_ACTION] [MESSAGES] [MessageSent] User 2_click_death sent message in ⛔》server-logs: djrgffb9 | Attachments: 0 | Embeds: 0
METADATA: {"timestamp": "2025-11-08T15:11:05.781033", "bot_version": "2.4.0", "guild_id": 1436118893130158090, "channel_id": 1436129350243188969, "user_id": 1019698414839156817, "message_id": 1436825343246864395, "extra": {}}
---
[2025-11-08T15:11:07.147271] [USER_ACTION] [MESSAGES] [MessageSent] User 2_click_death sent message in ⛔》server-logs: djrgffb9 | Attachments: 0 | Embeds: 0
METADATA: {"timestamp": "2025-11-08T15:11:07.146331", "bot_version": "2.4.0", "guild_id": 1436118893130158090, "channel_id": 1436129350243188969, "user_id": 1019698414839156817, "message_id": 1436825345058930768, "extra": {}}
---
[2025-11-08T15:11:08.469614] [USER_ACTION] [MESSAGES] [MessageSent] User 2_click_death sent message in ⛔》server-logs: djrgffb9 | Attachments: 0 | Embeds: 0
METADATA: {"timestamp": "2025-11-08T15:11:08.469562", "bot_version": "2.4.0", "guild_id": 1436118893130158090, "channel_id": 1436129350243188969, "user_id": 1019698414839156817, "message_id": 1436825345981550694, "extra": {}}
---
[2025-11-08T15:11:09.827105] [USER_ACTION] [MESSAGES] [MessageSent] User 2_click_death sent message in ⛔》server-logs: djrgffb9 | Attachments: 0 | Embeds: 0
METADATA: {"timestamp": "2025-11-08T15:11:09.827062", "bot_version": "2.4.0", "guild_id": 1436118893130158090, "channel_id": 1436129350243188969, "user_id": 1019698414839156817, "message_id": 1436825348967895122, "extra": {}}
---
[2025-11-08T15:11:11.197282] [USER_ACTION] [MESSAGES] [MessageSent] User 2_click_death sent message in ⛔》server-logs: djrgffb9 | Attachments: 0 | Embeds: 0
METADATA: {"timestamp": "2025-11-08T15:11:11.196509", "bot_version": "2.4.0", "guild_id": 1436118893130158090, "channel_id": 1436129350243188969, "user_id": 1019698414839156817, "message_id": 1436825352503562301, "extra": {}}
---
[2025-11-08T15:11:12.561090] [USER_ACTION] [MESSAGES] [MessageSent] User 2_click_death sent message in ⛔》server-logs: djrgffb9 | Attachments: 0 | Embeds: 0
METADATA: {"timestamp": "2025-11-08T15:11:12.561045", "bot_version": "2.4.0", "guild_id": 1436118893130158090, "channel_id": 1436129350243188969, "user_id": 1019698414839156817, "message_id": 1436825355976446132, "extra": {}}
---
[2025-11-08T15:11:13.910464] [USER_ACTION] [MESSAGES] [MessageSent] User 2_click_death sent message in ⛔》server-logs: djrgffb9 | Attachments: 0 | Embeds: 0
METADATA: {"timestamp": "2025-11-08T15:11:13.910433", "bot_version": "2.4.0", "guild_id": 1436118893130158090, "channel_id": 1436129350243188969, "user_id": 1019698414839156817, "message_id": 1436825359222964324, "extra": {}}
---
[2025-11-08T15:11:15.263476] [USER_ACTION] [MESSAGES] [MessageSent] User 2_click_death sent message in ⛔》server-logs: djrgffb9 | Attachments: 0 | Embeds: 0
METADATA: {"timestamp": "2025-11-08T15:11:15.263432", "bot_version": "2.4.0", "guild_id": 1436118893130158090, "channel_id": 1436129350243188969, "user_id": 1019698414839156817, "message_id": 1436825362528211037, "extra": {}}
---
[2025-11-08T15:11:16.592586] [USER_ACTION] [MESSAGES] [MessageSent] User 2_click_death sent message in ⛔》server-logs: djrgffb9 | Attachments: 0 | Embeds: 0
METADATA: {"timestamp": "2025-11-08T15:11:16.592558", "bot_version": "2.4.0", "guild_id": 1436118893130158090, "channel_id": 1436129350243188969, "user_id": 1019698414839156817, "message_id": 1436825365854027799, "extra": {}}
---
[2025-11-08T15:11:17.969991] [USER_ACTION] [MESSAGES] [MessageSent] User 2_click_death sent message in ⛔》server-logs: djrgffb9 | Attachments: 0 | Embeds: 0
METADATA: {"timestamp": "2025-11-08T15:11:17.969958", "bot_version": "2.4.0", "guild_id": 1436118893130158090, "channel_id": 1436129350243188969, "user_id": 1019698414839156817, "message_id": 1436825369822101556, "extra": {}}
---
[2025-11-08T15:34:41.725215] [USER_ACTION] [MESSAGES] [MessageSent] User echo058622 sent message in 💬》general-1: wsg | Attachments: 0 | Embeds: 0
METADATA: {"timestamp": "2025-11-08T15:34:41.725181", "bot_version": "2.4.0", "guild_id": 1436118893130158090, "channel_id": 1436118894661206152, "user_id": 1309337550296449024, "message_id": 1436831319945379932, "extra": {}}
---
[2025-11-08T15:35:12.785973] [USER_ACTION] [MESSAGES] [MessageSent] User 2_click_death sent message in 💬》general-1: Welcome | Attachments: 0 | Embeds: 0
METADATA: {"timestamp": "2025-11-08T15:35:12.785909", "bot_version": "2.4.0", "guild_id": 1436118893130158090, "channel_id": 1436118894661206152, "user_id": 1019698414839156817, "message_id": 1436831450199621826, "extra": {}}
---
[2025-11-08T15:35:42.555003] [USER_ACTION] [MESSAGES] [MessageSent] User echo058622 sent message in 💬》general-1: You saw why i joined, and its facts | Attachments: 0 | Embeds: 0
METADATA: {"timestamp": "2025-11-08T15:35:42.554926", "bot_version": "2.4.0", "guild_id": 1436118893130158090, "channel_id": 1436118894661206152, "user_id": 1309337550296449024, "message_id": 1436831574959194234, "extra": {}}
---
[2025-11-08T15:36:07.601476] [USER_ACTION] [MESSAGES] [MessageSent] User 2_click_death sent message in 💬》general-1: Yea🤣 | Attachments: 0 | Embeds: 0
METADATA: {"timestamp": "2025-11-08T15:36:07.601425", "bot_version": "2.4.0", "guild_id": 1436118893130158090, "channel_id": 1436118894661206152, "user_id": 1019698414839156817, "message_id": 1436831680051806258, "extra": {}}
---
[2025-11-08T15:36:42.422190] [USER_ACTION] [MESSAGES] [MessageSent] User echo058622 sent message in 💬》general-1: also its cause im bored af | Attachments: 0 | Embeds: 0
METADATA: {"timestamp": "2025-11-08T15:36:42.422145", "bot_version": "2.4.0", "guild_id": 1436118893130158090, "channel_id": 1436118894661206152, "user_id": 1309337550296449024, "message_id": 1436831826109923519, "extra": {}}
---
[2025-11-08T15:37:19.366261] [USER_ACTION] [MESSAGES] [MessageSent] User 2_click_death sent message in 💬》general-1: real. Also, the reason i made this server private is cuz i’ve been getting threats lately so had to restart everything:sob; | Attachments: 0 | Embeds: 0
METADATA: {"timestamp": "2025-11-08T15:37:19.366205", "bot_version": "2.4.0", "guild_id": 1436118893130158090, "channel_id": 1436118894661206152, "user_id": 1019698414839156817, "message_id": 1436831980984467536, "extra": {}}
---
[2025-11-08T15:37:30.102519] [USER_ACTION] [MESSAGES] [MessageSent] User echo058622 sent message in 💬》general-1: ah | Attachments: 0 | Embeds: 0
METADATA: {"timestamp": "2025-11-08T15:37:30.102485", "bot_version": "2.4.0", "guild_id": 1436118893130158090, "channel_id": 1436118894661206152, "user_id": 1309337550296449024, "message_id": 1436832026165772318, "extra": {}}
---
[2025-11-08T15:38:03.777211] [USER_ACTION] [MESSAGES] [MessageSent] User 2_click_death sent message in 💬》general-1: Added a whole new system to the bot where it scans you ip and detects alts😭 | Attachments: 0 | Embeds: 0
METADATA: {"timestamp": "2025-11-08T15:38:03.777179", "bot_version": "2.4.0", "guild_id": 1436118893130158090, "channel_id": 1436118894661206152, "user_id": 1019698414839156817, "message_id": 1436832167375278110, "extra": {}}
---
[2025-11-08T15:38:46.892448] [USER_ACTION] [MESSAGES] [MessageSent] User 2_click_death sent message in 💬》general-1: for example | Attachments: 1 | Embeds: 0
METADATA: {"timestamp": "2025-11-08T15:38:46.892404", "bot_version": "2.4.0", "guild_id": 1436118893130158090, "channel_id": 1436118894661206152, "user_id": 1019698414839156817, "message_id": 1436832347705180303, "extra": {}}
---
[2025-11-08T15:39:00.253480] [USER_ACTION] [MESSAGES] [MessageSent] User echo058622 sent message in 💬》general-1: ah | Attachments: 0 | Embeds: 0
METADATA: {"timestamp": "2025-11-08T15:39:00.253428", "bot_version": "2.4.0", "guild_id": 1436118893130158090, "channel_id": 1436118894661206152, "user_id": 1309337550296449024, "message_id": 1436832404139675739, "extra": {}}
---
[2025-11-08T15:39:14.295625] [USER_ACTION] [MESSAGES] [MessageSent] User 2_click_death sent message in 💬》general-1: also if account is brand new it auto bans | Attachments: 0 | Embeds: 0
METADATA: {"timestamp": "2025-11-08T15:39:14.295587", "bot_version": "2.4.0", "guild_id": 1436118893130158090, "channel_id": 1436118894661206152, "user_id": 1019698414839156817, "message_id": 1436832463186821363, "extra": {}}
---
[2025-11-08T15:39:35.911663] [USER_ACTION] [MESSAGES] [MessageSent] User echo058622 sent message in 💬》general-1: mine is new because i got banned once <\3 | Attachments: 0 | Embeds: 0
METADATA: {"timestamp": "2025-11-08T15:39:35.911616", "bot_version": "2.4.0", "guild_id": 1436118893130158090, "channel_id": 1436118894661206152, "user_id": 1309337550296449024, "message_id": 1436832553805025452, "extra": {}}
---
[2025-11-08T15:39:45.301592] [USER_ACTION] [MESSAGES] [MessageSent] User echo058622 sent message in 💬》general-1: wait no, twice. | Attachments: 0 | Embeds: 0
METADATA: {"timestamp": "2025-11-08T15:39:45.301545", "bot_version": "2.4.0", "guild_id": 1436118893130158090, "channel_id": 1436118894661206152, "user_id": 1309337550296449024, "message_id": 1436832593172496464, "extra": {}}
---
[2025-11-08T15:39:55.836286] [USER_ACTION] [MESSAGES] [MessageSent] User 2_click_death sent message in 💬》general-1: I bypass all my b@ns😭 | Attachments: 0 | Embeds: 0
METADATA: {"timestamp": "2025-11-08T15:39:55.836248", "bot_version": "2.4.0", "guild_id": 1436118893130158090, "channel_id": 1436118894661206152, "user_id": 1019698414839156817, "message_id": 1436832636864823509, "extra": {}}
---
[2025-11-08T15:40:12.381916] [USER_ACTION] [MESSAGES] [MessageSent] User 2_click_death sent message in 💬》general-1: deleted my other accounts cuz of the threats tho | Attachments: 0 | Embeds: 0
METADATA: {"timestamp": "2025-11-08T15:40:12.381871", "bot_version": "2.4.0", "guild_id": 1436118893130158090, "channel_id": 1436118894661206152, "user_id": 1019698414839156817, "message_id": 1436832706360246283, "extra": {}}
---
[2025-11-08T15:40:29.107397] [USER_ACTION] [MESSAGES] [MessageSent] User echo058622 sent message in 💬》general-1: what happened? | Attachments: 0 | Embeds: 0
METADATA: {"timestamp": "2025-11-08T15:40:29.107345", "bot_version": "2.4.0", "guild_id": 1436118893130158090, "channel_id": 1436118894661206152, "user_id": 1309337550296449024, "message_id": 1436832776900051005, "extra": {}}
---
[2025-11-08T15:42:22.179573] [USER_ACTION] [MESSAGES] [MessageSent] User 2_click_death sent message in 💬》general-1: group of coders don’t like that I can code better than them. So I started using an ai to make some code🤣 Then sent the code to them(without saying I made it or nun) then they said the’d expose for fra... | Attachments: 2 | Embeds: 0
METADATA: {"timestamp": "2025-11-08T15:42:22.179511", "bot_version": "2.4.0", "guild_id": 1436118893130158090, "channel_id": 1436118894661206152, "user_id": 1019698414839156817, "message_id": 1436833250025672785, "extra": {}}
---
[2025-11-08T15:42:48.326786] [USER_ACTION] [MESSAGES] [MessageSent] User 2_click_death sent message in 💬》general-1: group of hackers said they’d expose me for fraud🤣 | Attachments: 0 | Embeds: 0
METADATA: {"timestamp": "2025-11-08T15:42:48.326744", "bot_version": "2.4.0", "guild_id": 1436118893130158090, "channel_id": 1436118894661206152, "user_id": 1019698414839156817, "message_id": 1436833360902098965, "extra": {}}
---
[2025-11-08T15:43:03.260640] [USER_ACTION] [MESSAGES] [MessageSent] User 2_click_death sent message in 💬》general-1: even though they never bought shi from me | Attachments: 0 | Embeds: 0
METADATA: {"timestamp": "2025-11-08T15:43:03.260606", "bot_version": "2.4.0", "guild_id": 1436118893130158090, "channel_id": 1436118894661206152, "user_id": 1019698414839156817, "message_id": 1436833423426715648, "extra": {}}
---
[2025-11-08T15:43:08.801165] [USER_ACTION] [MESSAGES] [MessageSent] User 2_click_death sent message in 💬》general-1:  | Attachments: 2 | Embeds: 0
METADATA: {"timestamp": "2025-11-08T15:43:08.801113", "bot_version": "2.4.0", "guild_id": 1436118893130158090, "channel_id": 1436118894661206152, "user_id": 1019698414839156817, "message_id": 1436833446457507991, "extra": {}}
---
[2025-11-08T15:43:31.720452] [USER_ACTION] [MESSAGES] [MessageSent] User 2_click_death sent message in 💬》general-1: even used an ai to make a browser for them cuz ian have time to hand make it | Attachments: 0 | Embeds: 0
METADATA: {"timestamp": "2025-11-08T15:43:31.720412", "bot_version": "2.4.0", "guild_id": 1436118893130158090, "channel_id": 1436118894661206152, "user_id": 1019698414839156817, "message_id": 1436833542838423694, "extra": {}}
---
[2025-11-08T15:48:07.872284] [USER_ACTION] [MESSAGES] [MessageSent] User echo058622 sent message in 💬》general-1: mmm | Attachments: 0 | Embeds: 0
METADATA: {"timestamp": "2025-11-08T15:48:07.867930", "bot_version": "2.4.0", "guild_id": 1436118893130158090, "channel_id": 1436118894661206152, "user_id": 1309337550296449024, "message_id": 1436834701045403738, "extra": {}}
---
[2025-11-08T16:11:49.733813] [USER_ACTION] [MESSAGES] [MessageSent] User 2_click_death sent message in 📭》tickets: /tik | Attachments: 0 | Embeds: 0
METADATA: {"timestamp": "2025-11-08T16:11:49.733651", "bot_version": "2.4.0", "guild_id": 1436118893130158090, "channel_id": 1436118894661206154, "user_id": 1019698414839156817, "message_id": 1436840664909484073, "extra": {}}
---
[2025-11-08T16:22:32.527763] [USER_ACTION] [MESSAGES] [MessageSent] User 2_click_death sent message in ticket-support-ab565a41: hello | Attachments: 0 | Embeds: 0
METADATA: {"timestamp": "2025-11-08T16:22:32.527730", "bot_version": "2.4.0", "guild_id": 1436118893130158090, "channel_id": 1436843282612228279, "user_id": 1019698414839156817, "message_id": 1436843360777408522, "extra": {}}
---
[2025-11-08T20:59:22.803694] [USER_ACTION] [MESSAGES] [MessageSent] User 2_click_death sent message in 📭》tickets: /tik | Attachments: 0 | Embeds: 0
METADATA: {"timestamp": "2025-11-08T20:59:22.803647", "bot_version": "2.4.0", "guild_id": 1436118893130158090, "channel_id": 1436118894661206154, "user_id": 1019698414839156817, "message_id": 1436913029446111233, "extra": {}}
---
