[2026-01-14T13:49:24.592674] [USER_ACTION] [MESSAGES] [MessageSent] User 2clickdeath (1019698414839156817) sent message in 💬》chat-with-ai (ShadowT3ch Development Group): hi | Attachments: 0 (None) | Embeds: 0 | Mentions: 0 users, 0 roles | Reactions: 0 | Pinned: False
METADATA: {"timestamp": "2026-01-14T13:49:24.592624", "bot_version": "2.6.4", "guild_id": 1419349908850475031, "guild_name": "ShadowT3ch Development Group", "channel_id": 1456473934974418955, "channel_name": "\ud83d\udcac\u300bchat-with-ai", "user_id": 1019698414839156817, "username": "2clickdeath", "message_id": 1461069710832435374, "extra": {"content_length": 2, "attachment_count": 0, "embed_count": 0, "mention_count": 0, "role_mention_count": 0, "reaction_count": 0, "is_pinned": false, "has_attachments": false, "has_embeds": false, "attachment_details": [], "embed_types": []}}
---
[2026-01-14T13:51:57.781570] [USER_ACTION] [MESSAGES] [MessageSent] User 2clickdeath (1019698414839156817) sent message in 🎉》giveaways (ShadowT3ch Development Group): .gw | Attachments: 0 (None) | Embeds: 0 | Mentions: 0 users, 0 roles | Reactions: 0 | Pinned: False
METADATA: {"timestamp": "2026-01-14T13:51:57.781462", "bot_version": "2.6.4", "guild_id": 1419349908850475031, "guild_name": "ShadowT3ch Development Group", "channel_id": 1456471909830234183, "channel_name": "\ud83c\udf89\u300bgiveaways", "user_id": 1019698414839156817, "username": "2clickdeath", "message_id": 1461070353584619612, "extra": {"content_length": 3, "attachment_count": 0, "embed_count": 0, "mention_count": 0, "role_mention_count": 0, "reaction_count": 0, "is_pinned": false, "has_attachments": false, "has_embeds": false, "attachment_details": [], "embed_types": []}}
---
[2026-01-14T13:52:06.294478] [USER_ACTION] [MESSAGES] [MessageSent] User 2clickdeath (1019698414839156817) sent message in 🎉》giveaways (ShadowT3ch Development Group): .gw_create | Attachments: 0 (None) | Embeds: 0 | Mentions: 0 users, 0 roles | Reactions: 0 | Pinned: False
METADATA: {"timestamp": "2026-01-14T13:52:06.294425", "bot_version": "2.6.4", "guild_id": 1419349908850475031, "guild_name": "ShadowT3ch Development Group", "channel_id": 1456471909830234183, "channel_name": "\ud83c\udf89\u300bgiveaways", "user_id": 1019698414839156817, "username": "2clickdeath", "message_id": 1461070389248790742, "extra": {"content_length": 10, "attachment_count": 0, "embed_count": 0, "mention_count": 0, "role_mention_count": 0, "reaction_count": 0, "is_pinned": false, "has_attachments": false, "has_embeds": false, "attachment_details": [], "embed_types": []}}
---
[2026-01-14T13:52:10.428927] [USER_ACTION] [MESSAGES] [MessageSent] User 2clickdeath (1019698414839156817) sent message in 🎉》giveaways (ShadowT3ch Development Group): .help | Attachments: 0 (None) | Embeds: 0 | Mentions: 0 users, 0 roles | Reactions: 0 | Pinned: False
METADATA: {"timestamp": "2026-01-14T13:52:10.428828", "bot_version": "2.6.4", "guild_id": 1419349908850475031, "guild_name": "ShadowT3ch Development Group", "channel_id": 1456471909830234183, "channel_name": "\ud83c\udf89\u300bgiveaways", "user_id": 1019698414839156817, "username": "2clickdeath", "message_id": 1461070406805880944, "extra": {"content_length": 5, "attachment_count": 0, "embed_count": 0, "mention_count": 0, "role_mention_count": 0, "reaction_count": 0, "is_pinned": false, "has_attachments": false, "has_embeds": false, "attachment_details": [], "embed_types": []}}
---
[2026-01-14T13:52:13.607281] [USER_ACTION] [MESSAGES] [MessageSent] User 2clickdeath (1019698414839156817) sent message in 🎉》giveaways (ShadowT3ch Development Group): !help | Attachments: 0 (None) | Embeds: 0 | Mentions: 0 users, 0 roles | Reactions: 0 | Pinned: False
METADATA: {"timestamp": "2026-01-14T13:52:13.607178", "bot_version": "2.6.4", "guild_id": 1419349908850475031, "guild_name": "ShadowT3ch Development Group", "channel_id": 1456471909830234183, "channel_name": "\ud83c\udf89\u300bgiveaways", "user_id": 1019698414839156817, "username": "2clickdeath", "message_id": 1461070420064337940, "extra": {"content_length": 5, "attachment_count": 0, "embed_count": 0, "mention_count": 0, "role_mention_count": 0, "reaction_count": 0, "is_pinned": false, "has_attachments": false, "has_embeds": false, "attachment_details": [], "embed_types": []}}
---
[2026-01-14T13:52:27.014236] [USER_ACTION] [MESSAGES] [MessageSent] User 2clickdeath (1019698414839156817) sent message in 🎉》giveaways (ShadowT3ch Development Group): .purge 100 | Attachments: 0 (None) | Embeds: 0 | Mentions: 0 users, 0 roles | Reactions: 0 | Pinned: False
METADATA: {"timestamp": "2026-01-14T13:52:27.014195", "bot_version": "2.6.4", "guild_id": 1419349908850475031, "guild_name": "ShadowT3ch Development Group", "channel_id": 1456471909830234183, "channel_name": "\ud83c\udf89\u300bgiveaways", "user_id": 1019698414839156817, "username": "2clickdeath", "message_id": 1461070475424698600, "extra": {"content_length": 10, "attachment_count": 0, "embed_count": 0, "mention_count": 0, "role_mention_count": 0, "reaction_count": 0, "is_pinned": false, "has_attachments": false, "has_embeds": false, "attachment_details": [], "embed_types": []}}
---
[2026-01-14T13:53:36.418007] [USER_ACTION] [MESSAGES] [MessageSent] User 2clickdeath (1019698414839156817) sent message in ⛔》server-logs (ShadowT3ch Development Group): ?help | Attachments: 0 (None) | Embeds: 0 | Mentions: 0 users, 0 roles | Reactions: 0 | Pinned: False
METADATA: {"timestamp": "2026-01-14T13:53:36.417962", "bot_version": "2.6.4", "guild_id": 1419349908850475031, "guild_name": "ShadowT3ch Development Group", "channel_id": 1456477520818868337, "channel_name": "\u26d4\u300bserver-logs", "user_id": 1019698414839156817, "username": "2clickdeath", "message_id": 1461070767004450879, "extra": {"content_length": 5, "attachment_count": 0, "embed_count": 0, "mention_count": 0, "role_mention_count": 0, "reaction_count": 0, "is_pinned": false, "has_attachments": false, "has_embeds": false, "attachment_details": [], "embed_types": []}}
---
[2026-01-14T13:53:38.887496] [USER_ACTION] [MESSAGES] [MessageSent] User 2clickdeath (1019698414839156817) sent message in ⛔》server-logs (ShadowT3ch Development Group): .help | Attachments: 0 (None) | Embeds: 0 | Mentions: 0 users, 0 roles | Reactions: 0 | Pinned: False
METADATA: {"timestamp": "2026-01-14T13:53:38.887436", "bot_version": "2.6.4", "guild_id": 1419349908850475031, "guild_name": "ShadowT3ch Development Group", "channel_id": 1456477520818868337, "channel_name": "\u26d4\u300bserver-logs", "user_id": 1019698414839156817, "username": "2clickdeath", "message_id": 1461070777649594440, "extra": {"content_length": 5, "attachment_count": 0, "embed_count": 0, "mention_count": 0, "role_mention_count": 0, "reaction_count": 0, "is_pinned": false, "has_attachments": false, "has_embeds": false, "attachment_details": [], "embed_types": []}}
---
