[2025-10-07T21:14:44.395771] [USER_ACTION] [MESSAGES] [MessageSent] User 2_clickdeath sent message in 📢⫸・announcements: @everyone I’m not sure if you’ve heard, but the rumors are true. I am actually Shadow. I wanted to stay private so I could work on myself and my ways. Please forgive me for all that happened between m... | Attachments: 0 | Embeds: 0
METADATA: {"timestamp": "2025-10-07T21:14:44.395729", "bot_version": "2.4.0", "guild_id": 1414819449474908192, "channel_id": 1414819450875678780, "user_id": 1019698414839156817, "message_id": 1425229885927850056, "extra": {}}
---
[2025-10-07T21:15:58.465359] [USER_ACTION] [MESSAGES] [MessageSent] User echo058622 sent message in 💬⫸・main-chat:  | Attachments: 0 | Embeds: 0
METADATA: {"timestamp": "2025-10-07T21:15:58.465301", "bot_version": "2.4.0", "guild_id": 1414819449474908192, "channel_id": 1414819451022606339, "user_id": 1309337550296449024, "message_id": 1425230196478443593, "extra": {}}
---
[2025-10-07T21:15:59.287279] [USER_ACTION] [MESSAGES] [MessageSent] User echo058622 sent message in 💬⫸・main-chat: october fools? | Attachments: 0 | Embeds: 0
METADATA: {"timestamp": "2025-10-07T21:15:59.287243", "bot_version": "2.4.0", "guild_id": 1414819449474908192, "channel_id": 1414819451022606339, "user_id": 1309337550296449024, "message_id": 1425230198122610708, "extra": {}}
---
[2025-10-07T21:16:00.865904] [USER_ACTION] [MESSAGES] [MessageSent] User echo058622 sent message in 💬⫸・main-chat: october fools | Attachments: 0 | Embeds: 0
METADATA: {"timestamp": "2025-10-07T21:16:00.865872", "bot_version": "2.4.0", "guild_id": 1414819449474908192, "channel_id": 1414819451022606339, "user_id": 1309337550296449024, "message_id": 1425230205500260442, "extra": {}}
---
[2025-10-07T21:16:06.284983] [USER_ACTION] [MESSAGES] [MessageSent] User echo058622 sent message in 💬⫸・main-chat: right? | Attachments: 0 | Embeds: 0
METADATA: {"timestamp": "2025-10-07T21:16:06.284909", "bot_version": "2.4.0", "guild_id": 1414819449474908192, "channel_id": 1414819451022606339, "user_id": 1309337550296449024, "message_id": 1425230229575569552, "extra": {}}
---
[2025-10-07T21:16:33.347935] [USER_ACTION] [MESSAGES] [MessageSent] User echo058622 sent message in 💬⫸・main-chat: he said he wouldnt mention delta at ALL | Attachments: 0 | Embeds: 0
METADATA: {"timestamp": "2025-10-07T21:16:33.347895", "bot_version": "2.4.0", "guild_id": 1414819449474908192, "channel_id": 1414819451022606339, "user_id": 1309337550296449024, "message_id": 1425230343052464128, "extra": {}}
---
[2025-10-07T21:17:08.252201] [USER_ACTION] [MESSAGES] [MessageSent] User 2_clickdeath sent message in 💬⫸・main-chat: lol | Attachments: 0 | Embeds: 0
METADATA: {"timestamp": "2025-10-07T21:17:08.252161", "bot_version": "2.4.0", "guild_id": 1414819449474908192, "channel_id": 1414819451022606339, "user_id": 1019698414839156817, "message_id": 1425230489463292077, "extra": {}}
---
[2025-10-07T21:17:11.467298] [USER_ACTION] [MESSAGES] [MessageSent] User 2_clickdeath sent message in 💬⫸・main-chat: no it’s real | Attachments: 0 | Embeds: 0
METADATA: {"timestamp": "2025-10-07T21:17:11.467249", "bot_version": "2.4.0", "guild_id": 1414819449474908192, "channel_id": 1414819451022606339, "user_id": 1019698414839156817, "message_id": 1425230502968950784, "extra": {}}
---
[2025-10-07T21:17:26.703797] [USER_ACTION] [MESSAGES] [MessageSent] User echo058622 sent message in 💬⫸・main-chat: ohh snap | Attachments: 0 | Embeds: 0
METADATA: {"timestamp": "2025-10-07T21:17:26.703757", "bot_version": "2.4.0", "guild_id": 1414819449474908192, "channel_id": 1414819451022606339, "user_id": 1309337550296449024, "message_id": 1425230566805999646, "extra": {}}
---
[2025-10-07T21:17:38.974104] [USER_ACTION] [MESSAGES] [MessageSent] User 2_clickdeath sent message in 💬⫸・main-chat: yea | Attachments: 0 | Embeds: 0
METADATA: {"timestamp": "2025-10-07T21:17:38.974063", "bot_version": "2.4.0", "guild_id": 1414819449474908192, "channel_id": 1414819451022606339, "user_id": 1019698414839156817, "message_id": 1425230618127634522, "extra": {}}
---
