[2025-11-20T05:52:51.634346] [USER_ACTION] [MESSAGES] [MessageSent] User shinakomei (1251643888297312309) sent message in 💬》general (ShadowT3ch): And on me for no reason | Attachments: 0 (None) | Embeds: 0 | Mentions: 0 users, 0 roles | Reactions: 0 | Pinned: False
METADATA: {"timestamp": "2025-11-20T05:52:51.634300", "bot_version": "2.4.0", "guild_id": 1436118893130158090, "guild_name": "ShadowT3ch", "channel_id": 1436118894661206152, "channel_name": "\ud83d\udcac\u300bgeneral", "user_id": 1251643888297312309, "username": "shinakomei", "message_id": 1441033550467043369, "extra": {"content_length": 23, "attachment_count": 0, "embed_count": 0, "mention_count": 0, "role_mention_count": 0, "reaction_count": 0, "is_pinned": false, "has_attachments": false, "has_embeds": false, "attachment_details": [], "embed_types": []}}
---
[2025-11-20T07:12:06.138317] [USER_ACTION] [MESSAGES] [MessageSent] User mqp6 (1373556059184042045) sent message in 💬》general (ShadowT3ch): WWWW | Attachments: 0 (None) | Embeds: 0 | Mentions: 1 users, 0 roles | Reactions: 0 | Pinned: False
METADATA: {"timestamp": "2025-11-20T07:12:06.138270", "bot_version": "2.4.0", "guild_id": 1436118893130158090, "guild_name": "ShadowT3ch", "channel_id": 1436118894661206152, "channel_name": "\ud83d\udcac\u300bgeneral", "user_id": 1373556059184042045, "username": "mqp6", "message_id": 1441053492469829733, "extra": {"content_length": 4, "attachment_count": 0, "embed_count": 0, "mention_count": 1, "role_mention_count": 0, "reaction_count": 0, "is_pinned": false, "has_attachments": false, "has_embeds": false, "attachment_details": [], "embed_types": []}}
---
[2025-11-20T07:12:16.826299] [USER_ACTION] [MESSAGES] [MessageSent] User 2clickdeath (1019698414839156817) sent message in 💬》general (ShadowT3ch): lol | Attachments: 0 (None) | Embeds: 0 | Mentions: 1 users, 0 roles | Reactions: 0 | Pinned: False
METADATA: {"timestamp": "2025-11-20T07:12:16.826260", "bot_version": "2.4.0", "guild_id": 1436118893130158090, "guild_name": "ShadowT3ch", "channel_id": 1436118894661206152, "channel_name": "\ud83d\udcac\u300bgeneral", "user_id": 1019698414839156817, "username": "2clickdeath", "message_id": 1441053537177174076, "extra": {"content_length": 3, "attachment_count": 0, "embed_count": 0, "mention_count": 1, "role_mention_count": 0, "reaction_count": 0, "is_pinned": false, "has_attachments": false, "has_embeds": false, "attachment_details": [], "embed_types": []}}
---
[2025-11-20T07:12:19.089890] [USER_ACTION] [MESSAGES] [MessageSent] User mqp6 (1373556059184042045) sent message in 💬》general (ShadowT3ch): <:1410308803521413202:1425527608208130053> | Attachments: 0 (None) | Embeds: 0 | Mentions: 0 users, 0 roles | Reactions: 0 | Pinned: False
METADATA: {"timestamp": "2025-11-20T07:12:19.089850", "bot_version": "2.4.0", "guild_id": 1436118893130158090, "guild_name": "ShadowT3ch", "channel_id": 1436118894661206152, "channel_name": "\ud83d\udcac\u300bgeneral", "user_id": 1373556059184042045, "username": "mqp6", "message_id": 1441053546542792775, "extra": {"content_length": 42, "attachment_count": 0, "embed_count": 0, "mention_count": 0, "role_mention_count": 0, "reaction_count": 0, "is_pinned": false, "has_attachments": false, "has_embeds": false, "attachment_details": [], "embed_types": []}}
---
[2025-11-20T07:12:24.938985] [USER_ACTION] [MESSAGES] [MessageSent] User 2clickdeath (1019698414839156817) sent message in 💬》general (ShadowT3ch): late to the party😭 | Attachments: 0 (None) | Embeds: 0 | Mentions: 0 users, 0 roles | Reactions: 0 | Pinned: False
METADATA: {"timestamp": "2025-11-20T07:12:24.938944", "bot_version": "2.4.0", "guild_id": 1436118893130158090, "guild_name": "ShadowT3ch", "channel_id": 1436118894661206152, "channel_name": "\ud83d\udcac\u300bgeneral", "user_id": 1019698414839156817, "username": "2clickdeath", "message_id": 1441053571432059071, "extra": {"content_length": 18, "attachment_count": 0, "embed_count": 0, "mention_count": 0, "role_mention_count": 0, "reaction_count": 0, "is_pinned": false, "has_attachments": false, "has_embeds": false, "attachment_details": [], "embed_types": []}}
---
[2025-11-20T07:12:54.592619] [USER_ACTION] [MESSAGES] [MessageSent] User mqp6 (1373556059184042045) sent message in ⛔》server-logs (ShadowT3ch):  | Attachments: 0 (None) | Embeds: 1 | Mentions: 0 users, 0 roles | Reactions: 0 | Pinned: False
METADATA: {"timestamp": "2025-11-20T07:12:54.592579", "bot_version": "2.4.0", "guild_id": 1436118893130158090, "guild_name": "ShadowT3ch", "channel_id": 1436129350243188969, "channel_name": "\u26d4\u300bserver-logs", "user_id": 1373556059184042045, "username": "mqp6", "message_id": 1441053695650304060, "extra": {"content_length": 0, "attachment_count": 0, "embed_count": 1, "mention_count": 0, "role_mention_count": 0, "reaction_count": 0, "is_pinned": false, "has_attachments": false, "has_embeds": true, "attachment_details": [], "embed_types": ["auto_moderation_message - No title"]}}
---
[2025-11-20T07:15:27.363866] [USER_ACTION] [MESSAGES] [MessageSent] User mqp6 (1373556059184042045) sent message in 💬》general (ShadowT3ch): hi | Attachments: 0 (None) | Embeds: 0 | Mentions: 0 users, 0 roles | Reactions: 0 | Pinned: False
METADATA: {"timestamp": "2025-11-20T07:15:27.363822", "bot_version": "2.4.0", "guild_id": 1436118893130158090, "guild_name": "ShadowT3ch", "channel_id": 1436118894661206152, "channel_name": "\ud83d\udcac\u300bgeneral", "user_id": 1373556059184042045, "username": "mqp6", "message_id": 1441054336355532956, "extra": {"content_length": 2, "attachment_count": 0, "embed_count": 0, "mention_count": 0, "role_mention_count": 0, "reaction_count": 0, "is_pinned": false, "has_attachments": false, "has_embeds": false, "attachment_details": [], "embed_types": []}}
---
[2025-11-20T07:15:29.204158] [USER_ACTION] [MESSAGES] [MessageSent] User mqp6 (1373556059184042045) sent message in 💬》general (ShadowT3ch): fake | Attachments: 0 (None) | Embeds: 0 | Mentions: 0 users, 0 roles | Reactions: 0 | Pinned: False
METADATA: {"timestamp": "2025-11-20T07:15:29.204110", "bot_version": "2.4.0", "guild_id": 1436118893130158090, "guild_name": "ShadowT3ch", "channel_id": 1436118894661206152, "channel_name": "\ud83d\udcac\u300bgeneral", "user_id": 1373556059184042045, "username": "mqp6", "message_id": 1441054343737643231, "extra": {"content_length": 4, "attachment_count": 0, "embed_count": 0, "mention_count": 0, "role_mention_count": 0, "reaction_count": 0, "is_pinned": false, "has_attachments": false, "has_embeds": false, "attachment_details": [], "embed_types": []}}
---
[2025-11-20T07:15:31.912316] [USER_ACTION] [MESSAGES] [MessageSent] User mqp6 (1373556059184042045) sent message in 💬》general (ShadowT3ch): !! | Attachments: 0 (None) | Embeds: 0 | Mentions: 0 users, 0 roles | Reactions: 0 | Pinned: False
METADATA: {"timestamp": "2025-11-20T07:15:31.912267", "bot_version": "2.4.0", "guild_id": 1436118893130158090, "guild_name": "ShadowT3ch", "channel_id": 1436118894661206152, "channel_name": "\ud83d\udcac\u300bgeneral", "user_id": 1373556059184042045, "username": "mqp6", "message_id": 1441054354441240668, "extra": {"content_length": 2, "attachment_count": 0, "embed_count": 0, "mention_count": 0, "role_mention_count": 0, "reaction_count": 0, "is_pinned": false, "has_attachments": false, "has_embeds": false, "attachment_details": [], "embed_types": []}}
---
