[2025-11-17T09:03:41.005270] [USER_ACTION] [MESSAGES] [MessageSent] User 2_click_death (1019698414839156817) sent message in 💬》general (ShadowT3ch): <@1373556059184042045> | Attachments: 0 (None) | Embeds: 0 | Mentions: 1 users, 0 roles | Reactions: 0 | Pinned: False
METADATA: {"timestamp": "2025-11-17T09:03:41.005192", "bot_version": "2.4.0", "guild_id": 1436118893130158090, "guild_name": "ShadowT3ch", "channel_id": 1436118894661206152, "channel_name": "\ud83d\udcac\u300bgeneral", "user_id": 1019698414839156817, "username": "2_click_death", "message_id": 1439994399026315466, "extra": {"content_length": 22, "attachment_count": 0, "embed_count": 0, "mention_count": 1, "role_mention_count": 0, "reaction_count": 0, "is_pinned": false, "has_attachments": false, "has_embeds": false, "attachment_details": [], "embed_types": []}}
---
[2025-11-17T09:05:55.941821] [USER_ACTION] [MESSAGES] [MessageSent] User mqp6 (1373556059184042045) sent message in 💬》general (ShadowT3ch): hi | Attachments: 0 (None) | Embeds: 0 | Mentions: 0 users, 0 roles | Reactions: 0 | Pinned: False
METADATA: {"timestamp": "2025-11-17T09:05:55.941628", "bot_version": "2.4.0", "guild_id": 1436118893130158090, "guild_name": "ShadowT3ch", "channel_id": 1436118894661206152, "channel_name": "\ud83d\udcac\u300bgeneral", "user_id": 1373556059184042045, "username": "mqp6", "message_id": 1439994975378215042, "extra": {"content_length": 2, "attachment_count": 0, "embed_count": 0, "mention_count": 0, "role_mention_count": 0, "reaction_count": 0, "is_pinned": false, "has_attachments": false, "has_embeds": false, "attachment_details": [], "embed_types": []}}
---
[2025-11-17T09:06:00.844984] [USER_ACTION] [MESSAGES] [MessageSent] User 2_click_death (1019698414839156817) sent message in 💬》general (ShadowT3ch): sup | Attachments: 0 (None) | Embeds: 0 | Mentions: 1 users, 0 roles | Reactions: 0 | Pinned: False
METADATA: {"timestamp": "2025-11-17T09:06:00.844946", "bot_version": "2.4.0", "guild_id": 1436118893130158090, "guild_name": "ShadowT3ch", "channel_id": 1436118894661206152, "channel_name": "\ud83d\udcac\u300bgeneral", "user_id": 1019698414839156817, "username": "2_click_death", "message_id": 1439994995745624094, "extra": {"content_length": 3, "attachment_count": 0, "embed_count": 0, "mention_count": 1, "role_mention_count": 0, "reaction_count": 0, "is_pinned": false, "has_attachments": false, "has_embeds": false, "attachment_details": [], "embed_types": []}}
---
[2025-11-17T09:06:04.494468] [USER_ACTION] [MESSAGES] [MessageSent] User mqp6 (1373556059184042045) sent message in 💬》general (ShadowT3ch): fuh | Attachments: 0 (None) | Embeds: 0 | Mentions: 0 users, 0 roles | Reactions: 0 | Pinned: False
METADATA: {"timestamp": "2025-11-17T09:06:04.494391", "bot_version": "2.4.0", "guild_id": 1436118893130158090, "guild_name": "ShadowT3ch", "channel_id": 1436118894661206152, "channel_name": "\ud83d\udcac\u300bgeneral", "user_id": 1373556059184042045, "username": "mqp6", "message_id": 1439995009712787596, "extra": {"content_length": 3, "attachment_count": 0, "embed_count": 0, "mention_count": 0, "role_mention_count": 0, "reaction_count": 0, "is_pinned": false, "has_attachments": false, "has_embeds": false, "attachment_details": [], "embed_types": []}}
---
[2025-11-17T09:06:10.816155] [USER_ACTION] [MESSAGES] [MessageSent] User mqp6 (1373556059184042045) sent message in 💬》general (ShadowT3ch): how to prove its u | Attachments: 0 (None) | Embeds: 0 | Mentions: 0 users, 0 roles | Reactions: 0 | Pinned: False
METADATA: {"timestamp": "2025-11-17T09:06:10.816128", "bot_version": "2.4.0", "guild_id": 1436118893130158090, "guild_name": "ShadowT3ch", "channel_id": 1436118894661206152, "channel_name": "\ud83d\udcac\u300bgeneral", "user_id": 1373556059184042045, "username": "mqp6", "message_id": 1439995029870477424, "extra": {"content_length": 18, "attachment_count": 0, "embed_count": 0, "mention_count": 0, "role_mention_count": 0, "reaction_count": 0, "is_pinned": false, "has_attachments": false, "has_embeds": false, "attachment_details": [], "embed_types": []}}
---
[2025-11-17T09:06:15.068801] [USER_ACTION] [MESSAGES] [MessageSent] User 2_click_death (1019698414839156817) sent message in 💬》general (ShadowT3ch): ask me anything | Attachments: 0 (None) | Embeds: 0 | Mentions: 1 users, 0 roles | Reactions: 0 | Pinned: False
METADATA: {"timestamp": "2025-11-17T09:06:15.068720", "bot_version": "2.4.0", "guild_id": 1436118893130158090, "guild_name": "ShadowT3ch", "channel_id": 1436118894661206152, "channel_name": "\ud83d\udcac\u300bgeneral", "user_id": 1019698414839156817, "username": "2_click_death", "message_id": 1439995052020596817, "extra": {"content_length": 15, "attachment_count": 0, "embed_count": 0, "mention_count": 1, "role_mention_count": 0, "reaction_count": 0, "is_pinned": false, "has_attachments": false, "has_embeds": false, "attachment_details": [], "embed_types": []}}
---
[2025-11-17T09:06:18.888916] [USER_ACTION] [MESSAGES] [MessageSent] User mqp6 (1373556059184042045) sent message in 💬》general (ShadowT3ch): u got snow in here | Attachments: 0 (None) | Embeds: 0 | Mentions: 0 users, 0 roles | Reactions: 0 | Pinned: False
METADATA: {"timestamp": "2025-11-17T09:06:18.888779", "bot_version": "2.4.0", "guild_id": 1436118893130158090, "guild_name": "ShadowT3ch", "channel_id": 1436118894661206152, "channel_name": "\ud83d\udcac\u300bgeneral", "user_id": 1373556059184042045, "username": "mqp6", "message_id": 1439995069989126254, "extra": {"content_length": 18, "attachment_count": 0, "embed_count": 0, "mention_count": 0, "role_mention_count": 0, "reaction_count": 0, "is_pinned": false, "has_attachments": false, "has_embeds": false, "attachment_details": [], "embed_types": []}}
---
[2025-11-17T09:06:22.954858] [USER_ACTION] [MESSAGES] [MessageSent] User mqp6 (1373556059184042045) sent message in 💬》general (ShadowT3ch): hmm | Attachments: 0 (None) | Embeds: 0 | Mentions: 0 users, 0 roles | Reactions: 0 | Pinned: False
METADATA: {"timestamp": "2025-11-17T09:06:22.954832", "bot_version": "2.4.0", "guild_id": 1436118893130158090, "guild_name": "ShadowT3ch", "channel_id": 1436118894661206152, "channel_name": "\ud83d\udcac\u300bgeneral", "user_id": 1373556059184042045, "username": "mqp6", "message_id": 1439995088183758889, "extra": {"content_length": 3, "attachment_count": 0, "embed_count": 0, "mention_count": 0, "role_mention_count": 0, "reaction_count": 0, "is_pinned": false, "has_attachments": false, "has_embeds": false, "attachment_details": [], "embed_types": []}}
---
[2025-11-17T09:06:24.430758] [USER_ACTION] [MESSAGES] [MessageSent] User mqp6 (1373556059184042045) sent message in 💬》general (ShadowT3ch): okie! | Attachments: 0 (None) | Embeds: 0 | Mentions: 0 users, 0 roles | Reactions: 0 | Pinned: False
METADATA: {"timestamp": "2025-11-17T09:06:24.430702", "bot_version": "2.4.0", "guild_id": 1436118893130158090, "guild_name": "ShadowT3ch", "channel_id": 1436118894661206152, "channel_name": "\ud83d\udcac\u300bgeneral", "user_id": 1373556059184042045, "username": "mqp6", "message_id": 1439995094869479506, "extra": {"content_length": 5, "attachment_count": 0, "embed_count": 0, "mention_count": 0, "role_mention_count": 0, "reaction_count": 0, "is_pinned": false, "has_attachments": false, "has_embeds": false, "attachment_details": [], "embed_types": []}}
---
[2025-11-17T09:06:45.070043] [USER_ACTION] [MESSAGES] [MessageSent] User mqp6 (1373556059184042045) sent message in 💬》general (ShadowT3ch): we got old staff member in here | Attachments: 0 (None) | Embeds: 0 | Mentions: 0 users, 0 roles | Reactions: 0 | Pinned: False
METADATA: {"timestamp": "2025-11-17T09:06:45.069997", "bot_version": "2.4.0", "guild_id": 1436118893130158090, "guild_name": "ShadowT3ch", "channel_id": 1436118894661206152, "channel_name": "\ud83d\udcac\u300bgeneral", "user_id": 1373556059184042045, "username": "mqp6", "message_id": 1439995181385519246, "extra": {"content_length": 31, "attachment_count": 0, "embed_count": 0, "mention_count": 0, "role_mention_count": 0, "reaction_count": 0, "is_pinned": false, "has_attachments": false, "has_embeds": false, "attachment_details": [], "embed_types": []}}
---
[2025-11-17T09:06:59.752199] [USER_ACTION] [MESSAGES] [MessageSent] User mqp6 (1373556059184042045) sent message in 💬》general (ShadowT3ch): from da delta exec support | Attachments: 0 (None) | Embeds: 0 | Mentions: 0 users, 0 roles | Reactions: 0 | Pinned: False
METADATA: {"timestamp": "2025-11-17T09:06:59.752161", "bot_version": "2.4.0", "guild_id": 1436118893130158090, "guild_name": "ShadowT3ch", "channel_id": 1436118894661206152, "channel_name": "\ud83d\udcac\u300bgeneral", "user_id": 1373556059184042045, "username": "mqp6", "message_id": 1439995242890924062, "extra": {"content_length": 26, "attachment_count": 0, "embed_count": 0, "mention_count": 0, "role_mention_count": 0, "reaction_count": 0, "is_pinned": false, "has_attachments": false, "has_embeds": false, "attachment_details": [], "embed_types": []}}
---
[2025-11-17T09:07:01.331688] [USER_ACTION] [MESSAGES] [MessageSent] User mqp6 (1373556059184042045) sent message in 💬》general (ShadowT3ch): iris | Attachments: 0 (None) | Embeds: 0 | Mentions: 0 users, 0 roles | Reactions: 0 | Pinned: False
METADATA: {"timestamp": "2025-11-17T09:07:01.331652", "bot_version": "2.4.0", "guild_id": 1436118893130158090, "guild_name": "ShadowT3ch", "channel_id": 1436118894661206152, "channel_name": "\ud83d\udcac\u300bgeneral", "user_id": 1373556059184042045, "username": "mqp6", "message_id": 1439995246745489499, "extra": {"content_length": 4, "attachment_count": 0, "embed_count": 0, "mention_count": 0, "role_mention_count": 0, "reaction_count": 0, "is_pinned": false, "has_attachments": false, "has_embeds": false, "attachment_details": [], "embed_types": []}}
---
