[2025-10-16T02:25:27.526621] [USER_ACTION] [MESSAGES] [MessageSent] User 2_clickdeath sent message in 📢⫸・announcements: @everyone New products and a whole new system is coming soon!! Me and my team are making a hacking tool that will be very over powered. I am also working on a website that lets you host code, Minecraf... | Attachments: 0 | Embeds: 0
METADATA: {"timestamp": "2025-10-16T02:25:27.526578", "bot_version": "2.4.0", "guild_id": 1414819449474908192, "channel_id": 1414819450875678780, "user_id": 1019698414839156817, "message_id": 1428207183836745770, "extra": {}}
---
[2025-10-16T12:33:35.317808] [USER_ACTION] [MESSAGES] [MessageSent] User 2_clickdeath sent message in 📥・guild-join: Coming Soon… | Attachments: 0 | Embeds: 0
METADATA: {"timestamp": "2025-10-16T12:33:35.317768", "bot_version": "2.4.0", "guild_id": 1425539343480655886, "channel_id": 1425539345871540450, "user_id": 1019698414839156817, "message_id": 1428360224741523707, "extra": {}}
---
[2025-10-16T12:33:41.149840] [USER_ACTION] [MESSAGES] [MessageSent] User 2_clickdeath sent message in 📤・guild-leave: Coming Soon… | Attachments: 0 | Embeds: 0
METADATA: {"timestamp": "2025-10-16T12:33:41.149794", "bot_version": "2.4.0", "guild_id": 1425539343480655886, "channel_id": 1425539345871540451, "user_id": 1019698414839156817, "message_id": 1428360249320149042, "extra": {}}
---
[2025-10-16T12:33:55.927075] [USER_ACTION] [MESSAGES] [MessageSent] User 2_clickdeath sent message in 👥・invites: Coming Soon… | Attachments: 0 | Embeds: 0
METADATA: {"timestamp": "2025-10-16T12:33:55.927026", "bot_version": "2.4.0", "guild_id": 1425539343480655886, "channel_id": 1425539345871540448, "user_id": 1019698414839156817, "message_id": 1428360311060299786, "extra": {}}
---
[2025-10-16T12:34:03.077245] [USER_ACTION] [MESSAGES] [MessageSent] User 2_clickdeath sent message in 🔎・utility-logs: Coming Soon… | Attachments: 0 | Embeds: 0
METADATA: {"timestamp": "2025-10-16T12:34:03.077194", "bot_version": "2.4.0", "guild_id": 1425539343480655886, "channel_id": 1425539345871540447, "user_id": 1019698414839156817, "message_id": 1428360341305298995, "extra": {}}
---
[2025-10-16T12:34:12.853454] [USER_ACTION] [MESSAGES] [MessageSent] User 2_clickdeath sent message in 📛・moderation-logs: Coming Soon… | Attachments: 0 | Embeds: 0
METADATA: {"timestamp": "2025-10-16T12:34:12.853414", "bot_version": "2.4.0", "guild_id": 1425539343480655886, "channel_id": 1425539345871540446, "user_id": 1019698414839156817, "message_id": 1428360381671411793, "extra": {}}
---
[2025-10-16T12:45:32.818772] [USER_ACTION] [MESSAGES] [MessageSent] User 2_clickdeath sent message in 📛・bot-logs: hi | Attachments: 0 | Embeds: 0
METADATA: {"timestamp": "2025-10-16T12:45:32.818730", "bot_version": "2.4.0", "guild_id": 1425539343480655886, "channel_id": 1425539345871540452, "user_id": 1019698414839156817, "message_id": 1428363233777029272, "extra": {}}
---
[2025-10-16T12:46:19.397884] [USER_ACTION] [MESSAGES] [MessageSent] User 2_clickdeath sent message in update-message-templates: CryptX AI Update!!
```css
[Version 1.5.5]
```
```css
[Changelog]
```
```md
+ Updated to 1.5.5
+ Still Powerful
+ Improved Security
+ Improved Speed
+ Bug Fixes
+ Can Now Search The Internet And Get Cu... | Attachments: 0 | Embeds: 0
METADATA: {"timestamp": "2025-10-16T12:46:19.397843", "bot_version": "2.4.0", "guild_id": 1425539343480655886, "channel_id": 1428363411192021003, "user_id": 1019698414839156817, "message_id": 1428363429445505134, "extra": {}}
---
[2025-10-16T12:48:02.236302] [USER_ACTION] [MESSAGES] [MessageSent] User 2_clickdeath sent message in 🎉⫸・giveaways: @everyone | Attachments: 0 | Embeds: 0
METADATA: {"timestamp": "2025-10-16T12:48:02.236250", "bot_version": "2.4.0", "guild_id": 1414819449474908192, "channel_id": 1422567102807543848, "user_id": 1019698414839156817, "message_id": 1428363860951433246, "extra": {}}
---
[2025-10-16T12:48:39.841017] [USER_ACTION] [MESSAGES] [MessageSent] User 2_clickdeath sent message in 💬・cryptx-ai: hi | Attachments: 0 | Embeds: 0
METADATA: {"timestamp": "2025-10-16T12:48:39.840976", "bot_version": "2.4.0", "guild_id": 1425539343480655886, "channel_id": 1427671849902280809, "user_id": 1019698414839156817, "message_id": 1428364018707468338, "extra": {}}
---
[2025-10-16T15:47:43.700721] [USER_ACTION] [MESSAGES] [MessageSent] User 2_clickdeath sent message in key-gen: <@1425585431994568816> | Attachments: 0 | Embeds: 0
METADATA: {"timestamp": "2025-10-16T15:47:43.700682", "bot_version": "2.4.0", "guild_id": 1425599046629720176, "channel_id": 1427412166436196442, "user_id": 1019698414839156817, "message_id": 1428409081596743861, "extra": {}}
---
[2025-10-16T15:47:52.553858] [USER_ACTION] [MESSAGES] [MessageSent] User 2_clickdeath sent message in key-gen: !help | Attachments: 0 | Embeds: 0
METADATA: {"timestamp": "2025-10-16T15:47:52.553814", "bot_version": "2.4.0", "guild_id": 1425599046629720176, "channel_id": 1427412166436196442, "user_id": 1019698414839156817, "message_id": 1428409118653153340, "extra": {}}
---
[2025-10-16T15:47:57.778053] [USER_ACTION] [MESSAGES] [MessageSent] User 2_clickdeath sent message in key-gen: .help | Attachments: 0 | Embeds: 0
METADATA: {"timestamp": "2025-10-16T15:47:57.778010", "bot_version": "2.4.0", "guild_id": 1425599046629720176, "channel_id": 1427412166436196442, "user_id": 1019698414839156817, "message_id": 1428409140530643075, "extra": {}}
---
[2025-10-16T17:40:58.989482] [USER_ACTION] [MESSAGES] [MessageSent] User 2_clickdeath sent message in 📤・guild-leave: <@1419082446279938158> | Attachments: 0 | Embeds: 0
METADATA: {"timestamp": "2025-10-16T17:40:58.989436", "bot_version": "2.4.0", "guild_id": 1425539343480655886, "channel_id": 1425539345871540451, "user_id": 1019698414839156817, "message_id": 1428437583117160540, "extra": {}}
---
[2025-10-16T18:20:12.970711] [USER_ACTION] [MESSAGES] [MessageSent] User 2_clickdeath sent message in key-gen: +help | Attachments: 0 | Embeds: 0
METADATA: {"timestamp": "2025-10-16T18:20:12.970661", "bot_version": "2.4.0", "guild_id": 1425599046629720176, "channel_id": 1427412166436196442, "user_id": 1019698414839156817, "message_id": 1428447456500388043, "extra": {}}
---
[2025-10-16T18:20:24.642593] [USER_ACTION] [MESSAGES] [MessageSent] User 2_clickdeath sent message in key-gen: +give | Attachments: 0 | Embeds: 0
METADATA: {"timestamp": "2025-10-16T18:20:24.642546", "bot_version": "2.4.0", "guild_id": 1425599046629720176, "channel_id": 1427412166436196442, "user_id": 1019698414839156817, "message_id": 1428447505384996895, "extra": {}}
---
[2025-10-16T18:20:32.803681] [USER_ACTION] [MESSAGES] [MessageSent] User 2_clickdeath sent message in key-gen: +serverlist | Attachments: 0 | Embeds: 0
METADATA: {"timestamp": "2025-10-16T18:20:32.803634", "bot_version": "2.4.0", "guild_id": 1425599046629720176, "channel_id": 1427412166436196442, "user_id": 1019698414839156817, "message_id": 1428447539677499493, "extra": {}}
---
[2025-10-16T18:20:39.029362] [USER_ACTION] [MESSAGES] [MessageSent] User 2_clickdeath sent message in key-gen: +nuke | Attachments: 0 | Embeds: 0
METADATA: {"timestamp": "2025-10-16T18:20:39.029321", "bot_version": "2.4.0", "guild_id": 1425599046629720176, "channel_id": 1427412166436196442, "user_id": 1019698414839156817, "message_id": 1428447565254365467, "extra": {}}
---
