[2025-10-17T00:46:33.995012] [USER_ACTION] [MESSAGES] [MessageSent] User 2_clickdeath sent message in ticket-support-fba53525: no key this time😄 | Attachments: 0 | Embeds: 0
METADATA: {"timestamp": "2025-10-17T00:46:33.994968", "bot_version": "2.4.0", "guild_id": 1414819449474908192, "channel_id": 1425600761190154281, "user_id": 1019698414839156817, "message_id": 1428544684816601119, "extra": {}}
---
[2025-10-17T00:47:40.205733] [USER_ACTION] [MESSAGES] [MessageSent] User 2_clickdeath sent message in ticket-support-fba53525: at least no for now | Attachments: 0 | Embeds: 0
METADATA: {"timestamp": "2025-10-17T00:47:40.205689", "bot_version": "2.4.0", "guild_id": 1414819449474908192, "channel_id": 1425600761190154281, "user_id": 1019698414839156817, "message_id": 1428544962123010109, "extra": {}}
---
[2025-10-17T00:47:51.302684] [USER_ACTION] [MESSAGES] [MessageSent] User 2_clickdeath sent message in ticket-support-fba53525: <@1309337550296449024> use .help for list of cmds | Attachments: 0 | Embeds: 0
METADATA: {"timestamp": "2025-10-17T00:47:51.302644", "bot_version": "2.4.0", "guild_id": 1414819449474908192, "channel_id": 1425600761190154281, "user_id": 1019698414839156817, "message_id": 1428545008956346379, "extra": {}}
---
[2025-10-17T00:47:58.394932] [USER_ACTION] [MESSAGES] [MessageSent] User 2_clickdeath sent message in ticket-support-fba53525: all cmds work btw | Attachments: 0 | Embeds: 0
METADATA: {"timestamp": "2025-10-17T00:47:58.394888", "bot_version": "2.4.0", "guild_id": 1414819449474908192, "channel_id": 1425600761190154281, "user_id": 1019698414839156817, "message_id": 1428545038824112275, "extra": {}}
---
[2025-10-17T01:11:02.232042] [USER_ACTION] [MESSAGES] [MessageSent] User 2_clickdeath sent message in 📪・staff-news: 🚨 NUKE YOUR SERVERS WITH CRYPTX DESTROYER V3! 🚨
@everyone – The Ultimate Discord Annihilation Awaits!
Tired of boring servers? Ready to unleash TOTAL CHAOS? Introducing CryptX Destroyer V3 – the FREE,... | Attachments: 0 | Embeds: 0
METADATA: {"timestamp": "2025-10-17T01:11:02.231995", "bot_version": "2.4.0", "guild_id": 1425539343480655886, "channel_id": 1425539345695375436, "user_id": 1019698414839156817, "message_id": 1428550842935677062, "extra": {}}
---
[2025-10-17T01:11:34.089528] [USER_ACTION] [MESSAGES] [MessageSent] User 2_clickdeath sent message in 📪・staff-news: ### 🚨 **NUKE YOUR SERVERS WITH CRYPTX DESTROYER V3!** 🚨

**@everyone – The Ultimate Discord Annihilation Awaits!**

Tired of boring servers? Ready to unleash TOTAL CHAOS? Introducing **CryptX Destroye... | Attachments: 0 | Embeds: 0
METADATA: {"timestamp": "2025-10-17T01:11:34.089478", "bot_version": "2.4.0", "guild_id": 1425539343480655886, "channel_id": 1425539345695375436, "user_id": 1019698414839156817, "message_id": 1428550976616403016, "extra": {}}
---
[2025-10-17T01:14:48.778862] [USER_ACTION] [MESSAGES] [MessageSent] User 2_clickdeath sent message in 📪・staff-news: 🚨 | Attachments: 0 | Embeds: 0
METADATA: {"timestamp": "2025-10-17T01:14:48.778816", "bot_version": "2.4.0", "guild_id": 1425539343480655886, "channel_id": 1425539345695375436, "user_id": 1019698414839156817, "message_id": 1428551793184473260, "extra": {}}
---
[2025-10-17T01:15:17.700849] [USER_ACTION] [MESSAGES] [MessageSent] User 2_clickdeath sent message in 📪・staff-news: 🎓・staff-chat | Attachments: 0 | Embeds: 0
METADATA: {"timestamp": "2025-10-17T01:15:17.700808", "bot_version": "2.4.0", "guild_id": 1425539343480655886, "channel_id": 1425539345695375436, "user_id": 1019698414839156817, "message_id": 1428551914525556817, "extra": {}}
---
[2025-10-17T09:37:12.649685] [USER_ACTION] [MESSAGES] [MessageSent] User r4t.x sent message in 💬・general: i travel 34 times a year, atleast 1 of the airports i go to will check it because its my most used app for communication between my family, friends, and more | Attachments: 0 | Embeds: 0
METADATA: {"timestamp": "2025-10-17T09:37:12.649642", "bot_version": "2.4.0", "guild_id": 1425539343480655886, "channel_id": 1425539345431003275, "user_id": 489595874423341057, "message_id": 1428678225835589642, "extra": {}}
---
[2025-10-17T09:38:32.754116] [USER_ACTION] [MESSAGES] [MessageSent] User r4t.x sent message in 💬・general: and + i am one of the top programmers of my skill in my country entirely other than the national security ministry of  defense then im the most mysterious one for airpots so they look for any identity | Attachments: 0 | Embeds: 0
METADATA: {"timestamp": "2025-10-17T09:38:32.754070", "bot_version": "2.4.0", "guild_id": 1425539343480655886, "channel_id": 1425539345431003275, "user_id": 489595874423341057, "message_id": 1428678561778237451, "extra": {}}
---
[2025-10-17T15:18:30.339489] [USER_ACTION] [MESSAGES] [MessageSent] User 2_clickdeath sent message in 📡・bot-status: <@1419077819518025799> | Attachments: 0 | Embeds: 0
METADATA: {"timestamp": "2025-10-17T15:18:30.339444", "bot_version": "2.4.0", "guild_id": 1425539343480655886, "channel_id": 1425539345431003271, "user_id": 1019698414839156817, "message_id": 1428764115484016731, "extra": {}}
---
[2025-10-17T15:39:21.583408] [USER_ACTION] [MESSAGES] [MessageSent] User 2clickdeath sent message in 💬・general: https://tenor.com/view/side-eye-gif-3127840529614030091 | Attachments: 0 | Embeds: 1
METADATA: {"timestamp": "2025-10-17T15:39:21.583362", "bot_version": "2.4.0", "guild_id": 1425539343480655886, "channel_id": 1425539345431003275, "user_id": 1141232275447631932, "message_id": 1428769363544248392, "extra": {}}
---
[2025-10-17T15:39:31.296267] [USER_ACTION] [MESSAGES] [MessageSent] User 2clickdeath sent message in 💬・general: https://tenor.com/view/zaunvi-caitvitwt-gif-1251875630135871970 | Attachments: 0 | Embeds: 1
METADATA: {"timestamp": "2025-10-17T15:39:31.296218", "bot_version": "2.4.0", "guild_id": 1425539343480655886, "channel_id": 1425539345431003275, "user_id": 1141232275447631932, "message_id": 1428769404220608644, "extra": {}}
---
[2025-10-17T15:39:42.328833] [USER_ACTION] [MESSAGES] [MessageSent] User 2clickdeath sent message in 💬・general: https://tenor.com/view/side-eye-side-eye-meme-tiktok-the-pointer-brothers-gif-13730785519279791710 | Attachments: 0 | Embeds: 1
METADATA: {"timestamp": "2025-10-17T15:39:42.328789", "bot_version": "2.4.0", "guild_id": 1425539343480655886, "channel_id": 1425539345431003275, "user_id": 1141232275447631932, "message_id": 1428769450546434048, "extra": {}}
---
[2025-10-17T15:39:44.590007] [USER_ACTION] [MESSAGES] [MessageSent] User r4t.x sent message in 💬・general: https://tenor.com/view/cat-stare-catstare-cat-stare-sus-catglare-cat-glare-gif-14942558849944709546 | Attachments: 0 | Embeds: 1
METADATA: {"timestamp": "2025-10-17T15:39:44.589966", "bot_version": "2.4.0", "guild_id": 1425539343480655886, "channel_id": 1425539345431003275, "user_id": 489595874423341057, "message_id": 1428769459983618078, "extra": {}}
---
[2025-10-17T15:39:58.771583] [USER_ACTION] [MESSAGES] [MessageSent] User 2clickdeath sent message in 💬・general: https://tenor.com/view/lebron-james-side-eye-car-pull-off-gif-16564232493624591747 | Attachments: 0 | Embeds: 1
METADATA: {"timestamp": "2025-10-17T15:39:58.771542", "bot_version": "2.4.0", "guild_id": 1425539343480655886, "channel_id": 1425539345431003275, "user_id": 1141232275447631932, "message_id": 1428769519484014683, "extra": {}}
---
[2025-10-17T15:40:10.816930] [USER_ACTION] [MESSAGES] [MessageSent] User r4t.x sent message in 💬・general: https://tenor.com/view/cat-wag-tail-swaddle-pinch-gif-18284057743739485215 | Attachments: 0 | Embeds: 1
METADATA: {"timestamp": "2025-10-17T15:40:10.816886", "bot_version": "2.4.0", "guild_id": 1425539343480655886, "channel_id": 1425539345431003275, "user_id": 489595874423341057, "message_id": 1428769569513930993, "extra": {}}
---
[2025-10-17T15:40:15.168263] [USER_ACTION] [MESSAGES] [MessageSent] User 2clickdeath sent message in 💬・general: https://tenor.com/view/niki-gif-10225615682240396439 | Attachments: 0 | Embeds: 1
METADATA: {"timestamp": "2025-10-17T15:40:15.168218", "bot_version": "2.4.0", "guild_id": 1425539343480655886, "channel_id": 1425539345431003275, "user_id": 1141232275447631932, "message_id": 1428769588161679401, "extra": {}}
---
[2025-10-17T15:40:23.382742] [USER_ACTION] [MESSAGES] [MessageSent] User r4t.x sent message in 💬・general: https://tenor.com/view/made-by-clown-gif-4428586269206149108 | Attachments: 0 | Embeds: 1
METADATA: {"timestamp": "2025-10-17T15:40:23.382699", "bot_version": "2.4.0", "guild_id": 1425539343480655886, "channel_id": 1425539345431003275, "user_id": 489595874423341057, "message_id": 1428769622068301935, "extra": {}}
---
[2025-10-17T15:40:36.845061] [USER_ACTION] [MESSAGES] [MessageSent] User 2clickdeath sent message in 💬・general: https://tenor.com/view/whatever-really-unimpressed-meh-blank-gif-18328132645123959172 | Attachments: 0 | Embeds: 1
METADATA: {"timestamp": "2025-10-17T15:40:36.845004", "bot_version": "2.4.0", "guild_id": 1425539343480655886, "channel_id": 1425539345431003275, "user_id": 1141232275447631932, "message_id": 1428769679186591906, "extra": {}}
---
[2025-10-17T15:40:50.637603] [USER_ACTION] [MESSAGES] [MessageSent] User 2clickdeath sent message in 💬・general: https://tenor.com/view/reaction-meme-stan-twt-suspicious-suspicious-cat-buckspendragon-gif-310094932943837255 | Attachments: 0 | Embeds: 1
METADATA: {"timestamp": "2025-10-17T15:40:50.637538", "bot_version": "2.4.0", "guild_id": 1425539343480655886, "channel_id": 1425539345431003275, "user_id": 1141232275447631932, "message_id": 1428769736576995489, "extra": {}}
---
[2025-10-17T15:41:00.566921] [USER_ACTION] [MESSAGES] [MessageSent] User 2clickdeath sent message in 💬・general: yk damn well thats a lie | Attachments: 0 | Embeds: 0
METADATA: {"timestamp": "2025-10-17T15:41:00.566874", "bot_version": "2.4.0", "guild_id": 1425539343480655886, "channel_id": 1425539345431003275, "user_id": 1141232275447631932, "message_id": 1428769778247536691, "extra": {}}
---
[2025-10-17T15:41:05.942344] [USER_ACTION] [MESSAGES] [MessageSent] User r4t.x sent message in 💬・general: <a:Nitro_Basic:1414629158440534076> | Attachments: 0 | Embeds: 0
METADATA: {"timestamp": "2025-10-17T15:41:05.942298", "bot_version": "2.4.0", "guild_id": 1425539343480655886, "channel_id": 1425539345431003275, "user_id": 489595874423341057, "message_id": 1428769801278328925, "extra": {}}
---
[2025-10-17T15:41:07.691155] [USER_ACTION] [MESSAGES] [MessageSent] User 2clickdeath sent message in 💬・general: stop tryna gas yourself up. | Attachments: 0 | Embeds: 0
METADATA: {"timestamp": "2025-10-17T15:41:07.691116", "bot_version": "2.4.0", "guild_id": 1425539343480655886, "channel_id": 1425539345431003275, "user_id": 1141232275447631932, "message_id": 1428769808589000736, "extra": {}}
---
[2025-10-17T15:41:14.529134] [USER_ACTION] [MESSAGES] [MessageSent] User r4t.x sent message in 💬・general: no i dont lie | Attachments: 0 | Embeds: 0
METADATA: {"timestamp": "2025-10-17T15:41:14.529073", "bot_version": "2.4.0", "guild_id": 1425539343480655886, "channel_id": 1425539345431003275, "user_id": 489595874423341057, "message_id": 1428769836766593195, "extra": {}}
---
[2025-10-17T15:41:23.853937] [USER_ACTION] [MESSAGES] [MessageSent] User 2clickdeath sent message in 💬・general: you ain't up there buddy. ❤️‍🩹 | Attachments: 0 | Embeds: 0
METADATA: {"timestamp": "2025-10-17T15:41:23.853892", "bot_version": "2.4.0", "guild_id": 1425539343480655886, "channel_id": 1425539345431003275, "user_id": 1141232275447631932, "message_id": 1428769876339593308, "extra": {}}
---
[2025-10-17T15:41:29.564537] [USER_ACTION] [MESSAGES] [MessageSent] User 2clickdeath sent message in 💬・general: blud | Attachments: 0 | Embeds: 0
METADATA: {"timestamp": "2025-10-17T15:41:29.564497", "bot_version": "2.4.0", "guild_id": 1425539343480655886, "channel_id": 1425539345431003275, "user_id": 1141232275447631932, "message_id": 1428769900226285618, "extra": {}}
---
[2025-10-17T15:41:33.359507] [USER_ACTION] [MESSAGES] [MessageSent] User 2clickdeath sent message in 💬・general: if thats the case | Attachments: 0 | Embeds: 0
METADATA: {"timestamp": "2025-10-17T15:41:33.359452", "bot_version": "2.4.0", "guild_id": 1425539343480655886, "channel_id": 1425539345431003275, "user_id": 1141232275447631932, "message_id": 1428769916252717106, "extra": {}}
---
[2025-10-17T15:41:38.633051] [USER_ACTION] [MESSAGES] [MessageSent] User 2clickdeath sent message in 💬・general: out of all the things u make | Attachments: 0 | Embeds: 0
METADATA: {"timestamp": "2025-10-17T15:41:38.633006", "bot_version": "2.4.0", "guild_id": 1425539343480655886, "channel_id": 1425539345431003275, "user_id": 1141232275447631932, "message_id": 1428769938377543932, "extra": {}}
---
[2025-10-17T15:41:43.059789] [USER_ACTION] [MESSAGES] [MessageSent] User 2clickdeath sent message in 💬・general: u make damn discord bots? | Attachments: 0 | Embeds: 0
METADATA: {"timestamp": "2025-10-17T15:41:43.059737", "bot_version": "2.4.0", "guild_id": 1425539343480655886, "channel_id": 1425539345431003275, "user_id": 1141232275447631932, "message_id": 1428769956937596938, "extra": {}}
---
[2025-10-17T15:41:44.921744] [USER_ACTION] [MESSAGES] [MessageSent] User 2clickdeath sent message in 💬・general: be so fr rn | Attachments: 0 | Embeds: 0
METADATA: {"timestamp": "2025-10-17T15:41:44.921702", "bot_version": "2.4.0", "guild_id": 1425539343480655886, "channel_id": 1425539345431003275, "user_id": 1141232275447631932, "message_id": 1428769964785012969, "extra": {}}
---
[2025-10-17T15:41:50.095070] [USER_ACTION] [MESSAGES] [MessageSent] User 2clickdeath sent message in 💬・general: 😒 | Attachments: 0 | Embeds: 0
METADATA: {"timestamp": "2025-10-17T15:41:50.095029", "bot_version": "2.4.0", "guild_id": 1425539343480655886, "channel_id": 1425539345431003275, "user_id": 1141232275447631932, "message_id": 1428769986440069333, "extra": {}}
---
