[2025-10-06T03:01:44.857307] [USER_ACTION] [MESSAGES] [MessageSent] User 2_clickdeath sent message in 📰⫸・tech-world-updates: @everyone 

I tried 325 AI tools , These are the Best

1. https://ideogram.ai — Image Creator 
2. https://higgsfield.ai — Cinematic Effects 
3. https://kaiber.ai — Animated Videos 
4. https://tome.app... | Attachments: 0 | Embeds: 0
METADATA: {"timestamp": "2025-10-06T03:01:44.857263", "bot_version": "2.4.0", "guild_id": 1414819449474908192, "channel_id": 1414819451022606337, "user_id": 1019698414839156817, "message_id": 1424592437598224476, "extra": {}}
---
[2025-10-06T03:06:32.354510] [USER_ACTION] [MESSAGES] [MessageSent] User 2_clickdeath sent message in 📣⫸・discord-updates: @everyone 
Latest Discord Updates (as of October 5, 2025)
Here’s a quick roundup of the most recent developments from the past week—formatted for easy copy-paste into your server:
    •    Security In... | Attachments: 0 | Embeds: 0
METADATA: {"timestamp": "2025-10-06T03:06:32.354464", "bot_version": "2.4.0", "guild_id": 1414819449474908192, "channel_id": 1414819451022606336, "user_id": 1019698414839156817, "message_id": 1424593643343187998, "extra": {}}
---
[2025-10-06T03:12:35.619588] [USER_ACTION] [MESSAGES] [MessageSent] User snowexploits sent message in 📢⫸・announcements: Anyone that wants a app for desktop of SnowExploits can download the app, top right make sure redirect links are off free movies anime and tv shows work, AI is down so is alot of features mods work an... | Attachments: 2 | Embeds: 0
METADATA: {"timestamp": "2025-10-06T03:12:35.619546", "bot_version": "2.4.0", "guild_id": 1414819449474908192, "channel_id": 1414819450875678780, "user_id": 1376217565952479425, "message_id": 1424595166727241759, "extra": {}}
---
[2025-10-06T03:14:09.525395] [USER_ACTION] [MESSAGES] [MessageSent] User snowexploits sent message in ⫸・staff-main: good luck most people here are from delta you know that all they want, if you want people to be active then have mod menues instead of cheats and creating discord and websites those are great sides bu... | Attachments: 0 | Embeds: 0
METADATA: {"timestamp": "2025-10-06T03:14:09.525343", "bot_version": "2.4.0", "guild_id": 1414819449474908192, "channel_id": 1414819451131400289, "user_id": 1376217565952479425, "message_id": 1424595559381078025, "extra": {}}
---
[2025-10-06T03:15:14.790454] [USER_ACTION] [MESSAGES] [MessageSent] User snowexploits sent message in ⫸・staff-main: I recomand GTA 5 i have a mod menu that works with thire own by pass if you change up some code and redesine it then you can sell that technecly just need to make it into your own luncher for injectio... | Attachments: 0 | Embeds: 0
METADATA: {"timestamp": "2025-10-06T03:15:14.790413", "bot_version": "2.4.0", "guild_id": 1414819449474908192, "channel_id": 1414819451131400289, "user_id": 1376217565952479425, "message_id": 1424595834837798952, "extra": {}}
---
[2025-10-06T03:15:48.644860] [USER_ACTION] [MESSAGES] [MessageSent] User snowexploits sent message in ⫸・staff-main: or have a CS GO menu is kinda populer seen alot so far that people like but uncommon | Attachments: 0 | Embeds: 0
METADATA: {"timestamp": "2025-10-06T03:15:48.644815", "bot_version": "2.4.0", "guild_id": 1414819449474908192, "channel_id": 1414819451131400289, "user_id": 1376217565952479425, "message_id": 1424595976802537525, "extra": {}}
---
[2025-10-06T03:16:27.631299] [USER_ACTION] [MESSAGES] [MessageSent] User snowexploits sent message in ⫸・staff-main: or cod but even that is tricky you have better chance for cod mobile mod menues becuse people playing that shi like crazy right now really poping off | Attachments: 0 | Embeds: 0
METADATA: {"timestamp": "2025-10-06T03:16:27.631260", "bot_version": "2.4.0", "guild_id": 1414819449474908192, "channel_id": 1414819451131400289, "user_id": 1376217565952479425, "message_id": 1424596140363481209, "extra": {}}
---
