[2026-01-02T20:09:55.704253] [USER_ACTION] [MESSAGES] [MessageSent] User dylan001062 (1408577603408887980) sent message in 👋🏻》welcome (ShadowT3ch Development Group):  | Attachments: 0 (None) | Embeds: 0 | Mentions: 0 users, 0 roles | Reactions: 0 | Pinned: False
METADATA: {"timestamp": "2026-01-02T20:09:55.704253", "bot_version": "2.4.0", "guild_id": 1419349908850475031, "guild_name": "ShadowT3ch Development Group", "channel_id": 1456469896509657364, "channel_name": "\ud83d\udc4b\ud83c\udffb\u300bwelcome", "user_id": 1408577603408887980, "username": "dylan001062", "message_id": 1456816816885338173, "extra": {"content_length": 0, "attachment_count": 0, "embed_count": 0, "mention_count": 0, "role_mention_count": 0, "reaction_count": 0, "is_pinned": false, "has_attachments": false, "has_embeds": false, "attachment_details": [], "embed_types": []}}
---
[2026-01-02T20:26:27.128447] [USER_ACTION] [MESSAGES] [MessageSent] User 2clickdeath (1019698414839156817) sent message in ⛔》server-logs (ShadowT3ch Development Group): https://discord.com/oauth2/authorize?client_id=1456820286761734264 | Attachments: 0 (None) | Embeds: 0 | Mentions: 0 users, 0 roles | Reactions: 0 | Pinned: False
METADATA: {"timestamp": "2026-01-02T20:26:27.128447", "bot_version": "2.4.0", "guild_id": 1419349908850475031, "guild_name": "ShadowT3ch Development Group", "channel_id": 1456477520818868337, "channel_name": "\u26d4\u300bserver-logs", "user_id": 1019698414839156817, "username": "2clickdeath", "message_id": 1456820978704322743, "extra": {"content_length": 66, "attachment_count": 0, "embed_count": 0, "mention_count": 0, "role_mention_count": 0, "reaction_count": 0, "is_pinned": false, "has_attachments": false, "has_embeds": false, "attachment_details": [], "embed_types": []}}
---
[2026-01-02T20:32:23.358838] [USER_ACTION] [MESSAGES] [MessageSent] User 2clickdeath (1019698414839156817) sent message in 💬》chat-with-ai (ShadowT3ch Development Group): hi | Attachments: 0 (None) | Embeds: 0 | Mentions: 0 users, 0 roles | Reactions: 0 | Pinned: False
METADATA: {"timestamp": "2026-01-02T20:32:23.358838", "bot_version": "2.4.0", "guild_id": 1419349908850475031, "guild_name": "ShadowT3ch Development Group", "channel_id": 1456473934974418955, "channel_name": "\ud83d\udcac\u300bchat-with-ai", "user_id": 1019698414839156817, "username": "2clickdeath", "message_id": 1456822473231175907, "extra": {"content_length": 2, "attachment_count": 0, "embed_count": 0, "mention_count": 0, "role_mention_count": 0, "reaction_count": 0, "is_pinned": false, "has_attachments": false, "has_embeds": false, "attachment_details": [], "embed_types": []}}
---
[2026-01-02T20:34:06.265107] [USER_ACTION] [MESSAGES] [MessageSent] User 2clickdeath (1019698414839156817) sent message in 💬》chat-with-ai (ShadowT3ch Development Group): who made you | Attachments: 0 (None) | Embeds: 0 | Mentions: 0 users, 0 roles | Reactions: 1 | Pinned: False
METADATA: {"timestamp": "2026-01-02T20:34:06.265107", "bot_version": "2.4.0", "guild_id": 1419349908850475031, "guild_name": "ShadowT3ch Development Group", "channel_id": 1456473934974418955, "channel_name": "\ud83d\udcac\u300bchat-with-ai", "user_id": 1019698414839156817, "username": "2clickdeath", "message_id": 1456822901964538039, "extra": {"content_length": 12, "attachment_count": 0, "embed_count": 0, "mention_count": 0, "role_mention_count": 0, "reaction_count": 1, "is_pinned": false, "has_attachments": false, "has_embeds": false, "attachment_details": [], "embed_types": []}}
---
[2026-01-02T20:34:22.067864] [USER_ACTION] [MESSAGES] [MessageSent] User 2clickdeath (1019698414839156817) sent message in 💬》chat-with-ai (ShadowT3ch Development Group): Who shot charlie kirk | Attachments: 0 (None) | Embeds: 0 | Mentions: 0 users, 0 roles | Reactions: 0 | Pinned: False
METADATA: {"timestamp": "2026-01-02T20:34:22.067864", "bot_version": "2.4.0", "guild_id": 1419349908850475031, "guild_name": "ShadowT3ch Development Group", "channel_id": 1456473934974418955, "channel_name": "\ud83d\udcac\u300bchat-with-ai", "user_id": 1019698414839156817, "username": "2clickdeath", "message_id": 1456822971178942464, "extra": {"content_length": 21, "attachment_count": 0, "embed_count": 0, "mention_count": 0, "role_mention_count": 0, "reaction_count": 0, "is_pinned": false, "has_attachments": false, "has_embeds": false, "attachment_details": [], "embed_types": []}}
---
[2026-01-02T20:39:57.049794] [USER_ACTION] [MESSAGES] [MessageSent] User 2clickdeath (1019698414839156817) sent message in 📌》notices (ShadowT3ch Development Group): @everyone You can now chat with <@1456820286761734264> at <#1456473934974418955> | Attachments: 0 (None) | Embeds: 0 | Mentions: 1 users, 0 roles | Reactions: 0 | Pinned: False
METADATA: {"timestamp": "2026-01-02T20:39:57.049794", "bot_version": "2.4.0", "guild_id": 1419349908850475031, "guild_name": "ShadowT3ch Development Group", "channel_id": 1456470471234293861, "channel_name": "\ud83d\udccc\u300bnotices", "user_id": 1019698414839156817, "username": "2clickdeath", "message_id": 1456824376258466056, "extra": {"content_length": 80, "attachment_count": 0, "embed_count": 0, "mention_count": 1, "role_mention_count": 0, "reaction_count": 0, "is_pinned": false, "has_attachments": false, "has_embeds": false, "attachment_details": [], "embed_types": []}}
---
[2026-01-02T20:49:44.575256] [USER_ACTION] [MESSAGES] [MessageSent] User donthurtpain (1283957288314343486) sent message in 💬》chat-with-ai (ShadowT3ch Development Group): yo | Attachments: 0 (None) | Embeds: 0 | Mentions: 0 users, 0 roles | Reactions: 0 | Pinned: False
METADATA: {"timestamp": "2026-01-02T20:49:44.575256", "bot_version": "2.4.0", "guild_id": 1419349908850475031, "guild_name": "ShadowT3ch Development Group", "channel_id": 1456473934974418955, "channel_name": "\ud83d\udcac\u300bchat-with-ai", "user_id": 1283957288314343486, "username": "donthurtpain", "message_id": 1456826840416129221, "extra": {"content_length": 2, "attachment_count": 0, "embed_count": 0, "mention_count": 0, "role_mention_count": 0, "reaction_count": 0, "is_pinned": false, "has_attachments": false, "has_embeds": false, "attachment_details": [], "embed_types": []}}
---
[2026-01-02T20:49:56.482186] [USER_ACTION] [MESSAGES] [MessageSent] User donthurtpain (1283957288314343486) sent message in 💬》chat-with-ai (ShadowT3ch Development Group): are you gay? | Attachments: 0 (None) | Embeds: 0 | Mentions: 0 users, 0 roles | Reactions: 0 | Pinned: False
METADATA: {"timestamp": "2026-01-02T20:49:56.482186", "bot_version": "2.4.0", "guild_id": 1419349908850475031, "guild_name": "ShadowT3ch Development Group", "channel_id": 1456473934974418955, "channel_name": "\ud83d\udcac\u300bchat-with-ai", "user_id": 1283957288314343486, "username": "donthurtpain", "message_id": 1456826890072363216, "extra": {"content_length": 12, "attachment_count": 0, "embed_count": 0, "mention_count": 0, "role_mention_count": 0, "reaction_count": 0, "is_pinned": false, "has_attachments": false, "has_embeds": false, "attachment_details": [], "embed_types": []}}
---
[2026-01-02T20:50:24.194375] [USER_ACTION] [MESSAGES] [MessageSent] User donthurtpain (1283957288314343486) sent message in 💬》chat-with-ai (ShadowT3ch Development Group): do you have a buttocks? | Attachments: 0 (None) | Embeds: 0 | Mentions: 0 users, 0 roles | Reactions: 0 | Pinned: False
METADATA: {"timestamp": "2026-01-02T20:50:24.194375", "bot_version": "2.4.0", "guild_id": 1419349908850475031, "guild_name": "ShadowT3ch Development Group", "channel_id": 1456473934974418955, "channel_name": "\ud83d\udcac\u300bchat-with-ai", "user_id": 1283957288314343486, "username": "donthurtpain", "message_id": 1456827006619488328, "extra": {"content_length": 23, "attachment_count": 0, "embed_count": 0, "mention_count": 0, "role_mention_count": 0, "reaction_count": 0, "is_pinned": false, "has_attachments": false, "has_embeds": false, "attachment_details": [], "embed_types": []}}
---
[2026-01-02T20:50:43.425573] [USER_ACTION] [MESSAGES] [MessageSent] User donthurtpain (1283957288314343486) sent message in 💬》chat-with-ai (ShadowT3ch Development Group): can you make me a code? | Attachments: 0 (None) | Embeds: 0 | Mentions: 0 users, 0 roles | Reactions: 0 | Pinned: False
METADATA: {"timestamp": "2026-01-02T20:50:43.425573", "bot_version": "2.4.0", "guild_id": 1419349908850475031, "guild_name": "ShadowT3ch Development Group", "channel_id": 1456473934974418955, "channel_name": "\ud83d\udcac\u300bchat-with-ai", "user_id": 1283957288314343486, "username": "donthurtpain", "message_id": 1456827087292727482, "extra": {"content_length": 23, "attachment_count": 0, "embed_count": 0, "mention_count": 0, "role_mention_count": 0, "reaction_count": 0, "is_pinned": false, "has_attachments": false, "has_embeds": false, "attachment_details": [], "embed_types": []}}
---
[2026-01-02T20:51:36.606996] [USER_ACTION] [MESSAGES] [MessageSent] User donthurtpain (1283957288314343486) sent message in 💬》chat-with-ai (ShadowT3ch Development Group): i need a discord bot with ?say and it repeats what the user said | Attachments: 0 (None) | Embeds: 0 | Mentions: 0 users, 0 roles | Reactions: 0 | Pinned: False
METADATA: {"timestamp": "2026-01-02T20:51:36.606996", "bot_version": "2.4.0", "guild_id": 1419349908850475031, "guild_name": "ShadowT3ch Development Group", "channel_id": 1456473934974418955, "channel_name": "\ud83d\udcac\u300bchat-with-ai", "user_id": 1283957288314343486, "username": "donthurtpain", "message_id": 1456827310396149850, "extra": {"content_length": 64, "attachment_count": 0, "embed_count": 0, "mention_count": 0, "role_mention_count": 0, "reaction_count": 0, "is_pinned": false, "has_attachments": false, "has_embeds": false, "attachment_details": [], "embed_types": []}}
---
[2026-01-02T20:52:47.845243] [USER_ACTION] [MESSAGES] [MessageSent] User donthurtpain (1283957288314343486) sent message in 💬》chat-with-ai (ShadowT3ch Development Group): can you make me a lua script code? | Attachments: 0 (None) | Embeds: 0 | Mentions: 0 users, 0 roles | Reactions: 0 | Pinned: False
METADATA: {"timestamp": "2026-01-02T20:52:47.845243", "bot_version": "2.4.0", "guild_id": 1419349908850475031, "guild_name": "ShadowT3ch Development Group", "channel_id": 1456473934974418955, "channel_name": "\ud83d\udcac\u300bchat-with-ai", "user_id": 1283957288314343486, "username": "donthurtpain", "message_id": 1456827609110544637, "extra": {"content_length": 34, "attachment_count": 0, "embed_count": 0, "mention_count": 0, "role_mention_count": 0, "reaction_count": 0, "is_pinned": false, "has_attachments": false, "has_embeds": false, "attachment_details": [], "embed_types": []}}
---
