[2025-10-14T14:56:45.521751] [USER_ACTION] [MESSAGES] [MessageSent] User 2_clickdeath sent message in 📡・bot-status: <@1417672295203471420> : 🟢 
<@1424075159576514771> : 🟢 
<@1419082446279938158> : 🟢 
<@1419077819518025799> : 🟢 | Attachments: 0 | Embeds: 0
METADATA: {"timestamp": "2025-10-14T14:56:45.521710", "bot_version": "2.4.0", "guild_id": 1425539343480655886, "channel_id": 1425539345431003271, "user_id": 1019698414839156817, "message_id": 1427671478987653191, "extra": {}}
---
[2025-10-14T14:59:51.356606] [USER_ACTION] [MESSAGES] [MessageSent] User 2_clickdeath sent message in ✔️⫸・verify: https://discord.com/oauth2/authorize?client_id=1418336071456002173 | Attachments: 0 | Embeds: 0
METADATA: {"timestamp": "2025-10-14T14:59:51.356565", "bot_version": "2.4.0", "guild_id": 1414819449474908192, "channel_id": 1418373153763102832, "user_id": 1019698414839156817, "message_id": 1427672258150928445, "extra": {}}
---
[2025-10-14T15:06:17.074277] [USER_ACTION] [MESSAGES] [MessageSent] User 2_clickdeath sent message in 💬・cryptx-ai: hu | Attachments: 0 | Embeds: 0
METADATA: {"timestamp": "2025-10-14T15:06:17.074224", "bot_version": "2.4.0", "guild_id": 1425539343480655886, "channel_id": 1427671849902280809, "user_id": 1019698414839156817, "message_id": 1427673876262944778, "extra": {}}
---
[2025-10-14T15:10:04.190025] [USER_ACTION] [MESSAGES] [MessageSent] User 2_clickdeath sent message in 💬・cryptx-ai: hi | Attachments: 0 | Embeds: 0
METADATA: {"timestamp": "2025-10-14T15:10:04.189976", "bot_version": "2.4.0", "guild_id": 1425539343480655886, "channel_id": 1427671849902280809, "user_id": 1019698414839156817, "message_id": 1427674828915347526, "extra": {}}
---
[2025-10-14T15:16:59.310098] [USER_ACTION] [MESSAGES] [MessageSent] User 2_clickdeath sent message in 💬・cryptx-ai: hi | Attachments: 0 | Embeds: 0
METADATA: {"timestamp": "2025-10-14T15:16:59.310037", "bot_version": "2.4.0", "guild_id": 1425539343480655886, "channel_id": 1427671849902280809, "user_id": 1019698414839156817, "message_id": 1427676570025197688, "extra": {}}
---
[2025-10-14T15:17:16.378942] [USER_ACTION] [MESSAGES] [MessageSent] User 2_clickdeath sent message in 💬・cryptx-ai: what version are you | Attachments: 0 | Embeds: 0
METADATA: {"timestamp": "2025-10-14T15:17:16.378893", "bot_version": "2.4.0", "guild_id": 1425539343480655886, "channel_id": 1427671849902280809, "user_id": 1019698414839156817, "message_id": 1427676641613709512, "extra": {}}
---
[2025-10-14T15:17:43.808977] [USER_ACTION] [MESSAGES] [MessageSent] User 2_clickdeath sent message in 💬・cryptx-ai: who made yo | Attachments: 0 | Embeds: 0
METADATA: {"timestamp": "2025-10-14T15:17:43.808919", "bot_version": "2.4.0", "guild_id": 1425539343480655886, "channel_id": 1427671849902280809, "user_id": 1019698414839156817, "message_id": 1427676756529250485, "extra": {}}
---
[2025-10-14T15:18:10.808011] [USER_ACTION] [MESSAGES] [MessageSent] User 2_clickdeath sent message in 💬・cryptx-ai: who made you | Attachments: 0 | Embeds: 0
METADATA: {"timestamp": "2025-10-14T15:18:10.807966", "bot_version": "2.4.0", "guild_id": 1425539343480655886, "channel_id": 1427671849902280809, "user_id": 1019698414839156817, "message_id": 1427676869783847013, "extra": {}}
---
[2025-10-14T15:19:17.934051] [USER_ACTION] [MESSAGES] [MessageSent] User 2_clickdeath sent message in 💬・cryptx-ai: hi | Attachments: 0 | Embeds: 0
METADATA: {"timestamp": "2025-10-14T15:19:17.934007", "bot_version": "2.4.0", "guild_id": 1425539343480655886, "channel_id": 1427671849902280809, "user_id": 1019698414839156817, "message_id": 1427677151477370971, "extra": {}}
---
[2025-10-14T18:53:53.691932] [USER_ACTION] [MESSAGES] [MessageSent] User echo058622 sent message in ticket-support-fba53525: dw i did | Attachments: 0 | Embeds: 0
METADATA: {"timestamp": "2025-10-14T18:53:53.691882", "bot_version": "2.4.0", "guild_id": 1414819449474908192, "channel_id": 1425600761190154281, "user_id": 1309337550296449024, "message_id": 1427731156316459038, "extra": {}}
---
[2025-10-14T21:03:00.031724] [USER_ACTION] [MESSAGES] [MessageSent] User 2_clickdeath sent message in 💬・cryptx-ai: what version are you | Attachments: 0 | Embeds: 0
METADATA: {"timestamp": "2025-10-14T21:03:00.031667", "bot_version": "2.4.0", "guild_id": 1425539343480655886, "channel_id": 1427671849902280809, "user_id": 1019698414839156817, "message_id": 1427763646452465696, "extra": {}}
---
[2025-10-14T22:28:21.324971] [USER_ACTION] [MESSAGES] [MessageSent] User 2_clickdeath sent message in 💬・cryptx-ai: hi | Attachments: 0 | Embeds: 0
METADATA: {"timestamp": "2025-10-14T22:28:21.324928", "bot_version": "2.4.0", "guild_id": 1425539343480655886, "channel_id": 1427671849902280809, "user_id": 1019698414839156817, "message_id": 1427785127068569701, "extra": {}}
---
[2025-10-14T22:33:33.406333] [USER_ACTION] [MESSAGES] [MessageSent] User 2_clickdeath sent message in 💬・cryptx-ai: <@1419082446279938158> | Attachments: 0 | Embeds: 0
METADATA: {"timestamp": "2025-10-14T22:33:33.406292", "bot_version": "2.4.0", "guild_id": 1425539343480655886, "channel_id": 1427671849902280809, "user_id": 1019698414839156817, "message_id": 1427786436039413770, "extra": {}}
---
[2025-10-14T22:37:49.033931] [USER_ACTION] [MESSAGES] [MessageSent] User 2_clickdeath sent message in 💬・cryptx-ai: `/setup log_channel:#📥⫸・moderation-logs ticket_category:1414964899032993882 welcome_channel:#🎉⫸・welcome unverified_role:@Unverified support_roles:Staff | Moderator, Staff | Administrator, Owner, Staff... | Attachments: 0 | Embeds: 0
METADATA: {"timestamp": "2025-10-14T22:37:49.033886", "bot_version": "2.4.0", "guild_id": 1425539343480655886, "channel_id": 1427671849902280809, "user_id": 1019698414839156817, "message_id": 1427787508246253719, "extra": {}}
---
[2025-10-14T23:31:49.066500] [USER_ACTION] [MESSAGES] [MessageSent] User 2_clickdeath sent message in 💬・cryptx-ai: what version are you? | Attachments: 0 | Embeds: 0
METADATA: {"timestamp": "2025-10-14T23:31:49.066458", "bot_version": "2.4.0", "guild_id": 1425539343480655886, "channel_id": 1427671849902280809, "user_id": 1019698414839156817, "message_id": 1427801097929494579, "extra": {}}
---
[2025-10-14T23:31:53.505654] [USER_ACTION] [MESSAGES] [MessageSent] User 2_clickdeath sent message in 💬・cryptx-ai: hi | Attachments: 0 | Embeds: 0
METADATA: {"timestamp": "2025-10-14T23:31:53.505611", "bot_version": "2.4.0", "guild_id": 1425539343480655886, "channel_id": 1427671849902280809, "user_id": 1019698414839156817, "message_id": 1427801116531494952, "extra": {}}
---
[2025-10-14T23:35:15.998567] [USER_ACTION] [MESSAGES] [MessageSent] User 2_clickdeath sent message in 💬・cryptx-ai: who made you? | Attachments: 0 | Embeds: 0
METADATA: {"timestamp": "2025-10-14T23:35:15.998515", "bot_version": "2.4.0", "guild_id": 1425539343480655886, "channel_id": 1427671849902280809, "user_id": 1019698414839156817, "message_id": 1427801965332791316, "extra": {}}
---
[2025-10-14T23:38:15.562431] [USER_ACTION] [MESSAGES] [MessageSent] User 2_clickdeath sent message in 💬・cryptx-ai: hi | Attachments: 0 | Embeds: 0
METADATA: {"timestamp": "2025-10-14T23:38:15.562390", "bot_version": "2.4.0", "guild_id": 1425539343480655886, "channel_id": 1427671849902280809, "user_id": 1019698414839156817, "message_id": 1427802718873059400, "extra": {}}
---
[2025-10-14T23:38:29.297015] [USER_ACTION] [MESSAGES] [MessageSent] User 2_clickdeath sent message in 💬・cryptx-ai: who made you? | Attachments: 0 | Embeds: 0
METADATA: {"timestamp": "2025-10-14T23:38:29.296973", "bot_version": "2.4.0", "guild_id": 1425539343480655886, "channel_id": 1427671849902280809, "user_id": 1019698414839156817, "message_id": 1427802776599003157, "extra": {}}
---
[2025-10-14T23:42:02.014499] [USER_ACTION] [MESSAGES] [MessageSent] User 2_clickdeath sent message in 💬・cryptx-ai: hi | Attachments: 0 | Embeds: 0
METADATA: {"timestamp": "2025-10-14T23:42:02.014449", "bot_version": "2.4.0", "guild_id": 1425539343480655886, "channel_id": 1427671849902280809, "user_id": 1019698414839156817, "message_id": 1427803668660359238, "extra": {}}
---
[2025-10-14T23:43:30.695137] [USER_ACTION] [MESSAGES] [MessageSent] User 2_clickdeath sent message in 💬・cryptx-ai: who mad eyou | Attachments: 0 | Embeds: 0
METADATA: {"timestamp": "2025-10-14T23:43:30.695089", "bot_version": "2.4.0", "guild_id": 1425539343480655886, "channel_id": 1427671849902280809, "user_id": 1019698414839156817, "message_id": 1427804040779272383, "extra": {}}
---
[2025-10-14T23:43:51.913191] [USER_ACTION] [MESSAGES] [MessageSent] User 2_clickdeath sent message in 💬・cryptx-ai: What version are you? | Attachments: 0 | Embeds: 0
METADATA: {"timestamp": "2025-10-14T23:43:51.913113", "bot_version": "2.4.0", "guild_id": 1425539343480655886, "channel_id": 1427671849902280809, "user_id": 1019698414839156817, "message_id": 1427804129769553932, "extra": {}}
---
[2025-10-14T23:44:09.473909] [USER_ACTION] [MESSAGES] [MessageSent] User 2_clickdeath sent message in 💬・cryptx-ai: Hola | Attachments: 0 | Embeds: 0
METADATA: {"timestamp": "2025-10-14T23:44:09.473857", "bot_version": "2.4.0", "guild_id": 1425539343480655886, "channel_id": 1427671849902280809, "user_id": 1019698414839156817, "message_id": 1427804203010625718, "extra": {}}
---
[2025-10-14T23:45:42.212523] [USER_ACTION] [MESSAGES] [MessageSent] User 2_clickdeath sent message in 💬・cryptx-ai: Who shot Charlie Kirk? | Attachments: 0 | Embeds: 0
METADATA: {"timestamp": "2025-10-14T23:45:42.212479", "bot_version": "2.4.0", "guild_id": 1425539343480655886, "channel_id": 1427671849902280809, "user_id": 1019698414839156817, "message_id": 1427804592388968478, "extra": {}}
---
[2025-10-14T23:48:16.973884] [USER_ACTION] [MESSAGES] [MessageSent] User 2_clickdeath sent message in 🎫・support: /tik | Attachments: 0 | Embeds: 0
METADATA: {"timestamp": "2025-10-14T23:48:16.973843", "bot_version": "2.4.0", "guild_id": 1425539343480655886, "channel_id": 1425539345431003276, "user_id": 1019698414839156817, "message_id": 1427805241490931886, "extra": {}}
---
[2025-10-14T23:56:15.724058] [USER_ACTION] [MESSAGES] [MessageSent] User 2_clickdeath sent message in 📜・changelog: CryptX AI Update!! 
[Version 1.5.5]
 
[Changelog]
 
+ Updated to 1.5.5
+ Still powerful
+ Improved security
+ Improved speed
+ Bug Fixes
+ Can now search the web
  To test the new update chat with <@&... | Attachments: 0 | Embeds: 0
METADATA: {"timestamp": "2025-10-14T23:56:15.724019", "bot_version": "2.4.0", "guild_id": 1425539343480655886, "channel_id": 1425539345431003270, "user_id": 1019698414839156817, "message_id": 1427807249237278731, "extra": {}}
---
[2025-10-14T23:56:24.400069] [USER_ACTION] [MESSAGES] [MessageSent] User 2_clickdeath sent message in 📜・changelog: Delta iOS Update! 📞 ||<@&1415562289406541895> ||
```css
[Version X (10.22) “Delta-2.693.956.ipa"]
```
```css
[Changelog]
```
```md
+ Updated to 2.693.956
+ Still Undetected
+ Improved Hooking
+ Improv... | Attachments: 0 | Embeds: 1
METADATA: {"timestamp": "2025-10-14T23:56:24.400024", "bot_version": "2.4.0", "guild_id": 1425539343480655886, "channel_id": 1425539345431003270, "user_id": 1019698414839156817, "message_id": 1427807285891170474, "extra": {}}
---
[2025-10-14T23:58:34.634353] [USER_ACTION] [MESSAGES] [MessageSent] User 2_clickdeath sent message in 📜・changelog: CryptX AI Update!!
```css
[Version 1.5.5]
```
```css
[Changelog]
```
```md
+ Updated to 1.5.5
+ Still Powerful
+ Improved Security
+ Improved Speed
+ Bug Fixes
+ Can Now Search The Internet And Get Cu... | Attachments: 0 | Embeds: 0
METADATA: {"timestamp": "2025-10-14T23:58:34.634305", "bot_version": "2.4.0", "guild_id": 1425539343480655886, "channel_id": 1425539345431003270, "user_id": 1019698414839156817, "message_id": 1427807832123637770, "extra": {}}
---
[2025-10-14T23:58:49.867561] [USER_ACTION] [MESSAGES] [MessageSent] User 2_clickdeath sent message in 📤・guild-leave: CryptX AI Update!!
```css
[Version 1.5.5]
```
```css
[Changelog]
```
```md
+ Updated to 1.5.5
+ Still Powerful
+ Improved Security
+ Improved Speed
+ Bug Fixes
+ Can Now Search The Internet And Get Cu... | Attachments: 0 | Embeds: 0
METADATA: {"timestamp": "2025-10-14T23:58:49.867513", "bot_version": "2.4.0", "guild_id": 1425539343480655886, "channel_id": 1425539345871540451, "user_id": 1019698414839156817, "message_id": 1427807896044966010, "extra": {}}
---
