[2026-01-03T01:01:17.831647] [USER_ACTION] [MESSAGES] [MessageSent] User 2clickdeath (1019698414839156817) sent message in ⛔》server-logs (ShadowT3ch Development Group): https://discord.com/oauth2/authorize?client_id=1456888434772672654 | Attachments: 0 (None) | Embeds: 0 | Mentions: 0 users, 0 roles | Reactions: 0 | Pinned: False
METADATA: {"timestamp": "2026-01-03T01:01:17.831647", "bot_version": "2.4.0", "guild_id": 1419349908850475031, "guild_name": "ShadowT3ch Development Group", "channel_id": 1456477520818868337, "channel_name": "\u26d4\u300bserver-logs", "user_id": 1019698414839156817, "username": "2clickdeath", "message_id": 1456890145424015578, "extra": {"content_length": 66, "attachment_count": 0, "embed_count": 0, "mention_count": 0, "role_mention_count": 0, "reaction_count": 0, "is_pinned": false, "has_attachments": false, "has_embeds": false, "attachment_details": [], "embed_types": []}}
---
[2026-01-03T01:11:42.600621] [USER_ACTION] [MESSAGES] [MessageSent] User donthurtpain (1283957288314343486) sent message in 💬》chat-with-ai (ShadowT3ch Development Group): u live there? | Attachments: 0 (None) | Embeds: 0 | Mentions: 1 users, 0 roles | Reactions: 0 | Pinned: False
METADATA: {"timestamp": "2026-01-03T01:11:42.600621", "bot_version": "2.4.0", "guild_id": 1419349908850475031, "guild_name": "ShadowT3ch Development Group", "channel_id": 1456473934974418955, "channel_name": "\ud83d\udcac\u300bchat-with-ai", "user_id": 1283957288314343486, "username": "donthurtpain", "message_id": 1456892766435934330, "extra": {"content_length": 13, "attachment_count": 0, "embed_count": 0, "mention_count": 1, "role_mention_count": 0, "reaction_count": 0, "is_pinned": false, "has_attachments": false, "has_embeds": false, "attachment_details": [], "embed_types": []}}
---
[2026-01-03T01:12:07.305376] [USER_ACTION] [MESSAGES] [MessageSent] User donthurtpain (1283957288314343486) sent message in 💬》chat-with-ai (ShadowT3ch Development Group): show me the news report in detroit michigan | Attachments: 0 (None) | Embeds: 0 | Mentions: 0 users, 0 roles | Reactions: 1 | Pinned: False
METADATA: {"timestamp": "2026-01-03T01:12:07.305376", "bot_version": "2.4.0", "guild_id": 1419349908850475031, "guild_name": "ShadowT3ch Development Group", "channel_id": 1456473934974418955, "channel_name": "\ud83d\udcac\u300bchat-with-ai", "user_id": 1283957288314343486, "username": "donthurtpain", "message_id": 1456892847918678100, "extra": {"content_length": 43, "attachment_count": 0, "embed_count": 0, "mention_count": 0, "role_mention_count": 0, "reaction_count": 1, "is_pinned": false, "has_attachments": false, "has_embeds": false, "attachment_details": [], "embed_types": []}}
---
[2026-01-03T01:12:11.921370] [USER_ACTION] [MESSAGES] [MessageSent] User 2clickdeath (1019698414839156817) sent message in 💬》chat-with-ai (ShadowT3ch Development Group): yea | Attachments: 0 (None) | Embeds: 0 | Mentions: 1 users, 0 roles | Reactions: 0 | Pinned: False
METADATA: {"timestamp": "2026-01-03T01:12:11.921370", "bot_version": "2.4.0", "guild_id": 1419349908850475031, "guild_name": "ShadowT3ch Development Group", "channel_id": 1456473934974418955, "channel_name": "\ud83d\udcac\u300bchat-with-ai", "user_id": 1019698414839156817, "username": "2clickdeath", "message_id": 1456892875005624392, "extra": {"content_length": 3, "attachment_count": 0, "embed_count": 0, "mention_count": 1, "role_mention_count": 0, "reaction_count": 0, "is_pinned": false, "has_attachments": false, "has_embeds": false, "attachment_details": [], "embed_types": []}}
---
[2026-01-03T01:12:17.132714] [USER_ACTION] [MESSAGES] [MessageSent] User donthurtpain (1283957288314343486) sent message in 💬》chat-with-ai (ShadowT3ch Development Group): i live below u | Attachments: 0 (None) | Embeds: 0 | Mentions: 1 users, 0 roles | Reactions: 0 | Pinned: False
METADATA: {"timestamp": "2026-01-03T01:12:17.132714", "bot_version": "2.4.0", "guild_id": 1419349908850475031, "guild_name": "ShadowT3ch Development Group", "channel_id": 1456473934974418955, "channel_name": "\ud83d\udcac\u300bchat-with-ai", "user_id": 1283957288314343486, "username": "donthurtpain", "message_id": 1456892911617704091, "extra": {"content_length": 14, "attachment_count": 0, "embed_count": 0, "mention_count": 1, "role_mention_count": 0, "reaction_count": 0, "is_pinned": false, "has_attachments": false, "has_embeds": false, "attachment_details": [], "embed_types": []}}
---
[2026-01-03T01:12:29.530787] [USER_ACTION] [MESSAGES] [MessageSent] User 2clickdeath (1019698414839156817) sent message in 💬》chat-with-ai (ShadowT3ch Development Group): lol | Attachments: 0 (None) | Embeds: 0 | Mentions: 0 users, 0 roles | Reactions: 0 | Pinned: False
METADATA: {"timestamp": "2026-01-03T01:12:29.529773", "bot_version": "2.4.0", "guild_id": 1419349908850475031, "guild_name": "ShadowT3ch Development Group", "channel_id": 1456473934974418955, "channel_name": "\ud83d\udcac\u300bchat-with-ai", "user_id": 1019698414839156817, "username": "2clickdeath", "message_id": 1456892963006189589, "extra": {"content_length": 3, "attachment_count": 0, "embed_count": 0, "mention_count": 0, "role_mention_count": 0, "reaction_count": 0, "is_pinned": false, "has_attachments": false, "has_embeds": false, "attachment_details": [], "embed_types": []}}
---
[2026-01-03T01:35:07.256784] [USER_ACTION] [MESSAGES] [MessageSent] User reaper_hunter69 (1407401119994613801) sent message in 💬》general (ShadowT3ch Development Group): Wsp | Attachments: 0 (None) | Embeds: 0 | Mentions: 0 users, 0 roles | Reactions: 0 | Pinned: False
METADATA: {"timestamp": "2026-01-03T01:35:07.256784", "bot_version": "2.4.0", "guild_id": 1419349908850475031, "guild_name": "ShadowT3ch Development Group", "channel_id": 1456473336375677011, "channel_name": "\ud83d\udcac\u300bgeneral", "user_id": 1407401119994613801, "username": "reaper_hunter69", "message_id": 1456898655494602815, "extra": {"content_length": 3, "attachment_count": 0, "embed_count": 0, "mention_count": 0, "role_mention_count": 0, "reaction_count": 0, "is_pinned": false, "has_attachments": false, "has_embeds": false, "attachment_details": [], "embed_types": []}}
---
[2026-01-03T01:48:53.858778] [USER_ACTION] [MESSAGES] [MessageSent] User 2clickdeath (1019698414839156817) sent message in ⛔》leader-commands (ShadowT3ch Development Group): /setup log_channel:<#1456477520818868337> ticket_category:1436118895110131728 welcome_channel:<#1456469896509657364> guild_join_channel:<#1456477520818868337> guild_leave_channel:<#1456477520818868337> unverified_role:<@&1456556058305757246> support_ticket_roles:🔒| Moderator, 🎓| Helper application_t... | Attachments: 0 (None) | Embeds: 0 | Mentions: 0 users, 1 roles | Reactions: 0 | Pinned: False
METADATA: {"timestamp": "2026-01-03T01:48:53.858778", "bot_version": "2.4.0", "guild_id": 1419349908850475031, "guild_name": "ShadowT3ch Development Group", "channel_id": 1456478345997975734, "channel_name": "\u26d4\u300bleader-commands", "user_id": 1019698414839156817, "username": "2clickdeath", "message_id": 1456902125379518619, "extra": {"content_length": 589, "attachment_count": 0, "embed_count": 0, "mention_count": 0, "role_mention_count": 1, "reaction_count": 0, "is_pinned": false, "has_attachments": false, "has_embeds": false, "attachment_details": [], "embed_types": []}}
---
[2026-01-03T02:20:02.595136] [USER_ACTION] [MESSAGES] [MessageSent] User donthurtpain (1283957288314343486) sent message in 💬》general (ShadowT3ch Development Group): <@&1456561521868935232> | Attachments: 0 (None) | Embeds: 0 | Mentions: 0 users, 1 roles | Reactions: 0 | Pinned: False
METADATA: {"timestamp": "2026-01-03T02:20:02.595136", "bot_version": "2.4.0", "guild_id": 1419349908850475031, "guild_name": "ShadowT3ch Development Group", "channel_id": 1456473336375677011, "channel_name": "\ud83d\udcac\u300bgeneral", "user_id": 1283957288314343486, "username": "donthurtpain", "message_id": 1456909963409494182, "extra": {"content_length": 23, "attachment_count": 0, "embed_count": 0, "mention_count": 0, "role_mention_count": 1, "reaction_count": 0, "is_pinned": false, "has_attachments": false, "has_embeds": false, "attachment_details": [], "embed_types": []}}
---
[2026-01-03T02:20:10.196214] [USER_ACTION] [MESSAGES] [MessageSent] User donthurtpain (1283957288314343486) sent message in 💬》general (ShadowT3ch Development Group): <@1456820286761734264> | Attachments: 0 (None) | Embeds: 0 | Mentions: 1 users, 0 roles | Reactions: 0 | Pinned: False
METADATA: {"timestamp": "2026-01-03T02:20:10.196214", "bot_version": "2.4.0", "guild_id": 1419349908850475031, "guild_name": "ShadowT3ch Development Group", "channel_id": 1456473336375677011, "channel_name": "\ud83d\udcac\u300bgeneral", "user_id": 1283957288314343486, "username": "donthurtpain", "message_id": 1456909995231936615, "extra": {"content_length": 22, "attachment_count": 0, "embed_count": 0, "mention_count": 1, "role_mention_count": 0, "reaction_count": 0, "is_pinned": false, "has_attachments": false, "has_embeds": false, "attachment_details": [], "embed_types": []}}
---
[2026-01-03T03:02:23.487066] [USER_ACTION] [MESSAGES] [MessageSent] User 2clickdeath (1019698414839156817) sent message in 📌》our-games (ShadowT3ch Development Group): <@1407401119994613801> | Attachments: 0 (None) | Embeds: 0 | Mentions: 1 users, 0 roles | Reactions: 0 | Pinned: False
METADATA: {"timestamp": "2026-01-03T03:02:23.487066", "bot_version": "2.4.0", "guild_id": 1419349908850475031, "guild_name": "ShadowT3ch Development Group", "channel_id": 1456470686066544802, "channel_name": "\ud83d\udccc\u300bour-games", "user_id": 1019698414839156817, "username": "2clickdeath", "message_id": 1456920620666454241, "extra": {"content_length": 22, "attachment_count": 0, "embed_count": 0, "mention_count": 1, "role_mention_count": 0, "reaction_count": 0, "is_pinned": false, "has_attachments": false, "has_embeds": false, "attachment_details": [], "embed_types": []}}
---
[2026-01-03T13:18:50.650955] [USER_ACTION] [MESSAGES] [MessageSent] User 2clickdeath (1019698414839156817) sent message in 💬》general (ShadowT3ch Development Group): SUP | Attachments: 0 (None) | Embeds: 0 | Mentions: 1 users, 0 roles | Reactions: 0 | Pinned: False
METADATA: {"timestamp": "2026-01-03T13:18:50.650955", "bot_version": "2.4.0", "guild_id": 1419349908850475031, "guild_name": "ShadowT3ch Development Group", "channel_id": 1456473336375677011, "channel_name": "\ud83d\udcac\u300bgeneral", "user_id": 1019698414839156817, "username": "2clickdeath", "message_id": 1457075755212345538, "extra": {"content_length": 3, "attachment_count": 0, "embed_count": 0, "mention_count": 1, "role_mention_count": 0, "reaction_count": 0, "is_pinned": false, "has_attachments": false, "has_embeds": false, "attachment_details": [], "embed_types": []}}
---
