[2026-01-06T19:33:04.084264] [USER_ACTION] [MESSAGES] [MessageSent] User iriss.01 (1079826643922722848) sent message in ⛔》leader-chat (ShadowT3ch Development Group): a new Email? | Attachments: 0 (None) | Embeds: 0 | Mentions: 0 users, 0 roles | Reactions: 0 | Pinned: False
METADATA: {"timestamp": "2026-01-06T19:33:04.083968", "bot_version": "2.6.4", "guild_id": 1419349908850475031, "guild_name": "ShadowT3ch Development Group", "channel_id": 1456477988387291177, "channel_name": "\u26d4\u300bleader-chat", "user_id": 1079826643922722848, "username": "iriss.01", "message_id": 1458257094493999155, "extra": {"content_length": 12, "attachment_count": 0, "embed_count": 0, "mention_count": 0, "role_mention_count": 0, "reaction_count": 0, "is_pinned": false, "has_attachments": false, "has_embeds": false, "attachment_details": [], "embed_types": []}}
---
[2026-01-06T19:33:17.202624] [USER_ACTION] [MESSAGES] [MessageSent] User iriss.01 (1079826643922722848) sent message in ⛔》leader-chat (ShadowT3ch Development Group): so they  can ask for Help? | Attachments: 0 (None) | Embeds: 0 | Mentions: 0 users, 0 roles | Reactions: 0 | Pinned: False
METADATA: {"timestamp": "2026-01-06T19:33:17.202485", "bot_version": "2.6.4", "guild_id": 1419349908850475031, "guild_name": "ShadowT3ch Development Group", "channel_id": 1456477988387291177, "channel_name": "\u26d4\u300bleader-chat", "user_id": 1079826643922722848, "username": "iriss.01", "message_id": 1458257149364015307, "extra": {"content_length": 26, "attachment_count": 0, "embed_count": 0, "mention_count": 0, "role_mention_count": 0, "reaction_count": 0, "is_pinned": false, "has_attachments": false, "has_embeds": false, "attachment_details": [], "embed_types": []}}
---
[2026-01-06T19:33:26.287533] [USER_ACTION] [MESSAGES] [MessageSent] User iriss.01 (1079826643922722848) sent message in ⛔》leader-chat (ShadowT3ch Development Group): <@1019698414839156817> | Attachments: 0 (None) | Embeds: 0 | Mentions: 1 users, 0 roles | Reactions: 0 | Pinned: False
METADATA: {"timestamp": "2026-01-06T19:33:26.287465", "bot_version": "2.6.4", "guild_id": 1419349908850475031, "guild_name": "ShadowT3ch Development Group", "channel_id": 1456477988387291177, "channel_name": "\u26d4\u300bleader-chat", "user_id": 1079826643922722848, "username": "iriss.01", "message_id": 1458257186974339207, "extra": {"content_length": 22, "attachment_count": 0, "embed_count": 0, "mention_count": 1, "role_mention_count": 0, "reaction_count": 0, "is_pinned": false, "has_attachments": false, "has_embeds": false, "attachment_details": [], "embed_types": []}}
---
[2026-01-06T19:33:46.597361] [USER_ACTION] [MESSAGES] [MessageSent] User iriss.01 (1079826643922722848) sent message in 💬》general (ShadowT3ch Development Group): <@1141232275447631932> Hello | Attachments: 0 (None) | Embeds: 0 | Mentions: 1 users, 0 roles | Reactions: 0 | Pinned: False
METADATA: {"timestamp": "2026-01-06T19:33:46.597249", "bot_version": "2.6.4", "guild_id": 1419349908850475031, "guild_name": "ShadowT3ch Development Group", "channel_id": 1456473336375677011, "channel_name": "\ud83d\udcac\u300bgeneral", "user_id": 1079826643922722848, "username": "iriss.01", "message_id": 1458257272827416773, "extra": {"content_length": 28, "attachment_count": 0, "embed_count": 0, "mention_count": 1, "role_mention_count": 0, "reaction_count": 0, "is_pinned": false, "has_attachments": false, "has_embeds": false, "attachment_details": [], "embed_types": []}}
---
[2026-01-06T19:34:14.107260] [USER_ACTION] [MESSAGES] [MessageSent] User 2clickdeath (1019698414839156817) sent message in ⛔》leader-chat (ShadowT3ch Development Group): Old email sadly, gonna work on buying it bwck | Attachments: 0 (None) | Embeds: 0 | Mentions: 1 users, 0 roles | Reactions: 0 | Pinned: False
METADATA: {"timestamp": "2026-01-06T19:34:14.107146", "bot_version": "2.6.4", "guild_id": 1419349908850475031, "guild_name": "ShadowT3ch Development Group", "channel_id": 1456477988387291177, "channel_name": "\u26d4\u300bleader-chat", "user_id": 1019698414839156817, "username": "2clickdeath", "message_id": 1458257387906535538, "extra": {"content_length": 45, "attachment_count": 0, "embed_count": 0, "mention_count": 1, "role_mention_count": 0, "reaction_count": 0, "is_pinned": false, "has_attachments": false, "has_embeds": false, "attachment_details": [], "embed_types": []}}
---
[2026-01-06T19:34:23.412376] [USER_ACTION] [MESSAGES] [MessageSent] User iriss.01 (1079826643922722848) sent message in ⛔》leader-chat (ShadowT3ch Development Group): okay so someone owns it? | Attachments: 0 (None) | Embeds: 0 | Mentions: 0 users, 0 roles | Reactions: 0 | Pinned: False
METADATA: {"timestamp": "2026-01-06T19:34:23.412294", "bot_version": "2.6.4", "guild_id": 1419349908850475031, "guild_name": "ShadowT3ch Development Group", "channel_id": 1456477988387291177, "channel_name": "\u26d4\u300bleader-chat", "user_id": 1079826643922722848, "username": "iriss.01", "message_id": 1458257427290915112, "extra": {"content_length": 24, "attachment_count": 0, "embed_count": 0, "mention_count": 0, "role_mention_count": 0, "reaction_count": 0, "is_pinned": false, "has_attachments": false, "has_embeds": false, "attachment_details": [], "embed_types": []}}
---
[2026-01-06T19:34:25.547992] [USER_ACTION] [MESSAGES] [MessageSent] User 2clickdeath (1019698414839156817) sent message in ⛔》leader-chat (ShadowT3ch Development Group): Lll | Attachments: 0 (None) | Embeds: 0 | Mentions: 0 users, 0 roles | Reactions: 0 | Pinned: False
METADATA: {"timestamp": "2026-01-06T19:34:25.547919", "bot_version": "2.6.4", "guild_id": 1419349908850475031, "guild_name": "ShadowT3ch Development Group", "channel_id": 1456477988387291177, "channel_name": "\u26d4\u300bleader-chat", "user_id": 1019698414839156817, "username": "2clickdeath", "message_id": 1458257436161998858, "extra": {"content_length": 3, "attachment_count": 0, "embed_count": 0, "mention_count": 0, "role_mention_count": 0, "reaction_count": 0, "is_pinned": false, "has_attachments": false, "has_embeds": false, "attachment_details": [], "embed_types": []}}
---
[2026-01-06T19:34:36.966678] [USER_ACTION] [MESSAGES] [MessageSent] User 2clickdeath (1019698414839156817) sent message in ⛔》leader-chat (ShadowT3ch Development Group): Kinda | Attachments: 0 (None) | Embeds: 0 | Mentions: 1 users, 0 roles | Reactions: 0 | Pinned: False
METADATA: {"timestamp": "2026-01-06T19:34:36.966596", "bot_version": "2.6.4", "guild_id": 1419349908850475031, "guild_name": "ShadowT3ch Development Group", "channel_id": 1456477988387291177, "channel_name": "\u26d4\u300bleader-chat", "user_id": 1019698414839156817, "username": "2clickdeath", "message_id": 1458257484123869235, "extra": {"content_length": 5, "attachment_count": 0, "embed_count": 0, "mention_count": 1, "role_mention_count": 0, "reaction_count": 0, "is_pinned": false, "has_attachments": false, "has_embeds": false, "attachment_details": [], "embed_types": []}}
---
