[2025-11-18T07:23:25.821812] [USER_ACTION] [MESSAGES] [MessageSent] User 2_click_death (1019698414839156817) sent message in 📌》notices (ShadowT3ch): @everyone https://shadowt3ch.com/ is down due to cloudflare servers. They fucked up my website’s format. | Attachments: 0 (None) | Embeds: 0 | Mentions: 0 users, 0 roles | Reactions: 0 | Pinned: False
METADATA: {"timestamp": "2025-11-18T07:23:25.821766", "bot_version": "2.4.0", "guild_id": 1436118893130158090, "guild_name": "ShadowT3ch", "channel_id": 1436118894203899998, "channel_name": "\ud83d\udccc\u300bnotices", "user_id": 1019698414839156817, "username": "2_click_death", "message_id": 1440331567544143882, "extra": {"content_length": 104, "attachment_count": 0, "embed_count": 0, "mention_count": 0, "role_mention_count": 0, "reaction_count": 0, "is_pinned": false, "has_attachments": false, "has_embeds": false, "attachment_details": [], "embed_types": []}}
---
[2025-11-18T10:12:50.018608] [USER_ACTION] [MESSAGES] [MessageSent] User animelover33462 (1431935630157549568) sent message in 💬》general (ShadowT3ch): <@1019698414839156817> yo | Attachments: 0 (None) | Embeds: 0 | Mentions: 1 users, 0 roles | Reactions: 0 | Pinned: False
METADATA: {"timestamp": "2025-11-18T10:12:50.018562", "bot_version": "2.4.0", "guild_id": 1436118893130158090, "guild_name": "ShadowT3ch", "channel_id": 1436118894661206152, "channel_name": "\ud83d\udcac\u300bgeneral", "user_id": 1431935630157549568, "username": "animelover33462", "message_id": 1440374198282223809, "extra": {"content_length": 25, "attachment_count": 0, "embed_count": 0, "mention_count": 1, "role_mention_count": 0, "reaction_count": 0, "is_pinned": false, "has_attachments": false, "has_embeds": false, "attachment_details": [], "embed_types": []}}
---
[2025-11-18T10:28:18.971995] [USER_ACTION] [MESSAGES] [MessageSent] User 2_click_death (1019698414839156817) sent message in 💬》general (ShadowT3ch): wsp? | Attachments: 0 (None) | Embeds: 0 | Mentions: 1 users, 0 roles | Reactions: 0 | Pinned: False
METADATA: {"timestamp": "2025-11-18T10:28:18.971953", "bot_version": "2.4.0", "guild_id": 1436118893130158090, "guild_name": "ShadowT3ch", "channel_id": 1436118894661206152, "channel_name": "\ud83d\udcac\u300bgeneral", "user_id": 1019698414839156817, "username": "2_click_death", "message_id": 1440378095310864415, "extra": {"content_length": 4, "attachment_count": 0, "embed_count": 0, "mention_count": 1, "role_mention_count": 0, "reaction_count": 0, "is_pinned": false, "has_attachments": false, "has_embeds": false, "attachment_details": [], "embed_types": []}}
---
[2025-11-18T10:32:04.523078] [USER_ACTION] [MESSAGES] [MessageSent] User animelover33462 (1431935630157549568) sent message in 💬》general (ShadowT3ch): Dis <@1019698414839156817> | Attachments: 0 (None) | Embeds: 0 | Mentions: 1 users, 0 roles | Reactions: 0 | Pinned: False
METADATA: {"timestamp": "2025-11-18T10:32:04.523031", "bot_version": "2.4.0", "guild_id": 1436118893130158090, "guild_name": "ShadowT3ch", "channel_id": 1436118894661206152, "channel_name": "\ud83d\udcac\u300bgeneral", "user_id": 1431935630157549568, "username": "animelover33462", "message_id": 1440379039805214912, "extra": {"content_length": 26, "attachment_count": 0, "embed_count": 0, "mention_count": 1, "role_mention_count": 0, "reaction_count": 0, "is_pinned": false, "has_attachments": false, "has_embeds": false, "attachment_details": [], "embed_types": []}}
---
[2025-11-18T10:32:19.577023] [USER_ACTION] [MESSAGES] [MessageSent] User 2_click_death (1019698414839156817) sent message in 💬》general (ShadowT3ch): ye | Attachments: 0 (None) | Embeds: 0 | Mentions: 1 users, 0 roles | Reactions: 0 | Pinned: False
METADATA: {"timestamp": "2025-11-18T10:32:19.576983", "bot_version": "2.4.0", "guild_id": 1436118893130158090, "guild_name": "ShadowT3ch", "channel_id": 1436118894661206152, "channel_name": "\ud83d\udcac\u300bgeneral", "user_id": 1019698414839156817, "username": "2_click_death", "message_id": 1440379104569589880, "extra": {"content_length": 2, "attachment_count": 0, "embed_count": 0, "mention_count": 1, "role_mention_count": 0, "reaction_count": 0, "is_pinned": false, "has_attachments": false, "has_embeds": false, "attachment_details": [], "embed_types": []}}
---
[2025-11-18T10:32:34.322780] [USER_ACTION] [MESSAGES] [MessageSent] User animelover33462 (1431935630157549568) sent message in 💬》general (ShadowT3ch): Check rel,y | Attachments: 0 (None) | Embeds: 0 | Mentions: 0 users, 0 roles | Reactions: 0 | Pinned: False
METADATA: {"timestamp": "2025-11-18T10:32:34.322750", "bot_version": "2.4.0", "guild_id": 1436118893130158090, "guild_name": "ShadowT3ch", "channel_id": 1436118894661206152, "channel_name": "\ud83d\udcac\u300bgeneral", "user_id": 1431935630157549568, "username": "animelover33462", "message_id": 1440379160811016192, "extra": {"content_length": 11, "attachment_count": 0, "embed_count": 0, "mention_count": 0, "role_mention_count": 0, "reaction_count": 0, "is_pinned": false, "has_attachments": false, "has_embeds": false, "attachment_details": [], "embed_types": []}}
---
[2025-11-18T10:32:37.060304] [USER_ACTION] [MESSAGES] [MessageSent] User animelover33462 (1431935630157549568) sent message in 💬》general (ShadowT3ch): Reply* | Attachments: 0 (None) | Embeds: 0 | Mentions: 0 users, 0 roles | Reactions: 0 | Pinned: False
METADATA: {"timestamp": "2025-11-18T10:32:37.060270", "bot_version": "2.4.0", "guild_id": 1436118893130158090, "guild_name": "ShadowT3ch", "channel_id": 1436118894661206152, "channel_name": "\ud83d\udcac\u300bgeneral", "user_id": 1431935630157549568, "username": "animelover33462", "message_id": 1440379175532761188, "extra": {"content_length": 6, "attachment_count": 0, "embed_count": 0, "mention_count": 0, "role_mention_count": 0, "reaction_count": 0, "is_pinned": false, "has_attachments": false, "has_embeds": false, "attachment_details": [], "embed_types": []}}
---
[2025-11-18T10:33:36.984823] [USER_ACTION] [MESSAGES] [MessageSent] User 2_click_death (1019698414839156817) sent message in 💬》general (ShadowT3ch): you said depends | Attachments: 0 (None) | Embeds: 0 | Mentions: 1 users, 0 roles | Reactions: 0 | Pinned: False
METADATA: {"timestamp": "2025-11-18T10:33:36.984785", "bot_version": "2.4.0", "guild_id": 1436118893130158090, "guild_name": "ShadowT3ch", "channel_id": 1436118894661206152, "channel_name": "\ud83d\udcac\u300bgeneral", "user_id": 1019698414839156817, "username": "2_click_death", "message_id": 1440379429330227314, "extra": {"content_length": 16, "attachment_count": 0, "embed_count": 0, "mention_count": 1, "role_mention_count": 0, "reaction_count": 0, "is_pinned": false, "has_attachments": false, "has_embeds": false, "attachment_details": [], "embed_types": []}}
---
[2025-11-18T10:33:50.203222] [USER_ACTION] [MESSAGES] [MessageSent] User animelover33462 (1431935630157549568) sent message in 💬》general (ShadowT3ch): I said yes | Attachments: 0 (None) | Embeds: 0 | Mentions: 0 users, 0 roles | Reactions: 0 | Pinned: False
METADATA: {"timestamp": "2025-11-18T10:33:50.203197", "bot_version": "2.4.0", "guild_id": 1436118893130158090, "guild_name": "ShadowT3ch", "channel_id": 1436118894661206152, "channel_name": "\ud83d\udcac\u300bgeneral", "user_id": 1431935630157549568, "username": "animelover33462", "message_id": 1440379483189280768, "extra": {"content_length": 10, "attachment_count": 0, "embed_count": 0, "mention_count": 0, "role_mention_count": 0, "reaction_count": 0, "is_pinned": false, "has_attachments": false, "has_embeds": false, "attachment_details": [], "embed_types": []}}
---
[2025-11-18T10:33:54.811193] [USER_ACTION] [MESSAGES] [MessageSent] User animelover33462 (1431935630157549568) sent message in 💬》general (ShadowT3ch): I'll do it | Attachments: 0 (None) | Embeds: 0 | Mentions: 0 users, 0 roles | Reactions: 0 | Pinned: False
METADATA: {"timestamp": "2025-11-18T10:33:54.811157", "bot_version": "2.4.0", "guild_id": 1436118893130158090, "guild_name": "ShadowT3ch", "channel_id": 1436118894661206152, "channel_name": "\ud83d\udcac\u300bgeneral", "user_id": 1431935630157549568, "username": "animelover33462", "message_id": 1440379500545446059, "extra": {"content_length": 10, "attachment_count": 0, "embed_count": 0, "mention_count": 0, "role_mention_count": 0, "reaction_count": 0, "is_pinned": false, "has_attachments": false, "has_embeds": false, "attachment_details": [], "embed_types": []}}
---
[2025-11-18T10:33:59.046714] [USER_ACTION] [MESSAGES] [MessageSent] User 2_click_death (1019698414839156817) sent message in 💬》general (ShadowT3ch): ah alr | Attachments: 0 (None) | Embeds: 0 | Mentions: 0 users, 0 roles | Reactions: 0 | Pinned: False
METADATA: {"timestamp": "2025-11-18T10:33:59.046672", "bot_version": "2.4.0", "guild_id": 1436118893130158090, "guild_name": "ShadowT3ch", "channel_id": 1436118894661206152, "channel_name": "\ud83d\udcac\u300bgeneral", "user_id": 1019698414839156817, "username": "2_click_death", "message_id": 1440379520841551924, "extra": {"content_length": 6, "attachment_count": 0, "embed_count": 0, "mention_count": 0, "role_mention_count": 0, "reaction_count": 0, "is_pinned": false, "has_attachments": false, "has_embeds": false, "attachment_details": [], "embed_types": []}}
---
[2025-11-18T10:34:04.335065] [USER_ACTION] [MESSAGES] [MessageSent] User 2_click_death (1019698414839156817) sent message in 💬》general (ShadowT3ch): I’ve alr started btw | Attachments: 0 (None) | Embeds: 0 | Mentions: 0 users, 0 roles | Reactions: 0 | Pinned: False
METADATA: {"timestamp": "2025-11-18T10:34:04.335029", "bot_version": "2.4.0", "guild_id": 1436118893130158090, "guild_name": "ShadowT3ch", "channel_id": 1436118894661206152, "channel_name": "\ud83d\udcac\u300bgeneral", "user_id": 1019698414839156817, "username": "2_click_death", "message_id": 1440379542618243094, "extra": {"content_length": 20, "attachment_count": 0, "embed_count": 0, "mention_count": 0, "role_mention_count": 0, "reaction_count": 0, "is_pinned": false, "has_attachments": false, "has_embeds": false, "attachment_details": [], "embed_types": []}}
---
[2025-11-18T10:34:06.178172] [USER_ACTION] [MESSAGES] [MessageSent] User 2_click_death (1019698414839156817) sent message in 💬》general (ShadowT3ch): 🤣 | Attachments: 0 (None) | Embeds: 0 | Mentions: 0 users, 0 roles | Reactions: 0 | Pinned: False
METADATA: {"timestamp": "2025-11-18T10:34:06.178138", "bot_version": "2.4.0", "guild_id": 1436118893130158090, "guild_name": "ShadowT3ch", "channel_id": 1436118894661206152, "channel_name": "\ud83d\udcac\u300bgeneral", "user_id": 1019698414839156817, "username": "2_click_death", "message_id": 1440379550449008813, "extra": {"content_length": 1, "attachment_count": 0, "embed_count": 0, "mention_count": 0, "role_mention_count": 0, "reaction_count": 0, "is_pinned": false, "has_attachments": false, "has_embeds": false, "attachment_details": [], "embed_types": []}}
---
[2025-11-18T10:45:49.004645] [USER_ACTION] [MESSAGES] [MessageSent] User animelover33462 (1431935630157549568) sent message in 💬》general (ShadowT3ch): Lol | Attachments: 0 (None) | Embeds: 0 | Mentions: 0 users, 0 roles | Reactions: 0 | Pinned: False
METADATA: {"timestamp": "2025-11-18T10:45:49.004599", "bot_version": "2.4.0", "guild_id": 1436118893130158090, "guild_name": "ShadowT3ch", "channel_id": 1436118894661206152, "channel_name": "\ud83d\udcac\u300bgeneral", "user_id": 1431935630157549568, "username": "animelover33462", "message_id": 1440382499258892328, "extra": {"content_length": 3, "attachment_count": 0, "embed_count": 0, "mention_count": 0, "role_mention_count": 0, "reaction_count": 0, "is_pinned": false, "has_attachments": false, "has_embeds": false, "attachment_details": [], "embed_types": []}}
---
[2025-11-18T10:45:56.687557] [USER_ACTION] [MESSAGES] [MessageSent] User animelover33462 (1431935630157549568) sent message in 💬》general (ShadowT3ch): Sorry for long responses | Attachments: 0 (None) | Embeds: 0 | Mentions: 0 users, 0 roles | Reactions: 0 | Pinned: False
METADATA: {"timestamp": "2025-11-18T10:45:56.687514", "bot_version": "2.4.0", "guild_id": 1436118893130158090, "guild_name": "ShadowT3ch", "channel_id": 1436118894661206152, "channel_name": "\ud83d\udcac\u300bgeneral", "user_id": 1431935630157549568, "username": "animelover33462", "message_id": 1440382531676405762, "extra": {"content_length": 24, "attachment_count": 0, "embed_count": 0, "mention_count": 0, "role_mention_count": 0, "reaction_count": 0, "is_pinned": false, "has_attachments": false, "has_embeds": false, "attachment_details": [], "embed_types": []}}
---
[2025-11-18T10:46:03.654598] [USER_ACTION] [MESSAGES] [MessageSent] User 2_click_death (1019698414839156817) sent message in 💬》general (ShadowT3ch): all good | Attachments: 0 (None) | Embeds: 0 | Mentions: 1 users, 0 roles | Reactions: 0 | Pinned: False
METADATA: {"timestamp": "2025-11-18T10:46:03.654548", "bot_version": "2.4.0", "guild_id": 1436118893130158090, "guild_name": "ShadowT3ch", "channel_id": 1436118894661206152, "channel_name": "\ud83d\udcac\u300bgeneral", "user_id": 1019698414839156817, "username": "2_click_death", "message_id": 1440382560856313918, "extra": {"content_length": 8, "attachment_count": 0, "embed_count": 0, "mention_count": 1, "role_mention_count": 0, "reaction_count": 0, "is_pinned": false, "has_attachments": false, "has_embeds": false, "attachment_details": [], "embed_types": []}}
---
[2025-11-18T10:46:06.710548] [USER_ACTION] [MESSAGES] [MessageSent] User animelover33462 (1431935630157549568) sent message in 💬》general (ShadowT3ch): Kk | Attachments: 0 (None) | Embeds: 0 | Mentions: 0 users, 0 roles | Reactions: 0 | Pinned: False
METADATA: {"timestamp": "2025-11-18T10:46:06.710500", "bot_version": "2.4.0", "guild_id": 1436118893130158090, "guild_name": "ShadowT3ch", "channel_id": 1436118894661206152, "channel_name": "\ud83d\udcac\u300bgeneral", "user_id": 1431935630157549568, "username": "animelover33462", "message_id": 1440382573812645948, "extra": {"content_length": 2, "attachment_count": 0, "embed_count": 0, "mention_count": 0, "role_mention_count": 0, "reaction_count": 0, "is_pinned": false, "has_attachments": false, "has_embeds": false, "attachment_details": [], "embed_types": []}}
---
