[2025-11-05T10:43:50.085074] [USER_ACTION] [MESSAGES] [MessageSent] User 2_clickdeath sent message in 💬⫸・main-chat: @everyone What would ya'll say if I release my browser tdy? | Attachments: 0 | Embeds: 0
METADATA: {"timestamp": "2025-11-05T10:43:50.084702", "bot_version": "2.4.0", "guild_id": 1414819449474908192, "channel_id": 1414819451022606339, "user_id": 1019698414839156817, "message_id": 1435670958500221050, "extra": {}}
---
[2025-11-05T11:05:49.898121] [USER_ACTION] [MESSAGES] [MessageSent] User 2_clickdeath sent message in 💬・general: @everyone What would ya'll say if I release my browser tdy? | Attachments: 0 | Embeds: 0
METADATA: {"timestamp": "2025-11-05T11:05:49.890272", "bot_version": "2.4.0", "guild_id": 1425539343480655886, "channel_id": 1425539345431003275, "user_id": 1019698414839156817, "message_id": 1435676494499151963, "extra": {}}
---
[2025-11-05T18:27:15.224677] [USER_ACTION] [MESSAGES] [MessageSent] User 2_clickdeath sent message in 🔔・announcements: @everyone this is a name and address I want posted everywhere | Attachments: 1 | Embeds: 0
METADATA: {"timestamp": "2025-11-05T18:27:15.222340", "bot_version": "2.4.0", "guild_id": 1425539343480655886, "channel_id": 1431443997431300096, "user_id": 1019698414839156817, "message_id": 1435787581563474071, "extra": {}}
---
[2025-11-05T18:27:35.196103] [USER_ACTION] [MESSAGES] [MessageSent] User 2_clickdeath sent message in 📢⫸・announcements: @everyone this is a name and address I want posted everywhere | Attachments: 1 | Embeds: 0
METADATA: {"timestamp": "2025-11-05T18:27:35.195272", "bot_version": "2.4.0", "guild_id": 1414819449474908192, "channel_id": 1414819450875678780, "user_id": 1019698414839156817, "message_id": 1435787665520988203, "extra": {}}
---
[2025-11-05T19:01:59.793883] [USER_ACTION] [MESSAGES] [MessageSent] User darknullbyte_ sent message in 🔔・announcements: Dawg... | Attachments: 0 | Embeds: 0
METADATA: {"timestamp": "2025-11-05T19:01:59.788849", "bot_version": "2.4.0", "guild_id": 1425539343480655886, "channel_id": 1431443997431300096, "user_id": 1141232275447631932, "message_id": 1435796325294673970, "extra": {}}
---
[2025-11-05T19:02:04.497064] [USER_ACTION] [MESSAGES] [MessageSent] User darknullbyte_ sent message in 🔔・announcements: This devious work | Attachments: 0 | Embeds: 0
METADATA: {"timestamp": "2025-11-05T19:02:04.496479", "bot_version": "2.4.0", "guild_id": 1425539343480655886, "channel_id": 1431443997431300096, "user_id": 1141232275447631932, "message_id": 1435796344731078697, "extra": {}}
---
[2025-11-05T19:02:06.749005] [USER_ACTION] [MESSAGES] [MessageSent] User darknullbyte_ sent message in 🔔・announcements: 😭😭😭 | Attachments: 0 | Embeds: 0
METADATA: {"timestamp": "2025-11-05T19:02:06.748797", "bot_version": "2.4.0", "guild_id": 1425539343480655886, "channel_id": 1431443997431300096, "user_id": 1141232275447631932, "message_id": 1435796354415988798, "extra": {}}
---
[2025-11-05T20:09:45.409949] [USER_ACTION] [MESSAGES] [MessageSent] User 2_clickdeath sent message in 📢⫸・announcements: @everyone Giving away this server for $2. First to dm me wins. | Attachments: 0 | Embeds: 0
METADATA: {"timestamp": "2025-11-05T20:09:45.406613", "bot_version": "2.4.0", "guild_id": 1414819449474908192, "channel_id": 1414819450875678780, "user_id": 1019698414839156817, "message_id": 1435813377741164554, "extra": {}}
---
