[2026-01-07T04:23:18.727242] [USER_ACTION] [MESSAGES] [MessageSent] User 2clickdeath (1019698414839156817) sent message in 💬》general (ShadowT3ch Development Group): I support you. | Attachments: 0 (None) | Embeds: 0 | Mentions: 1 users, 0 roles | Reactions: 0 | Pinned: False
METADATA: {"timestamp": "2026-01-07T04:23:18.727139", "bot_version": "2.6.4", "guild_id": 1419349908850475031, "guild_name": "ShadowT3ch Development Group", "channel_id": 1456473336375677011, "channel_name": "\ud83d\udcac\u300bgeneral", "user_id": 1019698414839156817, "username": "2clickdeath", "message_id": 1458390534971326612, "extra": {"content_length": 14, "attachment_count": 0, "embed_count": 0, "mention_count": 1, "role_mention_count": 0, "reaction_count": 0, "is_pinned": false, "has_attachments": false, "has_embeds": false, "attachment_details": [], "embed_types": []}}
---
[2026-01-07T08:51:07.215136] [USER_ACTION] [MESSAGES] [MessageSent] User 2clickdeath (1019698414839156817) sent message in 💬》general (ShadowT3ch Development Group): Yes | Attachments: 0 (None) | Embeds: 0 | Mentions: 1 users, 0 roles | Reactions: 0 | Pinned: False
METADATA: {"timestamp": "2026-01-07T08:51:07.215051", "bot_version": "2.6.4", "guild_id": 1419349908850475031, "guild_name": "ShadowT3ch Development Group", "channel_id": 1456473336375677011, "channel_name": "\ud83d\udcac\u300bgeneral", "user_id": 1019698414839156817, "username": "2clickdeath", "message_id": 1458457929886732574, "extra": {"content_length": 3, "attachment_count": 0, "embed_count": 0, "mention_count": 1, "role_mention_count": 0, "reaction_count": 0, "is_pinned": false, "has_attachments": false, "has_embeds": false, "attachment_details": [], "embed_types": []}}
---
[2026-01-07T08:51:14.834959] [USER_ACTION] [MESSAGES] [MessageSent] User 2clickdeath (1019698414839156817) sent message in 💬》general (ShadowT3ch Development Group): I got 2 | Attachments: 0 (None) | Embeds: 0 | Mentions: 0 users, 0 roles | Reactions: 0 | Pinned: False
METADATA: {"timestamp": "2026-01-07T08:51:14.834879", "bot_version": "2.6.4", "guild_id": 1419349908850475031, "guild_name": "ShadowT3ch Development Group", "channel_id": 1456473336375677011, "channel_name": "\ud83d\udcac\u300bgeneral", "user_id": 1019698414839156817, "username": "2clickdeath", "message_id": 1458457962871001232, "extra": {"content_length": 7, "attachment_count": 0, "embed_count": 0, "mention_count": 0, "role_mention_count": 0, "reaction_count": 0, "is_pinned": false, "has_attachments": false, "has_embeds": false, "attachment_details": [], "embed_types": []}}
---
[2026-01-07T08:51:16.474916] [USER_ACTION] [MESSAGES] [MessageSent] User 2clickdeath (1019698414839156817) sent message in 💬》general (ShadowT3ch Development Group): lol | Attachments: 0 (None) | Embeds: 0 | Mentions: 0 users, 0 roles | Reactions: 0 | Pinned: False
METADATA: {"timestamp": "2026-01-07T08:51:16.474836", "bot_version": "2.6.4", "guild_id": 1419349908850475031, "guild_name": "ShadowT3ch Development Group", "channel_id": 1456473336375677011, "channel_name": "\ud83d\udcac\u300bgeneral", "user_id": 1019698414839156817, "username": "2clickdeath", "message_id": 1458457966968574068, "extra": {"content_length": 3, "attachment_count": 0, "embed_count": 0, "mention_count": 0, "role_mention_count": 0, "reaction_count": 0, "is_pinned": false, "has_attachments": false, "has_embeds": false, "attachment_details": [], "embed_types": []}}
---
[2026-01-07T08:51:29.434338] [USER_ACTION] [MESSAGES] [MessageSent] User 2clickdeath (1019698414839156817) sent message in 💬》general (ShadowT3ch Development Group): One in my real name, one in a stolen identity | Attachments: 0 (None) | Embeds: 0 | Mentions: 0 users, 0 roles | Reactions: 0 | Pinned: False
METADATA: {"timestamp": "2026-01-07T08:51:29.434219", "bot_version": "2.6.4", "guild_id": 1419349908850475031, "guild_name": "ShadowT3ch Development Group", "channel_id": 1456473336375677011, "channel_name": "\ud83d\udcac\u300bgeneral", "user_id": 1019698414839156817, "username": "2clickdeath", "message_id": 1458458024191590501, "extra": {"content_length": 45, "attachment_count": 0, "embed_count": 0, "mention_count": 0, "role_mention_count": 0, "reaction_count": 0, "is_pinned": false, "has_attachments": false, "has_embeds": false, "attachment_details": [], "embed_types": []}}
---
[2026-01-07T08:51:38.244856] [USER_ACTION] [MESSAGES] [MessageSent] User 2clickdeath (1019698414839156817) sent message in 💬》general (ShadowT3ch Development Group): Aka <@1376217565952479425> | Attachments: 0 (None) | Embeds: 0 | Mentions: 1 users, 0 roles | Reactions: 0 | Pinned: False
METADATA: {"timestamp": "2026-01-07T08:51:38.244752", "bot_version": "2.6.4", "guild_id": 1419349908850475031, "guild_name": "ShadowT3ch Development Group", "channel_id": 1456473336375677011, "channel_name": "\ud83d\udcac\u300bgeneral", "user_id": 1019698414839156817, "username": "2clickdeath", "message_id": 1458458061336215694, "extra": {"content_length": 26, "attachment_count": 0, "embed_count": 0, "mention_count": 1, "role_mention_count": 0, "reaction_count": 0, "is_pinned": false, "has_attachments": false, "has_embeds": false, "attachment_details": [], "embed_types": []}}
---
[2026-01-07T08:51:49.475985] [USER_ACTION] [MESSAGES] [MessageSent] User iriss.01 (1079826643922722848) sent message in 💬》general (ShadowT3ch Development Group): oh right since you can pay for things with it | Attachments: 0 (None) | Embeds: 0 | Mentions: 0 users, 0 roles | Reactions: 0 | Pinned: False
METADATA: {"timestamp": "2026-01-07T08:51:49.475795", "bot_version": "2.6.4", "guild_id": 1419349908850475031, "guild_name": "ShadowT3ch Development Group", "channel_id": 1456473336375677011, "channel_name": "\ud83d\udcac\u300bgeneral", "user_id": 1079826643922722848, "username": "iriss.01", "message_id": 1458458107398066248, "extra": {"content_length": 45, "attachment_count": 0, "embed_count": 0, "mention_count": 0, "role_mention_count": 0, "reaction_count": 0, "is_pinned": false, "has_attachments": false, "has_embeds": false, "attachment_details": [], "embed_types": []}}
---
[2026-01-07T08:51:53.471878] [USER_ACTION] [MESSAGES] [MessageSent] User 2clickdeath (1019698414839156817) sent message in 💬》general (ShadowT3ch Development Group): Yes | Attachments: 0 (None) | Embeds: 0 | Mentions: 0 users, 0 roles | Reactions: 0 | Pinned: False
METADATA: {"timestamp": "2026-01-07T08:51:53.471634", "bot_version": "2.6.4", "guild_id": 1419349908850475031, "guild_name": "ShadowT3ch Development Group", "channel_id": 1456473336375677011, "channel_name": "\ud83d\udcac\u300bgeneral", "user_id": 1019698414839156817, "username": "2clickdeath", "message_id": 1458458124569673931, "extra": {"content_length": 3, "attachment_count": 0, "embed_count": 0, "mention_count": 0, "role_mention_count": 0, "reaction_count": 0, "is_pinned": false, "has_attachments": false, "has_embeds": false, "attachment_details": [], "embed_types": []}}
---
[2026-01-07T08:52:08.799769] [USER_ACTION] [MESSAGES] [MessageSent] User iriss.01 (1079826643922722848) sent message in 💬》general (ShadowT3ch Development Group): they will know it’s Stolen if you Ever use the second one | Attachments: 0 (None) | Embeds: 0 | Mentions: 1 users, 0 roles | Reactions: 0 | Pinned: False
METADATA: {"timestamp": "2026-01-07T08:52:08.799695", "bot_version": "2.6.4", "guild_id": 1419349908850475031, "guild_name": "ShadowT3ch Development Group", "channel_id": 1456473336375677011, "channel_name": "\ud83d\udcac\u300bgeneral", "user_id": 1079826643922722848, "username": "iriss.01", "message_id": 1458458182610321418, "extra": {"content_length": 57, "attachment_count": 0, "embed_count": 0, "mention_count": 1, "role_mention_count": 0, "reaction_count": 0, "is_pinned": false, "has_attachments": false, "has_embeds": false, "attachment_details": [], "embed_types": []}}
---
[2026-01-07T08:52:18.625353] [USER_ACTION] [MESSAGES] [MessageSent] User 2clickdeath (1019698414839156817) sent message in 💬》general (ShadowT3ch Development Group): Nah, been using it for 2 years now | Attachments: 0 (None) | Embeds: 0 | Mentions: 0 users, 0 roles | Reactions: 0 | Pinned: False
METADATA: {"timestamp": "2026-01-07T08:52:18.625254", "bot_version": "2.6.4", "guild_id": 1419349908850475031, "guild_name": "ShadowT3ch Development Group", "channel_id": 1456473336375677011, "channel_name": "\ud83d\udcac\u300bgeneral", "user_id": 1019698414839156817, "username": "2clickdeath", "message_id": 1458458230601551893, "extra": {"content_length": 34, "attachment_count": 0, "embed_count": 0, "mention_count": 0, "role_mention_count": 0, "reaction_count": 0, "is_pinned": false, "has_attachments": false, "has_embeds": false, "attachment_details": [], "embed_types": []}}
---
[2026-01-07T08:52:30.873274] [USER_ACTION] [MESSAGES] [MessageSent] User 2clickdeath (1019698414839156817) sent message in 💬》general (ShadowT3ch Development Group): Just got the one in my irl name 2 days ago | Attachments: 0 (None) | Embeds: 0 | Mentions: 0 users, 0 roles | Reactions: 0 | Pinned: False
METADATA: {"timestamp": "2026-01-07T08:52:30.873162", "bot_version": "2.6.4", "guild_id": 1419349908850475031, "guild_name": "ShadowT3ch Development Group", "channel_id": 1456473336375677011, "channel_name": "\ud83d\udcac\u300bgeneral", "user_id": 1019698414839156817, "username": "2clickdeath", "message_id": 1458458279427702981, "extra": {"content_length": 42, "attachment_count": 0, "embed_count": 0, "mention_count": 0, "role_mention_count": 0, "reaction_count": 0, "is_pinned": false, "has_attachments": false, "has_embeds": false, "attachment_details": [], "embed_types": []}}
---
[2026-01-07T08:53:39.488047] [USER_ACTION] [MESSAGES] [MessageSent] User iriss.01 (1079826643922722848) sent message in 💬》general (ShadowT3ch Development Group): Aka Ragebaiter that’s Nerver Online | Attachments: 0 (None) | Embeds: 0 | Mentions: 1 users, 0 roles | Reactions: 0 | Pinned: False
METADATA: {"timestamp": "2026-01-07T08:53:39.487984", "bot_version": "2.6.4", "guild_id": 1419349908850475031, "guild_name": "ShadowT3ch Development Group", "channel_id": 1456473336375677011, "channel_name": "\ud83d\udcac\u300bgeneral", "user_id": 1079826643922722848, "username": "iriss.01", "message_id": 1458458539176493109, "extra": {"content_length": 35, "attachment_count": 0, "embed_count": 0, "mention_count": 1, "role_mention_count": 0, "reaction_count": 0, "is_pinned": false, "has_attachments": false, "has_embeds": false, "attachment_details": [], "embed_types": []}}
---
[2026-01-07T08:53:41.325453] [USER_ACTION] [MESSAGES] [MessageSent] User iriss.01 (1079826643922722848) sent message in 💬》general (ShadowT3ch Development Group): lol | Attachments: 0 (None) | Embeds: 0 | Mentions: 0 users, 0 roles | Reactions: 0 | Pinned: False
METADATA: {"timestamp": "2026-01-07T08:53:41.325381", "bot_version": "2.6.4", "guild_id": 1419349908850475031, "guild_name": "ShadowT3ch Development Group", "channel_id": 1456473336375677011, "channel_name": "\ud83d\udcac\u300bgeneral", "user_id": 1079826643922722848, "username": "iriss.01", "message_id": 1458458554842349568, "extra": {"content_length": 3, "attachment_count": 0, "embed_count": 0, "mention_count": 0, "role_mention_count": 0, "reaction_count": 0, "is_pinned": false, "has_attachments": false, "has_embeds": false, "attachment_details": [], "embed_types": []}}
---
[2026-01-07T08:53:54.636867] [USER_ACTION] [MESSAGES] [MessageSent] User 2clickdeath (1019698414839156817) sent message in 💬》general (ShadowT3ch Development Group): Aka the guy who had covid and was still playing codm | Attachments: 0 (None) | Embeds: 0 | Mentions: 1 users, 0 roles | Reactions: 0 | Pinned: False
METADATA: {"timestamp": "2026-01-07T08:53:54.636778", "bot_version": "2.6.4", "guild_id": 1419349908850475031, "guild_name": "ShadowT3ch Development Group", "channel_id": 1456473336375677011, "channel_name": "\ud83d\udcac\u300bgeneral", "user_id": 1019698414839156817, "username": "2clickdeath", "message_id": 1458458632810139875, "extra": {"content_length": 52, "attachment_count": 0, "embed_count": 0, "mention_count": 1, "role_mention_count": 0, "reaction_count": 0, "is_pinned": false, "has_attachments": false, "has_embeds": false, "attachment_details": [], "embed_types": []}}
---
[2026-01-07T08:54:05.367814] [USER_ACTION] [MESSAGES] [MessageSent] User 2clickdeath (1019698414839156817) sent message in 💬》general (ShadowT3ch Development Group): Over Christmas break btw | Attachments: 0 (None) | Embeds: 0 | Mentions: 0 users, 0 roles | Reactions: 0 | Pinned: False
METADATA: {"timestamp": "2026-01-07T08:54:05.367751", "bot_version": "2.6.4", "guild_id": 1419349908850475031, "guild_name": "ShadowT3ch Development Group", "channel_id": 1456473336375677011, "channel_name": "\ud83d\udcac\u300bgeneral", "user_id": 1019698414839156817, "username": "2clickdeath", "message_id": 1458458678297493627, "extra": {"content_length": 24, "attachment_count": 0, "embed_count": 0, "mention_count": 0, "role_mention_count": 0, "reaction_count": 0, "is_pinned": false, "has_attachments": false, "has_embeds": false, "attachment_details": [], "embed_types": []}}
---
[2026-01-07T08:54:29.162029] [USER_ACTION] [MESSAGES] [MessageSent] User iriss.01 (1079826643922722848) sent message in 💬》general (ShadowT3ch Development Group): He had Covid | Attachments: 0 (None) | Embeds: 0 | Mentions: 1 users, 0 roles | Reactions: 0 | Pinned: False
METADATA: {"timestamp": "2026-01-07T08:54:29.161940", "bot_version": "2.6.4", "guild_id": 1419349908850475031, "guild_name": "ShadowT3ch Development Group", "channel_id": 1456473336375677011, "channel_name": "\ud83d\udcac\u300bgeneral", "user_id": 1079826643922722848, "username": "iriss.01", "message_id": 1458458778377781398, "extra": {"content_length": 12, "attachment_count": 0, "embed_count": 0, "mention_count": 1, "role_mention_count": 0, "reaction_count": 0, "is_pinned": false, "has_attachments": false, "has_embeds": false, "attachment_details": [], "embed_types": []}}
---
[2026-01-07T08:55:00.501915] [USER_ACTION] [MESSAGES] [MessageSent] User iriss.01 (1079826643922722848) sent message in 💬》general (ShadowT3ch Development Group): I Nerver caught it I have a good immunity to sickness I rarely get Sick | Attachments: 0 (None) | Embeds: 0 | Mentions: 0 users, 0 roles | Reactions: 0 | Pinned: False
METADATA: {"timestamp": "2026-01-07T08:55:00.501791", "bot_version": "2.6.4", "guild_id": 1419349908850475031, "guild_name": "ShadowT3ch Development Group", "channel_id": 1456473336375677011, "channel_name": "\ud83d\udcac\u300bgeneral", "user_id": 1079826643922722848, "username": "iriss.01", "message_id": 1458458910041178282, "extra": {"content_length": 71, "attachment_count": 0, "embed_count": 0, "mention_count": 0, "role_mention_count": 0, "reaction_count": 0, "is_pinned": false, "has_attachments": false, "has_embeds": false, "attachment_details": [], "embed_types": []}}
---
[2026-01-07T08:55:09.906782] [USER_ACTION] [MESSAGES] [MessageSent] User iriss.01 (1079826643922722848) sent message in 💬》general (ShadowT3ch Development Group): immune system | Attachments: 0 (None) | Embeds: 0 | Mentions: 0 users, 0 roles | Reactions: 0 | Pinned: False
METADATA: {"timestamp": "2026-01-07T08:55:09.906666", "bot_version": "2.6.4", "guild_id": 1419349908850475031, "guild_name": "ShadowT3ch Development Group", "channel_id": 1456473336375677011, "channel_name": "\ud83d\udcac\u300bgeneral", "user_id": 1079826643922722848, "username": "iriss.01", "message_id": 1458458949182554172, "extra": {"content_length": 13, "attachment_count": 0, "embed_count": 0, "mention_count": 0, "role_mention_count": 0, "reaction_count": 0, "is_pinned": false, "has_attachments": false, "has_embeds": false, "attachment_details": [], "embed_types": []}}
---
[2026-01-07T08:56:04.081016] [USER_ACTION] [MESSAGES] [MessageSent] User iriss.01 (1079826643922722848) sent message in 💬》general (ShadowT3ch Development Group): Codm is what? | Attachments: 0 (None) | Embeds: 0 | Mentions: 1 users, 0 roles | Reactions: 0 | Pinned: False
METADATA: {"timestamp": "2026-01-07T08:56:04.080893", "bot_version": "2.6.4", "guild_id": 1419349908850475031, "guild_name": "ShadowT3ch Development Group", "channel_id": 1456473336375677011, "channel_name": "\ud83d\udcac\u300bgeneral", "user_id": 1079826643922722848, "username": "iriss.01", "message_id": 1458459176434012343, "extra": {"content_length": 13, "attachment_count": 0, "embed_count": 0, "mention_count": 1, "role_mention_count": 0, "reaction_count": 0, "is_pinned": false, "has_attachments": false, "has_embeds": false, "attachment_details": [], "embed_types": []}}
---
[2026-01-07T08:56:25.204235] [USER_ACTION] [MESSAGES] [MessageSent] User iriss.01 (1079826643922722848) sent message in 💬》general (ShadowT3ch Development Group): I’m still at the Age when I get Presents for Christmas | Attachments: 0 (None) | Embeds: 0 | Mentions: 0 users, 0 roles | Reactions: 0 | Pinned: False
METADATA: {"timestamp": "2026-01-07T08:56:25.204134", "bot_version": "2.6.4", "guild_id": 1419349908850475031, "guild_name": "ShadowT3ch Development Group", "channel_id": 1456473336375677011, "channel_name": "\ud83d\udcac\u300bgeneral", "user_id": 1079826643922722848, "username": "iriss.01", "message_id": 1458459264770117795, "extra": {"content_length": 54, "attachment_count": 0, "embed_count": 0, "mention_count": 0, "role_mention_count": 0, "reaction_count": 0, "is_pinned": false, "has_attachments": false, "has_embeds": false, "attachment_details": [], "embed_types": []}}
---
[2026-01-07T08:57:01.552020] [USER_ACTION] [MESSAGES] [MessageSent] User 2clickdeath (1019698414839156817) sent message in 💬》general (ShadowT3ch Development Group): Yes | Attachments: 0 (None) | Embeds: 0 | Mentions: 1 users, 0 roles | Reactions: 0 | Pinned: False
METADATA: {"timestamp": "2026-01-07T08:57:01.551934", "bot_version": "2.6.4", "guild_id": 1419349908850475031, "guild_name": "ShadowT3ch Development Group", "channel_id": 1456473336375677011, "channel_name": "\ud83d\udcac\u300bgeneral", "user_id": 1019698414839156817, "username": "2clickdeath", "message_id": 1458459310538494014, "extra": {"content_length": 3, "attachment_count": 0, "embed_count": 0, "mention_count": 1, "role_mention_count": 0, "reaction_count": 0, "is_pinned": false, "has_attachments": false, "has_embeds": false, "attachment_details": [], "embed_types": []}}
---
[2026-01-07T08:57:10.366409] [USER_ACTION] [MESSAGES] [MessageSent] User 2clickdeath (1019698414839156817) sent message in 💬》general (ShadowT3ch Development Group): Call of duty mobile | Attachments: 0 (None) | Embeds: 0 | Mentions: 1 users, 0 roles | Reactions: 0 | Pinned: False
METADATA: {"timestamp": "2026-01-07T08:57:10.366334", "bot_version": "2.6.4", "guild_id": 1419349908850475031, "guild_name": "ShadowT3ch Development Group", "channel_id": 1456473336375677011, "channel_name": "\ud83d\udcac\u300bgeneral", "user_id": 1019698414839156817, "username": "2clickdeath", "message_id": 1458459348207534222, "extra": {"content_length": 19, "attachment_count": 0, "embed_count": 0, "mention_count": 1, "role_mention_count": 0, "reaction_count": 0, "is_pinned": false, "has_attachments": false, "has_embeds": false, "attachment_details": [], "embed_types": []}}
---
[2026-01-07T08:57:24.764680] [USER_ACTION] [MESSAGES] [MessageSent] User iriss.01 (1079826643922722848) sent message in 💬》general (ShadowT3ch Development Group): Oh yeah Game died | Attachments: 0 (None) | Embeds: 0 | Mentions: 1 users, 0 roles | Reactions: 0 | Pinned: False
METADATA: {"timestamp": "2026-01-07T08:57:24.764609", "bot_version": "2.6.4", "guild_id": 1419349908850475031, "guild_name": "ShadowT3ch Development Group", "channel_id": 1456473336375677011, "channel_name": "\ud83d\udcac\u300bgeneral", "user_id": 1079826643922722848, "username": "iriss.01", "message_id": 1458459393040580852, "extra": {"content_length": 17, "attachment_count": 0, "embed_count": 0, "mention_count": 1, "role_mention_count": 0, "reaction_count": 0, "is_pinned": false, "has_attachments": false, "has_embeds": false, "attachment_details": [], "embed_types": []}}
---
[2026-01-07T08:57:58.878269] [USER_ACTION] [MESSAGES] [MessageSent] User 2clickdeath (1019698414839156817) sent message in 💬》general (ShadowT3ch Development Group): Nah, still popular | Attachments: 0 (None) | Embeds: 0 | Mentions: 1 users, 0 roles | Reactions: 0 | Pinned: False
METADATA: {"timestamp": "2026-01-07T08:57:58.878170", "bot_version": "2.6.4", "guild_id": 1419349908850475031, "guild_name": "ShadowT3ch Development Group", "channel_id": 1456473336375677011, "channel_name": "\ud83d\udcac\u300bgeneral", "user_id": 1019698414839156817, "username": "2clickdeath", "message_id": 1458459461751668847, "extra": {"content_length": 18, "attachment_count": 0, "embed_count": 0, "mention_count": 1, "role_mention_count": 0, "reaction_count": 0, "is_pinned": false, "has_attachments": false, "has_embeds": false, "attachment_details": [], "embed_types": []}}
---
[2026-01-07T08:58:02.214337] [USER_ACTION] [MESSAGES] [MessageSent] User iriss.01 (1079826643922722848) sent message in 💬》general (ShadowT3ch Development Group): it’s better than Fortnite but still Popular kinda | Attachments: 0 (None) | Embeds: 0 | Mentions: 0 users, 0 roles | Reactions: 0 | Pinned: False
METADATA: {"timestamp": "2026-01-07T08:58:02.214277", "bot_version": "2.6.4", "guild_id": 1419349908850475031, "guild_name": "ShadowT3ch Development Group", "channel_id": 1456473336375677011, "channel_name": "\ud83d\udcac\u300bgeneral", "user_id": 1079826643922722848, "username": "iriss.01", "message_id": 1458459493095444522, "extra": {"content_length": 49, "attachment_count": 0, "embed_count": 0, "mention_count": 0, "role_mention_count": 0, "reaction_count": 0, "is_pinned": false, "has_attachments": false, "has_embeds": false, "attachment_details": [], "embed_types": []}}
---
[2026-01-07T08:58:07.164153] [USER_ACTION] [MESSAGES] [MessageSent] User 2clickdeath (1019698414839156817) sent message in 💬》general (ShadowT3ch Development Group): Yea | Attachments: 0 (None) | Embeds: 0 | Mentions: 0 users, 0 roles | Reactions: 0 | Pinned: False
METADATA: {"timestamp": "2026-01-07T08:58:07.164094", "bot_version": "2.6.4", "guild_id": 1419349908850475031, "guild_name": "ShadowT3ch Development Group", "channel_id": 1456473336375677011, "channel_name": "\ud83d\udcac\u300bgeneral", "user_id": 1019698414839156817, "username": "2clickdeath", "message_id": 1458459537446277240, "extra": {"content_length": 3, "attachment_count": 0, "embed_count": 0, "mention_count": 0, "role_mention_count": 0, "reaction_count": 0, "is_pinned": false, "has_attachments": false, "has_embeds": false, "attachment_details": [], "embed_types": []}}
---
[2026-01-07T09:01:26.019935] [USER_ACTION] [MESSAGES] [MessageSent] User 2clickdeath (1019698414839156817) sent message in 💬》general (ShadowT3ch Development Group): Same lol, im only 17 | Attachments: 0 (None) | Embeds: 0 | Mentions: 1 users, 0 roles | Reactions: 0 | Pinned: False
METADATA: {"timestamp": "2026-01-07T09:01:26.019859", "bot_version": "2.6.4", "guild_id": 1419349908850475031, "guild_name": "ShadowT3ch Development Group", "channel_id": 1456473336375677011, "channel_name": "\ud83d\udcac\u300bgeneral", "user_id": 1019698414839156817, "username": "2clickdeath", "message_id": 1458460472591519929, "extra": {"content_length": 20, "attachment_count": 0, "embed_count": 0, "mention_count": 1, "role_mention_count": 0, "reaction_count": 0, "is_pinned": false, "has_attachments": false, "has_embeds": false, "attachment_details": [], "embed_types": []}}
---
[2026-01-07T09:03:28.029734] [USER_ACTION] [MESSAGES] [MessageSent] User 2clickdeath (1019698414839156817) sent message in 📌》notices (ShadowT3ch Development Group): <@1456820286761734264> <@1456888434772672654> <@1456815309561270303> <@1456559078603227403> <@1456813600302825593> | Attachments: 0 (None) | Embeds: 0 | Mentions: 5 users, 0 roles | Reactions: 0 | Pinned: False
METADATA: {"timestamp": "2026-01-07T09:03:28.029675", "bot_version": "2.6.4", "guild_id": 1419349908850475031, "guild_name": "ShadowT3ch Development Group", "channel_id": 1456470471234293861, "channel_name": "\ud83d\udccc\u300bnotices", "user_id": 1019698414839156817, "username": "2clickdeath", "message_id": 1458461031499173982, "extra": {"content_length": 114, "attachment_count": 0, "embed_count": 0, "mention_count": 5, "role_mention_count": 0, "reaction_count": 0, "is_pinned": false, "has_attachments": false, "has_embeds": false, "attachment_details": [], "embed_types": []}}
---
[2026-01-07T09:03:38.090206] [USER_ACTION] [MESSAGES] [MessageSent] User 2clickdeath (1019698414839156817) sent message in 📌》notices (ShadowT3ch Development Group): <@1456813600302825593> | Attachments: 0 (None) | Embeds: 0 | Mentions: 1 users, 0 roles | Reactions: 0 | Pinned: False
METADATA: {"timestamp": "2026-01-07T09:03:38.090124", "bot_version": "2.6.4", "guild_id": 1419349908850475031, "guild_name": "ShadowT3ch Development Group", "channel_id": 1456470471234293861, "channel_name": "\ud83d\udccc\u300bnotices", "user_id": 1019698414839156817, "username": "2clickdeath", "message_id": 1458461080593502219, "extra": {"content_length": 22, "attachment_count": 0, "embed_count": 0, "mention_count": 1, "role_mention_count": 0, "reaction_count": 0, "is_pinned": false, "has_attachments": false, "has_embeds": false, "attachment_details": [], "embed_types": []}}
---
[2026-01-07T09:12:09.398871] [USER_ACTION] [MESSAGES] [MessageSent] User 2clickdeath (1019698414839156817) sent message in 📌》notices (ShadowT3ch Development Group): @everyone Join my roblox group for updates on my games!!


https://www.roblox.com/share/g/36004549 | Attachments: 0 (None) | Embeds: 1 | Mentions: 0 users, 0 roles | Reactions: 0 | Pinned: False
METADATA: {"timestamp": "2026-01-07T09:12:09.398791", "bot_version": "2.6.4", "guild_id": 1419349908850475031, "guild_name": "ShadowT3ch Development Group", "channel_id": 1456470471234293861, "channel_name": "\ud83d\udccc\u300bnotices", "user_id": 1019698414839156817, "username": "2clickdeath", "message_id": 1458463215188050049, "extra": {"content_length": 98, "attachment_count": 0, "embed_count": 1, "mention_count": 0, "role_mention_count": 0, "reaction_count": 0, "is_pinned": false, "has_attachments": false, "has_embeds": true, "attachment_details": [], "embed_types": ["link - ShadowT3ch Development Group"]}}
---
[2026-01-07T16:41:22.321377] [USER_ACTION] [MESSAGES] [MessageSent] User iriss.01 (1079826643922722848) sent message in 📌》notices (ShadowT3ch Development Group): Yay Robux | Attachments: 0 (None) | Embeds: 0 | Mentions: 1 users, 0 roles | Reactions: 0 | Pinned: False
METADATA: {"timestamp": "2026-01-07T16:41:22.321311", "bot_version": "2.6.4", "guild_id": 1419349908850475031, "guild_name": "ShadowT3ch Development Group", "channel_id": 1456470471234293861, "channel_name": "\ud83d\udccc\u300bnotices", "user_id": 1079826643922722848, "username": "iriss.01", "message_id": 1458576276322521253, "extra": {"content_length": 9, "attachment_count": 0, "embed_count": 0, "mention_count": 1, "role_mention_count": 0, "reaction_count": 0, "is_pinned": false, "has_attachments": false, "has_embeds": false, "attachment_details": [], "embed_types": []}}
---
