[2025-11-19T01:01:12.499816] [USER_ACTION] [MESSAGES] [MessageSent] User animelover33462 (1431935630157549568) sent message in ticket-application-kqzd (ShadowT3ch): ?  Why haven't u closed the ticket yet xd | Attachments: 0 (None) | Embeds: 0 | Mentions: 0 users, 0 roles | Reactions: 0 | Pinned: False
METADATA: {"timestamp": "2025-11-19T01:01:12.499774", "bot_version": "2.4.0", "guild_id": 1436118893130158090, "guild_name": "ShadowT3ch", "channel_id": 1440484567847932067, "channel_name": "ticket-application-kqzd", "user_id": 1431935630157549568, "username": "animelover33462", "message_id": 1440597766186336366, "extra": {"content_length": 41, "attachment_count": 0, "embed_count": 0, "mention_count": 0, "role_mention_count": 0, "reaction_count": 0, "is_pinned": false, "has_attachments": false, "has_embeds": false, "attachment_details": [], "embed_types": []}}
---
[2025-11-19T01:06:34.706450] [USER_ACTION] [MESSAGES] [MessageSent] User animelover33462 (1431935630157549568) sent message in ticket-application-kqzd (ShadowT3ch): <@1251643888297312309> u play anime rails? | Attachments: 0 (None) | Embeds: 0 | Mentions: 1 users, 0 roles | Reactions: 0 | Pinned: False
METADATA: {"timestamp": "2025-11-19T01:06:34.706397", "bot_version": "2.4.0", "guild_id": 1436118893130158090, "guild_name": "ShadowT3ch", "channel_id": 1440484567847932067, "channel_name": "ticket-application-kqzd", "user_id": 1431935630157549568, "username": "animelover33462", "message_id": 1440599117616123974, "extra": {"content_length": 42, "attachment_count": 0, "embed_count": 0, "mention_count": 1, "role_mention_count": 0, "reaction_count": 0, "is_pinned": false, "has_attachments": false, "has_embeds": false, "attachment_details": [], "embed_types": []}}
---
[2025-11-19T08:48:52.652449] [USER_ACTION] [MESSAGES] [MessageSent] User 2_click_death (1019698414839156817) sent message in 📌》notices (ShadowT3ch): @everyone My new browser will be released soon! I will have a .exe for windows, .deb for linux, and .apk for android. .ipa will come later. | Attachments: 0 (None) | Embeds: 0 | Mentions: 0 users, 0 roles | Reactions: 0 | Pinned: False
METADATA: {"timestamp": "2025-11-19T08:48:52.652399", "bot_version": "2.4.0", "guild_id": 1436118893130158090, "guild_name": "ShadowT3ch", "channel_id": 1436118894203899998, "channel_name": "\ud83d\udccc\u300bnotices", "user_id": 1019698414839156817, "username": "2_click_death", "message_id": 1440715458109116496, "extra": {"content_length": 139, "attachment_count": 0, "embed_count": 0, "mention_count": 0, "role_mention_count": 0, "reaction_count": 0, "is_pinned": false, "has_attachments": false, "has_embeds": false, "attachment_details": [], "embed_types": []}}
---
[2025-11-19T09:48:16.905752] [USER_ACTION] [MESSAGES] [MessageSent] User animelover33462 (1431935630157549568) sent message in 💬》general (ShadowT3ch): <@1251643888297312309> u play anime rails? | Attachments: 0 (None) | Embeds: 0 | Mentions: 1 users, 0 roles | Reactions: 0 | Pinned: False
METADATA: {"timestamp": "2025-11-19T09:48:16.905724", "bot_version": "2.4.0", "guild_id": 1436118893130158090, "guild_name": "ShadowT3ch", "channel_id": 1436118894661206152, "channel_name": "\ud83d\udcac\u300bgeneral", "user_id": 1431935630157549568, "username": "animelover33462", "message_id": 1440730399406948465, "extra": {"content_length": 42, "attachment_count": 0, "embed_count": 0, "mention_count": 1, "role_mention_count": 0, "reaction_count": 0, "is_pinned": false, "has_attachments": false, "has_embeds": false, "attachment_details": [], "embed_types": []}}
---
[2025-11-19T11:07:31.911637] [USER_ACTION] [MESSAGES] [MessageSent] User shinakomei (1251643888297312309) sent message in 💬》general (ShadowT3ch): For videos yeah | Attachments: 0 (None) | Embeds: 0 | Mentions: 0 users, 0 roles | Reactions: 0 | Pinned: False
METADATA: {"timestamp": "2025-11-19T11:07:31.911597", "bot_version": "2.4.0", "guild_id": 1436118893130158090, "guild_name": "ShadowT3ch", "channel_id": 1436118894661206152, "channel_name": "\ud83d\udcac\u300bgeneral", "user_id": 1251643888297312309, "username": "shinakomei", "message_id": 1440750352436560096, "extra": {"content_length": 15, "attachment_count": 0, "embed_count": 0, "mention_count": 0, "role_mention_count": 0, "reaction_count": 0, "is_pinned": false, "has_attachments": false, "has_embeds": false, "attachment_details": [], "embed_types": []}}
---
[2025-11-19T14:14:47.537223] [USER_ACTION] [MESSAGES] [MessageSent] User snowexploits (1376217565952479425) sent message in 💬》general (ShadowT3ch): day 3 of still not being banned modding GTA V Enhanced | Attachments: 0 (None) | Embeds: 0 | Mentions: 0 users, 0 roles | Reactions: 0 | Pinned: False
METADATA: {"timestamp": "2025-11-19T14:14:47.537173", "bot_version": "2.4.0", "guild_id": 1436118893130158090, "guild_name": "ShadowT3ch", "channel_id": 1436118894661206152, "channel_name": "\ud83d\udcac\u300bgeneral", "user_id": 1376217565952479425, "username": "snowexploits", "message_id": 1440797477685952634, "extra": {"content_length": 54, "attachment_count": 0, "embed_count": 0, "mention_count": 0, "role_mention_count": 0, "reaction_count": 0, "is_pinned": false, "has_attachments": false, "has_embeds": false, "attachment_details": [], "embed_types": []}}
---
[2025-11-19T14:43:06.625828] [USER_ACTION] [MESSAGES] [MessageSent] User snowexploits (1376217565952479425) sent message in 💬》general (ShadowT3ch): @everyone if u love modding, and play gta 5 or just want to watch join vc dont need a mic live GTA 5 modding enhanced will also do legacy today too | Attachments: 0 (None) | Embeds: 0 | Mentions: 0 users, 0 roles | Reactions: 0 | Pinned: False
METADATA: {"timestamp": "2025-11-19T14:43:06.625787", "bot_version": "2.4.0", "guild_id": 1436118893130158090, "guild_name": "ShadowT3ch", "channel_id": 1436118894661206152, "channel_name": "\ud83d\udcac\u300bgeneral", "user_id": 1376217565952479425, "username": "snowexploits", "message_id": 1440804603091488840, "extra": {"content_length": 147, "attachment_count": 0, "embed_count": 0, "mention_count": 0, "role_mention_count": 0, "reaction_count": 0, "is_pinned": false, "has_attachments": false, "has_embeds": false, "attachment_details": [], "embed_types": []}}
---
